[2025-12-03 02:04:53,902][rf_diffusion.config.config_format][INFO] - Translating obsolete key: extra_t1d -> ['extra_tXd']
[2025-12-03 02:04:53,903][rf_diffusion.config.config_format][INFO] - Translating obsolete key: extra_t1d_params -> ['extra_tXd_params']
[2025-12-03 02:04:57,608][__main__][INFO] - Making design 0 of 0:2: /home/woodbuse/publication/metallohydrolase/github/Computational_Design_of_Metallohydrolases_PrivateGitHub/RFdiffusion2_Tutorial/outputs/rfdiffusion2_out/from_PDB_structure__ZN_PROTEASE/pdb_00001qji__theozyme_HEHHYM__lig_TSA_ORI_01_LENGTH_120_150__1_0
[2025-12-03 02:04:57,854][se3_flow_matching.data.so3_utils][INFO] - Data loaded from .cache/cache_igso3_s0.100-1.500-1000_l1000_o1000-3.npz
[2025-12-03 02:04:57,913][__main__][INFO] - Flow-matching step: 1/100
[2025-12-03 02:05:02,074][__main__][INFO] - Flow-matching step: 2/100
[2025-12-03 02:05:04,852][__main__][INFO] - Flow-matching step: 3/100
[2025-12-03 02:05:07,632][__main__][INFO] - Flow-matching step: 4/100
[2025-12-03 02:05:10,408][__main__][INFO] - Flow-matching step: 5/100
[2025-12-03 02:05:13,211][__main__][INFO] - Flow-matching step: 6/100
[2025-12-03 02:05:16,011][__main__][INFO] - Flow-matching step: 7/100
[2025-12-03 02:05:18,805][__main__][INFO] - Flow-matching step: 8/100
[2025-12-03 02:05:21,602][__main__][INFO] - Flow-matching step: 9/100
[2025-12-03 02:05:24,398][__main__][INFO] - Flow-matching step: 10/100
[2025-12-03 02:05:27,203][__main__][INFO] - Flow-matching step: 11/100
[2025-12-03 02:05:30,000][__main__][INFO] - Flow-matching step: 12/100
[2025-12-03 02:05:32,802][__main__][INFO] - Flow-matching step: 13/100
[2025-12-03 02:05:35,613][__main__][INFO] - Flow-matching step: 14/100
[2025-12-03 02:05:38,413][__main__][INFO] - Flow-matching step: 15/100
[2025-12-03 02:05:41,217][__main__][INFO] - Flow-matching step: 16/100
[2025-12-03 02:05:44,009][__main__][INFO] - Flow-matching step: 17/100
[2025-12-03 02:05:46,799][__main__][INFO] - Flow-matching step: 18/100
[2025-12-03 02:05:49,595][__main__][INFO] - Flow-matching step: 19/100
[2025-12-03 02:05:52,388][__main__][INFO] - Flow-matching step: 20/100
[2025-12-03 02:05:55,183][__main__][INFO] - Flow-matching step: 21/100
[2025-12-03 02:05:57,978][__main__][INFO] - Flow-matching step: 22/100
[2025-12-03 02:06:00,781][__main__][INFO] - Flow-matching step: 23/100
[2025-12-03 02:06:03,586][__main__][INFO] - Flow-matching step: 24/100
[2025-12-03 02:06:06,384][__main__][INFO] - Flow-matching step: 25/100
[2025-12-03 02:06:09,183][__main__][INFO] - Flow-matching step: 26/100
[2025-12-03 02:06:11,986][__main__][INFO] - Flow-matching step: 27/100
[2025-12-03 02:06:14,782][__main__][INFO] - Flow-matching step: 28/100
[2025-12-03 02:06:17,581][__main__][INFO] - Flow-matching step: 29/100
[2025-12-03 02:06:20,373][__main__][INFO] - Flow-matching step: 30/100
[2025-12-03 02:06:23,156][__main__][INFO] - Flow-matching step: 31/100
[2025-12-03 02:06:25,937][__main__][INFO] - Flow-matching step: 32/100
[2025-12-03 02:06:28,726][__main__][INFO] - Flow-matching step: 33/100
[2025-12-03 02:06:31,510][__main__][INFO] - Flow-matching step: 34/100
[2025-12-03 02:06:34,303][__main__][INFO] - Flow-matching step: 35/100
[2025-12-03 02:06:37,079][__main__][INFO] - Flow-matching step: 36/100
[2025-12-03 02:06:39,864][__main__][INFO] - Flow-matching step: 37/100
[2025-12-03 02:06:42,647][__main__][INFO] - Flow-matching step: 38/100
[2025-12-03 02:06:45,418][__main__][INFO] - Flow-matching step: 39/100
[2025-12-03 02:06:48,201][__main__][INFO] - Flow-matching step: 40/100
[2025-12-03 02:06:51,007][__main__][INFO] - Flow-matching step: 41/100
[2025-12-03 02:06:53,803][__main__][INFO] - Flow-matching step: 42/100
[2025-12-03 02:06:56,603][__main__][INFO] - Flow-matching step: 43/100
[2025-12-03 02:06:59,403][__main__][INFO] - Flow-matching step: 44/100
[2025-12-03 02:07:02,222][__main__][INFO] - Flow-matching step: 45/100
[2025-12-03 02:07:05,005][__main__][INFO] - Flow-matching step: 46/100
[2025-12-03 02:07:07,777][__main__][INFO] - Flow-matching step: 47/100
[2025-12-03 02:07:10,558][__main__][INFO] - Flow-matching step: 48/100
[2025-12-03 02:07:13,323][__main__][INFO] - Flow-matching step: 49/100
[2025-12-03 02:07:16,098][__main__][INFO] - Flow-matching step: 50/100
[2025-12-03 02:07:18,881][__main__][INFO] - Flow-matching step: 51/100
[2025-12-03 02:07:21,675][__main__][INFO] - Flow-matching step: 52/100
[2025-12-03 02:07:24,457][__main__][INFO] - Flow-matching step: 53/100
[2025-12-03 02:07:27,245][__main__][INFO] - Flow-matching step: 54/100
[2025-12-03 02:07:30,045][__main__][INFO] - Flow-matching step: 55/100
[2025-12-03 02:07:32,843][__main__][INFO] - Flow-matching step: 56/100
[2025-12-03 02:07:35,651][__main__][INFO] - Flow-matching step: 57/100
[2025-12-03 02:07:38,457][__main__][INFO] - Flow-matching step: 58/100
[2025-12-03 02:07:41,261][__main__][INFO] - Flow-matching step: 59/100
[2025-12-03 02:07:44,063][__main__][INFO] - Flow-matching step: 60/100
[2025-12-03 02:07:46,853][__main__][INFO] - Flow-matching step: 61/100
[2025-12-03 02:07:49,631][__main__][INFO] - Flow-matching step: 62/100
[2025-12-03 02:07:52,417][__main__][INFO] - Flow-matching step: 63/100
[2025-12-03 02:07:55,204][__main__][INFO] - Flow-matching step: 64/100
[2025-12-03 02:07:57,997][__main__][INFO] - Flow-matching step: 65/100
[2025-12-03 02:08:00,769][__main__][INFO] - Flow-matching step: 66/100
[2025-12-03 02:08:03,554][__main__][INFO] - Flow-matching step: 67/100
[2025-12-03 02:08:06,329][__main__][INFO] - Flow-matching step: 68/100
[2025-12-03 02:08:09,109][__main__][INFO] - Flow-matching step: 69/100
[2025-12-03 02:08:11,899][__main__][INFO] - Flow-matching step: 70/100
[2025-12-03 02:08:14,685][__main__][INFO] - Flow-matching step: 71/100
[2025-12-03 02:08:17,462][__main__][INFO] - Flow-matching step: 72/100
[2025-12-03 02:08:20,250][__main__][INFO] - Flow-matching step: 73/100
[2025-12-03 02:08:23,058][__main__][INFO] - Flow-matching step: 74/100
[2025-12-03 02:08:25,864][__main__][INFO] - Flow-matching step: 75/100
[2025-12-03 02:08:28,658][__main__][INFO] - Flow-matching step: 76/100
[2025-12-03 02:08:31,470][__main__][INFO] - Flow-matching step: 77/100
[2025-12-03 02:08:34,278][__main__][INFO] - Flow-matching step: 78/100
[2025-12-03 02:08:37,077][__main__][INFO] - Flow-matching step: 79/100
[2025-12-03 02:08:39,863][__main__][INFO] - Flow-matching step: 80/100
[2025-12-03 02:08:42,641][__main__][INFO] - Flow-matching step: 81/100
[2025-12-03 02:08:45,421][__main__][INFO] - Flow-matching step: 82/100
[2025-12-03 02:08:48,209][__main__][INFO] - Flow-matching step: 83/100
[2025-12-03 02:08:50,977][__main__][INFO] - Flow-matching step: 84/100
[2025-12-03 02:08:53,755][__main__][INFO] - Flow-matching step: 85/100
[2025-12-03 02:08:56,525][__main__][INFO] - Flow-matching step: 86/100
[2025-12-03 02:08:59,310][__main__][INFO] - Flow-matching step: 87/100
[2025-12-03 02:09:02,109][__main__][INFO] - Flow-matching step: 88/100
[2025-12-03 02:09:04,913][__main__][INFO] - Flow-matching step: 89/100
[2025-12-03 02:09:07,713][__main__][INFO] - Flow-matching step: 90/100
[2025-12-03 02:09:10,517][__main__][INFO] - Flow-matching step: 91/100
[2025-12-03 02:09:13,313][__main__][INFO] - Flow-matching step: 92/100
[2025-12-03 02:09:16,116][__main__][INFO] - Flow-matching step: 93/100
[2025-12-03 02:09:18,930][__main__][INFO] - Flow-matching step: 94/100
[2025-12-03 02:09:21,742][__main__][INFO] - Flow-matching step: 95/100
[2025-12-03 02:09:24,536][__main__][INFO] - Flow-matching step: 96/100
[2025-12-03 02:09:27,328][__main__][INFO] - Flow-matching step: 97/100
[2025-12-03 02:09:30,112][__main__][INFO] - Flow-matching step: 98/100
[2025-12-03 02:09:32,900][__main__][INFO] - Flow-matching step: 99/100
[2025-12-03 02:09:35,680][__main__][INFO] - Flow-matching step: 100/100
[2025-12-03 02:09:55,359][__main__][INFO] - Finished design in 4.96 minutes
[2025-12-03 02:09:55,397][__main__][INFO] - out_prefix_suffixed='/home/woodbuse/publication/metallohydrolase/github/Computational_Design_of_Metallohydrolases_PrivateGitHub/RFdiffusion2_Tutorial/outputs/rfdiffusion2_out/from_PDB_structure__ZN_PROTEASE/pdb_00001qji__theozyme_HEHHYM__lig_TSA_ORI_01_LENGTH_120_150__1_0-atomized-bb-False', conf.inference.guidepost_xyz_as_design_bb=False
[2025-12-03 02:09:55,458][__main__][INFO] - Idealizing atomized sidechains for pX0 of the last step...
[2025-12-03 02:09:57,271][__main__][INFO] - design : /home/woodbuse/publication/metallohydrolase/github/Computational_Design_of_Metallohydrolases_PrivateGitHub/RFdiffusion2_Tutorial/outputs/rfdiffusion2_out/from_PDB_structure__ZN_PROTEASE/pdb_00001qji__theozyme_HEHHYM__lig_TSA_ORI_01_LENGTH_120_150__1_0-atomized-bb-False.pdb
[2025-12-03 02:09:57,271][__main__][INFO] - Making design 1 of 0:2: /home/woodbuse/publication/metallohydrolase/github/Computational_Design_of_Metallohydrolases_PrivateGitHub/RFdiffusion2_Tutorial/outputs/rfdiffusion2_out/from_PDB_structure__ZN_PROTEASE/pdb_00001qji__theozyme_HEHHYM__lig_TSA_ORI_01_LENGTH_120_150__1_1
[2025-12-03 02:09:57,521][__main__][INFO] - Flow-matching step: 1/100
[2025-12-03 02:10:00,353][__main__][INFO] - Flow-matching step: 2/100
[2025-12-03 02:10:03,167][__main__][INFO] - Flow-matching step: 3/100
[2025-12-03 02:10:05,973][__main__][INFO] - Flow-matching step: 4/100
[2025-12-03 02:10:08,786][__main__][INFO] - Flow-matching step: 5/100
[2025-12-03 02:10:11,613][__main__][INFO] - Flow-matching step: 6/100
[2025-12-03 02:10:14,429][__main__][INFO] - Flow-matching step: 7/100
[2025-12-03 02:10:17,260][__main__][INFO] - Flow-matching step: 8/100
[2025-12-03 02:10:20,075][__main__][INFO] - Flow-matching step: 9/100
[2025-12-03 02:10:22,901][__main__][INFO] - Flow-matching step: 10/100
[2025-12-03 02:10:25,731][__main__][INFO] - Flow-matching step: 11/100
[2025-12-03 02:10:28,562][__main__][INFO] - Flow-matching step: 12/100
[2025-12-03 02:10:31,374][__main__][INFO] - Flow-matching step: 13/100
[2025-12-03 02:10:34,171][__main__][INFO] - Flow-matching step: 14/100
[2025-12-03 02:10:36,977][__main__][INFO] - Flow-matching step: 15/100
[2025-12-03 02:10:39,796][__main__][INFO] - Flow-matching step: 16/100
[2025-12-03 02:10:42,596][__main__][INFO] - Flow-matching step: 17/100
[2025-12-03 02:10:45,392][__main__][INFO] - Flow-matching step: 18/100
[2025-12-03 02:10:48,192][__main__][INFO] - Flow-matching step: 19/100
[2025-12-03 02:10:51,017][__main__][INFO] - Flow-matching step: 20/100
[2025-12-03 02:10:53,824][__main__][INFO] - Flow-matching step: 21/100
[2025-12-03 02:10:56,634][__main__][INFO] - Flow-matching step: 22/100
[2025-12-03 02:10:59,446][__main__][INFO] - Flow-matching step: 23/100
[2025-12-03 02:11:02,284][__main__][INFO] - Flow-matching step: 24/100
[2025-12-03 02:11:05,109][__main__][INFO] - Flow-matching step: 25/100
[2025-12-03 02:11:07,933][__main__][INFO] - Flow-matching step: 26/100
[2025-12-03 02:11:10,749][__main__][INFO] - Flow-matching step: 27/100
[2025-12-03 02:11:13,558][__main__][INFO] - Flow-matching step: 28/100
[2025-12-03 02:11:16,375][__main__][INFO] - Flow-matching step: 29/100
[2025-12-03 02:11:19,183][__main__][INFO] - Flow-matching step: 30/100
[2025-12-03 02:11:22,008][__main__][INFO] - Flow-matching step: 31/100
[2025-12-03 02:11:24,821][__main__][INFO] - Flow-matching step: 32/100
[2025-12-03 02:11:27,639][__main__][INFO] - Flow-matching step: 33/100
[2025-12-03 02:11:30,456][__main__][INFO] - Flow-matching step: 34/100
[2025-12-03 02:11:33,281][__main__][INFO] - Flow-matching step: 35/100
[2025-12-03 02:11:36,100][__main__][INFO] - Flow-matching step: 36/100
[2025-12-03 02:11:38,912][__main__][INFO] - Flow-matching step: 37/100
[2025-12-03 02:11:41,729][__main__][INFO] - Flow-matching step: 38/100
[2025-12-03 02:11:44,562][__main__][INFO] - Flow-matching step: 39/100
[2025-12-03 02:11:47,395][__main__][INFO] - Flow-matching step: 40/100
[2025-12-03 02:11:50,231][__main__][INFO] - Flow-matching step: 41/100
[2025-12-03 02:11:53,072][__main__][INFO] - Flow-matching step: 42/100
[2025-12-03 02:11:55,917][__main__][INFO] - Flow-matching step: 43/100
[2025-12-03 02:11:58,759][__main__][INFO] - Flow-matching step: 44/100
[2025-12-03 02:12:01,610][__main__][INFO] - Flow-matching step: 45/100
[2025-12-03 02:12:04,458][__main__][INFO] - Flow-matching step: 46/100
[2025-12-03 02:12:07,299][__main__][INFO] - Flow-matching step: 47/100
[2025-12-03 02:12:10,123][__main__][INFO] - Flow-matching step: 48/100
[2025-12-03 02:12:12,946][__main__][INFO] - Flow-matching step: 49/100
[2025-12-03 02:12:15,780][__main__][INFO] - Flow-matching step: 50/100
[2025-12-03 02:12:18,608][__main__][INFO] - Flow-matching step: 51/100
[2025-12-03 02:12:21,436][__main__][INFO] - Flow-matching step: 52/100
[2025-12-03 02:12:24,272][__main__][INFO] - Flow-matching step: 53/100
[2025-12-03 02:12:27,119][__main__][INFO] - Flow-matching step: 54/100
[2025-12-03 02:12:29,963][__main__][INFO] - Flow-matching step: 55/100
[2025-12-03 02:12:32,794][__main__][INFO] - Flow-matching step: 56/100
[2025-12-03 02:12:35,611][__main__][INFO] - Flow-matching step: 57/100
[2025-12-03 02:12:38,439][__main__][INFO] - Flow-matching step: 58/100
[2025-12-03 02:12:41,275][__main__][INFO] - Flow-matching step: 59/100
[2025-12-03 02:12:44,102][__main__][INFO] - Flow-matching step: 60/100
[2025-12-03 02:12:46,916][__main__][INFO] - Flow-matching step: 61/100
[2025-12-03 02:12:49,736][__main__][INFO] - Flow-matching step: 62/100
[2025-12-03 02:12:52,558][__main__][INFO] - Flow-matching step: 63/100
[2025-12-03 02:12:55,376][__main__][INFO] - Flow-matching step: 64/100
[2025-12-03 02:12:58,173][__main__][INFO] - Flow-matching step: 65/100
[2025-12-03 02:13:00,994][__main__][INFO] - Flow-matching step: 66/100
[2025-12-03 02:13:03,812][__main__][INFO] - Flow-matching step: 67/100
[2025-12-03 02:13:06,622][__main__][INFO] - Flow-matching step: 68/100
[2025-12-03 02:13:09,437][__main__][INFO] - Flow-matching step: 69/100
[2025-12-03 02:13:12,258][__main__][INFO] - Flow-matching step: 70/100
[2025-12-03 02:13:15,071][__main__][INFO] - Flow-matching step: 71/100
[2025-12-03 02:13:17,859][__main__][INFO] - Flow-matching step: 72/100
[2025-12-03 02:13:20,679][__main__][INFO] - Flow-matching step: 73/100
[2025-12-03 02:13:23,492][__main__][INFO] - Flow-matching step: 74/100
[2025-12-03 02:13:26,294][__main__][INFO] - Flow-matching step: 75/100
[2025-12-03 02:13:29,115][__main__][INFO] - Flow-matching step: 76/100
[2025-12-03 02:13:31,937][__main__][INFO] - Flow-matching step: 77/100
[2025-12-03 02:13:34,772][__main__][INFO] - Flow-matching step: 78/100
[2025-12-03 02:13:37,617][__main__][INFO] - Flow-matching step: 79/100
[2025-12-03 02:13:40,463][__main__][INFO] - Flow-matching step: 80/100
[2025-12-03 02:13:43,310][__main__][INFO] - Flow-matching step: 81/100
[2025-12-03 02:13:46,142][__main__][INFO] - Flow-matching step: 82/100
[2025-12-03 02:13:48,975][__main__][INFO] - Flow-matching step: 83/100
[2025-12-03 02:13:51,822][__main__][INFO] - Flow-matching step: 84/100
[2025-12-03 02:13:54,655][__main__][INFO] - Flow-matching step: 85/100
[2025-12-03 02:13:57,475][__main__][INFO] - Flow-matching step: 86/100
[2025-12-03 02:14:00,314][__main__][INFO] - Flow-matching step: 87/100
[2025-12-03 02:14:03,157][__main__][INFO] - Flow-matching step: 88/100
[2025-12-03 02:14:05,988][__main__][INFO] - Flow-matching step: 89/100
[2025-12-03 02:14:08,827][__main__][INFO] - Flow-matching step: 90/100
[2025-12-03 02:14:11,658][__main__][INFO] - Flow-matching step: 91/100
[2025-12-03 02:14:14,497][__main__][INFO] - Flow-matching step: 92/100
[2025-12-03 02:14:17,345][__main__][INFO] - Flow-matching step: 93/100
[2025-12-03 02:14:20,196][__main__][INFO] - Flow-matching step: 94/100
[2025-12-03 02:14:23,053][__main__][INFO] - Flow-matching step: 95/100
[2025-12-03 02:14:25,932][__main__][INFO] - Flow-matching step: 96/100
[2025-12-03 02:14:28,784][__main__][INFO] - Flow-matching step: 97/100
[2025-12-03 02:14:31,634][__main__][INFO] - Flow-matching step: 98/100
[2025-12-03 02:14:34,480][__main__][INFO] - Flow-matching step: 99/100
[2025-12-03 02:14:37,307][__main__][INFO] - Flow-matching step: 100/100
[2025-12-03 02:14:57,174][__main__][INFO] - Finished design in 5.00 minutes
[2025-12-03 02:14:57,212][__main__][INFO] - out_prefix_suffixed='/home/woodbuse/publication/metallohydrolase/github/Computational_Design_of_Metallohydrolases_PrivateGitHub/RFdiffusion2_Tutorial/outputs/rfdiffusion2_out/from_PDB_structure__ZN_PROTEASE/pdb_00001qji__theozyme_HEHHYM__lig_TSA_ORI_01_LENGTH_120_150__1_1-atomized-bb-False', conf.inference.guidepost_xyz_as_design_bb=False
[2025-12-03 02:14:57,265][__main__][INFO] - Idealizing atomized sidechains for pX0 of the last step...
[2025-12-03 02:14:58,727][__main__][INFO] - design : /home/woodbuse/publication/metallohydrolase/github/Computational_Design_of_Metallohydrolases_PrivateGitHub/RFdiffusion2_Tutorial/outputs/rfdiffusion2_out/from_PDB_structure__ZN_PROTEASE/pdb_00001qji__theozyme_HEHHYM__lig_TSA_ORI_01_LENGTH_120_150__1_1-atomized-bb-False.pdb
