[2025-12-03 02:35:41,934][rf_diffusion.config.config_format][INFO] - Translating obsolete key: extra_t1d -> ['extra_tXd']
[2025-12-03 02:35:41,934][rf_diffusion.config.config_format][INFO] - Translating obsolete key: extra_t1d_params -> ['extra_tXd_params']
[2025-12-03 02:35:45,910][__main__][INFO] - Making design 0 of 0:2: /home/woodbuse/publication/metallohydrolase/github/Computational_Design_of_Metallohydrolases_PrivateGitHub/RFdiffusion2_Tutorial/outputs/rfdiffusion2_out/from_quantum_chemistry__ZN_ESTERASE/ZETA_2__theozyme_optTS_geom_HHHE__lig_SZD_artificialBB_ORI_05_LENGTH_110_140__1_0
[2025-12-03 02:35:46,134][se3_flow_matching.data.so3_utils][INFO] - Data loaded from .cache/cache_igso3_s0.100-1.500-1000_l1000_o1000-3.npz
[2025-12-03 02:35:46,198][__main__][INFO] - Flow-matching step: 1/100
[2025-12-03 02:35:50,239][__main__][INFO] - Flow-matching step: 2/100
[2025-12-03 02:35:52,553][__main__][INFO] - Flow-matching step: 3/100
[2025-12-03 02:35:54,849][__main__][INFO] - Flow-matching step: 4/100
[2025-12-03 02:35:57,155][__main__][INFO] - Flow-matching step: 5/100
[2025-12-03 02:35:59,462][__main__][INFO] - Flow-matching step: 6/100
[2025-12-03 02:36:01,778][__main__][INFO] - Flow-matching step: 7/100
[2025-12-03 02:36:04,087][__main__][INFO] - Flow-matching step: 8/100
[2025-12-03 02:36:06,388][__main__][INFO] - Flow-matching step: 9/100
[2025-12-03 02:36:08,693][__main__][INFO] - Flow-matching step: 10/100
[2025-12-03 02:36:11,001][__main__][INFO] - Flow-matching step: 11/100
[2025-12-03 02:36:13,314][__main__][INFO] - Flow-matching step: 12/100
[2025-12-03 02:36:15,628][__main__][INFO] - Flow-matching step: 13/100
[2025-12-03 02:36:17,961][__main__][INFO] - Flow-matching step: 14/100
[2025-12-03 02:36:20,308][__main__][INFO] - Flow-matching step: 15/100
[2025-12-03 02:36:22,638][__main__][INFO] - Flow-matching step: 16/100
[2025-12-03 02:36:24,971][__main__][INFO] - Flow-matching step: 17/100
[2025-12-03 02:36:27,309][__main__][INFO] - Flow-matching step: 18/100
[2025-12-03 02:36:29,645][__main__][INFO] - Flow-matching step: 19/100
[2025-12-03 02:36:31,980][__main__][INFO] - Flow-matching step: 20/100
[2025-12-03 02:36:34,313][__main__][INFO] - Flow-matching step: 21/100
[2025-12-03 02:36:36,629][__main__][INFO] - Flow-matching step: 22/100
[2025-12-03 02:36:38,946][__main__][INFO] - Flow-matching step: 23/100
[2025-12-03 02:36:41,255][__main__][INFO] - Flow-matching step: 24/100
[2025-12-03 02:36:43,566][__main__][INFO] - Flow-matching step: 25/100
[2025-12-03 02:36:45,882][__main__][INFO] - Flow-matching step: 26/100
[2025-12-03 02:36:48,200][__main__][INFO] - Flow-matching step: 27/100
[2025-12-03 02:36:50,531][__main__][INFO] - Flow-matching step: 28/100
[2025-12-03 02:36:52,841][__main__][INFO] - Flow-matching step: 29/100
[2025-12-03 02:36:55,166][__main__][INFO] - Flow-matching step: 30/100
[2025-12-03 02:36:57,488][__main__][INFO] - Flow-matching step: 31/100
[2025-12-03 02:36:59,829][__main__][INFO] - Flow-matching step: 32/100
[2025-12-03 02:37:02,164][__main__][INFO] - Flow-matching step: 33/100
[2025-12-03 02:37:04,494][__main__][INFO] - Flow-matching step: 34/100
[2025-12-03 02:37:06,826][__main__][INFO] - Flow-matching step: 35/100
[2025-12-03 02:37:09,157][__main__][INFO] - Flow-matching step: 36/100
[2025-12-03 02:37:11,489][__main__][INFO] - Flow-matching step: 37/100
[2025-12-03 02:37:13,810][__main__][INFO] - Flow-matching step: 38/100
[2025-12-03 02:37:16,136][__main__][INFO] - Flow-matching step: 39/100
[2025-12-03 02:37:18,461][__main__][INFO] - Flow-matching step: 40/100
[2025-12-03 02:37:20,780][__main__][INFO] - Flow-matching step: 41/100
[2025-12-03 02:37:23,090][__main__][INFO] - Flow-matching step: 42/100
[2025-12-03 02:37:25,397][__main__][INFO] - Flow-matching step: 43/100
[2025-12-03 02:37:27,710][__main__][INFO] - Flow-matching step: 44/100
[2025-12-03 02:37:30,025][__main__][INFO] - Flow-matching step: 45/100
[2025-12-03 02:37:32,336][__main__][INFO] - Flow-matching step: 46/100
[2025-12-03 02:37:34,651][__main__][INFO] - Flow-matching step: 47/100
[2025-12-03 02:37:36,965][__main__][INFO] - Flow-matching step: 48/100
[2025-12-03 02:37:39,286][__main__][INFO] - Flow-matching step: 49/100
[2025-12-03 02:37:41,596][__main__][INFO] - Flow-matching step: 50/100
[2025-12-03 02:37:43,926][__main__][INFO] - Flow-matching step: 51/100
[2025-12-03 02:37:46,279][__main__][INFO] - Flow-matching step: 52/100
[2025-12-03 02:37:48,643][__main__][INFO] - Flow-matching step: 53/100
[2025-12-03 02:37:51,017][__main__][INFO] - Flow-matching step: 54/100
[2025-12-03 02:37:53,382][__main__][INFO] - Flow-matching step: 55/100
[2025-12-03 02:37:55,747][__main__][INFO] - Flow-matching step: 56/100
[2025-12-03 02:37:58,117][__main__][INFO] - Flow-matching step: 57/100
[2025-12-03 02:38:00,486][__main__][INFO] - Flow-matching step: 58/100
[2025-12-03 02:38:02,849][__main__][INFO] - Flow-matching step: 59/100
[2025-12-03 02:38:05,188][__main__][INFO] - Flow-matching step: 60/100
[2025-12-03 02:38:07,524][__main__][INFO] - Flow-matching step: 61/100
[2025-12-03 02:38:09,854][__main__][INFO] - Flow-matching step: 62/100
[2025-12-03 02:38:12,196][__main__][INFO] - Flow-matching step: 63/100
[2025-12-03 02:38:14,546][__main__][INFO] - Flow-matching step: 64/100
[2025-12-03 02:38:16,898][__main__][INFO] - Flow-matching step: 65/100
[2025-12-03 02:38:19,234][__main__][INFO] - Flow-matching step: 66/100
[2025-12-03 02:38:21,571][__main__][INFO] - Flow-matching step: 67/100
[2025-12-03 02:38:23,901][__main__][INFO] - Flow-matching step: 68/100
[2025-12-03 02:38:26,227][__main__][INFO] - Flow-matching step: 69/100
[2025-12-03 02:38:28,550][__main__][INFO] - Flow-matching step: 70/100
[2025-12-03 02:38:30,878][__main__][INFO] - Flow-matching step: 71/100
[2025-12-03 02:38:33,209][__main__][INFO] - Flow-matching step: 72/100
[2025-12-03 02:38:35,537][__main__][INFO] - Flow-matching step: 73/100
[2025-12-03 02:38:37,877][__main__][INFO] - Flow-matching step: 74/100
[2025-12-03 02:38:40,212][__main__][INFO] - Flow-matching step: 75/100
[2025-12-03 02:38:42,561][__main__][INFO] - Flow-matching step: 76/100
[2025-12-03 02:38:44,895][__main__][INFO] - Flow-matching step: 77/100
[2025-12-03 02:38:47,225][__main__][INFO] - Flow-matching step: 78/100
[2025-12-03 02:38:49,561][__main__][INFO] - Flow-matching step: 79/100
[2025-12-03 02:38:51,915][__main__][INFO] - Flow-matching step: 80/100
[2025-12-03 02:38:54,252][__main__][INFO] - Flow-matching step: 81/100
[2025-12-03 02:38:56,580][__main__][INFO] - Flow-matching step: 82/100
[2025-12-03 02:38:58,902][__main__][INFO] - Flow-matching step: 83/100
[2025-12-03 02:39:01,223][__main__][INFO] - Flow-matching step: 84/100
[2025-12-03 02:39:03,550][__main__][INFO] - Flow-matching step: 85/100
[2025-12-03 02:39:05,875][__main__][INFO] - Flow-matching step: 86/100
[2025-12-03 02:39:08,195][__main__][INFO] - Flow-matching step: 87/100
[2025-12-03 02:39:10,513][__main__][INFO] - Flow-matching step: 88/100
[2025-12-03 02:39:12,828][__main__][INFO] - Flow-matching step: 89/100
[2025-12-03 02:39:15,127][__main__][INFO] - Flow-matching step: 90/100
[2025-12-03 02:39:17,418][__main__][INFO] - Flow-matching step: 91/100
[2025-12-03 02:39:19,705][__main__][INFO] - Flow-matching step: 92/100
[2025-12-03 02:39:22,004][__main__][INFO] - Flow-matching step: 93/100
[2025-12-03 02:39:24,295][__main__][INFO] - Flow-matching step: 94/100
[2025-12-03 02:39:26,589][__main__][INFO] - Flow-matching step: 95/100
[2025-12-03 02:39:28,893][__main__][INFO] - Flow-matching step: 96/100
[2025-12-03 02:39:31,190][__main__][INFO] - Flow-matching step: 97/100
[2025-12-03 02:39:33,504][__main__][INFO] - Flow-matching step: 98/100
[2025-12-03 02:39:35,806][__main__][INFO] - Flow-matching step: 99/100
[2025-12-03 02:39:38,102][__main__][INFO] - Flow-matching step: 100/100
[2025-12-03 02:39:49,096][__main__][INFO] - Finished design in 4.05 minutes
[2025-12-03 02:39:49,139][__main__][INFO] - out_prefix_suffixed='/home/woodbuse/publication/metallohydrolase/github/Computational_Design_of_Metallohydrolases_PrivateGitHub/RFdiffusion2_Tutorial/outputs/rfdiffusion2_out/from_quantum_chemistry__ZN_ESTERASE/ZETA_2__theozyme_optTS_geom_HHHE__lig_SZD_artificialBB_ORI_05_LENGTH_110_140__1_0-atomized-bb-False', conf.inference.guidepost_xyz_as_design_bb=False
[2025-12-03 02:39:49,404][__main__][INFO] - Idealizing atomized sidechains for pX0 of the last step...
[2025-12-03 02:39:51,350][__main__][INFO] - design : /home/woodbuse/publication/metallohydrolase/github/Computational_Design_of_Metallohydrolases_PrivateGitHub/RFdiffusion2_Tutorial/outputs/rfdiffusion2_out/from_quantum_chemistry__ZN_ESTERASE/ZETA_2__theozyme_optTS_geom_HHHE__lig_SZD_artificialBB_ORI_05_LENGTH_110_140__1_0-atomized-bb-False.pdb
[2025-12-03 02:39:51,350][__main__][INFO] - Making design 1 of 0:2: /home/woodbuse/publication/metallohydrolase/github/Computational_Design_of_Metallohydrolases_PrivateGitHub/RFdiffusion2_Tutorial/outputs/rfdiffusion2_out/from_quantum_chemistry__ZN_ESTERASE/ZETA_2__theozyme_optTS_geom_HHHE__lig_SZD_artificialBB_ORI_05_LENGTH_110_140__1_1
[2025-12-03 02:39:51,571][__main__][INFO] - Flow-matching step: 1/100
[2025-12-03 02:39:54,190][__main__][INFO] - Flow-matching step: 2/100
[2025-12-03 02:39:56,473][__main__][INFO] - Flow-matching step: 3/100
[2025-12-03 02:39:58,770][__main__][INFO] - Flow-matching step: 4/100
[2025-12-03 02:40:01,085][__main__][INFO] - Flow-matching step: 5/100
[2025-12-03 02:40:03,403][__main__][INFO] - Flow-matching step: 6/100
[2025-12-03 02:40:05,733][__main__][INFO] - Flow-matching step: 7/100
[2025-12-03 02:40:08,083][__main__][INFO] - Flow-matching step: 8/100
[2025-12-03 02:40:10,431][__main__][INFO] - Flow-matching step: 9/100
[2025-12-03 02:40:12,787][__main__][INFO] - Flow-matching step: 10/100
[2025-12-03 02:40:15,124][__main__][INFO] - Flow-matching step: 11/100
[2025-12-03 02:40:17,463][__main__][INFO] - Flow-matching step: 12/100
[2025-12-03 02:40:19,803][__main__][INFO] - Flow-matching step: 13/100
[2025-12-03 02:40:22,137][__main__][INFO] - Flow-matching step: 14/100
[2025-12-03 02:40:24,478][__main__][INFO] - Flow-matching step: 15/100
[2025-12-03 02:40:26,822][__main__][INFO] - Flow-matching step: 16/100
[2025-12-03 02:40:29,170][__main__][INFO] - Flow-matching step: 17/100
[2025-12-03 02:40:31,523][__main__][INFO] - Flow-matching step: 18/100
[2025-12-03 02:40:33,883][__main__][INFO] - Flow-matching step: 19/100
[2025-12-03 02:40:36,255][__main__][INFO] - Flow-matching step: 20/100
[2025-12-03 02:40:38,629][__main__][INFO] - Flow-matching step: 21/100
[2025-12-03 02:40:40,992][__main__][INFO] - Flow-matching step: 22/100
[2025-12-03 02:40:43,347][__main__][INFO] - Flow-matching step: 23/100
[2025-12-03 02:40:45,707][__main__][INFO] - Flow-matching step: 24/100
[2025-12-03 02:40:48,062][__main__][INFO] - Flow-matching step: 25/100
[2025-12-03 02:40:50,441][__main__][INFO] - Flow-matching step: 26/100
[2025-12-03 02:40:52,792][__main__][INFO] - Flow-matching step: 27/100
[2025-12-03 02:40:55,147][__main__][INFO] - Flow-matching step: 28/100
[2025-12-03 02:40:57,498][__main__][INFO] - Flow-matching step: 29/100
[2025-12-03 02:40:59,841][__main__][INFO] - Flow-matching step: 30/100
[2025-12-03 02:41:02,191][__main__][INFO] - Flow-matching step: 31/100
[2025-12-03 02:41:04,546][__main__][INFO] - Flow-matching step: 32/100
[2025-12-03 02:41:06,899][__main__][INFO] - Flow-matching step: 33/100
[2025-12-03 02:41:09,258][__main__][INFO] - Flow-matching step: 34/100
[2025-12-03 02:41:11,604][__main__][INFO] - Flow-matching step: 35/100
[2025-12-03 02:41:13,952][__main__][INFO] - Flow-matching step: 36/100
[2025-12-03 02:41:16,295][__main__][INFO] - Flow-matching step: 37/100
[2025-12-03 02:41:18,630][__main__][INFO] - Flow-matching step: 38/100
[2025-12-03 02:41:20,990][__main__][INFO] - Flow-matching step: 39/100
[2025-12-03 02:41:23,352][__main__][INFO] - Flow-matching step: 40/100
[2025-12-03 02:41:25,705][__main__][INFO] - Flow-matching step: 41/100
[2025-12-03 02:41:28,050][__main__][INFO] - Flow-matching step: 42/100
[2025-12-03 02:41:30,399][__main__][INFO] - Flow-matching step: 43/100
[2025-12-03 02:41:32,757][__main__][INFO] - Flow-matching step: 44/100
[2025-12-03 02:41:35,115][__main__][INFO] - Flow-matching step: 45/100
[2025-12-03 02:41:37,464][__main__][INFO] - Flow-matching step: 46/100
[2025-12-03 02:41:39,815][__main__][INFO] - Flow-matching step: 47/100
[2025-12-03 02:41:42,153][__main__][INFO] - Flow-matching step: 48/100
[2025-12-03 02:41:44,480][__main__][INFO] - Flow-matching step: 49/100
[2025-12-03 02:41:46,821][__main__][INFO] - Flow-matching step: 50/100
[2025-12-03 02:41:49,158][__main__][INFO] - Flow-matching step: 51/100
[2025-12-03 02:41:51,491][__main__][INFO] - Flow-matching step: 52/100
[2025-12-03 02:41:53,808][__main__][INFO] - Flow-matching step: 53/100
[2025-12-03 02:41:56,134][__main__][INFO] - Flow-matching step: 54/100
[2025-12-03 02:41:58,459][__main__][INFO] - Flow-matching step: 55/100
[2025-12-03 02:42:00,807][__main__][INFO] - Flow-matching step: 56/100
[2025-12-03 02:42:03,149][__main__][INFO] - Flow-matching step: 57/100
[2025-12-03 02:42:05,490][__main__][INFO] - Flow-matching step: 58/100
[2025-12-03 02:42:07,806][__main__][INFO] - Flow-matching step: 59/100
[2025-12-03 02:42:10,126][__main__][INFO] - Flow-matching step: 60/100
[2025-12-03 02:42:12,446][__main__][INFO] - Flow-matching step: 61/100
[2025-12-03 02:42:14,762][__main__][INFO] - Flow-matching step: 62/100
[2025-12-03 02:42:17,081][__main__][INFO] - Flow-matching step: 63/100
[2025-12-03 02:42:19,417][__main__][INFO] - Flow-matching step: 64/100
[2025-12-03 02:42:21,753][__main__][INFO] - Flow-matching step: 65/100
[2025-12-03 02:42:24,098][__main__][INFO] - Flow-matching step: 66/100
[2025-12-03 02:42:26,443][__main__][INFO] - Flow-matching step: 67/100
[2025-12-03 02:42:28,797][__main__][INFO] - Flow-matching step: 68/100
[2025-12-03 02:42:31,157][__main__][INFO] - Flow-matching step: 69/100
[2025-12-03 02:42:33,518][__main__][INFO] - Flow-matching step: 70/100
[2025-12-03 02:42:35,875][__main__][INFO] - Flow-matching step: 71/100
[2025-12-03 02:42:38,226][__main__][INFO] - Flow-matching step: 72/100
[2025-12-03 02:42:40,562][__main__][INFO] - Flow-matching step: 73/100
[2025-12-03 02:42:42,903][__main__][INFO] - Flow-matching step: 74/100
[2025-12-03 02:42:45,237][__main__][INFO] - Flow-matching step: 75/100
[2025-12-03 02:42:47,573][__main__][INFO] - Flow-matching step: 76/100
[2025-12-03 02:42:49,912][__main__][INFO] - Flow-matching step: 77/100
[2025-12-03 02:42:52,247][__main__][INFO] - Flow-matching step: 78/100
[2025-12-03 02:42:54,604][__main__][INFO] - Flow-matching step: 79/100
[2025-12-03 02:42:56,962][__main__][INFO] - Flow-matching step: 80/100
[2025-12-03 02:42:59,328][__main__][INFO] - Flow-matching step: 81/100
[2025-12-03 02:43:01,704][__main__][INFO] - Flow-matching step: 82/100
[2025-12-03 02:43:04,073][__main__][INFO] - Flow-matching step: 83/100
[2025-12-03 02:43:06,444][__main__][INFO] - Flow-matching step: 84/100
[2025-12-03 02:43:08,827][__main__][INFO] - Flow-matching step: 85/100
[2025-12-03 02:43:11,209][__main__][INFO] - Flow-matching step: 86/100
[2025-12-03 02:43:13,579][__main__][INFO] - Flow-matching step: 87/100
[2025-12-03 02:43:15,947][__main__][INFO] - Flow-matching step: 88/100
[2025-12-03 02:43:18,314][__main__][INFO] - Flow-matching step: 89/100
[2025-12-03 02:43:20,683][__main__][INFO] - Flow-matching step: 90/100
[2025-12-03 02:43:23,038][__main__][INFO] - Flow-matching step: 91/100
[2025-12-03 02:43:25,400][__main__][INFO] - Flow-matching step: 92/100
[2025-12-03 02:43:27,763][__main__][INFO] - Flow-matching step: 93/100
[2025-12-03 02:43:30,118][__main__][INFO] - Flow-matching step: 94/100
[2025-12-03 02:43:32,467][__main__][INFO] - Flow-matching step: 95/100
[2025-12-03 02:43:34,815][__main__][INFO] - Flow-matching step: 96/100
[2025-12-03 02:43:37,154][__main__][INFO] - Flow-matching step: 97/100
[2025-12-03 02:43:39,499][__main__][INFO] - Flow-matching step: 98/100
[2025-12-03 02:43:41,848][__main__][INFO] - Flow-matching step: 99/100
[2025-12-03 02:43:44,193][__main__][INFO] - Flow-matching step: 100/100
[2025-12-03 02:43:55,501][__main__][INFO] - Finished design in 4.07 minutes
[2025-12-03 02:43:55,546][__main__][INFO] - out_prefix_suffixed='/home/woodbuse/publication/metallohydrolase/github/Computational_Design_of_Metallohydrolases_PrivateGitHub/RFdiffusion2_Tutorial/outputs/rfdiffusion2_out/from_quantum_chemistry__ZN_ESTERASE/ZETA_2__theozyme_optTS_geom_HHHE__lig_SZD_artificialBB_ORI_05_LENGTH_110_140__1_1-atomized-bb-False', conf.inference.guidepost_xyz_as_design_bb=False
[2025-12-03 02:43:55,594][__main__][INFO] - Idealizing atomized sidechains for pX0 of the last step...
[2025-12-03 02:43:57,240][__main__][INFO] - design : /home/woodbuse/publication/metallohydrolase/github/Computational_Design_of_Metallohydrolases_PrivateGitHub/RFdiffusion2_Tutorial/outputs/rfdiffusion2_out/from_quantum_chemistry__ZN_ESTERASE/ZETA_2__theozyme_optTS_geom_HHHE__lig_SZD_artificialBB_ORI_05_LENGTH_110_140__1_1-atomized-bb-False.pdb
