[2025-12-03 03:22:36,404][rf_diffusion.config.config_format][INFO] - Translating obsolete key: extra_t1d -> ['extra_tXd']
[2025-12-03 03:22:36,405][rf_diffusion.config.config_format][INFO] - Translating obsolete key: extra_t1d_params -> ['extra_tXd_params']
[2025-12-03 03:22:40,278][__main__][INFO] - Making design 0 of 0:2: /home/woodbuse/publication/metallohydrolase/github/Computational_Design_of_Metallohydrolases_PrivateGitHub/RFdiffusion2_Tutorial/outputs/rfdiffusion2_out/from_quantum_chemistry__ZN_ESTERASE/ZETA_2__theozyme_optTS_geom_HHHE__lig_SZD_artificialBB_ORI_09_LENGTH_140_170__1_0
[2025-12-03 03:22:40,565][se3_flow_matching.data.so3_utils][INFO] - Data loaded from .cache/cache_igso3_s0.100-1.500-1000_l1000_o1000-3.npz
[2025-12-03 03:22:40,643][__main__][INFO] - Flow-matching step: 1/100
[2025-12-03 03:22:45,231][__main__][INFO] - Flow-matching step: 2/100
[2025-12-03 03:22:48,072][__main__][INFO] - Flow-matching step: 3/100
[2025-12-03 03:22:50,911][__main__][INFO] - Flow-matching step: 4/100
[2025-12-03 03:22:53,736][__main__][INFO] - Flow-matching step: 5/100
[2025-12-03 03:22:56,561][__main__][INFO] - Flow-matching step: 6/100
[2025-12-03 03:22:59,372][__main__][INFO] - Flow-matching step: 7/100
[2025-12-03 03:23:02,176][__main__][INFO] - Flow-matching step: 8/100
[2025-12-03 03:23:04,993][__main__][INFO] - Flow-matching step: 9/100
[2025-12-03 03:23:07,825][__main__][INFO] - Flow-matching step: 10/100
[2025-12-03 03:23:10,631][__main__][INFO] - Flow-matching step: 11/100
[2025-12-03 03:23:13,435][__main__][INFO] - Flow-matching step: 12/100
[2025-12-03 03:23:16,249][__main__][INFO] - Flow-matching step: 13/100
[2025-12-03 03:23:19,049][__main__][INFO] - Flow-matching step: 14/100
[2025-12-03 03:23:21,848][__main__][INFO] - Flow-matching step: 15/100
[2025-12-03 03:23:24,654][__main__][INFO] - Flow-matching step: 16/100
[2025-12-03 03:23:27,458][__main__][INFO] - Flow-matching step: 17/100
[2025-12-03 03:23:30,266][__main__][INFO] - Flow-matching step: 18/100
[2025-12-03 03:23:33,074][__main__][INFO] - Flow-matching step: 19/100
[2025-12-03 03:23:35,881][__main__][INFO] - Flow-matching step: 20/100
[2025-12-03 03:23:38,687][__main__][INFO] - Flow-matching step: 21/100
[2025-12-03 03:23:41,507][__main__][INFO] - Flow-matching step: 22/100
[2025-12-03 03:23:44,346][__main__][INFO] - Flow-matching step: 23/100
[2025-12-03 03:23:47,182][__main__][INFO] - Flow-matching step: 24/100
[2025-12-03 03:23:50,025][__main__][INFO] - Flow-matching step: 25/100
[2025-12-03 03:23:52,836][__main__][INFO] - Flow-matching step: 26/100
[2025-12-03 03:23:55,652][__main__][INFO] - Flow-matching step: 27/100
[2025-12-03 03:23:58,475][__main__][INFO] - Flow-matching step: 28/100
[2025-12-03 03:24:01,287][__main__][INFO] - Flow-matching step: 29/100
[2025-12-03 03:24:04,150][__main__][INFO] - Flow-matching step: 30/100
[2025-12-03 03:24:07,010][__main__][INFO] - Flow-matching step: 31/100
[2025-12-03 03:24:09,887][__main__][INFO] - Flow-matching step: 32/100
[2025-12-03 03:24:12,763][__main__][INFO] - Flow-matching step: 33/100
[2025-12-03 03:24:15,659][__main__][INFO] - Flow-matching step: 34/100
[2025-12-03 03:24:18,570][__main__][INFO] - Flow-matching step: 35/100
[2025-12-03 03:24:21,462][__main__][INFO] - Flow-matching step: 36/100
[2025-12-03 03:24:24,347][__main__][INFO] - Flow-matching step: 37/100
[2025-12-03 03:24:27,223][__main__][INFO] - Flow-matching step: 38/100
[2025-12-03 03:24:30,101][__main__][INFO] - Flow-matching step: 39/100
[2025-12-03 03:24:32,978][__main__][INFO] - Flow-matching step: 40/100
[2025-12-03 03:24:35,854][__main__][INFO] - Flow-matching step: 41/100
[2025-12-03 03:24:38,724][__main__][INFO] - Flow-matching step: 42/100
[2025-12-03 03:24:41,594][__main__][INFO] - Flow-matching step: 43/100
[2025-12-03 03:24:44,463][__main__][INFO] - Flow-matching step: 44/100
[2025-12-03 03:24:47,345][__main__][INFO] - Flow-matching step: 45/100
[2025-12-03 03:24:50,216][__main__][INFO] - Flow-matching step: 46/100
[2025-12-03 03:24:53,104][__main__][INFO] - Flow-matching step: 47/100
[2025-12-03 03:24:55,984][__main__][INFO] - Flow-matching step: 48/100
[2025-12-03 03:24:58,856][__main__][INFO] - Flow-matching step: 49/100
[2025-12-03 03:25:01,726][__main__][INFO] - Flow-matching step: 50/100
[2025-12-03 03:25:04,614][__main__][INFO] - Flow-matching step: 51/100
[2025-12-03 03:25:07,495][__main__][INFO] - Flow-matching step: 52/100
[2025-12-03 03:25:10,377][__main__][INFO] - Flow-matching step: 53/100
[2025-12-03 03:25:13,277][__main__][INFO] - Flow-matching step: 54/100
[2025-12-03 03:25:16,136][__main__][INFO] - Flow-matching step: 55/100
[2025-12-03 03:25:19,004][__main__][INFO] - Flow-matching step: 56/100
[2025-12-03 03:25:21,877][__main__][INFO] - Flow-matching step: 57/100
[2025-12-03 03:25:24,729][__main__][INFO] - Flow-matching step: 58/100
[2025-12-03 03:25:27,559][__main__][INFO] - Flow-matching step: 59/100
[2025-12-03 03:25:30,379][__main__][INFO] - Flow-matching step: 60/100
[2025-12-03 03:25:33,211][__main__][INFO] - Flow-matching step: 61/100
[2025-12-03 03:25:36,032][__main__][INFO] - Flow-matching step: 62/100
[2025-12-03 03:25:38,848][__main__][INFO] - Flow-matching step: 63/100
[2025-12-03 03:25:41,671][__main__][INFO] - Flow-matching step: 64/100
[2025-12-03 03:25:44,501][__main__][INFO] - Flow-matching step: 65/100
[2025-12-03 03:25:47,332][__main__][INFO] - Flow-matching step: 66/100
[2025-12-03 03:25:50,163][__main__][INFO] - Flow-matching step: 67/100
[2025-12-03 03:25:52,999][__main__][INFO] - Flow-matching step: 68/100
[2025-12-03 03:25:55,815][__main__][INFO] - Flow-matching step: 69/100
[2025-12-03 03:25:58,642][__main__][INFO] - Flow-matching step: 70/100
[2025-12-03 03:26:01,456][__main__][INFO] - Flow-matching step: 71/100
[2025-12-03 03:26:04,296][__main__][INFO] - Flow-matching step: 72/100
[2025-12-03 03:26:07,118][__main__][INFO] - Flow-matching step: 73/100
[2025-12-03 03:26:09,934][__main__][INFO] - Flow-matching step: 74/100
[2025-12-03 03:26:12,753][__main__][INFO] - Flow-matching step: 75/100
[2025-12-03 03:26:15,567][__main__][INFO] - Flow-matching step: 76/100
[2025-12-03 03:26:18,394][__main__][INFO] - Flow-matching step: 77/100
[2025-12-03 03:26:21,228][__main__][INFO] - Flow-matching step: 78/100
[2025-12-03 03:26:24,087][__main__][INFO] - Flow-matching step: 79/100
[2025-12-03 03:26:26,933][__main__][INFO] - Flow-matching step: 80/100
[2025-12-03 03:26:29,809][__main__][INFO] - Flow-matching step: 81/100
[2025-12-03 03:26:32,703][__main__][INFO] - Flow-matching step: 82/100
[2025-12-03 03:26:35,608][__main__][INFO] - Flow-matching step: 83/100
[2025-12-03 03:26:38,516][__main__][INFO] - Flow-matching step: 84/100
[2025-12-03 03:26:41,432][__main__][INFO] - Flow-matching step: 85/100
[2025-12-03 03:26:44,336][__main__][INFO] - Flow-matching step: 86/100
[2025-12-03 03:26:47,239][__main__][INFO] - Flow-matching step: 87/100
[2025-12-03 03:26:50,141][__main__][INFO] - Flow-matching step: 88/100
[2025-12-03 03:26:53,030][__main__][INFO] - Flow-matching step: 89/100
[2025-12-03 03:26:55,903][__main__][INFO] - Flow-matching step: 90/100
[2025-12-03 03:26:58,782][__main__][INFO] - Flow-matching step: 91/100
[2025-12-03 03:27:01,660][__main__][INFO] - Flow-matching step: 92/100
[2025-12-03 03:27:04,554][__main__][INFO] - Flow-matching step: 93/100
[2025-12-03 03:27:07,435][__main__][INFO] - Flow-matching step: 94/100
[2025-12-03 03:27:10,315][__main__][INFO] - Flow-matching step: 95/100
[2025-12-03 03:27:13,192][__main__][INFO] - Flow-matching step: 96/100
[2025-12-03 03:27:16,076][__main__][INFO] - Flow-matching step: 97/100
[2025-12-03 03:27:18,948][__main__][INFO] - Flow-matching step: 98/100
[2025-12-03 03:27:21,817][__main__][INFO] - Flow-matching step: 99/100
[2025-12-03 03:27:24,692][__main__][INFO] - Flow-matching step: 100/100
[2025-12-03 03:27:37,246][__main__][INFO] - Finished design in 4.95 minutes
[2025-12-03 03:27:37,516][__main__][INFO] - out_prefix_suffixed='/home/woodbuse/publication/metallohydrolase/github/Computational_Design_of_Metallohydrolases_PrivateGitHub/RFdiffusion2_Tutorial/outputs/rfdiffusion2_out/from_quantum_chemistry__ZN_ESTERASE/ZETA_2__theozyme_optTS_geom_HHHE__lig_SZD_artificialBB_ORI_09_LENGTH_140_170__1_0-atomized-bb-False', conf.inference.guidepost_xyz_as_design_bb=False
[2025-12-03 03:27:37,593][__main__][INFO] - Idealizing atomized sidechains for pX0 of the last step...
[2025-12-03 03:27:39,712][__main__][INFO] - design : /home/woodbuse/publication/metallohydrolase/github/Computational_Design_of_Metallohydrolases_PrivateGitHub/RFdiffusion2_Tutorial/outputs/rfdiffusion2_out/from_quantum_chemistry__ZN_ESTERASE/ZETA_2__theozyme_optTS_geom_HHHE__lig_SZD_artificialBB_ORI_09_LENGTH_140_170__1_0-atomized-bb-False.pdb
[2025-12-03 03:27:39,713][__main__][INFO] - Making design 1 of 0:2: /home/woodbuse/publication/metallohydrolase/github/Computational_Design_of_Metallohydrolases_PrivateGitHub/RFdiffusion2_Tutorial/outputs/rfdiffusion2_out/from_quantum_chemistry__ZN_ESTERASE/ZETA_2__theozyme_optTS_geom_HHHE__lig_SZD_artificialBB_ORI_09_LENGTH_140_170__1_1
[2025-12-03 03:27:39,985][__main__][INFO] - Flow-matching step: 1/100
[2025-12-03 03:27:42,669][__main__][INFO] - Flow-matching step: 2/100
[2025-12-03 03:27:45,324][__main__][INFO] - Flow-matching step: 3/100
[2025-12-03 03:27:47,990][__main__][INFO] - Flow-matching step: 4/100
[2025-12-03 03:27:50,668][__main__][INFO] - Flow-matching step: 5/100
[2025-12-03 03:27:53,327][__main__][INFO] - Flow-matching step: 6/100
[2025-12-03 03:27:55,971][__main__][INFO] - Flow-matching step: 7/100
[2025-12-03 03:27:58,615][__main__][INFO] - Flow-matching step: 8/100
[2025-12-03 03:28:01,270][__main__][INFO] - Flow-matching step: 9/100
[2025-12-03 03:28:03,933][__main__][INFO] - Flow-matching step: 10/100
[2025-12-03 03:28:06,596][__main__][INFO] - Flow-matching step: 11/100
[2025-12-03 03:28:09,276][__main__][INFO] - Flow-matching step: 12/100
[2025-12-03 03:28:11,957][__main__][INFO] - Flow-matching step: 13/100
[2025-12-03 03:28:14,615][__main__][INFO] - Flow-matching step: 14/100
[2025-12-03 03:28:17,295][__main__][INFO] - Flow-matching step: 15/100
[2025-12-03 03:28:19,967][__main__][INFO] - Flow-matching step: 16/100
[2025-12-03 03:28:22,623][__main__][INFO] - Flow-matching step: 17/100
[2025-12-03 03:28:25,278][__main__][INFO] - Flow-matching step: 18/100
[2025-12-03 03:28:27,938][__main__][INFO] - Flow-matching step: 19/100
[2025-12-03 03:28:30,597][__main__][INFO] - Flow-matching step: 20/100
[2025-12-03 03:28:33,253][__main__][INFO] - Flow-matching step: 21/100
[2025-12-03 03:28:35,913][__main__][INFO] - Flow-matching step: 22/100
[2025-12-03 03:28:38,564][__main__][INFO] - Flow-matching step: 23/100
[2025-12-03 03:28:41,249][__main__][INFO] - Flow-matching step: 24/100
[2025-12-03 03:28:43,949][__main__][INFO] - Flow-matching step: 25/100
[2025-12-03 03:28:46,661][__main__][INFO] - Flow-matching step: 26/100
[2025-12-03 03:28:49,378][__main__][INFO] - Flow-matching step: 27/100
[2025-12-03 03:28:52,085][__main__][INFO] - Flow-matching step: 28/100
[2025-12-03 03:28:54,811][__main__][INFO] - Flow-matching step: 29/100
[2025-12-03 03:28:57,544][__main__][INFO] - Flow-matching step: 30/100
[2025-12-03 03:29:00,289][__main__][INFO] - Flow-matching step: 31/100
[2025-12-03 03:29:03,015][__main__][INFO] - Flow-matching step: 32/100
[2025-12-03 03:29:05,763][__main__][INFO] - Flow-matching step: 33/100
[2025-12-03 03:29:08,492][__main__][INFO] - Flow-matching step: 34/100
[2025-12-03 03:29:11,224][__main__][INFO] - Flow-matching step: 35/100
[2025-12-03 03:29:13,950][__main__][INFO] - Flow-matching step: 36/100
[2025-12-03 03:29:16,677][__main__][INFO] - Flow-matching step: 37/100
[2025-12-03 03:29:19,406][__main__][INFO] - Flow-matching step: 38/100
[2025-12-03 03:29:22,129][__main__][INFO] - Flow-matching step: 39/100
[2025-12-03 03:29:24,850][__main__][INFO] - Flow-matching step: 40/100
[2025-12-03 03:29:27,564][__main__][INFO] - Flow-matching step: 41/100
[2025-12-03 03:29:30,283][__main__][INFO] - Flow-matching step: 42/100
[2025-12-03 03:29:33,000][__main__][INFO] - Flow-matching step: 43/100
[2025-12-03 03:29:35,736][__main__][INFO] - Flow-matching step: 44/100
[2025-12-03 03:29:38,470][__main__][INFO] - Flow-matching step: 45/100
[2025-12-03 03:29:41,209][__main__][INFO] - Flow-matching step: 46/100
[2025-12-03 03:29:43,933][__main__][INFO] - Flow-matching step: 47/100
[2025-12-03 03:29:46,658][__main__][INFO] - Flow-matching step: 48/100
[2025-12-03 03:29:49,371][__main__][INFO] - Flow-matching step: 49/100
[2025-12-03 03:29:52,067][__main__][INFO] - Flow-matching step: 50/100
[2025-12-03 03:29:54,774][__main__][INFO] - Flow-matching step: 51/100
[2025-12-03 03:29:57,482][__main__][INFO] - Flow-matching step: 52/100
[2025-12-03 03:30:00,184][__main__][INFO] - Flow-matching step: 53/100
[2025-12-03 03:30:02,891][__main__][INFO] - Flow-matching step: 54/100
[2025-12-03 03:30:05,594][__main__][INFO] - Flow-matching step: 55/100
[2025-12-03 03:30:08,284][__main__][INFO] - Flow-matching step: 56/100
[2025-12-03 03:30:10,973][__main__][INFO] - Flow-matching step: 57/100
[2025-12-03 03:30:13,665][__main__][INFO] - Flow-matching step: 58/100
[2025-12-03 03:30:16,348][__main__][INFO] - Flow-matching step: 59/100
[2025-12-03 03:30:19,041][__main__][INFO] - Flow-matching step: 60/100
[2025-12-03 03:30:21,719][__main__][INFO] - Flow-matching step: 61/100
[2025-12-03 03:30:24,381][__main__][INFO] - Flow-matching step: 62/100
[2025-12-03 03:30:27,040][__main__][INFO] - Flow-matching step: 63/100
[2025-12-03 03:30:29,701][__main__][INFO] - Flow-matching step: 64/100
[2025-12-03 03:30:32,376][__main__][INFO] - Flow-matching step: 65/100
[2025-12-03 03:30:35,039][__main__][INFO] - Flow-matching step: 66/100
[2025-12-03 03:30:37,702][__main__][INFO] - Flow-matching step: 67/100
[2025-12-03 03:30:40,374][__main__][INFO] - Flow-matching step: 68/100
[2025-12-03 03:30:43,057][__main__][INFO] - Flow-matching step: 69/100
[2025-12-03 03:30:45,718][__main__][INFO] - Flow-matching step: 70/100
[2025-12-03 03:30:48,375][__main__][INFO] - Flow-matching step: 71/100
[2025-12-03 03:30:51,039][__main__][INFO] - Flow-matching step: 72/100
[2025-12-03 03:30:53,698][__main__][INFO] - Flow-matching step: 73/100
[2025-12-03 03:30:56,363][__main__][INFO] - Flow-matching step: 74/100
[2025-12-03 03:30:59,045][__main__][INFO] - Flow-matching step: 75/100
[2025-12-03 03:31:01,742][__main__][INFO] - Flow-matching step: 76/100
[2025-12-03 03:31:04,486][__main__][INFO] - Flow-matching step: 77/100
[2025-12-03 03:31:07,203][__main__][INFO] - Flow-matching step: 78/100
[2025-12-03 03:31:09,915][__main__][INFO] - Flow-matching step: 79/100
[2025-12-03 03:31:12,647][__main__][INFO] - Flow-matching step: 80/100
[2025-12-03 03:31:15,375][__main__][INFO] - Flow-matching step: 81/100
[2025-12-03 03:31:18,106][__main__][INFO] - Flow-matching step: 82/100
[2025-12-03 03:31:20,824][__main__][INFO] - Flow-matching step: 83/100
[2025-12-03 03:31:23,552][__main__][INFO] - Flow-matching step: 84/100
[2025-12-03 03:31:26,271][__main__][INFO] - Flow-matching step: 85/100
[2025-12-03 03:31:28,989][__main__][INFO] - Flow-matching step: 86/100
[2025-12-03 03:31:31,690][__main__][INFO] - Flow-matching step: 87/100
[2025-12-03 03:31:34,416][__main__][INFO] - Flow-matching step: 88/100
[2025-12-03 03:31:37,151][__main__][INFO] - Flow-matching step: 89/100
[2025-12-03 03:31:39,899][__main__][INFO] - Flow-matching step: 90/100
[2025-12-03 03:31:42,628][__main__][INFO] - Flow-matching step: 91/100
[2025-12-03 03:31:45,360][__main__][INFO] - Flow-matching step: 92/100
[2025-12-03 03:31:48,093][__main__][INFO] - Flow-matching step: 93/100
[2025-12-03 03:31:50,811][__main__][INFO] - Flow-matching step: 94/100
[2025-12-03 03:31:53,522][__main__][INFO] - Flow-matching step: 95/100
[2025-12-03 03:31:56,245][__main__][INFO] - Flow-matching step: 96/100
[2025-12-03 03:31:58,952][__main__][INFO] - Flow-matching step: 97/100
[2025-12-03 03:32:01,669][__main__][INFO] - Flow-matching step: 98/100
[2025-12-03 03:32:04,395][__main__][INFO] - Flow-matching step: 99/100
[2025-12-03 03:32:07,115][__main__][INFO] - Flow-matching step: 100/100
[2025-12-03 03:32:18,946][__main__][INFO] - Finished design in 4.65 minutes
[2025-12-03 03:32:18,988][__main__][INFO] - out_prefix_suffixed='/home/woodbuse/publication/metallohydrolase/github/Computational_Design_of_Metallohydrolases_PrivateGitHub/RFdiffusion2_Tutorial/outputs/rfdiffusion2_out/from_quantum_chemistry__ZN_ESTERASE/ZETA_2__theozyme_optTS_geom_HHHE__lig_SZD_artificialBB_ORI_09_LENGTH_140_170__1_1-atomized-bb-False', conf.inference.guidepost_xyz_as_design_bb=False
[2025-12-03 03:32:19,049][__main__][INFO] - Idealizing atomized sidechains for pX0 of the last step...
[2025-12-03 03:32:20,703][__main__][INFO] - design : /home/woodbuse/publication/metallohydrolase/github/Computational_Design_of_Metallohydrolases_PrivateGitHub/RFdiffusion2_Tutorial/outputs/rfdiffusion2_out/from_quantum_chemistry__ZN_ESTERASE/ZETA_2__theozyme_optTS_geom_HHHE__lig_SZD_artificialBB_ORI_09_LENGTH_140_170__1_1-atomized-bb-False.pdb
