[2025-12-03 02:15:11,721][rf_diffusion.config.config_format][INFO] - Translating obsolete key: extra_t1d_params -> ['extra_tXd_params']
[2025-12-03 02:15:11,722][rf_diffusion.config.config_format][INFO] - Translating obsolete key: extra_t1d -> ['extra_tXd']
[2025-12-03 02:15:15,155][__main__][INFO] - Making design 0 of 0:2: /home/woodbuse/publication/metallohydrolase/github/Computational_Design_of_Metallohydrolases_PrivateGitHub/RFdiffusion2_Tutorial/outputs/rfdiffusion2_out/from_PDB_structure__ZN_PROTEASE/pdb_00001qji__theozyme_HEHHY__lig_TSA_ORI_01_LENGTH_170_190__1_0
[2025-12-03 02:15:15,491][se3_flow_matching.data.so3_utils][INFO] - Data loaded from .cache/cache_igso3_s0.100-1.500-1000_l1000_o1000-3.npz
[2025-12-03 02:15:15,573][__main__][INFO] - Flow-matching step: 1/100
[2025-12-03 02:15:21,054][__main__][INFO] - Flow-matching step: 2/100
[2025-12-03 02:15:24,829][__main__][INFO] - Flow-matching step: 3/100
[2025-12-03 02:15:28,599][__main__][INFO] - Flow-matching step: 4/100
[2025-12-03 02:15:32,362][__main__][INFO] - Flow-matching step: 5/100
[2025-12-03 02:15:36,092][__main__][INFO] - Flow-matching step: 6/100
[2025-12-03 02:15:39,822][__main__][INFO] - Flow-matching step: 7/100
[2025-12-03 02:15:43,559][__main__][INFO] - Flow-matching step: 8/100
[2025-12-03 02:15:47,321][__main__][INFO] - Flow-matching step: 9/100
[2025-12-03 02:15:51,084][__main__][INFO] - Flow-matching step: 10/100
[2025-12-03 02:15:54,852][__main__][INFO] - Flow-matching step: 11/100
[2025-12-03 02:15:58,630][__main__][INFO] - Flow-matching step: 12/100
[2025-12-03 02:16:02,416][__main__][INFO] - Flow-matching step: 13/100
[2025-12-03 02:16:06,199][__main__][INFO] - Flow-matching step: 14/100
[2025-12-03 02:16:09,957][__main__][INFO] - Flow-matching step: 15/100
[2025-12-03 02:16:13,713][__main__][INFO] - Flow-matching step: 16/100
[2025-12-03 02:16:17,471][__main__][INFO] - Flow-matching step: 17/100
[2025-12-03 02:16:21,234][__main__][INFO] - Flow-matching step: 18/100
[2025-12-03 02:16:25,004][__main__][INFO] - Flow-matching step: 19/100
[2025-12-03 02:16:28,809][__main__][INFO] - Flow-matching step: 20/100
[2025-12-03 02:16:32,588][__main__][INFO] - Flow-matching step: 21/100
[2025-12-03 02:16:36,362][__main__][INFO] - Flow-matching step: 22/100
[2025-12-03 02:16:40,131][__main__][INFO] - Flow-matching step: 23/100
[2025-12-03 02:16:43,910][__main__][INFO] - Flow-matching step: 24/100
[2025-12-03 02:16:47,685][__main__][INFO] - Flow-matching step: 25/100
[2025-12-03 02:16:51,462][__main__][INFO] - Flow-matching step: 26/100
[2025-12-03 02:16:55,239][__main__][INFO] - Flow-matching step: 27/100
[2025-12-03 02:16:59,012][__main__][INFO] - Flow-matching step: 28/100
[2025-12-03 02:17:02,772][__main__][INFO] - Flow-matching step: 29/100
[2025-12-03 02:17:06,547][__main__][INFO] - Flow-matching step: 30/100
[2025-12-03 02:17:10,332][__main__][INFO] - Flow-matching step: 31/100
[2025-12-03 02:17:14,110][__main__][INFO] - Flow-matching step: 32/100
[2025-12-03 02:17:17,887][__main__][INFO] - Flow-matching step: 33/100
[2025-12-03 02:17:21,661][__main__][INFO] - Flow-matching step: 34/100
[2025-12-03 02:17:25,422][__main__][INFO] - Flow-matching step: 35/100
[2025-12-03 02:17:29,192][__main__][INFO] - Flow-matching step: 36/100
[2025-12-03 02:17:32,948][__main__][INFO] - Flow-matching step: 37/100
[2025-12-03 02:17:36,714][__main__][INFO] - Flow-matching step: 38/100
[2025-12-03 02:17:40,492][__main__][INFO] - Flow-matching step: 39/100
[2025-12-03 02:17:44,283][__main__][INFO] - Flow-matching step: 40/100
[2025-12-03 02:17:48,072][__main__][INFO] - Flow-matching step: 41/100
[2025-12-03 02:17:51,849][__main__][INFO] - Flow-matching step: 42/100
[2025-12-03 02:17:55,617][__main__][INFO] - Flow-matching step: 43/100
[2025-12-03 02:17:59,376][__main__][INFO] - Flow-matching step: 44/100
[2025-12-03 02:18:03,134][__main__][INFO] - Flow-matching step: 45/100
[2025-12-03 02:18:06,896][__main__][INFO] - Flow-matching step: 46/100
[2025-12-03 02:18:10,663][__main__][INFO] - Flow-matching step: 47/100
[2025-12-03 02:18:14,430][__main__][INFO] - Flow-matching step: 48/100
[2025-12-03 02:18:18,186][__main__][INFO] - Flow-matching step: 49/100
[2025-12-03 02:18:21,972][__main__][INFO] - Flow-matching step: 50/100
[2025-12-03 02:18:25,764][__main__][INFO] - Flow-matching step: 51/100
[2025-12-03 02:18:29,546][__main__][INFO] - Flow-matching step: 52/100
[2025-12-03 02:18:33,319][__main__][INFO] - Flow-matching step: 53/100
[2025-12-03 02:18:37,112][__main__][INFO] - Flow-matching step: 54/100
[2025-12-03 02:18:40,855][__main__][INFO] - Flow-matching step: 55/100
[2025-12-03 02:18:44,598][__main__][INFO] - Flow-matching step: 56/100
[2025-12-03 02:18:48,353][__main__][INFO] - Flow-matching step: 57/100
[2025-12-03 02:18:52,126][__main__][INFO] - Flow-matching step: 58/100
[2025-12-03 02:18:55,901][__main__][INFO] - Flow-matching step: 59/100
[2025-12-03 02:18:59,668][__main__][INFO] - Flow-matching step: 60/100
[2025-12-03 02:19:03,454][__main__][INFO] - Flow-matching step: 61/100
[2025-12-03 02:19:07,232][__main__][INFO] - Flow-matching step: 62/100
[2025-12-03 02:19:11,014][__main__][INFO] - Flow-matching step: 63/100
[2025-12-03 02:19:14,791][__main__][INFO] - Flow-matching step: 64/100
[2025-12-03 02:19:18,588][__main__][INFO] - Flow-matching step: 65/100
[2025-12-03 02:19:22,371][__main__][INFO] - Flow-matching step: 66/100
[2025-12-03 02:19:26,159][__main__][INFO] - Flow-matching step: 67/100
[2025-12-03 02:19:29,934][__main__][INFO] - Flow-matching step: 68/100
[2025-12-03 02:19:33,713][__main__][INFO] - Flow-matching step: 69/100
[2025-12-03 02:19:37,490][__main__][INFO] - Flow-matching step: 70/100
[2025-12-03 02:19:41,303][__main__][INFO] - Flow-matching step: 71/100
[2025-12-03 02:19:45,072][__main__][INFO] - Flow-matching step: 72/100
[2025-12-03 02:19:48,855][__main__][INFO] - Flow-matching step: 73/100
[2025-12-03 02:19:52,628][__main__][INFO] - Flow-matching step: 74/100
[2025-12-03 02:19:56,406][__main__][INFO] - Flow-matching step: 75/100
[2025-12-03 02:20:00,178][__main__][INFO] - Flow-matching step: 76/100
[2025-12-03 02:20:03,932][__main__][INFO] - Flow-matching step: 77/100
[2025-12-03 02:20:07,688][__main__][INFO] - Flow-matching step: 78/100
[2025-12-03 02:20:11,441][__main__][INFO] - Flow-matching step: 79/100
[2025-12-03 02:20:15,227][__main__][INFO] - Flow-matching step: 80/100
[2025-12-03 02:20:19,032][__main__][INFO] - Flow-matching step: 81/100
[2025-12-03 02:20:22,806][__main__][INFO] - Flow-matching step: 82/100
[2025-12-03 02:20:26,583][__main__][INFO] - Flow-matching step: 83/100
[2025-12-03 02:20:30,378][__main__][INFO] - Flow-matching step: 84/100
[2025-12-03 02:20:34,171][__main__][INFO] - Flow-matching step: 85/100
[2025-12-03 02:20:37,935][__main__][INFO] - Flow-matching step: 86/100
[2025-12-03 02:20:41,697][__main__][INFO] - Flow-matching step: 87/100
[2025-12-03 02:20:45,456][__main__][INFO] - Flow-matching step: 88/100
[2025-12-03 02:20:49,218][__main__][INFO] - Flow-matching step: 89/100
[2025-12-03 02:20:52,966][__main__][INFO] - Flow-matching step: 90/100
[2025-12-03 02:20:56,734][__main__][INFO] - Flow-matching step: 91/100
[2025-12-03 02:21:00,496][__main__][INFO] - Flow-matching step: 92/100
[2025-12-03 02:21:04,261][__main__][INFO] - Flow-matching step: 93/100
[2025-12-03 02:21:08,027][__main__][INFO] - Flow-matching step: 94/100
[2025-12-03 02:21:11,788][__main__][INFO] - Flow-matching step: 95/100
[2025-12-03 02:21:15,565][__main__][INFO] - Flow-matching step: 96/100
[2025-12-03 02:21:19,340][__main__][INFO] - Flow-matching step: 97/100
[2025-12-03 02:21:23,145][__main__][INFO] - Flow-matching step: 98/100
[2025-12-03 02:21:26,924][__main__][INFO] - Flow-matching step: 99/100
[2025-12-03 02:21:30,708][__main__][INFO] - Flow-matching step: 100/100
[2025-12-03 02:21:50,823][__main__][INFO] - Finished design in 6.59 minutes
[2025-12-03 02:21:50,862][__main__][INFO] - out_prefix_suffixed='/home/woodbuse/publication/metallohydrolase/github/Computational_Design_of_Metallohydrolases_PrivateGitHub/RFdiffusion2_Tutorial/outputs/rfdiffusion2_out/from_PDB_structure__ZN_PROTEASE/pdb_00001qji__theozyme_HEHHY__lig_TSA_ORI_01_LENGTH_170_190__1_0-atomized-bb-False', conf.inference.guidepost_xyz_as_design_bb=False
[2025-12-03 02:21:50,956][__main__][INFO] - Idealizing atomized sidechains for pX0 of the last step...
[2025-12-03 02:21:53,184][__main__][INFO] - design : /home/woodbuse/publication/metallohydrolase/github/Computational_Design_of_Metallohydrolases_PrivateGitHub/RFdiffusion2_Tutorial/outputs/rfdiffusion2_out/from_PDB_structure__ZN_PROTEASE/pdb_00001qji__theozyme_HEHHY__lig_TSA_ORI_01_LENGTH_170_190__1_0-atomized-bb-False.pdb
[2025-12-03 02:21:53,185][__main__][INFO] - Making design 1 of 0:2: /home/woodbuse/publication/metallohydrolase/github/Computational_Design_of_Metallohydrolases_PrivateGitHub/RFdiffusion2_Tutorial/outputs/rfdiffusion2_out/from_PDB_structure__ZN_PROTEASE/pdb_00001qji__theozyme_HEHHY__lig_TSA_ORI_01_LENGTH_170_190__1_1
[2025-12-03 02:21:53,521][__main__][INFO] - Flow-matching step: 1/100
[2025-12-03 02:21:57,000][__main__][INFO] - Flow-matching step: 2/100
[2025-12-03 02:22:00,481][__main__][INFO] - Flow-matching step: 3/100
[2025-12-03 02:22:03,977][__main__][INFO] - Flow-matching step: 4/100
[2025-12-03 02:22:07,462][__main__][INFO] - Flow-matching step: 5/100
[2025-12-03 02:22:10,975][__main__][INFO] - Flow-matching step: 6/100
[2025-12-03 02:22:14,481][__main__][INFO] - Flow-matching step: 7/100
[2025-12-03 02:22:17,980][__main__][INFO] - Flow-matching step: 8/100
[2025-12-03 02:22:21,494][__main__][INFO] - Flow-matching step: 9/100
[2025-12-03 02:22:24,998][__main__][INFO] - Flow-matching step: 10/100
[2025-12-03 02:22:28,511][__main__][INFO] - Flow-matching step: 11/100
[2025-12-03 02:22:32,003][__main__][INFO] - Flow-matching step: 12/100
[2025-12-03 02:22:35,503][__main__][INFO] - Flow-matching step: 13/100
[2025-12-03 02:22:38,990][__main__][INFO] - Flow-matching step: 14/100
[2025-12-03 02:22:42,462][__main__][INFO] - Flow-matching step: 15/100
[2025-12-03 02:22:45,948][__main__][INFO] - Flow-matching step: 16/100
[2025-12-03 02:22:49,431][__main__][INFO] - Flow-matching step: 17/100
[2025-12-03 02:22:52,894][__main__][INFO] - Flow-matching step: 18/100
[2025-12-03 02:22:56,368][__main__][INFO] - Flow-matching step: 19/100
[2025-12-03 02:22:59,865][__main__][INFO] - Flow-matching step: 20/100
[2025-12-03 02:23:03,379][__main__][INFO] - Flow-matching step: 21/100
[2025-12-03 02:23:06,899][__main__][INFO] - Flow-matching step: 22/100
[2025-12-03 02:23:10,421][__main__][INFO] - Flow-matching step: 23/100
[2025-12-03 02:23:13,930][__main__][INFO] - Flow-matching step: 24/100
[2025-12-03 02:23:17,428][__main__][INFO] - Flow-matching step: 25/100
[2025-12-03 02:23:20,928][__main__][INFO] - Flow-matching step: 26/100
[2025-12-03 02:23:24,419][__main__][INFO] - Flow-matching step: 27/100
[2025-12-03 02:23:27,912][__main__][INFO] - Flow-matching step: 28/100
[2025-12-03 02:23:31,389][__main__][INFO] - Flow-matching step: 29/100
[2025-12-03 02:23:34,879][__main__][INFO] - Flow-matching step: 30/100
[2025-12-03 02:23:38,398][__main__][INFO] - Flow-matching step: 31/100
[2025-12-03 02:23:41,899][__main__][INFO] - Flow-matching step: 32/100
[2025-12-03 02:23:45,409][__main__][INFO] - Flow-matching step: 33/100
[2025-12-03 02:23:48,905][__main__][INFO] - Flow-matching step: 34/100
[2025-12-03 02:23:52,410][__main__][INFO] - Flow-matching step: 35/100
[2025-12-03 02:23:55,903][__main__][INFO] - Flow-matching step: 36/100
[2025-12-03 02:23:59,414][__main__][INFO] - Flow-matching step: 37/100
[2025-12-03 02:24:02,933][__main__][INFO] - Flow-matching step: 38/100
[2025-12-03 02:24:06,431][__main__][INFO] - Flow-matching step: 39/100
[2025-12-03 02:24:09,916][__main__][INFO] - Flow-matching step: 40/100
[2025-12-03 02:24:13,402][__main__][INFO] - Flow-matching step: 41/100
[2025-12-03 02:24:16,887][__main__][INFO] - Flow-matching step: 42/100
[2025-12-03 02:24:20,378][__main__][INFO] - Flow-matching step: 43/100
[2025-12-03 02:24:23,880][__main__][INFO] - Flow-matching step: 44/100
[2025-12-03 02:24:27,387][__main__][INFO] - Flow-matching step: 45/100
[2025-12-03 02:24:30,900][__main__][INFO] - Flow-matching step: 46/100
[2025-12-03 02:24:34,406][__main__][INFO] - Flow-matching step: 47/100
[2025-12-03 02:24:37,932][__main__][INFO] - Flow-matching step: 48/100
[2025-12-03 02:24:41,420][__main__][INFO] - Flow-matching step: 49/100
[2025-12-03 02:24:44,906][__main__][INFO] - Flow-matching step: 50/100
[2025-12-03 02:24:48,391][__main__][INFO] - Flow-matching step: 51/100
[2025-12-03 02:24:51,890][__main__][INFO] - Flow-matching step: 52/100
[2025-12-03 02:24:55,372][__main__][INFO] - Flow-matching step: 53/100
[2025-12-03 02:24:58,850][__main__][INFO] - Flow-matching step: 54/100
[2025-12-03 02:25:02,351][__main__][INFO] - Flow-matching step: 55/100
[2025-12-03 02:25:05,861][__main__][INFO] - Flow-matching step: 56/100
[2025-12-03 02:25:09,373][__main__][INFO] - Flow-matching step: 57/100
[2025-12-03 02:25:12,875][__main__][INFO] - Flow-matching step: 58/100
[2025-12-03 02:25:16,388][__main__][INFO] - Flow-matching step: 59/100
[2025-12-03 02:25:19,903][__main__][INFO] - Flow-matching step: 60/100
[2025-12-03 02:25:23,392][__main__][INFO] - Flow-matching step: 61/100
[2025-12-03 02:25:26,875][__main__][INFO] - Flow-matching step: 62/100
[2025-12-03 02:25:30,369][__main__][INFO] - Flow-matching step: 63/100
[2025-12-03 02:25:33,862][__main__][INFO] - Flow-matching step: 64/100
[2025-12-03 02:25:37,346][__main__][INFO] - Flow-matching step: 65/100
[2025-12-03 02:25:40,864][__main__][INFO] - Flow-matching step: 66/100
[2025-12-03 02:25:44,378][__main__][INFO] - Flow-matching step: 67/100
[2025-12-03 02:25:47,888][__main__][INFO] - Flow-matching step: 68/100
[2025-12-03 02:25:51,371][__main__][INFO] - Flow-matching step: 69/100
[2025-12-03 02:25:54,859][__main__][INFO] - Flow-matching step: 70/100
[2025-12-03 02:25:58,356][__main__][INFO] - Flow-matching step: 71/100
[2025-12-03 02:26:01,861][__main__][INFO] - Flow-matching step: 72/100
[2025-12-03 02:26:05,372][__main__][INFO] - Flow-matching step: 73/100
[2025-12-03 02:26:08,879][__main__][INFO] - Flow-matching step: 74/100
[2025-12-03 02:26:12,389][__main__][INFO] - Flow-matching step: 75/100
[2025-12-03 02:26:15,892][__main__][INFO] - Flow-matching step: 76/100
[2025-12-03 02:26:19,374][__main__][INFO] - Flow-matching step: 77/100
[2025-12-03 02:26:22,865][__main__][INFO] - Flow-matching step: 78/100
[2025-12-03 02:26:26,356][__main__][INFO] - Flow-matching step: 79/100
[2025-12-03 02:26:29,852][__main__][INFO] - Flow-matching step: 80/100
[2025-12-03 02:26:33,355][__main__][INFO] - Flow-matching step: 81/100
[2025-12-03 02:26:36,849][__main__][INFO] - Flow-matching step: 82/100
[2025-12-03 02:26:40,351][__main__][INFO] - Flow-matching step: 83/100
[2025-12-03 02:26:43,854][__main__][INFO] - Flow-matching step: 84/100
[2025-12-03 02:26:47,377][__main__][INFO] - Flow-matching step: 85/100
[2025-12-03 02:26:50,910][__main__][INFO] - Flow-matching step: 86/100
[2025-12-03 02:26:54,426][__main__][INFO] - Flow-matching step: 87/100
[2025-12-03 02:26:57,935][__main__][INFO] - Flow-matching step: 88/100
[2025-12-03 02:27:01,465][__main__][INFO] - Flow-matching step: 89/100
[2025-12-03 02:27:04,986][__main__][INFO] - Flow-matching step: 90/100
[2025-12-03 02:27:08,492][__main__][INFO] - Flow-matching step: 91/100
[2025-12-03 02:27:11,989][__main__][INFO] - Flow-matching step: 92/100
[2025-12-03 02:27:15,477][__main__][INFO] - Flow-matching step: 93/100
[2025-12-03 02:27:18,977][__main__][INFO] - Flow-matching step: 94/100
[2025-12-03 02:27:22,471][__main__][INFO] - Flow-matching step: 95/100
[2025-12-03 02:27:25,995][__main__][INFO] - Flow-matching step: 96/100
[2025-12-03 02:27:29,500][__main__][INFO] - Flow-matching step: 97/100
[2025-12-03 02:27:32,992][__main__][INFO] - Flow-matching step: 98/100
[2025-12-03 02:27:36,484][__main__][INFO] - Flow-matching step: 99/100
[2025-12-03 02:27:40,003][__main__][INFO] - Flow-matching step: 100/100
[2025-12-03 02:27:59,069][__main__][INFO] - Finished design in 6.10 minutes
[2025-12-03 02:27:59,110][__main__][INFO] - out_prefix_suffixed='/home/woodbuse/publication/metallohydrolase/github/Computational_Design_of_Metallohydrolases_PrivateGitHub/RFdiffusion2_Tutorial/outputs/rfdiffusion2_out/from_PDB_structure__ZN_PROTEASE/pdb_00001qji__theozyme_HEHHY__lig_TSA_ORI_01_LENGTH_170_190__1_1-atomized-bb-False', conf.inference.guidepost_xyz_as_design_bb=False
[2025-12-03 02:27:59,185][__main__][INFO] - Idealizing atomized sidechains for pX0 of the last step...
[2025-12-03 02:28:00,941][__main__][INFO] - design : /home/woodbuse/publication/metallohydrolase/github/Computational_Design_of_Metallohydrolases_PrivateGitHub/RFdiffusion2_Tutorial/outputs/rfdiffusion2_out/from_PDB_structure__ZN_PROTEASE/pdb_00001qji__theozyme_HEHHY__lig_TSA_ORI_01_LENGTH_170_190__1_1-atomized-bb-False.pdb
