[2025-12-03 03:08:28,539][rf_diffusion.config.config_format][INFO] - Translating obsolete key: extra_t1d -> ['extra_tXd']
[2025-12-03 03:08:28,540][rf_diffusion.config.config_format][INFO] - Translating obsolete key: extra_t1d_params -> ['extra_tXd_params']
[2025-12-03 03:08:32,357][__main__][INFO] - Making design 0 of 0:2: /home/woodbuse/publication/metallohydrolase/github/Computational_Design_of_Metallohydrolases_PrivateGitHub/RFdiffusion2_Tutorial/outputs/rfdiffusion2_out/from_quantum_chemistry__ZN_ESTERASE/ZETA_2__theozyme_optTS_geom_HHHE__lig_SZD_artificialBB_ORI_09_LENGTH_110_140__1_0
[2025-12-03 03:08:32,589][se3_flow_matching.data.so3_utils][INFO] - Data loaded from .cache/cache_igso3_s0.100-1.500-1000_l1000_o1000-3.npz
[2025-12-03 03:08:32,655][__main__][INFO] - Flow-matching step: 1/100
[2025-12-03 03:08:36,577][__main__][INFO] - Flow-matching step: 2/100
[2025-12-03 03:08:38,974][__main__][INFO] - Flow-matching step: 3/100
[2025-12-03 03:08:41,347][__main__][INFO] - Flow-matching step: 4/100
[2025-12-03 03:08:43,734][__main__][INFO] - Flow-matching step: 5/100
[2025-12-03 03:08:46,119][__main__][INFO] - Flow-matching step: 6/100
[2025-12-03 03:08:48,484][__main__][INFO] - Flow-matching step: 7/100
[2025-12-03 03:08:50,892][__main__][INFO] - Flow-matching step: 8/100
[2025-12-03 03:08:53,281][__main__][INFO] - Flow-matching step: 9/100
[2025-12-03 03:08:55,659][__main__][INFO] - Flow-matching step: 10/100
[2025-12-03 03:08:58,046][__main__][INFO] - Flow-matching step: 11/100
[2025-12-03 03:09:00,429][__main__][INFO] - Flow-matching step: 12/100
[2025-12-03 03:09:02,819][__main__][INFO] - Flow-matching step: 13/100
[2025-12-03 03:09:05,220][__main__][INFO] - Flow-matching step: 14/100
[2025-12-03 03:09:07,611][__main__][INFO] - Flow-matching step: 15/100
[2025-12-03 03:09:10,010][__main__][INFO] - Flow-matching step: 16/100
[2025-12-03 03:09:12,413][__main__][INFO] - Flow-matching step: 17/100
[2025-12-03 03:09:14,803][__main__][INFO] - Flow-matching step: 18/100
[2025-12-03 03:09:17,208][__main__][INFO] - Flow-matching step: 19/100
[2025-12-03 03:09:19,614][__main__][INFO] - Flow-matching step: 20/100
[2025-12-03 03:09:22,024][__main__][INFO] - Flow-matching step: 21/100
[2025-12-03 03:09:24,443][__main__][INFO] - Flow-matching step: 22/100
[2025-12-03 03:09:26,874][__main__][INFO] - Flow-matching step: 23/100
[2025-12-03 03:09:29,313][__main__][INFO] - Flow-matching step: 24/100
[2025-12-03 03:09:31,743][__main__][INFO] - Flow-matching step: 25/100
[2025-12-03 03:09:34,172][__main__][INFO] - Flow-matching step: 26/100
[2025-12-03 03:09:36,593][__main__][INFO] - Flow-matching step: 27/100
[2025-12-03 03:09:39,006][__main__][INFO] - Flow-matching step: 28/100
[2025-12-03 03:09:41,417][__main__][INFO] - Flow-matching step: 29/100
[2025-12-03 03:09:43,837][__main__][INFO] - Flow-matching step: 30/100
[2025-12-03 03:09:46,254][__main__][INFO] - Flow-matching step: 31/100
[2025-12-03 03:09:48,670][__main__][INFO] - Flow-matching step: 32/100
[2025-12-03 03:09:51,080][__main__][INFO] - Flow-matching step: 33/100
[2025-12-03 03:09:53,478][__main__][INFO] - Flow-matching step: 34/100
[2025-12-03 03:09:55,891][__main__][INFO] - Flow-matching step: 35/100
[2025-12-03 03:09:58,292][__main__][INFO] - Flow-matching step: 36/100
[2025-12-03 03:10:00,705][__main__][INFO] - Flow-matching step: 37/100
[2025-12-03 03:10:03,129][__main__][INFO] - Flow-matching step: 38/100
[2025-12-03 03:10:05,553][__main__][INFO] - Flow-matching step: 39/100
[2025-12-03 03:10:07,970][__main__][INFO] - Flow-matching step: 40/100
[2025-12-03 03:10:10,382][__main__][INFO] - Flow-matching step: 41/100
[2025-12-03 03:10:12,803][__main__][INFO] - Flow-matching step: 42/100
[2025-12-03 03:10:15,205][__main__][INFO] - Flow-matching step: 43/100
[2025-12-03 03:10:17,600][__main__][INFO] - Flow-matching step: 44/100
[2025-12-03 03:10:20,017][__main__][INFO] - Flow-matching step: 45/100
[2025-12-03 03:10:22,435][__main__][INFO] - Flow-matching step: 46/100
[2025-12-03 03:10:24,854][__main__][INFO] - Flow-matching step: 47/100
[2025-12-03 03:10:27,279][__main__][INFO] - Flow-matching step: 48/100
[2025-12-03 03:10:29,668][__main__][INFO] - Flow-matching step: 49/100
[2025-12-03 03:10:32,059][__main__][INFO] - Flow-matching step: 50/100
[2025-12-03 03:10:34,459][__main__][INFO] - Flow-matching step: 51/100
[2025-12-03 03:10:36,844][__main__][INFO] - Flow-matching step: 52/100
[2025-12-03 03:10:39,232][__main__][INFO] - Flow-matching step: 53/100
[2025-12-03 03:10:41,624][__main__][INFO] - Flow-matching step: 54/100
[2025-12-03 03:10:44,021][__main__][INFO] - Flow-matching step: 55/100
[2025-12-03 03:10:46,411][__main__][INFO] - Flow-matching step: 56/100
[2025-12-03 03:10:48,804][__main__][INFO] - Flow-matching step: 57/100
[2025-12-03 03:10:51,195][__main__][INFO] - Flow-matching step: 58/100
[2025-12-03 03:10:53,580][__main__][INFO] - Flow-matching step: 59/100
[2025-12-03 03:10:55,989][__main__][INFO] - Flow-matching step: 60/100
[2025-12-03 03:10:58,419][__main__][INFO] - Flow-matching step: 61/100
[2025-12-03 03:11:00,856][__main__][INFO] - Flow-matching step: 62/100
[2025-12-03 03:11:03,274][__main__][INFO] - Flow-matching step: 63/100
[2025-12-03 03:11:05,712][__main__][INFO] - Flow-matching step: 64/100
[2025-12-03 03:11:08,137][__main__][INFO] - Flow-matching step: 65/100
[2025-12-03 03:11:10,549][__main__][INFO] - Flow-matching step: 66/100
[2025-12-03 03:11:12,958][__main__][INFO] - Flow-matching step: 67/100
[2025-12-03 03:11:15,369][__main__][INFO] - Flow-matching step: 68/100
[2025-12-03 03:11:17,781][__main__][INFO] - Flow-matching step: 69/100
[2025-12-03 03:11:20,197][__main__][INFO] - Flow-matching step: 70/100
[2025-12-03 03:11:22,602][__main__][INFO] - Flow-matching step: 71/100
[2025-12-03 03:11:25,011][__main__][INFO] - Flow-matching step: 72/100
[2025-12-03 03:11:27,415][__main__][INFO] - Flow-matching step: 73/100
[2025-12-03 03:11:29,821][__main__][INFO] - Flow-matching step: 74/100
[2025-12-03 03:11:32,233][__main__][INFO] - Flow-matching step: 75/100
[2025-12-03 03:11:34,635][__main__][INFO] - Flow-matching step: 76/100
[2025-12-03 03:11:37,075][__main__][INFO] - Flow-matching step: 77/100
[2025-12-03 03:11:39,500][__main__][INFO] - Flow-matching step: 78/100
[2025-12-03 03:11:41,944][__main__][INFO] - Flow-matching step: 79/100
[2025-12-03 03:11:44,399][__main__][INFO] - Flow-matching step: 80/100
[2025-12-03 03:11:46,826][__main__][INFO] - Flow-matching step: 81/100
[2025-12-03 03:11:49,272][__main__][INFO] - Flow-matching step: 82/100
[2025-12-03 03:11:51,716][__main__][INFO] - Flow-matching step: 83/100
[2025-12-03 03:11:54,147][__main__][INFO] - Flow-matching step: 84/100
[2025-12-03 03:11:56,569][__main__][INFO] - Flow-matching step: 85/100
[2025-12-03 03:11:58,981][__main__][INFO] - Flow-matching step: 86/100
[2025-12-03 03:12:01,399][__main__][INFO] - Flow-matching step: 87/100
[2025-12-03 03:12:03,813][__main__][INFO] - Flow-matching step: 88/100
[2025-12-03 03:12:06,226][__main__][INFO] - Flow-matching step: 89/100
[2025-12-03 03:12:08,651][__main__][INFO] - Flow-matching step: 90/100
[2025-12-03 03:12:11,068][__main__][INFO] - Flow-matching step: 91/100
[2025-12-03 03:12:13,475][__main__][INFO] - Flow-matching step: 92/100
[2025-12-03 03:12:15,892][__main__][INFO] - Flow-matching step: 93/100
[2025-12-03 03:12:18,323][__main__][INFO] - Flow-matching step: 94/100
[2025-12-03 03:12:20,741][__main__][INFO] - Flow-matching step: 95/100
[2025-12-03 03:12:23,165][__main__][INFO] - Flow-matching step: 96/100
[2025-12-03 03:12:25,576][__main__][INFO] - Flow-matching step: 97/100
[2025-12-03 03:12:27,987][__main__][INFO] - Flow-matching step: 98/100
[2025-12-03 03:12:30,378][__main__][INFO] - Flow-matching step: 99/100
[2025-12-03 03:12:32,784][__main__][INFO] - Flow-matching step: 100/100
[2025-12-03 03:12:43,582][__main__][INFO] - Finished design in 4.19 minutes
[2025-12-03 03:12:43,623][__main__][INFO] - out_prefix_suffixed='/home/woodbuse/publication/metallohydrolase/github/Computational_Design_of_Metallohydrolases_PrivateGitHub/RFdiffusion2_Tutorial/outputs/rfdiffusion2_out/from_quantum_chemistry__ZN_ESTERASE/ZETA_2__theozyme_optTS_geom_HHHE__lig_SZD_artificialBB_ORI_09_LENGTH_110_140__1_0-atomized-bb-False', conf.inference.guidepost_xyz_as_design_bb=False
[2025-12-03 03:12:43,677][__main__][INFO] - Idealizing atomized sidechains for pX0 of the last step...
[2025-12-03 03:12:45,774][__main__][INFO] - design : /home/woodbuse/publication/metallohydrolase/github/Computational_Design_of_Metallohydrolases_PrivateGitHub/RFdiffusion2_Tutorial/outputs/rfdiffusion2_out/from_quantum_chemistry__ZN_ESTERASE/ZETA_2__theozyme_optTS_geom_HHHE__lig_SZD_artificialBB_ORI_09_LENGTH_110_140__1_0-atomized-bb-False.pdb
[2025-12-03 03:12:45,775][__main__][INFO] - Making design 1 of 0:2: /home/woodbuse/publication/metallohydrolase/github/Computational_Design_of_Metallohydrolases_PrivateGitHub/RFdiffusion2_Tutorial/outputs/rfdiffusion2_out/from_quantum_chemistry__ZN_ESTERASE/ZETA_2__theozyme_optTS_geom_HHHE__lig_SZD_artificialBB_ORI_09_LENGTH_110_140__1_1
[2025-12-03 03:12:45,957][__main__][INFO] - Flow-matching step: 1/100
[2025-12-03 03:12:47,996][__main__][INFO] - Flow-matching step: 2/100
[2025-12-03 03:12:50,047][__main__][INFO] - Flow-matching step: 3/100
[2025-12-03 03:12:52,110][__main__][INFO] - Flow-matching step: 4/100
[2025-12-03 03:12:54,166][__main__][INFO] - Flow-matching step: 5/100
[2025-12-03 03:12:56,201][__main__][INFO] - Flow-matching step: 6/100
[2025-12-03 03:12:58,262][__main__][INFO] - Flow-matching step: 7/100
[2025-12-03 03:13:00,320][__main__][INFO] - Flow-matching step: 8/100
[2025-12-03 03:13:02,354][__main__][INFO] - Flow-matching step: 9/100
[2025-12-03 03:13:04,407][__main__][INFO] - Flow-matching step: 10/100
[2025-12-03 03:13:06,440][__main__][INFO] - Flow-matching step: 11/100
[2025-12-03 03:13:08,469][__main__][INFO] - Flow-matching step: 12/100
[2025-12-03 03:13:10,515][__main__][INFO] - Flow-matching step: 13/100
[2025-12-03 03:13:12,545][__main__][INFO] - Flow-matching step: 14/100
[2025-12-03 03:13:14,576][__main__][INFO] - Flow-matching step: 15/100
[2025-12-03 03:13:16,619][__main__][INFO] - Flow-matching step: 16/100
[2025-12-03 03:13:18,651][__main__][INFO] - Flow-matching step: 17/100
[2025-12-03 03:13:20,688][__main__][INFO] - Flow-matching step: 18/100
[2025-12-03 03:13:22,752][__main__][INFO] - Flow-matching step: 19/100
[2025-12-03 03:13:24,825][__main__][INFO] - Flow-matching step: 20/100
[2025-12-03 03:13:26,888][__main__][INFO] - Flow-matching step: 21/100
[2025-12-03 03:13:28,966][__main__][INFO] - Flow-matching step: 22/100
[2025-12-03 03:13:31,037][__main__][INFO] - Flow-matching step: 23/100
[2025-12-03 03:13:33,118][__main__][INFO] - Flow-matching step: 24/100
[2025-12-03 03:13:35,205][__main__][INFO] - Flow-matching step: 25/100
[2025-12-03 03:13:37,281][__main__][INFO] - Flow-matching step: 26/100
[2025-12-03 03:13:39,356][__main__][INFO] - Flow-matching step: 27/100
[2025-12-03 03:13:41,426][__main__][INFO] - Flow-matching step: 28/100
[2025-12-03 03:13:43,484][__main__][INFO] - Flow-matching step: 29/100
[2025-12-03 03:13:45,544][__main__][INFO] - Flow-matching step: 30/100
[2025-12-03 03:13:47,613][__main__][INFO] - Flow-matching step: 31/100
[2025-12-03 03:13:49,678][__main__][INFO] - Flow-matching step: 32/100
[2025-12-03 03:13:51,772][__main__][INFO] - Flow-matching step: 33/100
[2025-12-03 03:13:53,850][__main__][INFO] - Flow-matching step: 34/100
[2025-12-03 03:13:55,949][__main__][INFO] - Flow-matching step: 35/100
[2025-12-03 03:13:58,055][__main__][INFO] - Flow-matching step: 36/100
[2025-12-03 03:14:00,175][__main__][INFO] - Flow-matching step: 37/100
[2025-12-03 03:14:02,301][__main__][INFO] - Flow-matching step: 38/100
[2025-12-03 03:14:04,416][__main__][INFO] - Flow-matching step: 39/100
[2025-12-03 03:14:06,528][__main__][INFO] - Flow-matching step: 40/100
[2025-12-03 03:14:08,655][__main__][INFO] - Flow-matching step: 41/100
[2025-12-03 03:14:10,771][__main__][INFO] - Flow-matching step: 42/100
[2025-12-03 03:14:12,874][__main__][INFO] - Flow-matching step: 43/100
[2025-12-03 03:14:14,969][__main__][INFO] - Flow-matching step: 44/100
[2025-12-03 03:14:17,049][__main__][INFO] - Flow-matching step: 45/100
[2025-12-03 03:14:19,131][__main__][INFO] - Flow-matching step: 46/100
[2025-12-03 03:14:21,210][__main__][INFO] - Flow-matching step: 47/100
[2025-12-03 03:14:23,291][__main__][INFO] - Flow-matching step: 48/100
[2025-12-03 03:14:25,385][__main__][INFO] - Flow-matching step: 49/100
[2025-12-03 03:14:27,472][__main__][INFO] - Flow-matching step: 50/100
[2025-12-03 03:14:29,551][__main__][INFO] - Flow-matching step: 51/100
[2025-12-03 03:14:31,643][__main__][INFO] - Flow-matching step: 52/100
[2025-12-03 03:14:33,728][__main__][INFO] - Flow-matching step: 53/100
[2025-12-03 03:14:35,809][__main__][INFO] - Flow-matching step: 54/100
[2025-12-03 03:14:37,889][__main__][INFO] - Flow-matching step: 55/100
[2025-12-03 03:14:39,975][__main__][INFO] - Flow-matching step: 56/100
[2025-12-03 03:14:42,066][__main__][INFO] - Flow-matching step: 57/100
[2025-12-03 03:14:44,148][__main__][INFO] - Flow-matching step: 58/100
[2025-12-03 03:14:46,222][__main__][INFO] - Flow-matching step: 59/100
[2025-12-03 03:14:48,290][__main__][INFO] - Flow-matching step: 60/100
[2025-12-03 03:14:50,378][__main__][INFO] - Flow-matching step: 61/100
[2025-12-03 03:14:52,440][__main__][INFO] - Flow-matching step: 62/100
[2025-12-03 03:14:54,515][__main__][INFO] - Flow-matching step: 63/100
[2025-12-03 03:14:56,601][__main__][INFO] - Flow-matching step: 64/100
[2025-12-03 03:14:58,656][__main__][INFO] - Flow-matching step: 65/100
[2025-12-03 03:15:00,700][__main__][INFO] - Flow-matching step: 66/100
[2025-12-03 03:15:02,754][__main__][INFO] - Flow-matching step: 67/100
[2025-12-03 03:15:04,803][__main__][INFO] - Flow-matching step: 68/100
[2025-12-03 03:15:06,850][__main__][INFO] - Flow-matching step: 69/100
[2025-12-03 03:15:08,899][__main__][INFO] - Flow-matching step: 70/100
[2025-12-03 03:15:10,955][__main__][INFO] - Flow-matching step: 71/100
[2025-12-03 03:15:13,016][__main__][INFO] - Flow-matching step: 72/100
[2025-12-03 03:15:15,087][__main__][INFO] - Flow-matching step: 73/100
[2025-12-03 03:15:17,149][__main__][INFO] - Flow-matching step: 74/100
[2025-12-03 03:15:19,196][__main__][INFO] - Flow-matching step: 75/100
[2025-12-03 03:15:21,247][__main__][INFO] - Flow-matching step: 76/100
[2025-12-03 03:15:23,303][__main__][INFO] - Flow-matching step: 77/100
[2025-12-03 03:15:25,365][__main__][INFO] - Flow-matching step: 78/100
[2025-12-03 03:15:27,443][__main__][INFO] - Flow-matching step: 79/100
[2025-12-03 03:15:29,511][__main__][INFO] - Flow-matching step: 80/100
[2025-12-03 03:15:31,595][__main__][INFO] - Flow-matching step: 81/100
[2025-12-03 03:15:33,685][__main__][INFO] - Flow-matching step: 82/100
[2025-12-03 03:15:35,774][__main__][INFO] - Flow-matching step: 83/100
[2025-12-03 03:15:37,859][__main__][INFO] - Flow-matching step: 84/100
[2025-12-03 03:15:39,949][__main__][INFO] - Flow-matching step: 85/100
[2025-12-03 03:15:42,028][__main__][INFO] - Flow-matching step: 86/100
[2025-12-03 03:15:44,109][__main__][INFO] - Flow-matching step: 87/100
[2025-12-03 03:15:46,196][__main__][INFO] - Flow-matching step: 88/100
[2025-12-03 03:15:48,265][__main__][INFO] - Flow-matching step: 89/100
[2025-12-03 03:15:50,344][__main__][INFO] - Flow-matching step: 90/100
[2025-12-03 03:15:52,404][__main__][INFO] - Flow-matching step: 91/100
[2025-12-03 03:15:54,463][__main__][INFO] - Flow-matching step: 92/100
[2025-12-03 03:15:56,509][__main__][INFO] - Flow-matching step: 93/100
[2025-12-03 03:15:58,566][__main__][INFO] - Flow-matching step: 94/100
[2025-12-03 03:16:00,631][__main__][INFO] - Flow-matching step: 95/100
[2025-12-03 03:16:02,707][__main__][INFO] - Flow-matching step: 96/100
[2025-12-03 03:16:04,785][__main__][INFO] - Flow-matching step: 97/100
[2025-12-03 03:16:06,885][__main__][INFO] - Flow-matching step: 98/100
[2025-12-03 03:16:08,986][__main__][INFO] - Flow-matching step: 99/100
[2025-12-03 03:16:11,091][__main__][INFO] - Flow-matching step: 100/100
[2025-12-03 03:16:21,412][__main__][INFO] - Finished design in 3.59 minutes
[2025-12-03 03:16:21,454][__main__][INFO] - out_prefix_suffixed='/home/woodbuse/publication/metallohydrolase/github/Computational_Design_of_Metallohydrolases_PrivateGitHub/RFdiffusion2_Tutorial/outputs/rfdiffusion2_out/from_quantum_chemistry__ZN_ESTERASE/ZETA_2__theozyme_optTS_geom_HHHE__lig_SZD_artificialBB_ORI_09_LENGTH_110_140__1_1-atomized-bb-False', conf.inference.guidepost_xyz_as_design_bb=False
[2025-12-03 03:16:21,492][__main__][INFO] - Idealizing atomized sidechains for pX0 of the last step...
[2025-12-03 03:16:22,978][__main__][INFO] - design : /home/woodbuse/publication/metallohydrolase/github/Computational_Design_of_Metallohydrolases_PrivateGitHub/RFdiffusion2_Tutorial/outputs/rfdiffusion2_out/from_quantum_chemistry__ZN_ESTERASE/ZETA_2__theozyme_optTS_geom_HHHE__lig_SZD_artificialBB_ORI_09_LENGTH_110_140__1_1-atomized-bb-False.pdb
