[2025-12-03 03:42:52,442][rf_diffusion.config.config_format][INFO] - Translating obsolete key: extra_t1d -> ['extra_tXd']
[2025-12-03 03:42:52,443][rf_diffusion.config.config_format][INFO] - Translating obsolete key: extra_t1d_params -> ['extra_tXd_params']
[2025-12-03 03:42:56,471][__main__][INFO] - Making design 0 of 0:2: /home/woodbuse/publication/metallohydrolase/github/Computational_Design_of_Metallohydrolases_PrivateGitHub/RFdiffusion2_Tutorial/outputs/rfdiffusion2_out/from_quantum_chemistry__ZN_ESTERASE/ZETA_2__theozyme_optTS_geom_HHHE__lig_SZD_artificialBB_ORI_11_LENGTH_140_170__1_0
[2025-12-03 03:42:56,756][se3_flow_matching.data.so3_utils][INFO] - Data loaded from .cache/cache_igso3_s0.100-1.500-1000_l1000_o1000-3.npz
[2025-12-03 03:42:56,831][__main__][INFO] - Flow-matching step: 1/100
[2025-12-03 03:43:01,131][__main__][INFO] - Flow-matching step: 2/100
[2025-12-03 03:43:03,998][__main__][INFO] - Flow-matching step: 3/100
[2025-12-03 03:43:06,874][__main__][INFO] - Flow-matching step: 4/100
[2025-12-03 03:43:09,723][__main__][INFO] - Flow-matching step: 5/100
[2025-12-03 03:43:12,562][__main__][INFO] - Flow-matching step: 6/100
[2025-12-03 03:43:15,400][__main__][INFO] - Flow-matching step: 7/100
[2025-12-03 03:43:18,260][__main__][INFO] - Flow-matching step: 8/100
[2025-12-03 03:43:21,109][__main__][INFO] - Flow-matching step: 9/100
[2025-12-03 03:43:23,931][__main__][INFO] - Flow-matching step: 10/100
[2025-12-03 03:43:26,758][__main__][INFO] - Flow-matching step: 11/100
[2025-12-03 03:43:29,590][__main__][INFO] - Flow-matching step: 12/100
[2025-12-03 03:43:32,403][__main__][INFO] - Flow-matching step: 13/100
[2025-12-03 03:43:35,214][__main__][INFO] - Flow-matching step: 14/100
[2025-12-03 03:43:38,020][__main__][INFO] - Flow-matching step: 15/100
[2025-12-03 03:43:40,837][__main__][INFO] - Flow-matching step: 16/100
[2025-12-03 03:43:43,669][__main__][INFO] - Flow-matching step: 17/100
[2025-12-03 03:43:46,482][__main__][INFO] - Flow-matching step: 18/100
[2025-12-03 03:43:49,276][__main__][INFO] - Flow-matching step: 19/100
[2025-12-03 03:43:52,075][__main__][INFO] - Flow-matching step: 20/100
[2025-12-03 03:43:54,874][__main__][INFO] - Flow-matching step: 21/100
[2025-12-03 03:43:57,665][__main__][INFO] - Flow-matching step: 22/100
[2025-12-03 03:44:00,466][__main__][INFO] - Flow-matching step: 23/100
[2025-12-03 03:44:03,263][__main__][INFO] - Flow-matching step: 24/100
[2025-12-03 03:44:06,092][__main__][INFO] - Flow-matching step: 25/100
[2025-12-03 03:44:08,897][__main__][INFO] - Flow-matching step: 26/100
[2025-12-03 03:44:11,699][__main__][INFO] - Flow-matching step: 27/100
[2025-12-03 03:44:14,504][__main__][INFO] - Flow-matching step: 28/100
[2025-12-03 03:44:17,304][__main__][INFO] - Flow-matching step: 29/100
[2025-12-03 03:44:20,110][__main__][INFO] - Flow-matching step: 30/100
[2025-12-03 03:44:22,913][__main__][INFO] - Flow-matching step: 31/100
[2025-12-03 03:44:25,739][__main__][INFO] - Flow-matching step: 32/100
[2025-12-03 03:44:28,590][__main__][INFO] - Flow-matching step: 33/100
[2025-12-03 03:44:31,456][__main__][INFO] - Flow-matching step: 34/100
[2025-12-03 03:44:34,334][__main__][INFO] - Flow-matching step: 35/100
[2025-12-03 03:44:37,212][__main__][INFO] - Flow-matching step: 36/100
[2025-12-03 03:44:40,105][__main__][INFO] - Flow-matching step: 37/100
[2025-12-03 03:44:42,997][__main__][INFO] - Flow-matching step: 38/100
[2025-12-03 03:44:45,891][__main__][INFO] - Flow-matching step: 39/100
[2025-12-03 03:44:48,768][__main__][INFO] - Flow-matching step: 40/100
[2025-12-03 03:44:51,630][__main__][INFO] - Flow-matching step: 41/100
[2025-12-03 03:44:54,499][__main__][INFO] - Flow-matching step: 42/100
[2025-12-03 03:44:57,363][__main__][INFO] - Flow-matching step: 43/100
[2025-12-03 03:45:00,228][__main__][INFO] - Flow-matching step: 44/100
[2025-12-03 03:45:03,103][__main__][INFO] - Flow-matching step: 45/100
[2025-12-03 03:45:05,983][__main__][INFO] - Flow-matching step: 46/100
[2025-12-03 03:45:08,856][__main__][INFO] - Flow-matching step: 47/100
[2025-12-03 03:45:11,726][__main__][INFO] - Flow-matching step: 48/100
[2025-12-03 03:45:14,592][__main__][INFO] - Flow-matching step: 49/100
[2025-12-03 03:45:17,459][__main__][INFO] - Flow-matching step: 50/100
[2025-12-03 03:45:20,317][__main__][INFO] - Flow-matching step: 51/100
[2025-12-03 03:45:23,207][__main__][INFO] - Flow-matching step: 52/100
[2025-12-03 03:45:26,074][__main__][INFO] - Flow-matching step: 53/100
[2025-12-03 03:45:28,940][__main__][INFO] - Flow-matching step: 54/100
[2025-12-03 03:45:31,816][__main__][INFO] - Flow-matching step: 55/100
[2025-12-03 03:45:34,684][__main__][INFO] - Flow-matching step: 56/100
[2025-12-03 03:45:37,551][__main__][INFO] - Flow-matching step: 57/100
[2025-12-03 03:45:40,410][__main__][INFO] - Flow-matching step: 58/100
[2025-12-03 03:45:43,273][__main__][INFO] - Flow-matching step: 59/100
[2025-12-03 03:45:46,142][__main__][INFO] - Flow-matching step: 60/100
[2025-12-03 03:45:49,004][__main__][INFO] - Flow-matching step: 61/100
[2025-12-03 03:45:51,840][__main__][INFO] - Flow-matching step: 62/100
[2025-12-03 03:45:54,684][__main__][INFO] - Flow-matching step: 63/100
[2025-12-03 03:45:57,528][__main__][INFO] - Flow-matching step: 64/100
[2025-12-03 03:46:00,384][__main__][INFO] - Flow-matching step: 65/100
[2025-12-03 03:46:03,242][__main__][INFO] - Flow-matching step: 66/100
[2025-12-03 03:46:06,111][__main__][INFO] - Flow-matching step: 67/100
[2025-12-03 03:46:08,965][__main__][INFO] - Flow-matching step: 68/100
[2025-12-03 03:46:11,826][__main__][INFO] - Flow-matching step: 69/100
[2025-12-03 03:46:14,677][__main__][INFO] - Flow-matching step: 70/100
[2025-12-03 03:46:17,520][__main__][INFO] - Flow-matching step: 71/100
[2025-12-03 03:46:20,356][__main__][INFO] - Flow-matching step: 72/100
[2025-12-03 03:46:23,180][__main__][INFO] - Flow-matching step: 73/100
[2025-12-03 03:46:25,991][__main__][INFO] - Flow-matching step: 74/100
[2025-12-03 03:46:28,802][__main__][INFO] - Flow-matching step: 75/100
[2025-12-03 03:46:31,625][__main__][INFO] - Flow-matching step: 76/100
[2025-12-03 03:46:34,460][__main__][INFO] - Flow-matching step: 77/100
[2025-12-03 03:46:37,271][__main__][INFO] - Flow-matching step: 78/100
[2025-12-03 03:46:40,078][__main__][INFO] - Flow-matching step: 79/100
[2025-12-03 03:46:42,893][__main__][INFO] - Flow-matching step: 80/100
[2025-12-03 03:46:45,697][__main__][INFO] - Flow-matching step: 81/100
[2025-12-03 03:46:48,509][__main__][INFO] - Flow-matching step: 82/100
[2025-12-03 03:46:51,323][__main__][INFO] - Flow-matching step: 83/100
[2025-12-03 03:46:54,159][__main__][INFO] - Flow-matching step: 84/100
[2025-12-03 03:46:56,997][__main__][INFO] - Flow-matching step: 85/100
[2025-12-03 03:46:59,856][__main__][INFO] - Flow-matching step: 86/100
[2025-12-03 03:47:02,696][__main__][INFO] - Flow-matching step: 87/100
[2025-12-03 03:47:05,559][__main__][INFO] - Flow-matching step: 88/100
[2025-12-03 03:47:08,408][__main__][INFO] - Flow-matching step: 89/100
[2025-12-03 03:47:11,262][__main__][INFO] - Flow-matching step: 90/100
[2025-12-03 03:47:14,136][__main__][INFO] - Flow-matching step: 91/100
[2025-12-03 03:47:17,009][__main__][INFO] - Flow-matching step: 92/100
[2025-12-03 03:47:19,901][__main__][INFO] - Flow-matching step: 93/100
[2025-12-03 03:47:22,778][__main__][INFO] - Flow-matching step: 94/100
[2025-12-03 03:47:25,668][__main__][INFO] - Flow-matching step: 95/100
[2025-12-03 03:47:28,563][__main__][INFO] - Flow-matching step: 96/100
[2025-12-03 03:47:31,461][__main__][INFO] - Flow-matching step: 97/100
[2025-12-03 03:47:34,354][__main__][INFO] - Flow-matching step: 98/100
[2025-12-03 03:47:37,250][__main__][INFO] - Flow-matching step: 99/100
[2025-12-03 03:47:40,158][__main__][INFO] - Flow-matching step: 100/100
[2025-12-03 03:47:52,577][__main__][INFO] - Finished design in 4.94 minutes
[2025-12-03 03:47:52,850][__main__][INFO] - out_prefix_suffixed='/home/woodbuse/publication/metallohydrolase/github/Computational_Design_of_Metallohydrolases_PrivateGitHub/RFdiffusion2_Tutorial/outputs/rfdiffusion2_out/from_quantum_chemistry__ZN_ESTERASE/ZETA_2__theozyme_optTS_geom_HHHE__lig_SZD_artificialBB_ORI_11_LENGTH_140_170__1_0-atomized-bb-False', conf.inference.guidepost_xyz_as_design_bb=False
[2025-12-03 03:47:52,929][__main__][INFO] - Idealizing atomized sidechains for pX0 of the last step...
[2025-12-03 03:47:55,088][__main__][INFO] - design : /home/woodbuse/publication/metallohydrolase/github/Computational_Design_of_Metallohydrolases_PrivateGitHub/RFdiffusion2_Tutorial/outputs/rfdiffusion2_out/from_quantum_chemistry__ZN_ESTERASE/ZETA_2__theozyme_optTS_geom_HHHE__lig_SZD_artificialBB_ORI_11_LENGTH_140_170__1_0-atomized-bb-False.pdb
[2025-12-03 03:47:55,089][__main__][INFO] - Making design 1 of 0:2: /home/woodbuse/publication/metallohydrolase/github/Computational_Design_of_Metallohydrolases_PrivateGitHub/RFdiffusion2_Tutorial/outputs/rfdiffusion2_out/from_quantum_chemistry__ZN_ESTERASE/ZETA_2__theozyme_optTS_geom_HHHE__lig_SZD_artificialBB_ORI_11_LENGTH_140_170__1_1
[2025-12-03 03:47:55,342][__main__][INFO] - Flow-matching step: 1/100
[2025-12-03 03:47:57,872][__main__][INFO] - Flow-matching step: 2/100
[2025-12-03 03:48:00,398][__main__][INFO] - Flow-matching step: 3/100
[2025-12-03 03:48:02,929][__main__][INFO] - Flow-matching step: 4/100
[2025-12-03 03:48:05,475][__main__][INFO] - Flow-matching step: 5/100
[2025-12-03 03:48:08,015][__main__][INFO] - Flow-matching step: 6/100
[2025-12-03 03:48:10,539][__main__][INFO] - Flow-matching step: 7/100
[2025-12-03 03:48:13,058][__main__][INFO] - Flow-matching step: 8/100
[2025-12-03 03:48:15,574][__main__][INFO] - Flow-matching step: 9/100
[2025-12-03 03:48:18,102][__main__][INFO] - Flow-matching step: 10/100
[2025-12-03 03:48:20,625][__main__][INFO] - Flow-matching step: 11/100
[2025-12-03 03:48:23,140][__main__][INFO] - Flow-matching step: 12/100
[2025-12-03 03:48:25,662][__main__][INFO] - Flow-matching step: 13/100
[2025-12-03 03:48:28,170][__main__][INFO] - Flow-matching step: 14/100
[2025-12-03 03:48:30,685][__main__][INFO] - Flow-matching step: 15/100
[2025-12-03 03:48:33,199][__main__][INFO] - Flow-matching step: 16/100
[2025-12-03 03:48:35,691][__main__][INFO] - Flow-matching step: 17/100
[2025-12-03 03:48:38,190][__main__][INFO] - Flow-matching step: 18/100
[2025-12-03 03:48:40,697][__main__][INFO] - Flow-matching step: 19/100
[2025-12-03 03:48:43,196][__main__][INFO] - Flow-matching step: 20/100
[2025-12-03 03:48:45,693][__main__][INFO] - Flow-matching step: 21/100
[2025-12-03 03:48:48,187][__main__][INFO] - Flow-matching step: 22/100
[2025-12-03 03:48:50,694][__main__][INFO] - Flow-matching step: 23/100
[2025-12-03 03:48:53,190][__main__][INFO] - Flow-matching step: 24/100
[2025-12-03 03:48:55,697][__main__][INFO] - Flow-matching step: 25/100
[2025-12-03 03:48:58,215][__main__][INFO] - Flow-matching step: 26/100
[2025-12-03 03:49:00,729][__main__][INFO] - Flow-matching step: 27/100
[2025-12-03 03:49:03,229][__main__][INFO] - Flow-matching step: 28/100
[2025-12-03 03:49:05,747][__main__][INFO] - Flow-matching step: 29/100
[2025-12-03 03:49:08,256][__main__][INFO] - Flow-matching step: 30/100
[2025-12-03 03:49:10,773][__main__][INFO] - Flow-matching step: 31/100
[2025-12-03 03:49:13,299][__main__][INFO] - Flow-matching step: 32/100
[2025-12-03 03:49:15,838][__main__][INFO] - Flow-matching step: 33/100
[2025-12-03 03:49:18,377][__main__][INFO] - Flow-matching step: 34/100
[2025-12-03 03:49:20,923][__main__][INFO] - Flow-matching step: 35/100
[2025-12-03 03:49:23,458][__main__][INFO] - Flow-matching step: 36/100
[2025-12-03 03:49:26,000][__main__][INFO] - Flow-matching step: 37/100
[2025-12-03 03:49:28,552][__main__][INFO] - Flow-matching step: 38/100
[2025-12-03 03:49:31,111][__main__][INFO] - Flow-matching step: 39/100
[2025-12-03 03:49:33,669][__main__][INFO] - Flow-matching step: 40/100
[2025-12-03 03:49:36,227][__main__][INFO] - Flow-matching step: 41/100
[2025-12-03 03:49:38,778][__main__][INFO] - Flow-matching step: 42/100
[2025-12-03 03:49:41,327][__main__][INFO] - Flow-matching step: 43/100
[2025-12-03 03:49:43,889][__main__][INFO] - Flow-matching step: 44/100
[2025-12-03 03:49:46,440][__main__][INFO] - Flow-matching step: 45/100
[2025-12-03 03:49:48,996][__main__][INFO] - Flow-matching step: 46/100
[2025-12-03 03:49:51,550][__main__][INFO] - Flow-matching step: 47/100
[2025-12-03 03:49:54,110][__main__][INFO] - Flow-matching step: 48/100
[2025-12-03 03:49:56,678][__main__][INFO] - Flow-matching step: 49/100
[2025-12-03 03:49:59,238][__main__][INFO] - Flow-matching step: 50/100
[2025-12-03 03:50:01,810][__main__][INFO] - Flow-matching step: 51/100
[2025-12-03 03:50:04,391][__main__][INFO] - Flow-matching step: 52/100
[2025-12-03 03:50:06,952][__main__][INFO] - Flow-matching step: 53/100
[2025-12-03 03:50:09,500][__main__][INFO] - Flow-matching step: 54/100
[2025-12-03 03:50:12,048][__main__][INFO] - Flow-matching step: 55/100
[2025-12-03 03:50:14,602][__main__][INFO] - Flow-matching step: 56/100
[2025-12-03 03:50:17,160][__main__][INFO] - Flow-matching step: 57/100
[2025-12-03 03:50:19,740][__main__][INFO] - Flow-matching step: 58/100
[2025-12-03 03:50:22,313][__main__][INFO] - Flow-matching step: 59/100
[2025-12-03 03:50:24,868][__main__][INFO] - Flow-matching step: 60/100
[2025-12-03 03:50:27,437][__main__][INFO] - Flow-matching step: 61/100
[2025-12-03 03:50:29,996][__main__][INFO] - Flow-matching step: 62/100
[2025-12-03 03:50:32,548][__main__][INFO] - Flow-matching step: 63/100
[2025-12-03 03:50:35,112][__main__][INFO] - Flow-matching step: 64/100
[2025-12-03 03:50:37,671][__main__][INFO] - Flow-matching step: 65/100
[2025-12-03 03:50:40,217][__main__][INFO] - Flow-matching step: 66/100
[2025-12-03 03:50:42,762][__main__][INFO] - Flow-matching step: 67/100
[2025-12-03 03:50:45,290][__main__][INFO] - Flow-matching step: 68/100
[2025-12-03 03:50:47,837][__main__][INFO] - Flow-matching step: 69/100
[2025-12-03 03:50:50,372][__main__][INFO] - Flow-matching step: 70/100
[2025-12-03 03:50:52,908][__main__][INFO] - Flow-matching step: 71/100
[2025-12-03 03:50:55,431][__main__][INFO] - Flow-matching step: 72/100
[2025-12-03 03:50:57,951][__main__][INFO] - Flow-matching step: 73/100
[2025-12-03 03:51:00,475][__main__][INFO] - Flow-matching step: 74/100
[2025-12-03 03:51:02,996][__main__][INFO] - Flow-matching step: 75/100
[2025-12-03 03:51:05,531][__main__][INFO] - Flow-matching step: 76/100
[2025-12-03 03:51:08,050][__main__][INFO] - Flow-matching step: 77/100
[2025-12-03 03:51:10,558][__main__][INFO] - Flow-matching step: 78/100
[2025-12-03 03:51:13,066][__main__][INFO] - Flow-matching step: 79/100
[2025-12-03 03:51:15,565][__main__][INFO] - Flow-matching step: 80/100
[2025-12-03 03:51:18,067][__main__][INFO] - Flow-matching step: 81/100
[2025-12-03 03:51:20,576][__main__][INFO] - Flow-matching step: 82/100
[2025-12-03 03:51:23,096][__main__][INFO] - Flow-matching step: 83/100
[2025-12-03 03:51:25,613][__main__][INFO] - Flow-matching step: 84/100
[2025-12-03 03:51:28,130][__main__][INFO] - Flow-matching step: 85/100
[2025-12-03 03:51:30,661][__main__][INFO] - Flow-matching step: 86/100
[2025-12-03 03:51:33,213][__main__][INFO] - Flow-matching step: 87/100
[2025-12-03 03:51:35,761][__main__][INFO] - Flow-matching step: 88/100
[2025-12-03 03:51:38,303][__main__][INFO] - Flow-matching step: 89/100
[2025-12-03 03:51:40,842][__main__][INFO] - Flow-matching step: 90/100
[2025-12-03 03:51:43,385][__main__][INFO] - Flow-matching step: 91/100
[2025-12-03 03:51:45,931][__main__][INFO] - Flow-matching step: 92/100
[2025-12-03 03:51:48,483][__main__][INFO] - Flow-matching step: 93/100
[2025-12-03 03:51:51,026][__main__][INFO] - Flow-matching step: 94/100
[2025-12-03 03:51:53,596][__main__][INFO] - Flow-matching step: 95/100
[2025-12-03 03:51:56,149][__main__][INFO] - Flow-matching step: 96/100
[2025-12-03 03:51:58,701][__main__][INFO] - Flow-matching step: 97/100
[2025-12-03 03:52:01,254][__main__][INFO] - Flow-matching step: 98/100
[2025-12-03 03:52:03,807][__main__][INFO] - Flow-matching step: 99/100
[2025-12-03 03:52:06,361][__main__][INFO] - Flow-matching step: 100/100
[2025-12-03 03:52:17,799][__main__][INFO] - Finished design in 4.38 minutes
[2025-12-03 03:52:17,841][__main__][INFO] - out_prefix_suffixed='/home/woodbuse/publication/metallohydrolase/github/Computational_Design_of_Metallohydrolases_PrivateGitHub/RFdiffusion2_Tutorial/outputs/rfdiffusion2_out/from_quantum_chemistry__ZN_ESTERASE/ZETA_2__theozyme_optTS_geom_HHHE__lig_SZD_artificialBB_ORI_11_LENGTH_140_170__1_1-atomized-bb-False', conf.inference.guidepost_xyz_as_design_bb=False
[2025-12-03 03:52:17,900][__main__][INFO] - Idealizing atomized sidechains for pX0 of the last step...
[2025-12-03 03:52:19,524][__main__][INFO] - design : /home/woodbuse/publication/metallohydrolase/github/Computational_Design_of_Metallohydrolases_PrivateGitHub/RFdiffusion2_Tutorial/outputs/rfdiffusion2_out/from_quantum_chemistry__ZN_ESTERASE/ZETA_2__theozyme_optTS_geom_HHHE__lig_SZD_artificialBB_ORI_11_LENGTH_140_170__1_1-atomized-bb-False.pdb
