[2025-12-03 03:02:02,813][rf_diffusion.config.config_format][INFO] - Translating obsolete key: extra_t1d_params -> ['extra_tXd_params']
[2025-12-03 03:02:02,814][rf_diffusion.config.config_format][INFO] - Translating obsolete key: extra_t1d -> ['extra_tXd']
[2025-12-03 03:02:06,150][__main__][INFO] - Making design 0 of 0:2: /home/woodbuse/publication/metallohydrolase/github/Computational_Design_of_Metallohydrolases_PrivateGitHub/RFdiffusion2_Tutorial/outputs/rfdiffusion2_out/from_PDB_structure__ZN_PROTEASE/pdb_00001qji__theozyme_HEHH__lig_TSA_ORI_03_LENGTH_170_190__1_0
[2025-12-03 03:02:06,491][se3_flow_matching.data.so3_utils][INFO] - Data loaded from .cache/cache_igso3_s0.100-1.500-1000_l1000_o1000-3.npz
[2025-12-03 03:02:06,574][__main__][INFO] - Flow-matching step: 1/100
[2025-12-03 03:02:11,419][__main__][INFO] - Flow-matching step: 2/100
[2025-12-03 03:02:14,905][__main__][INFO] - Flow-matching step: 3/100
[2025-12-03 03:02:18,389][__main__][INFO] - Flow-matching step: 4/100
[2025-12-03 03:02:21,857][__main__][INFO] - Flow-matching step: 5/100
[2025-12-03 03:02:25,333][__main__][INFO] - Flow-matching step: 6/100
[2025-12-03 03:02:28,803][__main__][INFO] - Flow-matching step: 7/100
[2025-12-03 03:02:32,268][__main__][INFO] - Flow-matching step: 8/100
[2025-12-03 03:02:35,737][__main__][INFO] - Flow-matching step: 9/100
[2025-12-03 03:02:39,204][__main__][INFO] - Flow-matching step: 10/100
[2025-12-03 03:02:42,672][__main__][INFO] - Flow-matching step: 11/100
[2025-12-03 03:02:46,146][__main__][INFO] - Flow-matching step: 12/100
[2025-12-03 03:02:49,621][__main__][INFO] - Flow-matching step: 13/100
[2025-12-03 03:02:53,123][__main__][INFO] - Flow-matching step: 14/100
[2025-12-03 03:02:56,600][__main__][INFO] - Flow-matching step: 15/100
[2025-12-03 03:03:00,081][__main__][INFO] - Flow-matching step: 16/100
[2025-12-03 03:03:03,582][__main__][INFO] - Flow-matching step: 17/100
[2025-12-03 03:03:07,057][__main__][INFO] - Flow-matching step: 18/100
[2025-12-03 03:03:10,519][__main__][INFO] - Flow-matching step: 19/100
[2025-12-03 03:03:13,970][__main__][INFO] - Flow-matching step: 20/100
[2025-12-03 03:03:17,416][__main__][INFO] - Flow-matching step: 21/100
[2025-12-03 03:03:20,860][__main__][INFO] - Flow-matching step: 22/100
[2025-12-03 03:03:24,313][__main__][INFO] - Flow-matching step: 23/100
[2025-12-03 03:03:27,771][__main__][INFO] - Flow-matching step: 24/100
[2025-12-03 03:03:31,233][__main__][INFO] - Flow-matching step: 25/100
[2025-12-03 03:03:34,675][__main__][INFO] - Flow-matching step: 26/100
[2025-12-03 03:03:38,121][__main__][INFO] - Flow-matching step: 27/100
[2025-12-03 03:03:41,575][__main__][INFO] - Flow-matching step: 28/100
[2025-12-03 03:03:45,030][__main__][INFO] - Flow-matching step: 29/100
[2025-12-03 03:03:48,452][__main__][INFO] - Flow-matching step: 30/100
[2025-12-03 03:03:51,881][__main__][INFO] - Flow-matching step: 31/100
[2025-12-03 03:03:55,314][__main__][INFO] - Flow-matching step: 32/100
[2025-12-03 03:03:58,747][__main__][INFO] - Flow-matching step: 33/100
[2025-12-03 03:04:02,183][__main__][INFO] - Flow-matching step: 34/100
[2025-12-03 03:04:05,614][__main__][INFO] - Flow-matching step: 35/100
[2025-12-03 03:04:09,076][__main__][INFO] - Flow-matching step: 36/100
[2025-12-03 03:04:12,543][__main__][INFO] - Flow-matching step: 37/100
[2025-12-03 03:04:16,017][__main__][INFO] - Flow-matching step: 38/100
[2025-12-03 03:04:19,504][__main__][INFO] - Flow-matching step: 39/100
[2025-12-03 03:04:22,994][__main__][INFO] - Flow-matching step: 40/100
[2025-12-03 03:04:26,481][__main__][INFO] - Flow-matching step: 41/100
[2025-12-03 03:04:29,965][__main__][INFO] - Flow-matching step: 42/100
[2025-12-03 03:04:33,458][__main__][INFO] - Flow-matching step: 43/100
[2025-12-03 03:04:36,939][__main__][INFO] - Flow-matching step: 44/100
[2025-12-03 03:04:40,409][__main__][INFO] - Flow-matching step: 45/100
[2025-12-03 03:04:43,877][__main__][INFO] - Flow-matching step: 46/100
[2025-12-03 03:04:47,346][__main__][INFO] - Flow-matching step: 47/100
[2025-12-03 03:04:50,837][__main__][INFO] - Flow-matching step: 48/100
[2025-12-03 03:04:54,332][__main__][INFO] - Flow-matching step: 49/100
[2025-12-03 03:04:57,817][__main__][INFO] - Flow-matching step: 50/100
[2025-12-03 03:05:01,326][__main__][INFO] - Flow-matching step: 51/100
[2025-12-03 03:05:04,807][__main__][INFO] - Flow-matching step: 52/100
[2025-12-03 03:05:08,288][__main__][INFO] - Flow-matching step: 53/100
[2025-12-03 03:05:11,777][__main__][INFO] - Flow-matching step: 54/100
[2025-12-03 03:05:15,250][__main__][INFO] - Flow-matching step: 55/100
[2025-12-03 03:05:18,724][__main__][INFO] - Flow-matching step: 56/100
[2025-12-03 03:05:22,207][__main__][INFO] - Flow-matching step: 57/100
[2025-12-03 03:05:25,677][__main__][INFO] - Flow-matching step: 58/100
[2025-12-03 03:05:29,138][__main__][INFO] - Flow-matching step: 59/100
[2025-12-03 03:05:32,609][__main__][INFO] - Flow-matching step: 60/100
[2025-12-03 03:05:36,072][__main__][INFO] - Flow-matching step: 61/100
[2025-12-03 03:05:39,511][__main__][INFO] - Flow-matching step: 62/100
[2025-12-03 03:05:42,970][__main__][INFO] - Flow-matching step: 63/100
[2025-12-03 03:05:46,432][__main__][INFO] - Flow-matching step: 64/100
[2025-12-03 03:05:49,894][__main__][INFO] - Flow-matching step: 65/100
[2025-12-03 03:05:53,331][__main__][INFO] - Flow-matching step: 66/100
[2025-12-03 03:05:56,784][__main__][INFO] - Flow-matching step: 67/100
[2025-12-03 03:06:00,237][__main__][INFO] - Flow-matching step: 68/100
[2025-12-03 03:06:03,674][__main__][INFO] - Flow-matching step: 69/100
[2025-12-03 03:06:07,114][__main__][INFO] - Flow-matching step: 70/100
[2025-12-03 03:06:10,575][__main__][INFO] - Flow-matching step: 71/100
[2025-12-03 03:06:14,017][__main__][INFO] - Flow-matching step: 72/100
[2025-12-03 03:06:17,474][__main__][INFO] - Flow-matching step: 73/100
[2025-12-03 03:06:20,936][__main__][INFO] - Flow-matching step: 74/100
[2025-12-03 03:06:24,415][__main__][INFO] - Flow-matching step: 75/100
[2025-12-03 03:06:27,888][__main__][INFO] - Flow-matching step: 76/100
[2025-12-03 03:06:31,361][__main__][INFO] - Flow-matching step: 77/100
[2025-12-03 03:06:34,835][__main__][INFO] - Flow-matching step: 78/100
[2025-12-03 03:06:38,307][__main__][INFO] - Flow-matching step: 79/100
[2025-12-03 03:06:41,779][__main__][INFO] - Flow-matching step: 80/100
[2025-12-03 03:06:45,259][__main__][INFO] - Flow-matching step: 81/100
[2025-12-03 03:06:48,737][__main__][INFO] - Flow-matching step: 82/100
[2025-12-03 03:06:52,205][__main__][INFO] - Flow-matching step: 83/100
[2025-12-03 03:06:55,671][__main__][INFO] - Flow-matching step: 84/100
[2025-12-03 03:06:59,160][__main__][INFO] - Flow-matching step: 85/100
[2025-12-03 03:07:02,639][__main__][INFO] - Flow-matching step: 86/100
[2025-12-03 03:07:06,114][__main__][INFO] - Flow-matching step: 87/100
[2025-12-03 03:07:09,605][__main__][INFO] - Flow-matching step: 88/100
[2025-12-03 03:07:13,080][__main__][INFO] - Flow-matching step: 89/100
[2025-12-03 03:07:16,560][__main__][INFO] - Flow-matching step: 90/100
[2025-12-03 03:07:20,039][__main__][INFO] - Flow-matching step: 91/100
[2025-12-03 03:07:23,517][__main__][INFO] - Flow-matching step: 92/100
[2025-12-03 03:07:26,973][__main__][INFO] - Flow-matching step: 93/100
[2025-12-03 03:07:30,438][__main__][INFO] - Flow-matching step: 94/100
[2025-12-03 03:07:33,917][__main__][INFO] - Flow-matching step: 95/100
[2025-12-03 03:07:37,364][__main__][INFO] - Flow-matching step: 96/100
[2025-12-03 03:07:40,822][__main__][INFO] - Flow-matching step: 97/100
[2025-12-03 03:07:44,286][__main__][INFO] - Flow-matching step: 98/100
[2025-12-03 03:07:47,738][__main__][INFO] - Flow-matching step: 99/100
[2025-12-03 03:07:51,202][__main__][INFO] - Flow-matching step: 100/100
[2025-12-03 03:08:07,018][__main__][INFO] - Finished design in 6.01 minutes
[2025-12-03 03:08:07,056][__main__][INFO] - out_prefix_suffixed='/home/woodbuse/publication/metallohydrolase/github/Computational_Design_of_Metallohydrolases_PrivateGitHub/RFdiffusion2_Tutorial/outputs/rfdiffusion2_out/from_PDB_structure__ZN_PROTEASE/pdb_00001qji__theozyme_HEHH__lig_TSA_ORI_03_LENGTH_170_190__1_0-atomized-bb-False', conf.inference.guidepost_xyz_as_design_bb=False
[2025-12-03 03:08:07,142][__main__][INFO] - Idealizing atomized sidechains for pX0 of the last step...
[2025-12-03 03:08:09,268][__main__][INFO] - design : /home/woodbuse/publication/metallohydrolase/github/Computational_Design_of_Metallohydrolases_PrivateGitHub/RFdiffusion2_Tutorial/outputs/rfdiffusion2_out/from_PDB_structure__ZN_PROTEASE/pdb_00001qji__theozyme_HEHH__lig_TSA_ORI_03_LENGTH_170_190__1_0-atomized-bb-False.pdb
[2025-12-03 03:08:09,268][__main__][INFO] - Making design 1 of 0:2: /home/woodbuse/publication/metallohydrolase/github/Computational_Design_of_Metallohydrolases_PrivateGitHub/RFdiffusion2_Tutorial/outputs/rfdiffusion2_out/from_PDB_structure__ZN_PROTEASE/pdb_00001qji__theozyme_HEHH__lig_TSA_ORI_03_LENGTH_170_190__1_1
[2025-12-03 03:08:09,589][__main__][INFO] - Flow-matching step: 1/100
[2025-12-03 03:08:12,778][__main__][INFO] - Flow-matching step: 2/100
[2025-12-03 03:08:15,964][__main__][INFO] - Flow-matching step: 3/100
[2025-12-03 03:08:19,161][__main__][INFO] - Flow-matching step: 4/100
[2025-12-03 03:08:22,370][__main__][INFO] - Flow-matching step: 5/100
[2025-12-03 03:08:25,597][__main__][INFO] - Flow-matching step: 6/100
[2025-12-03 03:08:28,817][__main__][INFO] - Flow-matching step: 7/100
[2025-12-03 03:08:32,064][__main__][INFO] - Flow-matching step: 8/100
[2025-12-03 03:08:35,299][__main__][INFO] - Flow-matching step: 9/100
[2025-12-03 03:08:38,540][__main__][INFO] - Flow-matching step: 10/100
[2025-12-03 03:08:41,768][__main__][INFO] - Flow-matching step: 11/100
[2025-12-03 03:08:45,001][__main__][INFO] - Flow-matching step: 12/100
[2025-12-03 03:08:48,217][__main__][INFO] - Flow-matching step: 13/100
[2025-12-03 03:08:51,446][__main__][INFO] - Flow-matching step: 14/100
[2025-12-03 03:08:54,692][__main__][INFO] - Flow-matching step: 15/100
[2025-12-03 03:08:57,945][__main__][INFO] - Flow-matching step: 16/100
[2025-12-03 03:09:01,184][__main__][INFO] - Flow-matching step: 17/100
[2025-12-03 03:09:04,436][__main__][INFO] - Flow-matching step: 18/100
[2025-12-03 03:09:07,672][__main__][INFO] - Flow-matching step: 19/100
[2025-12-03 03:09:10,907][__main__][INFO] - Flow-matching step: 20/100
[2025-12-03 03:09:14,148][__main__][INFO] - Flow-matching step: 21/100
[2025-12-03 03:09:17,394][__main__][INFO] - Flow-matching step: 22/100
[2025-12-03 03:09:20,643][__main__][INFO] - Flow-matching step: 23/100
[2025-12-03 03:09:23,888][__main__][INFO] - Flow-matching step: 24/100
[2025-12-03 03:09:27,123][__main__][INFO] - Flow-matching step: 25/100
[2025-12-03 03:09:30,353][__main__][INFO] - Flow-matching step: 26/100
[2025-12-03 03:09:33,596][__main__][INFO] - Flow-matching step: 27/100
[2025-12-03 03:09:36,838][__main__][INFO] - Flow-matching step: 28/100
[2025-12-03 03:09:40,057][__main__][INFO] - Flow-matching step: 29/100
[2025-12-03 03:09:43,294][__main__][INFO] - Flow-matching step: 30/100
[2025-12-03 03:09:46,518][__main__][INFO] - Flow-matching step: 31/100
[2025-12-03 03:09:49,740][__main__][INFO] - Flow-matching step: 32/100
[2025-12-03 03:09:52,958][__main__][INFO] - Flow-matching step: 33/100
[2025-12-03 03:09:56,179][__main__][INFO] - Flow-matching step: 34/100
[2025-12-03 03:09:59,395][__main__][INFO] - Flow-matching step: 35/100
[2025-12-03 03:10:02,619][__main__][INFO] - Flow-matching step: 36/100
[2025-12-03 03:10:05,848][__main__][INFO] - Flow-matching step: 37/100
[2025-12-03 03:10:09,076][__main__][INFO] - Flow-matching step: 38/100
[2025-12-03 03:10:12,302][__main__][INFO] - Flow-matching step: 39/100
[2025-12-03 03:10:15,486][__main__][INFO] - Flow-matching step: 40/100
[2025-12-03 03:10:18,679][__main__][INFO] - Flow-matching step: 41/100
[2025-12-03 03:10:21,865][__main__][INFO] - Flow-matching step: 42/100
[2025-12-03 03:10:25,054][__main__][INFO] - Flow-matching step: 43/100
[2025-12-03 03:10:28,264][__main__][INFO] - Flow-matching step: 44/100
[2025-12-03 03:10:31,491][__main__][INFO] - Flow-matching step: 45/100
[2025-12-03 03:10:34,684][__main__][INFO] - Flow-matching step: 46/100
[2025-12-03 03:10:37,906][__main__][INFO] - Flow-matching step: 47/100
[2025-12-03 03:10:41,121][__main__][INFO] - Flow-matching step: 48/100
[2025-12-03 03:10:44,346][__main__][INFO] - Flow-matching step: 49/100
[2025-12-03 03:10:47,577][__main__][INFO] - Flow-matching step: 50/100
[2025-12-03 03:10:50,823][__main__][INFO] - Flow-matching step: 51/100
[2025-12-03 03:10:54,087][__main__][INFO] - Flow-matching step: 52/100
[2025-12-03 03:10:57,326][__main__][INFO] - Flow-matching step: 53/100
[2025-12-03 03:11:00,583][__main__][INFO] - Flow-matching step: 54/100
[2025-12-03 03:11:03,832][__main__][INFO] - Flow-matching step: 55/100
[2025-12-03 03:11:07,084][__main__][INFO] - Flow-matching step: 56/100
[2025-12-03 03:11:10,342][__main__][INFO] - Flow-matching step: 57/100
[2025-12-03 03:11:13,599][__main__][INFO] - Flow-matching step: 58/100
[2025-12-03 03:11:16,847][__main__][INFO] - Flow-matching step: 59/100
[2025-12-03 03:11:20,087][__main__][INFO] - Flow-matching step: 60/100
[2025-12-03 03:11:23,325][__main__][INFO] - Flow-matching step: 61/100
[2025-12-03 03:11:26,551][__main__][INFO] - Flow-matching step: 62/100
[2025-12-03 03:11:29,794][__main__][INFO] - Flow-matching step: 63/100
[2025-12-03 03:11:33,041][__main__][INFO] - Flow-matching step: 64/100
[2025-12-03 03:11:36,286][__main__][INFO] - Flow-matching step: 65/100
[2025-12-03 03:11:39,539][__main__][INFO] - Flow-matching step: 66/100
[2025-12-03 03:11:42,786][__main__][INFO] - Flow-matching step: 67/100
[2025-12-03 03:11:46,021][__main__][INFO] - Flow-matching step: 68/100
[2025-12-03 03:11:49,253][__main__][INFO] - Flow-matching step: 69/100
[2025-12-03 03:11:52,490][__main__][INFO] - Flow-matching step: 70/100
[2025-12-03 03:11:55,721][__main__][INFO] - Flow-matching step: 71/100
[2025-12-03 03:11:58,938][__main__][INFO] - Flow-matching step: 72/100
[2025-12-03 03:12:02,177][__main__][INFO] - Flow-matching step: 73/100
[2025-12-03 03:12:05,398][__main__][INFO] - Flow-matching step: 74/100
[2025-12-03 03:12:08,600][__main__][INFO] - Flow-matching step: 75/100
[2025-12-03 03:12:11,820][__main__][INFO] - Flow-matching step: 76/100
[2025-12-03 03:12:15,044][__main__][INFO] - Flow-matching step: 77/100
[2025-12-03 03:12:18,242][__main__][INFO] - Flow-matching step: 78/100
[2025-12-03 03:12:21,429][__main__][INFO] - Flow-matching step: 79/100
[2025-12-03 03:12:24,638][__main__][INFO] - Flow-matching step: 80/100
[2025-12-03 03:12:27,831][__main__][INFO] - Flow-matching step: 81/100
[2025-12-03 03:12:31,028][__main__][INFO] - Flow-matching step: 82/100
[2025-12-03 03:12:34,247][__main__][INFO] - Flow-matching step: 83/100
[2025-12-03 03:12:37,437][__main__][INFO] - Flow-matching step: 84/100
[2025-12-03 03:12:40,655][__main__][INFO] - Flow-matching step: 85/100
[2025-12-03 03:12:43,884][__main__][INFO] - Flow-matching step: 86/100
[2025-12-03 03:12:47,123][__main__][INFO] - Flow-matching step: 87/100
[2025-12-03 03:12:50,390][__main__][INFO] - Flow-matching step: 88/100
[2025-12-03 03:12:53,652][__main__][INFO] - Flow-matching step: 89/100
[2025-12-03 03:12:56,895][__main__][INFO] - Flow-matching step: 90/100
[2025-12-03 03:13:00,136][__main__][INFO] - Flow-matching step: 91/100
[2025-12-03 03:13:03,376][__main__][INFO] - Flow-matching step: 92/100
[2025-12-03 03:13:06,613][__main__][INFO] - Flow-matching step: 93/100
[2025-12-03 03:13:09,863][__main__][INFO] - Flow-matching step: 94/100
[2025-12-03 03:13:13,106][__main__][INFO] - Flow-matching step: 95/100
[2025-12-03 03:13:16,349][__main__][INFO] - Flow-matching step: 96/100
[2025-12-03 03:13:19,571][__main__][INFO] - Flow-matching step: 97/100
[2025-12-03 03:13:22,810][__main__][INFO] - Flow-matching step: 98/100
[2025-12-03 03:13:26,057][__main__][INFO] - Flow-matching step: 99/100
[2025-12-03 03:13:29,330][__main__][INFO] - Flow-matching step: 100/100
[2025-12-03 03:13:44,914][__main__][INFO] - Finished design in 5.59 minutes
[2025-12-03 03:13:44,953][__main__][INFO] - out_prefix_suffixed='/home/woodbuse/publication/metallohydrolase/github/Computational_Design_of_Metallohydrolases_PrivateGitHub/RFdiffusion2_Tutorial/outputs/rfdiffusion2_out/from_PDB_structure__ZN_PROTEASE/pdb_00001qji__theozyme_HEHH__lig_TSA_ORI_03_LENGTH_170_190__1_1-atomized-bb-False', conf.inference.guidepost_xyz_as_design_bb=False
[2025-12-03 03:13:45,023][__main__][INFO] - Idealizing atomized sidechains for pX0 of the last step...
[2025-12-03 03:13:46,768][__main__][INFO] - design : /home/woodbuse/publication/metallohydrolase/github/Computational_Design_of_Metallohydrolases_PrivateGitHub/RFdiffusion2_Tutorial/outputs/rfdiffusion2_out/from_PDB_structure__ZN_PROTEASE/pdb_00001qji__theozyme_HEHH__lig_TSA_ORI_03_LENGTH_170_190__1_1-atomized-bb-False.pdb
