[2025-12-03 03:53:58,307][rf_diffusion.config.config_format][INFO] - Translating obsolete key: extra_t1d_params -> ['extra_tXd_params']
[2025-12-03 03:53:58,307][rf_diffusion.config.config_format][INFO] - Translating obsolete key: extra_t1d -> ['extra_tXd']
[2025-12-03 03:54:01,541][__main__][INFO] - Making design 0 of 0:2: /home/woodbuse/publication/metallohydrolase/github/Computational_Design_of_Metallohydrolases_PrivateGitHub/RFdiffusion2_Tutorial/outputs/rfdiffusion2_out/from_PDB_structure__ZN_PROTEASE/pdb_00001qji__theozyme_HEHH__lig_TSA_ORI_04_LENGTH_120_150__1_0
[2025-12-03 03:54:01,786][se3_flow_matching.data.so3_utils][INFO] - Data loaded from .cache/cache_igso3_s0.100-1.500-1000_l1000_o1000-3.npz
[2025-12-03 03:54:01,844][__main__][INFO] - Flow-matching step: 1/100
[2025-12-03 03:54:05,809][__main__][INFO] - Flow-matching step: 2/100
[2025-12-03 03:54:08,410][__main__][INFO] - Flow-matching step: 3/100
[2025-12-03 03:54:11,020][__main__][INFO] - Flow-matching step: 4/100
[2025-12-03 03:54:13,616][__main__][INFO] - Flow-matching step: 5/100
[2025-12-03 03:54:16,192][__main__][INFO] - Flow-matching step: 6/100
[2025-12-03 03:54:18,780][__main__][INFO] - Flow-matching step: 7/100
[2025-12-03 03:54:21,340][__main__][INFO] - Flow-matching step: 8/100
[2025-12-03 03:54:23,916][__main__][INFO] - Flow-matching step: 9/100
[2025-12-03 03:54:26,480][__main__][INFO] - Flow-matching step: 10/100
[2025-12-03 03:54:29,046][__main__][INFO] - Flow-matching step: 11/100
[2025-12-03 03:54:31,622][__main__][INFO] - Flow-matching step: 12/100
[2025-12-03 03:54:34,186][__main__][INFO] - Flow-matching step: 13/100
[2025-12-03 03:54:36,752][__main__][INFO] - Flow-matching step: 14/100
[2025-12-03 03:54:39,313][__main__][INFO] - Flow-matching step: 15/100
[2025-12-03 03:54:41,869][__main__][INFO] - Flow-matching step: 16/100
[2025-12-03 03:54:44,426][__main__][INFO] - Flow-matching step: 17/100
[2025-12-03 03:54:46,989][__main__][INFO] - Flow-matching step: 18/100
[2025-12-03 03:54:49,578][__main__][INFO] - Flow-matching step: 19/100
[2025-12-03 03:54:52,182][__main__][INFO] - Flow-matching step: 20/100
[2025-12-03 03:54:54,756][__main__][INFO] - Flow-matching step: 21/100
[2025-12-03 03:54:57,334][__main__][INFO] - Flow-matching step: 22/100
[2025-12-03 03:54:59,901][__main__][INFO] - Flow-matching step: 23/100
[2025-12-03 03:55:02,465][__main__][INFO] - Flow-matching step: 24/100
[2025-12-03 03:55:05,041][__main__][INFO] - Flow-matching step: 25/100
[2025-12-03 03:55:07,597][__main__][INFO] - Flow-matching step: 26/100
[2025-12-03 03:55:10,158][__main__][INFO] - Flow-matching step: 27/100
[2025-12-03 03:55:12,722][__main__][INFO] - Flow-matching step: 28/100
[2025-12-03 03:55:15,287][__main__][INFO] - Flow-matching step: 29/100
[2025-12-03 03:55:17,863][__main__][INFO] - Flow-matching step: 30/100
[2025-12-03 03:55:20,410][__main__][INFO] - Flow-matching step: 31/100
[2025-12-03 03:55:22,964][__main__][INFO] - Flow-matching step: 32/100
[2025-12-03 03:55:25,544][__main__][INFO] - Flow-matching step: 33/100
[2025-12-03 03:55:28,150][__main__][INFO] - Flow-matching step: 34/100
[2025-12-03 03:55:30,733][__main__][INFO] - Flow-matching step: 35/100
[2025-12-03 03:55:33,320][__main__][INFO] - Flow-matching step: 36/100
[2025-12-03 03:55:35,880][__main__][INFO] - Flow-matching step: 37/100
[2025-12-03 03:55:38,432][__main__][INFO] - Flow-matching step: 38/100
[2025-12-03 03:55:41,010][__main__][INFO] - Flow-matching step: 39/100
[2025-12-03 03:55:43,580][__main__][INFO] - Flow-matching step: 40/100
[2025-12-03 03:55:46,147][__main__][INFO] - Flow-matching step: 41/100
[2025-12-03 03:55:48,728][__main__][INFO] - Flow-matching step: 42/100
[2025-12-03 03:55:51,324][__main__][INFO] - Flow-matching step: 43/100
[2025-12-03 03:55:53,918][__main__][INFO] - Flow-matching step: 44/100
[2025-12-03 03:55:56,503][__main__][INFO] - Flow-matching step: 45/100
[2025-12-03 03:55:59,105][__main__][INFO] - Flow-matching step: 46/100
[2025-12-03 03:56:01,742][__main__][INFO] - Flow-matching step: 47/100
[2025-12-03 03:56:04,343][__main__][INFO] - Flow-matching step: 48/100
[2025-12-03 03:56:06,931][__main__][INFO] - Flow-matching step: 49/100
[2025-12-03 03:56:09,518][__main__][INFO] - Flow-matching step: 50/100
[2025-12-03 03:56:12,112][__main__][INFO] - Flow-matching step: 51/100
[2025-12-03 03:56:14,707][__main__][INFO] - Flow-matching step: 52/100
[2025-12-03 03:56:17,310][__main__][INFO] - Flow-matching step: 53/100
[2025-12-03 03:56:19,918][__main__][INFO] - Flow-matching step: 54/100
[2025-12-03 03:56:22,496][__main__][INFO] - Flow-matching step: 55/100
[2025-12-03 03:56:25,074][__main__][INFO] - Flow-matching step: 56/100
[2025-12-03 03:56:27,657][__main__][INFO] - Flow-matching step: 57/100
[2025-12-03 03:56:30,225][__main__][INFO] - Flow-matching step: 58/100
[2025-12-03 03:56:32,781][__main__][INFO] - Flow-matching step: 59/100
[2025-12-03 03:56:35,359][__main__][INFO] - Flow-matching step: 60/100
[2025-12-03 03:56:37,950][__main__][INFO] - Flow-matching step: 61/100
[2025-12-03 03:56:40,526][__main__][INFO] - Flow-matching step: 62/100
[2025-12-03 03:56:43,139][__main__][INFO] - Flow-matching step: 63/100
[2025-12-03 03:56:45,734][__main__][INFO] - Flow-matching step: 64/100
[2025-12-03 03:56:48,313][__main__][INFO] - Flow-matching step: 65/100
[2025-12-03 03:56:50,902][__main__][INFO] - Flow-matching step: 66/100
[2025-12-03 03:56:53,502][__main__][INFO] - Flow-matching step: 67/100
[2025-12-03 03:56:56,077][__main__][INFO] - Flow-matching step: 68/100
[2025-12-03 03:56:58,682][__main__][INFO] - Flow-matching step: 69/100
[2025-12-03 03:57:01,287][__main__][INFO] - Flow-matching step: 70/100
[2025-12-03 03:57:03,883][__main__][INFO] - Flow-matching step: 71/100
[2025-12-03 03:57:06,446][__main__][INFO] - Flow-matching step: 72/100
[2025-12-03 03:57:09,017][__main__][INFO] - Flow-matching step: 73/100
[2025-12-03 03:57:11,586][__main__][INFO] - Flow-matching step: 74/100
[2025-12-03 03:57:14,161][__main__][INFO] - Flow-matching step: 75/100
[2025-12-03 03:57:16,728][__main__][INFO] - Flow-matching step: 76/100
[2025-12-03 03:57:19,299][__main__][INFO] - Flow-matching step: 77/100
[2025-12-03 03:57:21,849][__main__][INFO] - Flow-matching step: 78/100
[2025-12-03 03:57:24,417][__main__][INFO] - Flow-matching step: 79/100
[2025-12-03 03:57:26,989][__main__][INFO] - Flow-matching step: 80/100
[2025-12-03 03:57:29,557][__main__][INFO] - Flow-matching step: 81/100
[2025-12-03 03:57:32,131][__main__][INFO] - Flow-matching step: 82/100
[2025-12-03 03:57:34,702][__main__][INFO] - Flow-matching step: 83/100
[2025-12-03 03:57:37,289][__main__][INFO] - Flow-matching step: 84/100
[2025-12-03 03:57:39,895][__main__][INFO] - Flow-matching step: 85/100
[2025-12-03 03:57:42,450][__main__][INFO] - Flow-matching step: 86/100
[2025-12-03 03:57:45,010][__main__][INFO] - Flow-matching step: 87/100
[2025-12-03 03:57:47,572][__main__][INFO] - Flow-matching step: 88/100
[2025-12-03 03:57:50,130][__main__][INFO] - Flow-matching step: 89/100
[2025-12-03 03:57:52,688][__main__][INFO] - Flow-matching step: 90/100
[2025-12-03 03:57:55,256][__main__][INFO] - Flow-matching step: 91/100
[2025-12-03 03:57:57,829][__main__][INFO] - Flow-matching step: 92/100
[2025-12-03 03:58:00,397][__main__][INFO] - Flow-matching step: 93/100
[2025-12-03 03:58:02,986][__main__][INFO] - Flow-matching step: 94/100
[2025-12-03 03:58:05,544][__main__][INFO] - Flow-matching step: 95/100
[2025-12-03 03:58:08,118][__main__][INFO] - Flow-matching step: 96/100
[2025-12-03 03:58:10,669][__main__][INFO] - Flow-matching step: 97/100
[2025-12-03 03:58:13,238][__main__][INFO] - Flow-matching step: 98/100
[2025-12-03 03:58:15,815][__main__][INFO] - Flow-matching step: 99/100
[2025-12-03 03:58:18,389][__main__][INFO] - Flow-matching step: 100/100
[2025-12-03 03:58:32,144][__main__][INFO] - Finished design in 4.51 minutes
[2025-12-03 03:58:32,183][__main__][INFO] - out_prefix_suffixed='/home/woodbuse/publication/metallohydrolase/github/Computational_Design_of_Metallohydrolases_PrivateGitHub/RFdiffusion2_Tutorial/outputs/rfdiffusion2_out/from_PDB_structure__ZN_PROTEASE/pdb_00001qji__theozyme_HEHH__lig_TSA_ORI_04_LENGTH_120_150__1_0-atomized-bb-False', conf.inference.guidepost_xyz_as_design_bb=False
[2025-12-03 03:58:32,248][__main__][INFO] - Idealizing atomized sidechains for pX0 of the last step...
[2025-12-03 03:58:34,120][__main__][INFO] - design : /home/woodbuse/publication/metallohydrolase/github/Computational_Design_of_Metallohydrolases_PrivateGitHub/RFdiffusion2_Tutorial/outputs/rfdiffusion2_out/from_PDB_structure__ZN_PROTEASE/pdb_00001qji__theozyme_HEHH__lig_TSA_ORI_04_LENGTH_120_150__1_0-atomized-bb-False.pdb
[2025-12-03 03:58:34,120][__main__][INFO] - Making design 1 of 0:2: /home/woodbuse/publication/metallohydrolase/github/Computational_Design_of_Metallohydrolases_PrivateGitHub/RFdiffusion2_Tutorial/outputs/rfdiffusion2_out/from_PDB_structure__ZN_PROTEASE/pdb_00001qji__theozyme_HEHH__lig_TSA_ORI_04_LENGTH_120_150__1_1
[2025-12-03 03:58:34,355][__main__][INFO] - Flow-matching step: 1/100
[2025-12-03 03:58:36,813][__main__][INFO] - Flow-matching step: 2/100
[2025-12-03 03:58:39,256][__main__][INFO] - Flow-matching step: 3/100
[2025-12-03 03:58:41,716][__main__][INFO] - Flow-matching step: 4/100
[2025-12-03 03:58:44,175][__main__][INFO] - Flow-matching step: 5/100
[2025-12-03 03:58:46,624][__main__][INFO] - Flow-matching step: 6/100
[2025-12-03 03:58:49,073][__main__][INFO] - Flow-matching step: 7/100
[2025-12-03 03:58:51,513][__main__][INFO] - Flow-matching step: 8/100
[2025-12-03 03:58:53,965][__main__][INFO] - Flow-matching step: 9/100
[2025-12-03 03:58:56,440][__main__][INFO] - Flow-matching step: 10/100
[2025-12-03 03:58:58,915][__main__][INFO] - Flow-matching step: 11/100
[2025-12-03 03:59:01,398][__main__][INFO] - Flow-matching step: 12/100
[2025-12-03 03:59:03,843][__main__][INFO] - Flow-matching step: 13/100
[2025-12-03 03:59:06,285][__main__][INFO] - Flow-matching step: 14/100
[2025-12-03 03:59:08,750][__main__][INFO] - Flow-matching step: 15/100
[2025-12-03 03:59:11,208][__main__][INFO] - Flow-matching step: 16/100
[2025-12-03 03:59:13,660][__main__][INFO] - Flow-matching step: 17/100
[2025-12-03 03:59:16,104][__main__][INFO] - Flow-matching step: 18/100
[2025-12-03 03:59:18,566][__main__][INFO] - Flow-matching step: 19/100
[2025-12-03 03:59:21,032][__main__][INFO] - Flow-matching step: 20/100
[2025-12-03 03:59:23,495][__main__][INFO] - Flow-matching step: 21/100
[2025-12-03 03:59:25,945][__main__][INFO] - Flow-matching step: 22/100
[2025-12-03 03:59:28,392][__main__][INFO] - Flow-matching step: 23/100
[2025-12-03 03:59:30,840][__main__][INFO] - Flow-matching step: 24/100
[2025-12-03 03:59:33,278][__main__][INFO] - Flow-matching step: 25/100
[2025-12-03 03:59:35,736][__main__][INFO] - Flow-matching step: 26/100
[2025-12-03 03:59:38,186][__main__][INFO] - Flow-matching step: 27/100
[2025-12-03 03:59:40,652][__main__][INFO] - Flow-matching step: 28/100
[2025-12-03 03:59:43,112][__main__][INFO] - Flow-matching step: 29/100
[2025-12-03 03:59:45,567][__main__][INFO] - Flow-matching step: 30/100
[2025-12-03 03:59:48,042][__main__][INFO] - Flow-matching step: 31/100
[2025-12-03 03:59:50,480][__main__][INFO] - Flow-matching step: 32/100
[2025-12-03 03:59:52,913][__main__][INFO] - Flow-matching step: 33/100
[2025-12-03 03:59:55,360][__main__][INFO] - Flow-matching step: 34/100
[2025-12-03 03:59:57,807][__main__][INFO] - Flow-matching step: 35/100
[2025-12-03 04:00:00,268][__main__][INFO] - Flow-matching step: 36/100
[2025-12-03 04:00:02,713][__main__][INFO] - Flow-matching step: 37/100
[2025-12-03 04:00:05,155][__main__][INFO] - Flow-matching step: 38/100
[2025-12-03 04:00:07,614][__main__][INFO] - Flow-matching step: 39/100
[2025-12-03 04:00:10,071][__main__][INFO] - Flow-matching step: 40/100
[2025-12-03 04:00:12,531][__main__][INFO] - Flow-matching step: 41/100
[2025-12-03 04:00:14,987][__main__][INFO] - Flow-matching step: 42/100
[2025-12-03 04:00:17,451][__main__][INFO] - Flow-matching step: 43/100
[2025-12-03 04:00:19,922][__main__][INFO] - Flow-matching step: 44/100
[2025-12-03 04:00:22,398][__main__][INFO] - Flow-matching step: 45/100
[2025-12-03 04:00:24,861][__main__][INFO] - Flow-matching step: 46/100
[2025-12-03 04:00:27,315][__main__][INFO] - Flow-matching step: 47/100
[2025-12-03 04:00:29,771][__main__][INFO] - Flow-matching step: 48/100
[2025-12-03 04:00:32,235][__main__][INFO] - Flow-matching step: 49/100
[2025-12-03 04:00:34,713][__main__][INFO] - Flow-matching step: 50/100
[2025-12-03 04:00:37,176][__main__][INFO] - Flow-matching step: 51/100
[2025-12-03 04:00:39,611][__main__][INFO] - Flow-matching step: 52/100
[2025-12-03 04:00:42,048][__main__][INFO] - Flow-matching step: 53/100
[2025-12-03 04:00:44,486][__main__][INFO] - Flow-matching step: 54/100
[2025-12-03 04:00:46,939][__main__][INFO] - Flow-matching step: 55/100
[2025-12-03 04:00:49,373][__main__][INFO] - Flow-matching step: 56/100
[2025-12-03 04:00:51,813][__main__][INFO] - Flow-matching step: 57/100
[2025-12-03 04:00:54,270][__main__][INFO] - Flow-matching step: 58/100
[2025-12-03 04:00:56,765][__main__][INFO] - Flow-matching step: 59/100
[2025-12-03 04:00:59,259][__main__][INFO] - Flow-matching step: 60/100
[2025-12-03 04:01:01,732][__main__][INFO] - Flow-matching step: 61/100
[2025-12-03 04:01:04,189][__main__][INFO] - Flow-matching step: 62/100
[2025-12-03 04:01:06,649][__main__][INFO] - Flow-matching step: 63/100
[2025-12-03 04:01:09,122][__main__][INFO] - Flow-matching step: 64/100
[2025-12-03 04:01:11,613][__main__][INFO] - Flow-matching step: 65/100
[2025-12-03 04:01:14,097][__main__][INFO] - Flow-matching step: 66/100
[2025-12-03 04:01:16,548][__main__][INFO] - Flow-matching step: 67/100
[2025-12-03 04:01:18,994][__main__][INFO] - Flow-matching step: 68/100
[2025-12-03 04:01:21,453][__main__][INFO] - Flow-matching step: 69/100
[2025-12-03 04:01:23,924][__main__][INFO] - Flow-matching step: 70/100
[2025-12-03 04:01:26,374][__main__][INFO] - Flow-matching step: 71/100
[2025-12-03 04:01:28,841][__main__][INFO] - Flow-matching step: 72/100
[2025-12-03 04:01:31,332][__main__][INFO] - Flow-matching step: 73/100
[2025-12-03 04:01:33,838][__main__][INFO] - Flow-matching step: 74/100
[2025-12-03 04:01:36,300][__main__][INFO] - Flow-matching step: 75/100
[2025-12-03 04:01:38,748][__main__][INFO] - Flow-matching step: 76/100
[2025-12-03 04:01:41,206][__main__][INFO] - Flow-matching step: 77/100
[2025-12-03 04:01:43,675][__main__][INFO] - Flow-matching step: 78/100
[2025-12-03 04:01:46,151][__main__][INFO] - Flow-matching step: 79/100
[2025-12-03 04:01:48,607][__main__][INFO] - Flow-matching step: 80/100
[2025-12-03 04:01:51,102][__main__][INFO] - Flow-matching step: 81/100
[2025-12-03 04:01:53,566][__main__][INFO] - Flow-matching step: 82/100
[2025-12-03 04:01:56,031][__main__][INFO] - Flow-matching step: 83/100
[2025-12-03 04:01:58,480][__main__][INFO] - Flow-matching step: 84/100
[2025-12-03 04:02:00,926][__main__][INFO] - Flow-matching step: 85/100
[2025-12-03 04:02:03,385][__main__][INFO] - Flow-matching step: 86/100
[2025-12-03 04:02:05,857][__main__][INFO] - Flow-matching step: 87/100
[2025-12-03 04:02:08,337][__main__][INFO] - Flow-matching step: 88/100
[2025-12-03 04:02:10,813][__main__][INFO] - Flow-matching step: 89/100
[2025-12-03 04:02:13,244][__main__][INFO] - Flow-matching step: 90/100
[2025-12-03 04:02:15,676][__main__][INFO] - Flow-matching step: 91/100
[2025-12-03 04:02:18,107][__main__][INFO] - Flow-matching step: 92/100
[2025-12-03 04:02:20,550][__main__][INFO] - Flow-matching step: 93/100
[2025-12-03 04:02:23,000][__main__][INFO] - Flow-matching step: 94/100
[2025-12-03 04:02:25,459][__main__][INFO] - Flow-matching step: 95/100
[2025-12-03 04:02:27,916][__main__][INFO] - Flow-matching step: 96/100
[2025-12-03 04:02:30,367][__main__][INFO] - Flow-matching step: 97/100
[2025-12-03 04:02:32,820][__main__][INFO] - Flow-matching step: 98/100
[2025-12-03 04:02:35,255][__main__][INFO] - Flow-matching step: 99/100
[2025-12-03 04:02:37,705][__main__][INFO] - Flow-matching step: 100/100
[2025-12-03 04:02:50,638][__main__][INFO] - Finished design in 4.28 minutes
[2025-12-03 04:02:50,677][__main__][INFO] - out_prefix_suffixed='/home/woodbuse/publication/metallohydrolase/github/Computational_Design_of_Metallohydrolases_PrivateGitHub/RFdiffusion2_Tutorial/outputs/rfdiffusion2_out/from_PDB_structure__ZN_PROTEASE/pdb_00001qji__theozyme_HEHH__lig_TSA_ORI_04_LENGTH_120_150__1_1-atomized-bb-False', conf.inference.guidepost_xyz_as_design_bb=False
[2025-12-03 04:02:50,727][__main__][INFO] - Idealizing atomized sidechains for pX0 of the last step...
[2025-12-03 04:02:52,376][__main__][INFO] - design : /home/woodbuse/publication/metallohydrolase/github/Computational_Design_of_Metallohydrolases_PrivateGitHub/RFdiffusion2_Tutorial/outputs/rfdiffusion2_out/from_PDB_structure__ZN_PROTEASE/pdb_00001qji__theozyme_HEHH__lig_TSA_ORI_04_LENGTH_120_150__1_1-atomized-bb-False.pdb
