[2025-12-03 02:38:02,921][rf_diffusion.config.config_format][INFO] - Translating obsolete key: extra_t1d_params -> ['extra_tXd_params']
[2025-12-03 02:38:02,922][rf_diffusion.config.config_format][INFO] - Translating obsolete key: extra_t1d -> ['extra_tXd']
[2025-12-03 02:38:06,159][__main__][INFO] - Making design 0 of 0:2: /home/woodbuse/publication/metallohydrolase/github/Computational_Design_of_Metallohydrolases_PrivateGitHub/RFdiffusion2_Tutorial/outputs/rfdiffusion2_out/from_PDB_structure__ZN_PROTEASE/pdb_00001qji__theozyme_HEHH__lig_TSA_ORI_01_LENGTH_170_190__1_0
[2025-12-03 02:38:06,501][se3_flow_matching.data.so3_utils][INFO] - Data loaded from .cache/cache_igso3_s0.100-1.500-1000_l1000_o1000-3.npz
[2025-12-03 02:38:06,583][__main__][INFO] - Flow-matching step: 1/100
[2025-12-03 02:38:11,404][__main__][INFO] - Flow-matching step: 2/100
[2025-12-03 02:38:14,909][__main__][INFO] - Flow-matching step: 3/100
[2025-12-03 02:38:18,396][__main__][INFO] - Flow-matching step: 4/100
[2025-12-03 02:38:21,875][__main__][INFO] - Flow-matching step: 5/100
[2025-12-03 02:38:25,336][__main__][INFO] - Flow-matching step: 6/100
[2025-12-03 02:38:28,795][__main__][INFO] - Flow-matching step: 7/100
[2025-12-03 02:38:32,249][__main__][INFO] - Flow-matching step: 8/100
[2025-12-03 02:38:35,707][__main__][INFO] - Flow-matching step: 9/100
[2025-12-03 02:38:39,161][__main__][INFO] - Flow-matching step: 10/100
[2025-12-03 02:38:42,631][__main__][INFO] - Flow-matching step: 11/100
[2025-12-03 02:38:46,108][__main__][INFO] - Flow-matching step: 12/100
[2025-12-03 02:38:49,585][__main__][INFO] - Flow-matching step: 13/100
[2025-12-03 02:38:53,039][__main__][INFO] - Flow-matching step: 14/100
[2025-12-03 02:38:56,509][__main__][INFO] - Flow-matching step: 15/100
[2025-12-03 02:38:59,974][__main__][INFO] - Flow-matching step: 16/100
[2025-12-03 02:39:03,438][__main__][INFO] - Flow-matching step: 17/100
[2025-12-03 02:39:06,898][__main__][INFO] - Flow-matching step: 18/100
[2025-12-03 02:39:10,384][__main__][INFO] - Flow-matching step: 19/100
[2025-12-03 02:39:13,860][__main__][INFO] - Flow-matching step: 20/100
[2025-12-03 02:39:17,335][__main__][INFO] - Flow-matching step: 21/100
[2025-12-03 02:39:20,811][__main__][INFO] - Flow-matching step: 22/100
[2025-12-03 02:39:24,293][__main__][INFO] - Flow-matching step: 23/100
[2025-12-03 02:39:27,764][__main__][INFO] - Flow-matching step: 24/100
[2025-12-03 02:39:31,234][__main__][INFO] - Flow-matching step: 25/100
[2025-12-03 02:39:34,753][__main__][INFO] - Flow-matching step: 26/100
[2025-12-03 02:39:38,269][__main__][INFO] - Flow-matching step: 27/100
[2025-12-03 02:39:41,752][__main__][INFO] - Flow-matching step: 28/100
[2025-12-03 02:39:45,220][__main__][INFO] - Flow-matching step: 29/100
[2025-12-03 02:39:48,683][__main__][INFO] - Flow-matching step: 30/100
[2025-12-03 02:39:52,156][__main__][INFO] - Flow-matching step: 31/100
[2025-12-03 02:39:55,627][__main__][INFO] - Flow-matching step: 32/100
[2025-12-03 02:39:59,097][__main__][INFO] - Flow-matching step: 33/100
[2025-12-03 02:40:02,586][__main__][INFO] - Flow-matching step: 34/100
[2025-12-03 02:40:06,074][__main__][INFO] - Flow-matching step: 35/100
[2025-12-03 02:40:09,583][__main__][INFO] - Flow-matching step: 36/100
[2025-12-03 02:40:13,068][__main__][INFO] - Flow-matching step: 37/100
[2025-12-03 02:40:16,558][__main__][INFO] - Flow-matching step: 38/100
[2025-12-03 02:40:20,052][__main__][INFO] - Flow-matching step: 39/100
[2025-12-03 02:40:23,523][__main__][INFO] - Flow-matching step: 40/100
[2025-12-03 02:40:27,002][__main__][INFO] - Flow-matching step: 41/100
[2025-12-03 02:40:30,469][__main__][INFO] - Flow-matching step: 42/100
[2025-12-03 02:40:33,947][__main__][INFO] - Flow-matching step: 43/100
[2025-12-03 02:40:37,404][__main__][INFO] - Flow-matching step: 44/100
[2025-12-03 02:40:40,870][__main__][INFO] - Flow-matching step: 45/100
[2025-12-03 02:40:44,327][__main__][INFO] - Flow-matching step: 46/100
[2025-12-03 02:40:47,777][__main__][INFO] - Flow-matching step: 47/100
[2025-12-03 02:40:51,236][__main__][INFO] - Flow-matching step: 48/100
[2025-12-03 02:40:54,718][__main__][INFO] - Flow-matching step: 49/100
[2025-12-03 02:40:58,197][__main__][INFO] - Flow-matching step: 50/100
[2025-12-03 02:41:01,697][__main__][INFO] - Flow-matching step: 51/100
[2025-12-03 02:41:05,165][__main__][INFO] - Flow-matching step: 52/100
[2025-12-03 02:41:08,624][__main__][INFO] - Flow-matching step: 53/100
[2025-12-03 02:41:12,081][__main__][INFO] - Flow-matching step: 54/100
[2025-12-03 02:41:15,531][__main__][INFO] - Flow-matching step: 55/100
[2025-12-03 02:41:18,992][__main__][INFO] - Flow-matching step: 56/100
[2025-12-03 02:41:22,468][__main__][INFO] - Flow-matching step: 57/100
[2025-12-03 02:41:25,937][__main__][INFO] - Flow-matching step: 58/100
[2025-12-03 02:41:29,416][__main__][INFO] - Flow-matching step: 59/100
[2025-12-03 02:41:32,872][__main__][INFO] - Flow-matching step: 60/100
[2025-12-03 02:41:36,344][__main__][INFO] - Flow-matching step: 61/100
[2025-12-03 02:41:39,829][__main__][INFO] - Flow-matching step: 62/100
[2025-12-03 02:41:43,328][__main__][INFO] - Flow-matching step: 63/100
[2025-12-03 02:41:46,801][__main__][INFO] - Flow-matching step: 64/100
[2025-12-03 02:41:50,281][__main__][INFO] - Flow-matching step: 65/100
[2025-12-03 02:41:53,762][__main__][INFO] - Flow-matching step: 66/100
[2025-12-03 02:41:57,263][__main__][INFO] - Flow-matching step: 67/100
[2025-12-03 02:42:00,744][__main__][INFO] - Flow-matching step: 68/100
[2025-12-03 02:42:04,220][__main__][INFO] - Flow-matching step: 69/100
[2025-12-03 02:42:07,696][__main__][INFO] - Flow-matching step: 70/100
[2025-12-03 02:42:11,175][__main__][INFO] - Flow-matching step: 71/100
[2025-12-03 02:42:14,661][__main__][INFO] - Flow-matching step: 72/100
[2025-12-03 02:42:18,155][__main__][INFO] - Flow-matching step: 73/100
[2025-12-03 02:42:21,637][__main__][INFO] - Flow-matching step: 74/100
[2025-12-03 02:42:25,159][__main__][INFO] - Flow-matching step: 75/100
[2025-12-03 02:42:28,636][__main__][INFO] - Flow-matching step: 76/100
[2025-12-03 02:42:32,113][__main__][INFO] - Flow-matching step: 77/100
[2025-12-03 02:42:35,602][__main__][INFO] - Flow-matching step: 78/100
[2025-12-03 02:42:39,080][__main__][INFO] - Flow-matching step: 79/100
[2025-12-03 02:42:42,542][__main__][INFO] - Flow-matching step: 80/100
[2025-12-03 02:42:45,993][__main__][INFO] - Flow-matching step: 81/100
[2025-12-03 02:42:49,456][__main__][INFO] - Flow-matching step: 82/100
[2025-12-03 02:42:52,930][__main__][INFO] - Flow-matching step: 83/100
[2025-12-03 02:42:56,401][__main__][INFO] - Flow-matching step: 84/100
[2025-12-03 02:42:59,881][__main__][INFO] - Flow-matching step: 85/100
[2025-12-03 02:43:03,376][__main__][INFO] - Flow-matching step: 86/100
[2025-12-03 02:43:06,828][__main__][INFO] - Flow-matching step: 87/100
[2025-12-03 02:43:10,286][__main__][INFO] - Flow-matching step: 88/100
[2025-12-03 02:43:13,745][__main__][INFO] - Flow-matching step: 89/100
[2025-12-03 02:43:17,219][__main__][INFO] - Flow-matching step: 90/100
[2025-12-03 02:43:20,680][__main__][INFO] - Flow-matching step: 91/100
[2025-12-03 02:43:24,131][__main__][INFO] - Flow-matching step: 92/100
[2025-12-03 02:43:27,607][__main__][INFO] - Flow-matching step: 93/100
[2025-12-03 02:43:31,065][__main__][INFO] - Flow-matching step: 94/100
[2025-12-03 02:43:34,522][__main__][INFO] - Flow-matching step: 95/100
[2025-12-03 02:43:37,992][__main__][INFO] - Flow-matching step: 96/100
[2025-12-03 02:43:41,442][__main__][INFO] - Flow-matching step: 97/100
[2025-12-03 02:43:44,911][__main__][INFO] - Flow-matching step: 98/100
[2025-12-03 02:43:48,376][__main__][INFO] - Flow-matching step: 99/100
[2025-12-03 02:43:51,872][__main__][INFO] - Flow-matching step: 100/100
[2025-12-03 02:44:07,921][__main__][INFO] - Finished design in 6.03 minutes
[2025-12-03 02:44:07,959][__main__][INFO] - out_prefix_suffixed='/home/woodbuse/publication/metallohydrolase/github/Computational_Design_of_Metallohydrolases_PrivateGitHub/RFdiffusion2_Tutorial/outputs/rfdiffusion2_out/from_PDB_structure__ZN_PROTEASE/pdb_00001qji__theozyme_HEHH__lig_TSA_ORI_01_LENGTH_170_190__1_0-atomized-bb-False', conf.inference.guidepost_xyz_as_design_bb=False
[2025-12-03 02:44:08,049][__main__][INFO] - Idealizing atomized sidechains for pX0 of the last step...
[2025-12-03 02:44:10,217][__main__][INFO] - design : /home/woodbuse/publication/metallohydrolase/github/Computational_Design_of_Metallohydrolases_PrivateGitHub/RFdiffusion2_Tutorial/outputs/rfdiffusion2_out/from_PDB_structure__ZN_PROTEASE/pdb_00001qji__theozyme_HEHH__lig_TSA_ORI_01_LENGTH_170_190__1_0-atomized-bb-False.pdb
[2025-12-03 02:44:10,218][__main__][INFO] - Making design 1 of 0:2: /home/woodbuse/publication/metallohydrolase/github/Computational_Design_of_Metallohydrolases_PrivateGitHub/RFdiffusion2_Tutorial/outputs/rfdiffusion2_out/from_PDB_structure__ZN_PROTEASE/pdb_00001qji__theozyme_HEHH__lig_TSA_ORI_01_LENGTH_170_190__1_1
[2025-12-03 02:44:10,555][__main__][INFO] - Flow-matching step: 1/100
[2025-12-03 02:44:13,877][__main__][INFO] - Flow-matching step: 2/100
[2025-12-03 02:44:17,196][__main__][INFO] - Flow-matching step: 3/100
[2025-12-03 02:44:20,499][__main__][INFO] - Flow-matching step: 4/100
[2025-12-03 02:44:23,804][__main__][INFO] - Flow-matching step: 5/100
[2025-12-03 02:44:27,105][__main__][INFO] - Flow-matching step: 6/100
[2025-12-03 02:44:30,415][__main__][INFO] - Flow-matching step: 7/100
[2025-12-03 02:44:33,729][__main__][INFO] - Flow-matching step: 8/100
[2025-12-03 02:44:37,053][__main__][INFO] - Flow-matching step: 9/100
[2025-12-03 02:44:40,384][__main__][INFO] - Flow-matching step: 10/100
[2025-12-03 02:44:43,691][__main__][INFO] - Flow-matching step: 11/100
[2025-12-03 02:44:46,997][__main__][INFO] - Flow-matching step: 12/100
[2025-12-03 02:44:50,315][__main__][INFO] - Flow-matching step: 13/100
[2025-12-03 02:44:53,623][__main__][INFO] - Flow-matching step: 14/100
[2025-12-03 02:44:56,931][__main__][INFO] - Flow-matching step: 15/100
[2025-12-03 02:45:00,221][__main__][INFO] - Flow-matching step: 16/100
[2025-12-03 02:45:03,520][__main__][INFO] - Flow-matching step: 17/100
[2025-12-03 02:45:06,802][__main__][INFO] - Flow-matching step: 18/100
[2025-12-03 02:45:10,071][__main__][INFO] - Flow-matching step: 19/100
[2025-12-03 02:45:13,375][__main__][INFO] - Flow-matching step: 20/100
[2025-12-03 02:45:16,672][__main__][INFO] - Flow-matching step: 21/100
[2025-12-03 02:45:19,967][__main__][INFO] - Flow-matching step: 22/100
[2025-12-03 02:45:23,262][__main__][INFO] - Flow-matching step: 23/100
[2025-12-03 02:45:26,574][__main__][INFO] - Flow-matching step: 24/100
[2025-12-03 02:45:29,878][__main__][INFO] - Flow-matching step: 25/100
[2025-12-03 02:45:33,185][__main__][INFO] - Flow-matching step: 26/100
[2025-12-03 02:45:36,477][__main__][INFO] - Flow-matching step: 27/100
[2025-12-03 02:45:39,751][__main__][INFO] - Flow-matching step: 28/100
[2025-12-03 02:45:43,036][__main__][INFO] - Flow-matching step: 29/100
[2025-12-03 02:45:46,335][__main__][INFO] - Flow-matching step: 30/100
[2025-12-03 02:45:49,641][__main__][INFO] - Flow-matching step: 31/100
[2025-12-03 02:45:52,945][__main__][INFO] - Flow-matching step: 32/100
[2025-12-03 02:45:56,230][__main__][INFO] - Flow-matching step: 33/100
[2025-12-03 02:45:59,520][__main__][INFO] - Flow-matching step: 34/100
[2025-12-03 02:46:02,809][__main__][INFO] - Flow-matching step: 35/100
[2025-12-03 02:46:06,111][__main__][INFO] - Flow-matching step: 36/100
[2025-12-03 02:46:09,414][__main__][INFO] - Flow-matching step: 37/100
[2025-12-03 02:46:12,725][__main__][INFO] - Flow-matching step: 38/100
[2025-12-03 02:46:16,045][__main__][INFO] - Flow-matching step: 39/100
[2025-12-03 02:46:19,349][__main__][INFO] - Flow-matching step: 40/100
[2025-12-03 02:46:22,654][__main__][INFO] - Flow-matching step: 41/100
[2025-12-03 02:46:25,954][__main__][INFO] - Flow-matching step: 42/100
[2025-12-03 02:46:29,261][__main__][INFO] - Flow-matching step: 43/100
[2025-12-03 02:46:32,572][__main__][INFO] - Flow-matching step: 44/100
[2025-12-03 02:46:35,893][__main__][INFO] - Flow-matching step: 45/100
[2025-12-03 02:46:39,204][__main__][INFO] - Flow-matching step: 46/100
[2025-12-03 02:46:42,504][__main__][INFO] - Flow-matching step: 47/100
[2025-12-03 02:46:45,809][__main__][INFO] - Flow-matching step: 48/100
[2025-12-03 02:46:49,115][__main__][INFO] - Flow-matching step: 49/100
[2025-12-03 02:46:52,421][__main__][INFO] - Flow-matching step: 50/100
[2025-12-03 02:46:55,723][__main__][INFO] - Flow-matching step: 51/100
[2025-12-03 02:46:59,022][__main__][INFO] - Flow-matching step: 52/100
[2025-12-03 02:47:02,336][__main__][INFO] - Flow-matching step: 53/100
[2025-12-03 02:47:05,620][__main__][INFO] - Flow-matching step: 54/100
[2025-12-03 02:47:08,906][__main__][INFO] - Flow-matching step: 55/100
[2025-12-03 02:47:12,200][__main__][INFO] - Flow-matching step: 56/100
[2025-12-03 02:47:15,500][__main__][INFO] - Flow-matching step: 57/100
[2025-12-03 02:47:18,804][__main__][INFO] - Flow-matching step: 58/100
[2025-12-03 02:47:22,106][__main__][INFO] - Flow-matching step: 59/100
[2025-12-03 02:47:25,401][__main__][INFO] - Flow-matching step: 60/100
[2025-12-03 02:47:28,662][__main__][INFO] - Flow-matching step: 61/100
[2025-12-03 02:47:31,928][__main__][INFO] - Flow-matching step: 62/100
[2025-12-03 02:47:35,207][__main__][INFO] - Flow-matching step: 63/100
[2025-12-03 02:47:38,506][__main__][INFO] - Flow-matching step: 64/100
[2025-12-03 02:47:41,770][__main__][INFO] - Flow-matching step: 65/100
[2025-12-03 02:47:45,055][__main__][INFO] - Flow-matching step: 66/100
[2025-12-03 02:47:48,340][__main__][INFO] - Flow-matching step: 67/100
[2025-12-03 02:47:51,627][__main__][INFO] - Flow-matching step: 68/100
[2025-12-03 02:47:54,934][__main__][INFO] - Flow-matching step: 69/100
[2025-12-03 02:47:58,256][__main__][INFO] - Flow-matching step: 70/100
[2025-12-03 02:48:01,594][__main__][INFO] - Flow-matching step: 71/100
[2025-12-03 02:48:04,888][__main__][INFO] - Flow-matching step: 72/100
[2025-12-03 02:48:08,167][__main__][INFO] - Flow-matching step: 73/100
[2025-12-03 02:48:11,466][__main__][INFO] - Flow-matching step: 74/100
[2025-12-03 02:48:14,759][__main__][INFO] - Flow-matching step: 75/100
[2025-12-03 02:48:18,080][__main__][INFO] - Flow-matching step: 76/100
[2025-12-03 02:48:21,395][__main__][INFO] - Flow-matching step: 77/100
[2025-12-03 02:48:24,709][__main__][INFO] - Flow-matching step: 78/100
[2025-12-03 02:48:28,016][__main__][INFO] - Flow-matching step: 79/100
[2025-12-03 02:48:31,346][__main__][INFO] - Flow-matching step: 80/100
[2025-12-03 02:48:34,673][__main__][INFO] - Flow-matching step: 81/100
[2025-12-03 02:48:37,984][__main__][INFO] - Flow-matching step: 82/100
[2025-12-03 02:48:41,302][__main__][INFO] - Flow-matching step: 83/100
[2025-12-03 02:48:44,609][__main__][INFO] - Flow-matching step: 84/100
[2025-12-03 02:48:47,904][__main__][INFO] - Flow-matching step: 85/100
[2025-12-03 02:48:51,197][__main__][INFO] - Flow-matching step: 86/100
[2025-12-03 02:48:54,505][__main__][INFO] - Flow-matching step: 87/100
[2025-12-03 02:48:57,811][__main__][INFO] - Flow-matching step: 88/100
[2025-12-03 02:49:01,110][__main__][INFO] - Flow-matching step: 89/100
[2025-12-03 02:49:04,426][__main__][INFO] - Flow-matching step: 90/100
[2025-12-03 02:49:07,717][__main__][INFO] - Flow-matching step: 91/100
[2025-12-03 02:49:11,022][__main__][INFO] - Flow-matching step: 92/100
[2025-12-03 02:49:14,311][__main__][INFO] - Flow-matching step: 93/100
[2025-12-03 02:49:17,619][__main__][INFO] - Flow-matching step: 94/100
[2025-12-03 02:49:20,919][__main__][INFO] - Flow-matching step: 95/100
[2025-12-03 02:49:24,214][__main__][INFO] - Flow-matching step: 96/100
[2025-12-03 02:49:27,490][__main__][INFO] - Flow-matching step: 97/100
[2025-12-03 02:49:30,751][__main__][INFO] - Flow-matching step: 98/100
[2025-12-03 02:49:34,033][__main__][INFO] - Flow-matching step: 99/100
[2025-12-03 02:49:37,322][__main__][INFO] - Flow-matching step: 100/100
[2025-12-03 02:49:52,449][__main__][INFO] - Finished design in 5.70 minutes
[2025-12-03 02:49:52,487][__main__][INFO] - out_prefix_suffixed='/home/woodbuse/publication/metallohydrolase/github/Computational_Design_of_Metallohydrolases_PrivateGitHub/RFdiffusion2_Tutorial/outputs/rfdiffusion2_out/from_PDB_structure__ZN_PROTEASE/pdb_00001qji__theozyme_HEHH__lig_TSA_ORI_01_LENGTH_170_190__1_1-atomized-bb-False', conf.inference.guidepost_xyz_as_design_bb=False
[2025-12-03 02:49:52,558][__main__][INFO] - Idealizing atomized sidechains for pX0 of the last step...
[2025-12-03 02:49:54,305][__main__][INFO] - design : /home/woodbuse/publication/metallohydrolase/github/Computational_Design_of_Metallohydrolases_PrivateGitHub/RFdiffusion2_Tutorial/outputs/rfdiffusion2_out/from_PDB_structure__ZN_PROTEASE/pdb_00001qji__theozyme_HEHH__lig_TSA_ORI_01_LENGTH_170_190__1_1-atomized-bb-False.pdb
