[2025-12-03 02:27:19,813][rf_diffusion.config.config_format][INFO] - Translating obsolete key: extra_t1d -> ['extra_tXd']
[2025-12-03 02:27:19,814][rf_diffusion.config.config_format][INFO] - Translating obsolete key: extra_t1d_params -> ['extra_tXd_params']
[2025-12-03 02:27:24,752][__main__][INFO] - Making design 0 of 0:2: /home/woodbuse/publication/metallohydrolase/github/Computational_Design_of_Metallohydrolases_PrivateGitHub/RFdiffusion2_Tutorial/outputs/rfdiffusion2_out/from_quantum_chemistry__ZN_ESTERASE/ZETA_2__theozyme_optTS_geom_HHHE__lig_SZD_artificialBB_ORI_04_LENGTH_110_140__1_0
[2025-12-03 02:27:24,964][se3_flow_matching.data.so3_utils][INFO] - Data loaded from .cache/cache_igso3_s0.100-1.500-1000_l1000_o1000-3.npz
[2025-12-03 02:27:25,024][__main__][INFO] - Flow-matching step: 1/100
[2025-12-03 02:27:28,784][__main__][INFO] - Flow-matching step: 2/100
[2025-12-03 02:27:31,002][__main__][INFO] - Flow-matching step: 3/100
[2025-12-03 02:27:33,205][__main__][INFO] - Flow-matching step: 4/100
[2025-12-03 02:27:35,417][__main__][INFO] - Flow-matching step: 5/100
[2025-12-03 02:27:37,631][__main__][INFO] - Flow-matching step: 6/100
[2025-12-03 02:27:39,849][__main__][INFO] - Flow-matching step: 7/100
[2025-12-03 02:27:42,063][__main__][INFO] - Flow-matching step: 8/100
[2025-12-03 02:27:44,278][__main__][INFO] - Flow-matching step: 9/100
[2025-12-03 02:27:46,494][__main__][INFO] - Flow-matching step: 10/100
[2025-12-03 02:27:48,706][__main__][INFO] - Flow-matching step: 11/100
[2025-12-03 02:27:50,935][__main__][INFO] - Flow-matching step: 12/100
[2025-12-03 02:27:53,159][__main__][INFO] - Flow-matching step: 13/100
[2025-12-03 02:27:55,367][__main__][INFO] - Flow-matching step: 14/100
[2025-12-03 02:27:57,575][__main__][INFO] - Flow-matching step: 15/100
[2025-12-03 02:27:59,790][__main__][INFO] - Flow-matching step: 16/100
[2025-12-03 02:28:01,982][__main__][INFO] - Flow-matching step: 17/100
[2025-12-03 02:28:04,197][__main__][INFO] - Flow-matching step: 18/100
[2025-12-03 02:28:06,431][__main__][INFO] - Flow-matching step: 19/100
[2025-12-03 02:28:08,650][__main__][INFO] - Flow-matching step: 20/100
[2025-12-03 02:28:10,852][__main__][INFO] - Flow-matching step: 21/100
[2025-12-03 02:28:13,057][__main__][INFO] - Flow-matching step: 22/100
[2025-12-03 02:28:15,273][__main__][INFO] - Flow-matching step: 23/100
[2025-12-03 02:28:17,489][__main__][INFO] - Flow-matching step: 24/100
[2025-12-03 02:28:19,692][__main__][INFO] - Flow-matching step: 25/100
[2025-12-03 02:28:21,902][__main__][INFO] - Flow-matching step: 26/100
[2025-12-03 02:28:24,108][__main__][INFO] - Flow-matching step: 27/100
[2025-12-03 02:28:26,305][__main__][INFO] - Flow-matching step: 28/100
[2025-12-03 02:28:28,505][__main__][INFO] - Flow-matching step: 29/100
[2025-12-03 02:28:30,719][__main__][INFO] - Flow-matching step: 30/100
[2025-12-03 02:28:32,934][__main__][INFO] - Flow-matching step: 31/100
[2025-12-03 02:28:35,160][__main__][INFO] - Flow-matching step: 32/100
[2025-12-03 02:28:37,389][__main__][INFO] - Flow-matching step: 33/100
[2025-12-03 02:28:39,606][__main__][INFO] - Flow-matching step: 34/100
[2025-12-03 02:28:41,830][__main__][INFO] - Flow-matching step: 35/100
[2025-12-03 02:28:44,055][__main__][INFO] - Flow-matching step: 36/100
[2025-12-03 02:28:46,279][__main__][INFO] - Flow-matching step: 37/100
[2025-12-03 02:28:48,519][__main__][INFO] - Flow-matching step: 38/100
[2025-12-03 02:28:50,757][__main__][INFO] - Flow-matching step: 39/100
[2025-12-03 02:28:52,998][__main__][INFO] - Flow-matching step: 40/100
[2025-12-03 02:28:55,226][__main__][INFO] - Flow-matching step: 41/100
[2025-12-03 02:28:57,455][__main__][INFO] - Flow-matching step: 42/100
[2025-12-03 02:28:59,688][__main__][INFO] - Flow-matching step: 43/100
[2025-12-03 02:29:01,922][__main__][INFO] - Flow-matching step: 44/100
[2025-12-03 02:29:04,160][__main__][INFO] - Flow-matching step: 45/100
[2025-12-03 02:29:06,406][__main__][INFO] - Flow-matching step: 46/100
[2025-12-03 02:29:08,631][__main__][INFO] - Flow-matching step: 47/100
[2025-12-03 02:29:10,857][__main__][INFO] - Flow-matching step: 48/100
[2025-12-03 02:29:13,076][__main__][INFO] - Flow-matching step: 49/100
[2025-12-03 02:29:15,292][__main__][INFO] - Flow-matching step: 50/100
[2025-12-03 02:29:17,508][__main__][INFO] - Flow-matching step: 51/100
[2025-12-03 02:29:19,732][__main__][INFO] - Flow-matching step: 52/100
[2025-12-03 02:29:21,958][__main__][INFO] - Flow-matching step: 53/100
[2025-12-03 02:29:24,182][__main__][INFO] - Flow-matching step: 54/100
[2025-12-03 02:29:26,404][__main__][INFO] - Flow-matching step: 55/100
[2025-12-03 02:29:28,636][__main__][INFO] - Flow-matching step: 56/100
[2025-12-03 02:29:30,876][__main__][INFO] - Flow-matching step: 57/100
[2025-12-03 02:29:33,139][__main__][INFO] - Flow-matching step: 58/100
[2025-12-03 02:29:35,386][__main__][INFO] - Flow-matching step: 59/100
[2025-12-03 02:29:37,630][__main__][INFO] - Flow-matching step: 60/100
[2025-12-03 02:29:39,880][__main__][INFO] - Flow-matching step: 61/100
[2025-12-03 02:29:42,122][__main__][INFO] - Flow-matching step: 62/100
[2025-12-03 02:29:44,349][__main__][INFO] - Flow-matching step: 63/100
[2025-12-03 02:29:46,580][__main__][INFO] - Flow-matching step: 64/100
[2025-12-03 02:29:48,808][__main__][INFO] - Flow-matching step: 65/100
[2025-12-03 02:29:51,056][__main__][INFO] - Flow-matching step: 66/100
[2025-12-03 02:29:53,291][__main__][INFO] - Flow-matching step: 67/100
[2025-12-03 02:29:55,526][__main__][INFO] - Flow-matching step: 68/100
[2025-12-03 02:29:57,765][__main__][INFO] - Flow-matching step: 69/100
[2025-12-03 02:30:00,004][__main__][INFO] - Flow-matching step: 70/100
[2025-12-03 02:30:02,253][__main__][INFO] - Flow-matching step: 71/100
[2025-12-03 02:30:04,507][__main__][INFO] - Flow-matching step: 72/100
[2025-12-03 02:30:06,746][__main__][INFO] - Flow-matching step: 73/100
[2025-12-03 02:30:08,983][__main__][INFO] - Flow-matching step: 74/100
[2025-12-03 02:30:11,211][__main__][INFO] - Flow-matching step: 75/100
[2025-12-03 02:30:13,443][__main__][INFO] - Flow-matching step: 76/100
[2025-12-03 02:30:15,675][__main__][INFO] - Flow-matching step: 77/100
[2025-12-03 02:30:17,898][__main__][INFO] - Flow-matching step: 78/100
[2025-12-03 02:30:20,118][__main__][INFO] - Flow-matching step: 79/100
[2025-12-03 02:30:22,341][__main__][INFO] - Flow-matching step: 80/100
[2025-12-03 02:30:24,572][__main__][INFO] - Flow-matching step: 81/100
[2025-12-03 02:30:26,803][__main__][INFO] - Flow-matching step: 82/100
[2025-12-03 02:30:29,025][__main__][INFO] - Flow-matching step: 83/100
[2025-12-03 02:30:31,260][__main__][INFO] - Flow-matching step: 84/100
[2025-12-03 02:30:33,498][__main__][INFO] - Flow-matching step: 85/100
[2025-12-03 02:30:35,721][__main__][INFO] - Flow-matching step: 86/100
[2025-12-03 02:30:37,946][__main__][INFO] - Flow-matching step: 87/100
[2025-12-03 02:30:40,167][__main__][INFO] - Flow-matching step: 88/100
[2025-12-03 02:30:42,391][__main__][INFO] - Flow-matching step: 89/100
[2025-12-03 02:30:44,620][__main__][INFO] - Flow-matching step: 90/100
[2025-12-03 02:30:46,842][__main__][INFO] - Flow-matching step: 91/100
[2025-12-03 02:30:49,065][__main__][INFO] - Flow-matching step: 92/100
[2025-12-03 02:30:51,318][__main__][INFO] - Flow-matching step: 93/100
[2025-12-03 02:30:53,560][__main__][INFO] - Flow-matching step: 94/100
[2025-12-03 02:30:55,805][__main__][INFO] - Flow-matching step: 95/100
[2025-12-03 02:30:58,049][__main__][INFO] - Flow-matching step: 96/100
[2025-12-03 02:31:00,309][__main__][INFO] - Flow-matching step: 97/100
[2025-12-03 02:31:02,564][__main__][INFO] - Flow-matching step: 98/100
[2025-12-03 02:31:04,814][__main__][INFO] - Flow-matching step: 99/100
[2025-12-03 02:31:07,065][__main__][INFO] - Flow-matching step: 100/100
[2025-12-03 02:31:18,158][__main__][INFO] - Finished design in 3.89 minutes
[2025-12-03 02:31:18,202][__main__][INFO] - out_prefix_suffixed='/home/woodbuse/publication/metallohydrolase/github/Computational_Design_of_Metallohydrolases_PrivateGitHub/RFdiffusion2_Tutorial/outputs/rfdiffusion2_out/from_quantum_chemistry__ZN_ESTERASE/ZETA_2__theozyme_optTS_geom_HHHE__lig_SZD_artificialBB_ORI_04_LENGTH_110_140__1_0-atomized-bb-False', conf.inference.guidepost_xyz_as_design_bb=False
[2025-12-03 02:31:18,463][__main__][INFO] - Idealizing atomized sidechains for pX0 of the last step...
[2025-12-03 02:31:20,408][__main__][INFO] - design : /home/woodbuse/publication/metallohydrolase/github/Computational_Design_of_Metallohydrolases_PrivateGitHub/RFdiffusion2_Tutorial/outputs/rfdiffusion2_out/from_quantum_chemistry__ZN_ESTERASE/ZETA_2__theozyme_optTS_geom_HHHE__lig_SZD_artificialBB_ORI_04_LENGTH_110_140__1_0-atomized-bb-False.pdb
[2025-12-03 02:31:20,409][__main__][INFO] - Making design 1 of 0:2: /home/woodbuse/publication/metallohydrolase/github/Computational_Design_of_Metallohydrolases_PrivateGitHub/RFdiffusion2_Tutorial/outputs/rfdiffusion2_out/from_quantum_chemistry__ZN_ESTERASE/ZETA_2__theozyme_optTS_geom_HHHE__lig_SZD_artificialBB_ORI_04_LENGTH_110_140__1_1
[2025-12-03 02:31:20,638][__main__][INFO] - Flow-matching step: 1/100
[2025-12-03 02:31:22,964][__main__][INFO] - Flow-matching step: 2/100
[2025-12-03 02:31:25,289][__main__][INFO] - Flow-matching step: 3/100
[2025-12-03 02:31:27,635][__main__][INFO] - Flow-matching step: 4/100
[2025-12-03 02:31:29,984][__main__][INFO] - Flow-matching step: 5/100
[2025-12-03 02:31:32,323][__main__][INFO] - Flow-matching step: 6/100
[2025-12-03 02:31:34,658][__main__][INFO] - Flow-matching step: 7/100
[2025-12-03 02:31:37,006][__main__][INFO] - Flow-matching step: 8/100
[2025-12-03 02:31:39,356][__main__][INFO] - Flow-matching step: 9/100
[2025-12-03 02:31:41,696][__main__][INFO] - Flow-matching step: 10/100
[2025-12-03 02:31:44,035][__main__][INFO] - Flow-matching step: 11/100
[2025-12-03 02:31:46,372][__main__][INFO] - Flow-matching step: 12/100
[2025-12-03 02:31:48,714][__main__][INFO] - Flow-matching step: 13/100
[2025-12-03 02:31:51,076][__main__][INFO] - Flow-matching step: 14/100
[2025-12-03 02:31:53,409][__main__][INFO] - Flow-matching step: 15/100
[2025-12-03 02:31:55,746][__main__][INFO] - Flow-matching step: 16/100
[2025-12-03 02:31:58,110][__main__][INFO] - Flow-matching step: 17/100
[2025-12-03 02:32:00,452][__main__][INFO] - Flow-matching step: 18/100
[2025-12-03 02:32:02,787][__main__][INFO] - Flow-matching step: 19/100
[2025-12-03 02:32:05,120][__main__][INFO] - Flow-matching step: 20/100
[2025-12-03 02:32:07,453][__main__][INFO] - Flow-matching step: 21/100
[2025-12-03 02:32:09,780][__main__][INFO] - Flow-matching step: 22/100
[2025-12-03 02:32:12,125][__main__][INFO] - Flow-matching step: 23/100
[2025-12-03 02:32:14,484][__main__][INFO] - Flow-matching step: 24/100
[2025-12-03 02:32:16,845][__main__][INFO] - Flow-matching step: 25/100
[2025-12-03 02:32:19,209][__main__][INFO] - Flow-matching step: 26/100
[2025-12-03 02:32:21,566][__main__][INFO] - Flow-matching step: 27/100
[2025-12-03 02:32:23,931][__main__][INFO] - Flow-matching step: 28/100
[2025-12-03 02:32:26,311][__main__][INFO] - Flow-matching step: 29/100
[2025-12-03 02:32:28,685][__main__][INFO] - Flow-matching step: 30/100
[2025-12-03 02:32:31,049][__main__][INFO] - Flow-matching step: 31/100
[2025-12-03 02:32:33,410][__main__][INFO] - Flow-matching step: 32/100
[2025-12-03 02:32:35,774][__main__][INFO] - Flow-matching step: 33/100
[2025-12-03 02:32:38,136][__main__][INFO] - Flow-matching step: 34/100
[2025-12-03 02:32:40,504][__main__][INFO] - Flow-matching step: 35/100
[2025-12-03 02:32:42,858][__main__][INFO] - Flow-matching step: 36/100
[2025-12-03 02:32:45,212][__main__][INFO] - Flow-matching step: 37/100
[2025-12-03 02:32:47,567][__main__][INFO] - Flow-matching step: 38/100
[2025-12-03 02:32:49,927][__main__][INFO] - Flow-matching step: 39/100
[2025-12-03 02:32:52,292][__main__][INFO] - Flow-matching step: 40/100
[2025-12-03 02:32:54,665][__main__][INFO] - Flow-matching step: 41/100
[2025-12-03 02:32:57,034][__main__][INFO] - Flow-matching step: 42/100
[2025-12-03 02:32:59,402][__main__][INFO] - Flow-matching step: 43/100
[2025-12-03 02:33:01,751][__main__][INFO] - Flow-matching step: 44/100
[2025-12-03 02:33:04,117][__main__][INFO] - Flow-matching step: 45/100
[2025-12-03 02:33:06,478][__main__][INFO] - Flow-matching step: 46/100
[2025-12-03 02:33:08,847][__main__][INFO] - Flow-matching step: 47/100
[2025-12-03 02:33:11,207][__main__][INFO] - Flow-matching step: 48/100
[2025-12-03 02:33:13,584][__main__][INFO] - Flow-matching step: 49/100
[2025-12-03 02:33:15,973][__main__][INFO] - Flow-matching step: 50/100
[2025-12-03 02:33:18,364][__main__][INFO] - Flow-matching step: 51/100
[2025-12-03 02:33:20,756][__main__][INFO] - Flow-matching step: 52/100
[2025-12-03 02:33:23,152][__main__][INFO] - Flow-matching step: 53/100
[2025-12-03 02:33:25,548][__main__][INFO] - Flow-matching step: 54/100
[2025-12-03 02:33:27,927][__main__][INFO] - Flow-matching step: 55/100
[2025-12-03 02:33:30,307][__main__][INFO] - Flow-matching step: 56/100
[2025-12-03 02:33:32,682][__main__][INFO] - Flow-matching step: 57/100
[2025-12-03 02:33:35,047][__main__][INFO] - Flow-matching step: 58/100
[2025-12-03 02:33:37,417][__main__][INFO] - Flow-matching step: 59/100
[2025-12-03 02:33:39,791][__main__][INFO] - Flow-matching step: 60/100
[2025-12-03 02:33:42,161][__main__][INFO] - Flow-matching step: 61/100
[2025-12-03 02:33:44,540][__main__][INFO] - Flow-matching step: 62/100
[2025-12-03 02:33:46,909][__main__][INFO] - Flow-matching step: 63/100
[2025-12-03 02:33:49,262][__main__][INFO] - Flow-matching step: 64/100
[2025-12-03 02:33:51,637][__main__][INFO] - Flow-matching step: 65/100
[2025-12-03 02:33:54,003][__main__][INFO] - Flow-matching step: 66/100
[2025-12-03 02:33:56,374][__main__][INFO] - Flow-matching step: 67/100
[2025-12-03 02:33:58,746][__main__][INFO] - Flow-matching step: 68/100
[2025-12-03 02:34:01,126][__main__][INFO] - Flow-matching step: 69/100
[2025-12-03 02:34:03,506][__main__][INFO] - Flow-matching step: 70/100
[2025-12-03 02:34:05,885][__main__][INFO] - Flow-matching step: 71/100
[2025-12-03 02:34:08,262][__main__][INFO] - Flow-matching step: 72/100
[2025-12-03 02:34:10,624][__main__][INFO] - Flow-matching step: 73/100
[2025-12-03 02:34:12,986][__main__][INFO] - Flow-matching step: 74/100
[2025-12-03 02:34:15,361][__main__][INFO] - Flow-matching step: 75/100
[2025-12-03 02:34:17,735][__main__][INFO] - Flow-matching step: 76/100
[2025-12-03 02:34:20,103][__main__][INFO] - Flow-matching step: 77/100
[2025-12-03 02:34:22,478][__main__][INFO] - Flow-matching step: 78/100
[2025-12-03 02:34:24,839][__main__][INFO] - Flow-matching step: 79/100
[2025-12-03 02:34:27,202][__main__][INFO] - Flow-matching step: 80/100
[2025-12-03 02:34:29,560][__main__][INFO] - Flow-matching step: 81/100
[2025-12-03 02:34:31,917][__main__][INFO] - Flow-matching step: 82/100
[2025-12-03 02:34:34,280][__main__][INFO] - Flow-matching step: 83/100
[2025-12-03 02:34:36,648][__main__][INFO] - Flow-matching step: 84/100
[2025-12-03 02:34:39,022][__main__][INFO] - Flow-matching step: 85/100
[2025-12-03 02:34:41,387][__main__][INFO] - Flow-matching step: 86/100
[2025-12-03 02:34:43,758][__main__][INFO] - Flow-matching step: 87/100
[2025-12-03 02:34:46,126][__main__][INFO] - Flow-matching step: 88/100
[2025-12-03 02:34:48,497][__main__][INFO] - Flow-matching step: 89/100
[2025-12-03 02:34:50,874][__main__][INFO] - Flow-matching step: 90/100
[2025-12-03 02:34:53,238][__main__][INFO] - Flow-matching step: 91/100
[2025-12-03 02:34:55,596][__main__][INFO] - Flow-matching step: 92/100
[2025-12-03 02:34:57,950][__main__][INFO] - Flow-matching step: 93/100
[2025-12-03 02:35:00,300][__main__][INFO] - Flow-matching step: 94/100
[2025-12-03 02:35:02,653][__main__][INFO] - Flow-matching step: 95/100
[2025-12-03 02:35:05,009][__main__][INFO] - Flow-matching step: 96/100
[2025-12-03 02:35:07,368][__main__][INFO] - Flow-matching step: 97/100
[2025-12-03 02:35:09,737][__main__][INFO] - Flow-matching step: 98/100
[2025-12-03 02:35:12,101][__main__][INFO] - Flow-matching step: 99/100
[2025-12-03 02:35:14,467][__main__][INFO] - Flow-matching step: 100/100
[2025-12-03 02:35:25,991][__main__][INFO] - Finished design in 4.09 minutes
[2025-12-03 02:35:26,035][__main__][INFO] - out_prefix_suffixed='/home/woodbuse/publication/metallohydrolase/github/Computational_Design_of_Metallohydrolases_PrivateGitHub/RFdiffusion2_Tutorial/outputs/rfdiffusion2_out/from_quantum_chemistry__ZN_ESTERASE/ZETA_2__theozyme_optTS_geom_HHHE__lig_SZD_artificialBB_ORI_04_LENGTH_110_140__1_1-atomized-bb-False', conf.inference.guidepost_xyz_as_design_bb=False
[2025-12-03 02:35:26,085][__main__][INFO] - Idealizing atomized sidechains for pX0 of the last step...
[2025-12-03 02:35:27,731][__main__][INFO] - design : /home/woodbuse/publication/metallohydrolase/github/Computational_Design_of_Metallohydrolases_PrivateGitHub/RFdiffusion2_Tutorial/outputs/rfdiffusion2_out/from_quantum_chemistry__ZN_ESTERASE/ZETA_2__theozyme_optTS_geom_HHHE__lig_SZD_artificialBB_ORI_04_LENGTH_110_140__1_1-atomized-bb-False.pdb
