[2025-12-03 03:35:00,640][rf_diffusion.config.config_format][INFO] - Translating obsolete key: extra_t1d_params -> ['extra_tXd_params']
[2025-12-03 03:35:00,641][rf_diffusion.config.config_format][INFO] - Translating obsolete key: extra_t1d -> ['extra_tXd']
[2025-12-03 03:35:03,832][__main__][INFO] - Making design 0 of 0:2: /home/woodbuse/publication/metallohydrolase/github/Computational_Design_of_Metallohydrolases_PrivateGitHub/RFdiffusion2_Tutorial/outputs/rfdiffusion2_out/from_PDB_structure__ZN_PROTEASE/pdb_00001qji__theozyme_HEHH__lig_TSA_ORI_02_LENGTH_120_150__1_0
[2025-12-03 03:35:04,090][se3_flow_matching.data.so3_utils][INFO] - Data loaded from .cache/cache_igso3_s0.100-1.500-1000_l1000_o1000-3.npz
[2025-12-03 03:35:04,153][__main__][INFO] - Flow-matching step: 1/100
[2025-12-03 03:35:08,059][__main__][INFO] - Flow-matching step: 2/100
[2025-12-03 03:35:10,729][__main__][INFO] - Flow-matching step: 3/100
[2025-12-03 03:35:13,394][__main__][INFO] - Flow-matching step: 4/100
[2025-12-03 03:35:16,060][__main__][INFO] - Flow-matching step: 5/100
[2025-12-03 03:35:18,718][__main__][INFO] - Flow-matching step: 6/100
[2025-12-03 03:35:21,385][__main__][INFO] - Flow-matching step: 7/100
[2025-12-03 03:35:24,053][__main__][INFO] - Flow-matching step: 8/100
[2025-12-03 03:35:26,727][__main__][INFO] - Flow-matching step: 9/100
[2025-12-03 03:35:29,397][__main__][INFO] - Flow-matching step: 10/100
[2025-12-03 03:35:32,056][__main__][INFO] - Flow-matching step: 11/100
[2025-12-03 03:35:34,698][__main__][INFO] - Flow-matching step: 12/100
[2025-12-03 03:35:37,362][__main__][INFO] - Flow-matching step: 13/100
[2025-12-03 03:35:40,039][__main__][INFO] - Flow-matching step: 14/100
[2025-12-03 03:35:42,701][__main__][INFO] - Flow-matching step: 15/100
[2025-12-03 03:35:45,355][__main__][INFO] - Flow-matching step: 16/100
[2025-12-03 03:35:48,027][__main__][INFO] - Flow-matching step: 17/100
[2025-12-03 03:35:50,698][__main__][INFO] - Flow-matching step: 18/100
[2025-12-03 03:35:53,390][__main__][INFO] - Flow-matching step: 19/100
[2025-12-03 03:35:56,072][__main__][INFO] - Flow-matching step: 20/100
[2025-12-03 03:35:58,751][__main__][INFO] - Flow-matching step: 21/100
[2025-12-03 03:36:01,456][__main__][INFO] - Flow-matching step: 22/100
[2025-12-03 03:36:04,165][__main__][INFO] - Flow-matching step: 23/100
[2025-12-03 03:36:06,842][__main__][INFO] - Flow-matching step: 24/100
[2025-12-03 03:36:09,540][__main__][INFO] - Flow-matching step: 25/100
[2025-12-03 03:36:12,207][__main__][INFO] - Flow-matching step: 26/100
[2025-12-03 03:36:14,879][__main__][INFO] - Flow-matching step: 27/100
[2025-12-03 03:36:17,557][__main__][INFO] - Flow-matching step: 28/100
[2025-12-03 03:36:20,236][__main__][INFO] - Flow-matching step: 29/100
[2025-12-03 03:36:22,902][__main__][INFO] - Flow-matching step: 30/100
[2025-12-03 03:36:25,554][__main__][INFO] - Flow-matching step: 31/100
[2025-12-03 03:36:28,202][__main__][INFO] - Flow-matching step: 32/100
[2025-12-03 03:36:30,868][__main__][INFO] - Flow-matching step: 33/100
[2025-12-03 03:36:33,532][__main__][INFO] - Flow-matching step: 34/100
[2025-12-03 03:36:36,186][__main__][INFO] - Flow-matching step: 35/100
[2025-12-03 03:36:38,845][__main__][INFO] - Flow-matching step: 36/100
[2025-12-03 03:36:41,517][__main__][INFO] - Flow-matching step: 37/100
[2025-12-03 03:36:44,185][__main__][INFO] - Flow-matching step: 38/100
[2025-12-03 03:36:46,842][__main__][INFO] - Flow-matching step: 39/100
[2025-12-03 03:36:49,511][__main__][INFO] - Flow-matching step: 40/100
[2025-12-03 03:36:52,195][__main__][INFO] - Flow-matching step: 41/100
[2025-12-03 03:36:54,852][__main__][INFO] - Flow-matching step: 42/100
[2025-12-03 03:36:57,504][__main__][INFO] - Flow-matching step: 43/100
[2025-12-03 03:37:00,165][__main__][INFO] - Flow-matching step: 44/100
[2025-12-03 03:37:02,845][__main__][INFO] - Flow-matching step: 45/100
[2025-12-03 03:37:05,496][__main__][INFO] - Flow-matching step: 46/100
[2025-12-03 03:37:08,156][__main__][INFO] - Flow-matching step: 47/100
[2025-12-03 03:37:10,815][__main__][INFO] - Flow-matching step: 48/100
[2025-12-03 03:37:13,505][__main__][INFO] - Flow-matching step: 49/100
[2025-12-03 03:37:16,208][__main__][INFO] - Flow-matching step: 50/100
[2025-12-03 03:37:18,904][__main__][INFO] - Flow-matching step: 51/100
[2025-12-03 03:37:21,577][__main__][INFO] - Flow-matching step: 52/100
[2025-12-03 03:37:24,263][__main__][INFO] - Flow-matching step: 53/100
[2025-12-03 03:37:26,927][__main__][INFO] - Flow-matching step: 54/100
[2025-12-03 03:37:29,607][__main__][INFO] - Flow-matching step: 55/100
[2025-12-03 03:37:32,282][__main__][INFO] - Flow-matching step: 56/100
[2025-12-03 03:37:34,957][__main__][INFO] - Flow-matching step: 57/100
[2025-12-03 03:37:37,643][__main__][INFO] - Flow-matching step: 58/100
[2025-12-03 03:37:40,300][__main__][INFO] - Flow-matching step: 59/100
[2025-12-03 03:37:42,951][__main__][INFO] - Flow-matching step: 60/100
[2025-12-03 03:37:45,624][__main__][INFO] - Flow-matching step: 61/100
[2025-12-03 03:37:48,308][__main__][INFO] - Flow-matching step: 62/100
[2025-12-03 03:37:50,985][__main__][INFO] - Flow-matching step: 63/100
[2025-12-03 03:37:53,689][__main__][INFO] - Flow-matching step: 64/100
[2025-12-03 03:37:56,370][__main__][INFO] - Flow-matching step: 65/100
[2025-12-03 03:37:59,049][__main__][INFO] - Flow-matching step: 66/100
[2025-12-03 03:38:01,741][__main__][INFO] - Flow-matching step: 67/100
[2025-12-03 03:38:04,414][__main__][INFO] - Flow-matching step: 68/100
[2025-12-03 03:38:07,090][__main__][INFO] - Flow-matching step: 69/100
[2025-12-03 03:38:09,766][__main__][INFO] - Flow-matching step: 70/100
[2025-12-03 03:38:12,445][__main__][INFO] - Flow-matching step: 71/100
[2025-12-03 03:38:15,120][__main__][INFO] - Flow-matching step: 72/100
[2025-12-03 03:38:17,807][__main__][INFO] - Flow-matching step: 73/100
[2025-12-03 03:38:20,482][__main__][INFO] - Flow-matching step: 74/100
[2025-12-03 03:38:23,142][__main__][INFO] - Flow-matching step: 75/100
[2025-12-03 03:38:25,828][__main__][INFO] - Flow-matching step: 76/100
[2025-12-03 03:38:28,527][__main__][INFO] - Flow-matching step: 77/100
[2025-12-03 03:38:31,206][__main__][INFO] - Flow-matching step: 78/100
[2025-12-03 03:38:33,889][__main__][INFO] - Flow-matching step: 79/100
[2025-12-03 03:38:36,567][__main__][INFO] - Flow-matching step: 80/100
[2025-12-03 03:38:39,231][__main__][INFO] - Flow-matching step: 81/100
[2025-12-03 03:38:41,890][__main__][INFO] - Flow-matching step: 82/100
[2025-12-03 03:38:44,551][__main__][INFO] - Flow-matching step: 83/100
[2025-12-03 03:38:47,217][__main__][INFO] - Flow-matching step: 84/100
[2025-12-03 03:38:49,892][__main__][INFO] - Flow-matching step: 85/100
[2025-12-03 03:38:52,569][__main__][INFO] - Flow-matching step: 86/100
[2025-12-03 03:38:55,243][__main__][INFO] - Flow-matching step: 87/100
[2025-12-03 03:38:57,901][__main__][INFO] - Flow-matching step: 88/100
[2025-12-03 03:39:00,538][__main__][INFO] - Flow-matching step: 89/100
[2025-12-03 03:39:03,180][__main__][INFO] - Flow-matching step: 90/100
[2025-12-03 03:39:05,833][__main__][INFO] - Flow-matching step: 91/100
[2025-12-03 03:39:08,480][__main__][INFO] - Flow-matching step: 92/100
[2025-12-03 03:39:11,127][__main__][INFO] - Flow-matching step: 93/100
[2025-12-03 03:39:13,781][__main__][INFO] - Flow-matching step: 94/100
[2025-12-03 03:39:16,433][__main__][INFO] - Flow-matching step: 95/100
[2025-12-03 03:39:19,080][__main__][INFO] - Flow-matching step: 96/100
[2025-12-03 03:39:21,750][__main__][INFO] - Flow-matching step: 97/100
[2025-12-03 03:39:24,424][__main__][INFO] - Flow-matching step: 98/100
[2025-12-03 03:39:27,100][__main__][INFO] - Flow-matching step: 99/100
[2025-12-03 03:39:29,764][__main__][INFO] - Flow-matching step: 100/100
[2025-12-03 03:39:43,675][__main__][INFO] - Finished design in 4.66 minutes
[2025-12-03 03:39:43,714][__main__][INFO] - out_prefix_suffixed='/home/woodbuse/publication/metallohydrolase/github/Computational_Design_of_Metallohydrolases_PrivateGitHub/RFdiffusion2_Tutorial/outputs/rfdiffusion2_out/from_PDB_structure__ZN_PROTEASE/pdb_00001qji__theozyme_HEHH__lig_TSA_ORI_02_LENGTH_120_150__1_0-atomized-bb-False', conf.inference.guidepost_xyz_as_design_bb=False
[2025-12-03 03:39:43,783][__main__][INFO] - Idealizing atomized sidechains for pX0 of the last step...
[2025-12-03 03:39:45,744][__main__][INFO] - design : /home/woodbuse/publication/metallohydrolase/github/Computational_Design_of_Metallohydrolases_PrivateGitHub/RFdiffusion2_Tutorial/outputs/rfdiffusion2_out/from_PDB_structure__ZN_PROTEASE/pdb_00001qji__theozyme_HEHH__lig_TSA_ORI_02_LENGTH_120_150__1_0-atomized-bb-False.pdb
[2025-12-03 03:39:45,744][__main__][INFO] - Making design 1 of 0:2: /home/woodbuse/publication/metallohydrolase/github/Computational_Design_of_Metallohydrolases_PrivateGitHub/RFdiffusion2_Tutorial/outputs/rfdiffusion2_out/from_PDB_structure__ZN_PROTEASE/pdb_00001qji__theozyme_HEHH__lig_TSA_ORI_02_LENGTH_120_150__1_1
[2025-12-03 03:39:45,989][__main__][INFO] - Flow-matching step: 1/100
[2025-12-03 03:39:48,508][__main__][INFO] - Flow-matching step: 2/100
[2025-12-03 03:39:51,026][__main__][INFO] - Flow-matching step: 3/100
[2025-12-03 03:39:53,527][__main__][INFO] - Flow-matching step: 4/100
[2025-12-03 03:39:56,039][__main__][INFO] - Flow-matching step: 5/100
[2025-12-03 03:39:58,548][__main__][INFO] - Flow-matching step: 6/100
[2025-12-03 03:40:01,045][__main__][INFO] - Flow-matching step: 7/100
[2025-12-03 03:40:03,541][__main__][INFO] - Flow-matching step: 8/100
[2025-12-03 03:40:06,041][__main__][INFO] - Flow-matching step: 9/100
[2025-12-03 03:40:08,542][__main__][INFO] - Flow-matching step: 10/100
[2025-12-03 03:40:11,042][__main__][INFO] - Flow-matching step: 11/100
[2025-12-03 03:40:13,541][__main__][INFO] - Flow-matching step: 12/100
[2025-12-03 03:40:16,054][__main__][INFO] - Flow-matching step: 13/100
[2025-12-03 03:40:18,555][__main__][INFO] - Flow-matching step: 14/100
[2025-12-03 03:40:21,056][__main__][INFO] - Flow-matching step: 15/100
[2025-12-03 03:40:23,554][__main__][INFO] - Flow-matching step: 16/100
[2025-12-03 03:40:26,060][__main__][INFO] - Flow-matching step: 17/100
[2025-12-03 03:40:28,552][__main__][INFO] - Flow-matching step: 18/100
[2025-12-03 03:40:31,068][__main__][INFO] - Flow-matching step: 19/100
[2025-12-03 03:40:33,564][__main__][INFO] - Flow-matching step: 20/100
[2025-12-03 03:40:36,052][__main__][INFO] - Flow-matching step: 21/100
[2025-12-03 03:40:38,535][__main__][INFO] - Flow-matching step: 22/100
[2025-12-03 03:40:41,026][__main__][INFO] - Flow-matching step: 23/100
[2025-12-03 03:40:43,531][__main__][INFO] - Flow-matching step: 24/100
[2025-12-03 03:40:46,041][__main__][INFO] - Flow-matching step: 25/100
[2025-12-03 03:40:48,535][__main__][INFO] - Flow-matching step: 26/100
[2025-12-03 03:40:51,046][__main__][INFO] - Flow-matching step: 27/100
[2025-12-03 03:40:53,550][__main__][INFO] - Flow-matching step: 28/100
[2025-12-03 03:40:56,054][__main__][INFO] - Flow-matching step: 29/100
[2025-12-03 03:40:58,562][__main__][INFO] - Flow-matching step: 30/100
[2025-12-03 03:41:01,060][__main__][INFO] - Flow-matching step: 31/100
[2025-12-03 03:41:03,547][__main__][INFO] - Flow-matching step: 32/100
[2025-12-03 03:41:06,027][__main__][INFO] - Flow-matching step: 33/100
[2025-12-03 03:41:08,516][__main__][INFO] - Flow-matching step: 34/100
[2025-12-03 03:41:10,996][__main__][INFO] - Flow-matching step: 35/100
[2025-12-03 03:41:13,469][__main__][INFO] - Flow-matching step: 36/100
[2025-12-03 03:41:15,949][__main__][INFO] - Flow-matching step: 37/100
[2025-12-03 03:41:18,432][__main__][INFO] - Flow-matching step: 38/100
[2025-12-03 03:41:20,933][__main__][INFO] - Flow-matching step: 39/100
[2025-12-03 03:41:23,427][__main__][INFO] - Flow-matching step: 40/100
[2025-12-03 03:41:25,908][__main__][INFO] - Flow-matching step: 41/100
[2025-12-03 03:41:28,387][__main__][INFO] - Flow-matching step: 42/100
[2025-12-03 03:41:30,898][__main__][INFO] - Flow-matching step: 43/100
[2025-12-03 03:41:33,387][__main__][INFO] - Flow-matching step: 44/100
[2025-12-03 03:41:35,865][__main__][INFO] - Flow-matching step: 45/100
[2025-12-03 03:41:38,363][__main__][INFO] - Flow-matching step: 46/100
[2025-12-03 03:41:40,856][__main__][INFO] - Flow-matching step: 47/100
[2025-12-03 03:41:43,351][__main__][INFO] - Flow-matching step: 48/100
[2025-12-03 03:41:45,857][__main__][INFO] - Flow-matching step: 49/100
[2025-12-03 03:41:48,371][__main__][INFO] - Flow-matching step: 50/100
[2025-12-03 03:41:50,905][__main__][INFO] - Flow-matching step: 51/100
[2025-12-03 03:41:53,417][__main__][INFO] - Flow-matching step: 52/100
[2025-12-03 03:41:55,933][__main__][INFO] - Flow-matching step: 53/100
[2025-12-03 03:41:58,449][__main__][INFO] - Flow-matching step: 54/100
[2025-12-03 03:42:00,964][__main__][INFO] - Flow-matching step: 55/100
[2025-12-03 03:42:03,486][__main__][INFO] - Flow-matching step: 56/100
[2025-12-03 03:42:06,006][__main__][INFO] - Flow-matching step: 57/100
[2025-12-03 03:42:08,516][__main__][INFO] - Flow-matching step: 58/100
[2025-12-03 03:42:11,020][__main__][INFO] - Flow-matching step: 59/100
[2025-12-03 03:42:13,513][__main__][INFO] - Flow-matching step: 60/100
[2025-12-03 03:42:16,018][__main__][INFO] - Flow-matching step: 61/100
[2025-12-03 03:42:18,529][__main__][INFO] - Flow-matching step: 62/100
[2025-12-03 03:42:21,049][__main__][INFO] - Flow-matching step: 63/100
[2025-12-03 03:42:23,553][__main__][INFO] - Flow-matching step: 64/100
[2025-12-03 03:42:26,047][__main__][INFO] - Flow-matching step: 65/100
[2025-12-03 03:42:28,540][__main__][INFO] - Flow-matching step: 66/100
[2025-12-03 03:42:31,045][__main__][INFO] - Flow-matching step: 67/100
[2025-12-03 03:42:33,556][__main__][INFO] - Flow-matching step: 68/100
[2025-12-03 03:42:36,059][__main__][INFO] - Flow-matching step: 69/100
[2025-12-03 03:42:38,547][__main__][INFO] - Flow-matching step: 70/100
[2025-12-03 03:42:41,045][__main__][INFO] - Flow-matching step: 71/100
[2025-12-03 03:42:43,557][__main__][INFO] - Flow-matching step: 72/100
[2025-12-03 03:42:46,087][__main__][INFO] - Flow-matching step: 73/100
[2025-12-03 03:42:48,598][__main__][INFO] - Flow-matching step: 74/100
[2025-12-03 03:42:51,085][__main__][INFO] - Flow-matching step: 75/100
[2025-12-03 03:42:53,571][__main__][INFO] - Flow-matching step: 76/100
[2025-12-03 03:42:56,077][__main__][INFO] - Flow-matching step: 77/100
[2025-12-03 03:42:58,576][__main__][INFO] - Flow-matching step: 78/100
[2025-12-03 03:43:01,045][__main__][INFO] - Flow-matching step: 79/100
[2025-12-03 03:43:03,512][__main__][INFO] - Flow-matching step: 80/100
[2025-12-03 03:43:05,975][__main__][INFO] - Flow-matching step: 81/100
[2025-12-03 03:43:08,464][__main__][INFO] - Flow-matching step: 82/100
[2025-12-03 03:43:10,971][__main__][INFO] - Flow-matching step: 83/100
[2025-12-03 03:43:13,470][__main__][INFO] - Flow-matching step: 84/100
[2025-12-03 03:43:15,980][__main__][INFO] - Flow-matching step: 85/100
[2025-12-03 03:43:18,484][__main__][INFO] - Flow-matching step: 86/100
[2025-12-03 03:43:20,987][__main__][INFO] - Flow-matching step: 87/100
[2025-12-03 03:43:23,503][__main__][INFO] - Flow-matching step: 88/100
[2025-12-03 03:43:26,008][__main__][INFO] - Flow-matching step: 89/100
[2025-12-03 03:43:28,485][__main__][INFO] - Flow-matching step: 90/100
[2025-12-03 03:43:30,965][__main__][INFO] - Flow-matching step: 91/100
[2025-12-03 03:43:33,459][__main__][INFO] - Flow-matching step: 92/100
[2025-12-03 03:43:35,960][__main__][INFO] - Flow-matching step: 93/100
[2025-12-03 03:43:38,458][__main__][INFO] - Flow-matching step: 94/100
[2025-12-03 03:43:40,973][__main__][INFO] - Flow-matching step: 95/100
[2025-12-03 03:43:43,498][__main__][INFO] - Flow-matching step: 96/100
[2025-12-03 03:43:46,006][__main__][INFO] - Flow-matching step: 97/100
[2025-12-03 03:43:48,506][__main__][INFO] - Flow-matching step: 98/100
[2025-12-03 03:43:51,004][__main__][INFO] - Flow-matching step: 99/100
[2025-12-03 03:43:53,495][__main__][INFO] - Flow-matching step: 100/100
[2025-12-03 03:44:06,693][__main__][INFO] - Finished design in 4.35 minutes
[2025-12-03 03:44:06,946][__main__][INFO] - out_prefix_suffixed='/home/woodbuse/publication/metallohydrolase/github/Computational_Design_of_Metallohydrolases_PrivateGitHub/RFdiffusion2_Tutorial/outputs/rfdiffusion2_out/from_PDB_structure__ZN_PROTEASE/pdb_00001qji__theozyme_HEHH__lig_TSA_ORI_02_LENGTH_120_150__1_1-atomized-bb-False', conf.inference.guidepost_xyz_as_design_bb=False
[2025-12-03 03:44:07,001][__main__][INFO] - Idealizing atomized sidechains for pX0 of the last step...
[2025-12-03 03:44:08,536][__main__][INFO] - design : /home/woodbuse/publication/metallohydrolase/github/Computational_Design_of_Metallohydrolases_PrivateGitHub/RFdiffusion2_Tutorial/outputs/rfdiffusion2_out/from_PDB_structure__ZN_PROTEASE/pdb_00001qji__theozyme_HEHH__lig_TSA_ORI_02_LENGTH_120_150__1_1-atomized-bb-False.pdb
