[2025-12-03 02:44:11,046][rf_diffusion.config.config_format][INFO] - Translating obsolete key: extra_t1d_params -> ['extra_tXd_params']
[2025-12-03 02:44:11,047][rf_diffusion.config.config_format][INFO] - Translating obsolete key: extra_t1d -> ['extra_tXd']
[2025-12-03 02:44:14,916][__main__][INFO] - Making design 0 of 0:2: /home/woodbuse/publication/metallohydrolase/github/Computational_Design_of_Metallohydrolases_PrivateGitHub/RFdiffusion2_Tutorial/outputs/rfdiffusion2_out/from_quantum_chemistry__ZN_ESTERASE/ZETA_2__theozyme_optTS_geom_HHHE__lig_SZD_artificialBB_ORI_06_LENGTH_110_140__1_0
[2025-12-03 02:44:15,120][se3_flow_matching.data.so3_utils][INFO] - Data loaded from .cache/cache_igso3_s0.100-1.500-1000_l1000_o1000-3.npz
[2025-12-03 02:44:15,177][__main__][INFO] - Flow-matching step: 1/100
[2025-12-03 02:44:18,849][__main__][INFO] - Flow-matching step: 2/100
[2025-12-03 02:44:21,054][__main__][INFO] - Flow-matching step: 3/100
[2025-12-03 02:44:23,241][__main__][INFO] - Flow-matching step: 4/100
[2025-12-03 02:44:25,430][__main__][INFO] - Flow-matching step: 5/100
[2025-12-03 02:44:27,623][__main__][INFO] - Flow-matching step: 6/100
[2025-12-03 02:44:29,808][__main__][INFO] - Flow-matching step: 7/100
[2025-12-03 02:44:31,983][__main__][INFO] - Flow-matching step: 8/100
[2025-12-03 02:44:34,153][__main__][INFO] - Flow-matching step: 9/100
[2025-12-03 02:44:36,345][__main__][INFO] - Flow-matching step: 10/100
[2025-12-03 02:44:38,548][__main__][INFO] - Flow-matching step: 11/100
[2025-12-03 02:44:40,749][__main__][INFO] - Flow-matching step: 12/100
[2025-12-03 02:44:42,960][__main__][INFO] - Flow-matching step: 13/100
[2025-12-03 02:44:45,175][__main__][INFO] - Flow-matching step: 14/100
[2025-12-03 02:44:47,394][__main__][INFO] - Flow-matching step: 15/100
[2025-12-03 02:44:49,621][__main__][INFO] - Flow-matching step: 16/100
[2025-12-03 02:44:51,852][__main__][INFO] - Flow-matching step: 17/100
[2025-12-03 02:44:54,089][__main__][INFO] - Flow-matching step: 18/100
[2025-12-03 02:44:56,318][__main__][INFO] - Flow-matching step: 19/100
[2025-12-03 02:44:58,531][__main__][INFO] - Flow-matching step: 20/100
[2025-12-03 02:45:00,733][__main__][INFO] - Flow-matching step: 21/100
[2025-12-03 02:45:02,940][__main__][INFO] - Flow-matching step: 22/100
[2025-12-03 02:45:05,145][__main__][INFO] - Flow-matching step: 23/100
[2025-12-03 02:45:07,345][__main__][INFO] - Flow-matching step: 24/100
[2025-12-03 02:45:09,549][__main__][INFO] - Flow-matching step: 25/100
[2025-12-03 02:45:11,762][__main__][INFO] - Flow-matching step: 26/100
[2025-12-03 02:45:13,975][__main__][INFO] - Flow-matching step: 27/100
[2025-12-03 02:45:16,179][__main__][INFO] - Flow-matching step: 28/100
[2025-12-03 02:45:18,376][__main__][INFO] - Flow-matching step: 29/100
[2025-12-03 02:45:20,587][__main__][INFO] - Flow-matching step: 30/100
[2025-12-03 02:45:22,806][__main__][INFO] - Flow-matching step: 31/100
[2025-12-03 02:45:25,037][__main__][INFO] - Flow-matching step: 32/100
[2025-12-03 02:45:27,274][__main__][INFO] - Flow-matching step: 33/100
[2025-12-03 02:45:29,498][__main__][INFO] - Flow-matching step: 34/100
[2025-12-03 02:45:31,710][__main__][INFO] - Flow-matching step: 35/100
[2025-12-03 02:45:33,919][__main__][INFO] - Flow-matching step: 36/100
[2025-12-03 02:45:36,140][__main__][INFO] - Flow-matching step: 37/100
[2025-12-03 02:45:38,365][__main__][INFO] - Flow-matching step: 38/100
[2025-12-03 02:45:40,565][__main__][INFO] - Flow-matching step: 39/100
[2025-12-03 02:45:42,759][__main__][INFO] - Flow-matching step: 40/100
[2025-12-03 02:45:44,947][__main__][INFO] - Flow-matching step: 41/100
[2025-12-03 02:45:47,145][__main__][INFO] - Flow-matching step: 42/100
[2025-12-03 02:45:49,330][__main__][INFO] - Flow-matching step: 43/100
[2025-12-03 02:45:51,530][__main__][INFO] - Flow-matching step: 44/100
[2025-12-03 02:45:53,749][__main__][INFO] - Flow-matching step: 45/100
[2025-12-03 02:45:55,966][__main__][INFO] - Flow-matching step: 46/100
[2025-12-03 02:45:58,191][__main__][INFO] - Flow-matching step: 47/100
[2025-12-03 02:46:00,416][__main__][INFO] - Flow-matching step: 48/100
[2025-12-03 02:46:02,648][__main__][INFO] - Flow-matching step: 49/100
[2025-12-03 02:46:04,889][__main__][INFO] - Flow-matching step: 50/100
[2025-12-03 02:46:07,127][__main__][INFO] - Flow-matching step: 51/100
[2025-12-03 02:46:09,365][__main__][INFO] - Flow-matching step: 52/100
[2025-12-03 02:46:11,605][__main__][INFO] - Flow-matching step: 53/100
[2025-12-03 02:46:13,837][__main__][INFO] - Flow-matching step: 54/100
[2025-12-03 02:46:16,054][__main__][INFO] - Flow-matching step: 55/100
[2025-12-03 02:46:18,268][__main__][INFO] - Flow-matching step: 56/100
[2025-12-03 02:46:20,485][__main__][INFO] - Flow-matching step: 57/100
[2025-12-03 02:46:22,712][__main__][INFO] - Flow-matching step: 58/100
[2025-12-03 02:46:24,906][__main__][INFO] - Flow-matching step: 59/100
[2025-12-03 02:46:27,083][__main__][INFO] - Flow-matching step: 60/100
[2025-12-03 02:46:29,257][__main__][INFO] - Flow-matching step: 61/100
[2025-12-03 02:46:31,433][__main__][INFO] - Flow-matching step: 62/100
[2025-12-03 02:46:33,592][__main__][INFO] - Flow-matching step: 63/100
[2025-12-03 02:46:35,758][__main__][INFO] - Flow-matching step: 64/100
[2025-12-03 02:46:37,925][__main__][INFO] - Flow-matching step: 65/100
[2025-12-03 02:46:40,086][__main__][INFO] - Flow-matching step: 66/100
[2025-12-03 02:46:42,257][__main__][INFO] - Flow-matching step: 67/100
[2025-12-03 02:46:44,417][__main__][INFO] - Flow-matching step: 68/100
[2025-12-03 02:46:46,577][__main__][INFO] - Flow-matching step: 69/100
[2025-12-03 02:46:48,760][__main__][INFO] - Flow-matching step: 70/100
[2025-12-03 02:46:50,957][__main__][INFO] - Flow-matching step: 71/100
[2025-12-03 02:46:53,150][__main__][INFO] - Flow-matching step: 72/100
[2025-12-03 02:46:55,341][__main__][INFO] - Flow-matching step: 73/100
[2025-12-03 02:46:57,548][__main__][INFO] - Flow-matching step: 74/100
[2025-12-03 02:46:59,754][__main__][INFO] - Flow-matching step: 75/100
[2025-12-03 02:47:01,958][__main__][INFO] - Flow-matching step: 76/100
[2025-12-03 02:47:04,171][__main__][INFO] - Flow-matching step: 77/100
[2025-12-03 02:47:06,367][__main__][INFO] - Flow-matching step: 78/100
[2025-12-03 02:47:08,560][__main__][INFO] - Flow-matching step: 79/100
[2025-12-03 02:47:10,751][__main__][INFO] - Flow-matching step: 80/100
[2025-12-03 02:47:12,935][__main__][INFO] - Flow-matching step: 81/100
[2025-12-03 02:47:15,114][__main__][INFO] - Flow-matching step: 82/100
[2025-12-03 02:47:17,301][__main__][INFO] - Flow-matching step: 83/100
[2025-12-03 02:47:19,505][__main__][INFO] - Flow-matching step: 84/100
[2025-12-03 02:47:21,691][__main__][INFO] - Flow-matching step: 85/100
[2025-12-03 02:47:23,879][__main__][INFO] - Flow-matching step: 86/100
[2025-12-03 02:47:26,070][__main__][INFO] - Flow-matching step: 87/100
[2025-12-03 02:47:28,254][__main__][INFO] - Flow-matching step: 88/100
[2025-12-03 02:47:30,440][__main__][INFO] - Flow-matching step: 89/100
[2025-12-03 02:47:32,652][__main__][INFO] - Flow-matching step: 90/100
[2025-12-03 02:47:34,854][__main__][INFO] - Flow-matching step: 91/100
[2025-12-03 02:47:37,041][__main__][INFO] - Flow-matching step: 92/100
[2025-12-03 02:47:39,233][__main__][INFO] - Flow-matching step: 93/100
[2025-12-03 02:47:41,425][__main__][INFO] - Flow-matching step: 94/100
[2025-12-03 02:47:43,617][__main__][INFO] - Flow-matching step: 95/100
[2025-12-03 02:47:45,809][__main__][INFO] - Flow-matching step: 96/100
[2025-12-03 02:47:48,004][__main__][INFO] - Flow-matching step: 97/100
[2025-12-03 02:47:50,199][__main__][INFO] - Flow-matching step: 98/100
[2025-12-03 02:47:52,388][__main__][INFO] - Flow-matching step: 99/100
[2025-12-03 02:47:54,567][__main__][INFO] - Flow-matching step: 100/100
[2025-12-03 02:48:04,904][__main__][INFO] - Finished design in 3.83 minutes
[2025-12-03 02:48:04,945][__main__][INFO] - out_prefix_suffixed='/home/woodbuse/publication/metallohydrolase/github/Computational_Design_of_Metallohydrolases_PrivateGitHub/RFdiffusion2_Tutorial/outputs/rfdiffusion2_out/from_quantum_chemistry__ZN_ESTERASE/ZETA_2__theozyme_optTS_geom_HHHE__lig_SZD_artificialBB_ORI_06_LENGTH_110_140__1_0-atomized-bb-False', conf.inference.guidepost_xyz_as_design_bb=False
[2025-12-03 02:48:05,218][__main__][INFO] - Idealizing atomized sidechains for pX0 of the last step...
[2025-12-03 02:48:07,049][__main__][INFO] - design : /home/woodbuse/publication/metallohydrolase/github/Computational_Design_of_Metallohydrolases_PrivateGitHub/RFdiffusion2_Tutorial/outputs/rfdiffusion2_out/from_quantum_chemistry__ZN_ESTERASE/ZETA_2__theozyme_optTS_geom_HHHE__lig_SZD_artificialBB_ORI_06_LENGTH_110_140__1_0-atomized-bb-False.pdb
[2025-12-03 02:48:07,050][__main__][INFO] - Making design 1 of 0:2: /home/woodbuse/publication/metallohydrolase/github/Computational_Design_of_Metallohydrolases_PrivateGitHub/RFdiffusion2_Tutorial/outputs/rfdiffusion2_out/from_quantum_chemistry__ZN_ESTERASE/ZETA_2__theozyme_optTS_geom_HHHE__lig_SZD_artificialBB_ORI_06_LENGTH_110_140__1_1
[2025-12-03 02:48:07,240][__main__][INFO] - Flow-matching step: 1/100
[2025-12-03 02:48:09,334][__main__][INFO] - Flow-matching step: 2/100
[2025-12-03 02:48:11,436][__main__][INFO] - Flow-matching step: 3/100
[2025-12-03 02:48:13,549][__main__][INFO] - Flow-matching step: 4/100
[2025-12-03 02:48:15,654][__main__][INFO] - Flow-matching step: 5/100
[2025-12-03 02:48:17,767][__main__][INFO] - Flow-matching step: 6/100
[2025-12-03 02:48:19,875][__main__][INFO] - Flow-matching step: 7/100
[2025-12-03 02:48:21,964][__main__][INFO] - Flow-matching step: 8/100
[2025-12-03 02:48:24,060][__main__][INFO] - Flow-matching step: 9/100
[2025-12-03 02:48:26,156][__main__][INFO] - Flow-matching step: 10/100
[2025-12-03 02:48:28,243][__main__][INFO] - Flow-matching step: 11/100
[2025-12-03 02:48:30,340][__main__][INFO] - Flow-matching step: 12/100
[2025-12-03 02:48:32,455][__main__][INFO] - Flow-matching step: 13/100
[2025-12-03 02:48:34,556][__main__][INFO] - Flow-matching step: 14/100
[2025-12-03 02:48:36,681][__main__][INFO] - Flow-matching step: 15/100
[2025-12-03 02:48:38,780][__main__][INFO] - Flow-matching step: 16/100
[2025-12-03 02:48:40,883][__main__][INFO] - Flow-matching step: 17/100
[2025-12-03 02:48:43,009][__main__][INFO] - Flow-matching step: 18/100
[2025-12-03 02:48:45,120][__main__][INFO] - Flow-matching step: 19/100
[2025-12-03 02:48:47,242][__main__][INFO] - Flow-matching step: 20/100
[2025-12-03 02:48:49,360][__main__][INFO] - Flow-matching step: 21/100
[2025-12-03 02:48:51,477][__main__][INFO] - Flow-matching step: 22/100
[2025-12-03 02:48:53,573][__main__][INFO] - Flow-matching step: 23/100
[2025-12-03 02:48:55,682][__main__][INFO] - Flow-matching step: 24/100
[2025-12-03 02:48:57,780][__main__][INFO] - Flow-matching step: 25/100
[2025-12-03 02:48:59,882][__main__][INFO] - Flow-matching step: 26/100
[2025-12-03 02:49:01,996][__main__][INFO] - Flow-matching step: 27/100
[2025-12-03 02:49:04,106][__main__][INFO] - Flow-matching step: 28/100
[2025-12-03 02:49:06,234][__main__][INFO] - Flow-matching step: 29/100
[2025-12-03 02:49:08,379][__main__][INFO] - Flow-matching step: 30/100
[2025-12-03 02:49:10,529][__main__][INFO] - Flow-matching step: 31/100
[2025-12-03 02:49:12,690][__main__][INFO] - Flow-matching step: 32/100
[2025-12-03 02:49:14,848][__main__][INFO] - Flow-matching step: 33/100
[2025-12-03 02:49:16,994][__main__][INFO] - Flow-matching step: 34/100
[2025-12-03 02:49:19,147][__main__][INFO] - Flow-matching step: 35/100
[2025-12-03 02:49:21,287][__main__][INFO] - Flow-matching step: 36/100
[2025-12-03 02:49:23,423][__main__][INFO] - Flow-matching step: 37/100
[2025-12-03 02:49:25,553][__main__][INFO] - Flow-matching step: 38/100
[2025-12-03 02:49:27,672][__main__][INFO] - Flow-matching step: 39/100
[2025-12-03 02:49:29,801][__main__][INFO] - Flow-matching step: 40/100
[2025-12-03 02:49:31,929][__main__][INFO] - Flow-matching step: 41/100
[2025-12-03 02:49:34,065][__main__][INFO] - Flow-matching step: 42/100
[2025-12-03 02:49:36,195][__main__][INFO] - Flow-matching step: 43/100
[2025-12-03 02:49:38,328][__main__][INFO] - Flow-matching step: 44/100
[2025-12-03 02:49:40,472][__main__][INFO] - Flow-matching step: 45/100
[2025-12-03 02:49:42,606][__main__][INFO] - Flow-matching step: 46/100
[2025-12-03 02:49:44,735][__main__][INFO] - Flow-matching step: 47/100
[2025-12-03 02:49:46,879][__main__][INFO] - Flow-matching step: 48/100
[2025-12-03 02:49:49,024][__main__][INFO] - Flow-matching step: 49/100
[2025-12-03 02:49:51,180][__main__][INFO] - Flow-matching step: 50/100
[2025-12-03 02:49:53,319][__main__][INFO] - Flow-matching step: 51/100
[2025-12-03 02:49:55,456][__main__][INFO] - Flow-matching step: 52/100
[2025-12-03 02:49:57,591][__main__][INFO] - Flow-matching step: 53/100
[2025-12-03 02:49:59,708][__main__][INFO] - Flow-matching step: 54/100
[2025-12-03 02:50:01,823][__main__][INFO] - Flow-matching step: 55/100
[2025-12-03 02:50:03,960][__main__][INFO] - Flow-matching step: 56/100
[2025-12-03 02:50:06,076][__main__][INFO] - Flow-matching step: 57/100
[2025-12-03 02:50:08,213][__main__][INFO] - Flow-matching step: 58/100
[2025-12-03 02:50:10,363][__main__][INFO] - Flow-matching step: 59/100
[2025-12-03 02:50:12,501][__main__][INFO] - Flow-matching step: 60/100
[2025-12-03 02:50:14,614][__main__][INFO] - Flow-matching step: 61/100
[2025-12-03 02:50:16,729][__main__][INFO] - Flow-matching step: 62/100
[2025-12-03 02:50:18,837][__main__][INFO] - Flow-matching step: 63/100
[2025-12-03 02:50:20,944][__main__][INFO] - Flow-matching step: 64/100
[2025-12-03 02:50:23,054][__main__][INFO] - Flow-matching step: 65/100
[2025-12-03 02:50:25,162][__main__][INFO] - Flow-matching step: 66/100
[2025-12-03 02:50:27,273][__main__][INFO] - Flow-matching step: 67/100
[2025-12-03 02:50:29,381][__main__][INFO] - Flow-matching step: 68/100
[2025-12-03 02:50:31,483][__main__][INFO] - Flow-matching step: 69/100
[2025-12-03 02:50:33,587][__main__][INFO] - Flow-matching step: 70/100
[2025-12-03 02:50:35,720][__main__][INFO] - Flow-matching step: 71/100
[2025-12-03 02:50:37,850][__main__][INFO] - Flow-matching step: 72/100
[2025-12-03 02:50:39,970][__main__][INFO] - Flow-matching step: 73/100
[2025-12-03 02:50:42,091][__main__][INFO] - Flow-matching step: 74/100
[2025-12-03 02:50:44,203][__main__][INFO] - Flow-matching step: 75/100
[2025-12-03 02:50:46,306][__main__][INFO] - Flow-matching step: 76/100
[2025-12-03 02:50:48,421][__main__][INFO] - Flow-matching step: 77/100
[2025-12-03 02:50:50,535][__main__][INFO] - Flow-matching step: 78/100
[2025-12-03 02:50:52,651][__main__][INFO] - Flow-matching step: 79/100
[2025-12-03 02:50:54,778][__main__][INFO] - Flow-matching step: 80/100
[2025-12-03 02:50:56,885][__main__][INFO] - Flow-matching step: 81/100
[2025-12-03 02:50:58,988][__main__][INFO] - Flow-matching step: 82/100
[2025-12-03 02:51:01,122][__main__][INFO] - Flow-matching step: 83/100
[2025-12-03 02:51:03,246][__main__][INFO] - Flow-matching step: 84/100
[2025-12-03 02:51:05,375][__main__][INFO] - Flow-matching step: 85/100
[2025-12-03 02:51:07,511][__main__][INFO] - Flow-matching step: 86/100
[2025-12-03 02:51:09,648][__main__][INFO] - Flow-matching step: 87/100
[2025-12-03 02:51:11,755][__main__][INFO] - Flow-matching step: 88/100
[2025-12-03 02:51:13,872][__main__][INFO] - Flow-matching step: 89/100
[2025-12-03 02:51:15,981][__main__][INFO] - Flow-matching step: 90/100
[2025-12-03 02:51:18,100][__main__][INFO] - Flow-matching step: 91/100
[2025-12-03 02:51:20,235][__main__][INFO] - Flow-matching step: 92/100
[2025-12-03 02:51:22,367][__main__][INFO] - Flow-matching step: 93/100
[2025-12-03 02:51:24,507][__main__][INFO] - Flow-matching step: 94/100
[2025-12-03 02:51:26,659][__main__][INFO] - Flow-matching step: 95/100
[2025-12-03 02:51:28,814][__main__][INFO] - Flow-matching step: 96/100
[2025-12-03 02:51:30,969][__main__][INFO] - Flow-matching step: 97/100
[2025-12-03 02:51:33,137][__main__][INFO] - Flow-matching step: 98/100
[2025-12-03 02:51:35,291][__main__][INFO] - Flow-matching step: 99/100
[2025-12-03 02:51:37,436][__main__][INFO] - Flow-matching step: 100/100
[2025-12-03 02:51:47,683][__main__][INFO] - Finished design in 3.68 minutes
[2025-12-03 02:51:47,727][__main__][INFO] - out_prefix_suffixed='/home/woodbuse/publication/metallohydrolase/github/Computational_Design_of_Metallohydrolases_PrivateGitHub/RFdiffusion2_Tutorial/outputs/rfdiffusion2_out/from_quantum_chemistry__ZN_ESTERASE/ZETA_2__theozyme_optTS_geom_HHHE__lig_SZD_artificialBB_ORI_06_LENGTH_110_140__1_1-atomized-bb-False', conf.inference.guidepost_xyz_as_design_bb=False
[2025-12-03 02:51:47,764][__main__][INFO] - Idealizing atomized sidechains for pX0 of the last step...
[2025-12-03 02:51:49,242][__main__][INFO] - design : /home/woodbuse/publication/metallohydrolase/github/Computational_Design_of_Metallohydrolases_PrivateGitHub/RFdiffusion2_Tutorial/outputs/rfdiffusion2_out/from_quantum_chemistry__ZN_ESTERASE/ZETA_2__theozyme_optTS_geom_HHHE__lig_SZD_artificialBB_ORI_06_LENGTH_110_140__1_1-atomized-bb-False.pdb
