[2025-12-03 02:18:57,021][rf_diffusion.config.config_format][INFO] - Translating obsolete key: extra_t1d -> ['extra_tXd']
[2025-12-03 02:18:57,022][rf_diffusion.config.config_format][INFO] - Translating obsolete key: extra_t1d_params -> ['extra_tXd_params']
[2025-12-03 02:19:01,145][__main__][INFO] - Making design 0 of 0:2: /home/woodbuse/publication/metallohydrolase/github/Computational_Design_of_Metallohydrolases_PrivateGitHub/RFdiffusion2_Tutorial/outputs/rfdiffusion2_out/from_quantum_chemistry__ZN_ESTERASE/ZETA_2__theozyme_optTS_geom_HHHE__lig_SZD_artificialBB_ORI_03_LENGTH_110_140__1_0
[2025-12-03 02:19:01,364][se3_flow_matching.data.so3_utils][INFO] - Data loaded from .cache/cache_igso3_s0.100-1.500-1000_l1000_o1000-3.npz
[2025-12-03 02:19:01,425][__main__][INFO] - Flow-matching step: 1/100
[2025-12-03 02:19:05,314][__main__][INFO] - Flow-matching step: 2/100
[2025-12-03 02:19:07,585][__main__][INFO] - Flow-matching step: 3/100
[2025-12-03 02:19:09,850][__main__][INFO] - Flow-matching step: 4/100
[2025-12-03 02:19:12,123][__main__][INFO] - Flow-matching step: 5/100
[2025-12-03 02:19:14,391][__main__][INFO] - Flow-matching step: 6/100
[2025-12-03 02:19:16,678][__main__][INFO] - Flow-matching step: 7/100
[2025-12-03 02:19:18,966][__main__][INFO] - Flow-matching step: 8/100
[2025-12-03 02:19:21,250][__main__][INFO] - Flow-matching step: 9/100
[2025-12-03 02:19:23,543][__main__][INFO] - Flow-matching step: 10/100
[2025-12-03 02:19:25,846][__main__][INFO] - Flow-matching step: 11/100
[2025-12-03 02:19:28,154][__main__][INFO] - Flow-matching step: 12/100
[2025-12-03 02:19:30,468][__main__][INFO] - Flow-matching step: 13/100
[2025-12-03 02:19:32,783][__main__][INFO] - Flow-matching step: 14/100
[2025-12-03 02:19:35,099][__main__][INFO] - Flow-matching step: 15/100
[2025-12-03 02:19:37,395][__main__][INFO] - Flow-matching step: 16/100
[2025-12-03 02:19:39,686][__main__][INFO] - Flow-matching step: 17/100
[2025-12-03 02:19:41,985][__main__][INFO] - Flow-matching step: 18/100
[2025-12-03 02:19:44,293][__main__][INFO] - Flow-matching step: 19/100
[2025-12-03 02:19:46,584][__main__][INFO] - Flow-matching step: 20/100
[2025-12-03 02:19:48,867][__main__][INFO] - Flow-matching step: 21/100
[2025-12-03 02:19:51,172][__main__][INFO] - Flow-matching step: 22/100
[2025-12-03 02:19:53,475][__main__][INFO] - Flow-matching step: 23/100
[2025-12-03 02:19:55,772][__main__][INFO] - Flow-matching step: 24/100
[2025-12-03 02:19:58,080][__main__][INFO] - Flow-matching step: 25/100
[2025-12-03 02:20:00,387][__main__][INFO] - Flow-matching step: 26/100
[2025-12-03 02:20:02,688][__main__][INFO] - Flow-matching step: 27/100
[2025-12-03 02:20:04,990][__main__][INFO] - Flow-matching step: 28/100
[2025-12-03 02:20:07,292][__main__][INFO] - Flow-matching step: 29/100
[2025-12-03 02:20:09,595][__main__][INFO] - Flow-matching step: 30/100
[2025-12-03 02:20:11,891][__main__][INFO] - Flow-matching step: 31/100
[2025-12-03 02:20:14,182][__main__][INFO] - Flow-matching step: 32/100
[2025-12-03 02:20:16,469][__main__][INFO] - Flow-matching step: 33/100
[2025-12-03 02:20:18,760][__main__][INFO] - Flow-matching step: 34/100
[2025-12-03 02:20:21,041][__main__][INFO] - Flow-matching step: 35/100
[2025-12-03 02:20:23,320][__main__][INFO] - Flow-matching step: 36/100
[2025-12-03 02:20:25,609][__main__][INFO] - Flow-matching step: 37/100
[2025-12-03 02:20:27,897][__main__][INFO] - Flow-matching step: 38/100
[2025-12-03 02:20:30,172][__main__][INFO] - Flow-matching step: 39/100
[2025-12-03 02:20:32,442][__main__][INFO] - Flow-matching step: 40/100
[2025-12-03 02:20:34,704][__main__][INFO] - Flow-matching step: 41/100
[2025-12-03 02:20:36,967][__main__][INFO] - Flow-matching step: 42/100
[2025-12-03 02:20:39,236][__main__][INFO] - Flow-matching step: 43/100
[2025-12-03 02:20:41,509][__main__][INFO] - Flow-matching step: 44/100
[2025-12-03 02:20:43,759][__main__][INFO] - Flow-matching step: 45/100
[2025-12-03 02:20:46,004][__main__][INFO] - Flow-matching step: 46/100
[2025-12-03 02:20:48,246][__main__][INFO] - Flow-matching step: 47/100
[2025-12-03 02:20:50,500][__main__][INFO] - Flow-matching step: 48/100
[2025-12-03 02:20:52,748][__main__][INFO] - Flow-matching step: 49/100
[2025-12-03 02:20:55,012][__main__][INFO] - Flow-matching step: 50/100
[2025-12-03 02:20:57,277][__main__][INFO] - Flow-matching step: 51/100
[2025-12-03 02:20:59,540][__main__][INFO] - Flow-matching step: 52/100
[2025-12-03 02:21:01,815][__main__][INFO] - Flow-matching step: 53/100
[2025-12-03 02:21:04,085][__main__][INFO] - Flow-matching step: 54/100
[2025-12-03 02:21:06,361][__main__][INFO] - Flow-matching step: 55/100
[2025-12-03 02:21:08,650][__main__][INFO] - Flow-matching step: 56/100
[2025-12-03 02:21:10,929][__main__][INFO] - Flow-matching step: 57/100
[2025-12-03 02:21:13,215][__main__][INFO] - Flow-matching step: 58/100
[2025-12-03 02:21:15,504][__main__][INFO] - Flow-matching step: 59/100
[2025-12-03 02:21:17,789][__main__][INFO] - Flow-matching step: 60/100
[2025-12-03 02:21:20,068][__main__][INFO] - Flow-matching step: 61/100
[2025-12-03 02:21:22,342][__main__][INFO] - Flow-matching step: 62/100
[2025-12-03 02:21:24,621][__main__][INFO] - Flow-matching step: 63/100
[2025-12-03 02:21:26,911][__main__][INFO] - Flow-matching step: 64/100
[2025-12-03 02:21:29,188][__main__][INFO] - Flow-matching step: 65/100
[2025-12-03 02:21:31,458][__main__][INFO] - Flow-matching step: 66/100
[2025-12-03 02:21:33,730][__main__][INFO] - Flow-matching step: 67/100
[2025-12-03 02:21:36,012][__main__][INFO] - Flow-matching step: 68/100
[2025-12-03 02:21:38,304][__main__][INFO] - Flow-matching step: 69/100
[2025-12-03 02:21:40,611][__main__][INFO] - Flow-matching step: 70/100
[2025-12-03 02:21:42,919][__main__][INFO] - Flow-matching step: 71/100
[2025-12-03 02:21:45,233][__main__][INFO] - Flow-matching step: 72/100
[2025-12-03 02:21:47,550][__main__][INFO] - Flow-matching step: 73/100
[2025-12-03 02:21:49,872][__main__][INFO] - Flow-matching step: 74/100
[2025-12-03 02:21:52,213][__main__][INFO] - Flow-matching step: 75/100
[2025-12-03 02:21:54,545][__main__][INFO] - Flow-matching step: 76/100
[2025-12-03 02:21:56,868][__main__][INFO] - Flow-matching step: 77/100
[2025-12-03 02:21:59,173][__main__][INFO] - Flow-matching step: 78/100
[2025-12-03 02:22:01,479][__main__][INFO] - Flow-matching step: 79/100
[2025-12-03 02:22:03,790][__main__][INFO] - Flow-matching step: 80/100
[2025-12-03 02:22:06,099][__main__][INFO] - Flow-matching step: 81/100
[2025-12-03 02:22:08,397][__main__][INFO] - Flow-matching step: 82/100
[2025-12-03 02:22:10,701][__main__][INFO] - Flow-matching step: 83/100
[2025-12-03 02:22:13,005][__main__][INFO] - Flow-matching step: 84/100
[2025-12-03 02:22:15,308][__main__][INFO] - Flow-matching step: 85/100
[2025-12-03 02:22:17,622][__main__][INFO] - Flow-matching step: 86/100
[2025-12-03 02:22:19,924][__main__][INFO] - Flow-matching step: 87/100
[2025-12-03 02:22:22,242][__main__][INFO] - Flow-matching step: 88/100
[2025-12-03 02:22:24,570][__main__][INFO] - Flow-matching step: 89/100
[2025-12-03 02:22:26,880][__main__][INFO] - Flow-matching step: 90/100
[2025-12-03 02:22:29,195][__main__][INFO] - Flow-matching step: 91/100
[2025-12-03 02:22:31,511][__main__][INFO] - Flow-matching step: 92/100
[2025-12-03 02:22:33,829][__main__][INFO] - Flow-matching step: 93/100
[2025-12-03 02:22:36,136][__main__][INFO] - Flow-matching step: 94/100
[2025-12-03 02:22:38,431][__main__][INFO] - Flow-matching step: 95/100
[2025-12-03 02:22:40,732][__main__][INFO] - Flow-matching step: 96/100
[2025-12-03 02:22:43,044][__main__][INFO] - Flow-matching step: 97/100
[2025-12-03 02:22:45,349][__main__][INFO] - Flow-matching step: 98/100
[2025-12-03 02:22:47,643][__main__][INFO] - Flow-matching step: 99/100
[2025-12-03 02:22:49,941][__main__][INFO] - Flow-matching step: 100/100
[2025-12-03 02:23:01,154][__main__][INFO] - Finished design in 4.00 minutes
[2025-12-03 02:23:01,407][__main__][INFO] - out_prefix_suffixed='/home/woodbuse/publication/metallohydrolase/github/Computational_Design_of_Metallohydrolases_PrivateGitHub/RFdiffusion2_Tutorial/outputs/rfdiffusion2_out/from_quantum_chemistry__ZN_ESTERASE/ZETA_2__theozyme_optTS_geom_HHHE__lig_SZD_artificialBB_ORI_03_LENGTH_110_140__1_0-atomized-bb-False', conf.inference.guidepost_xyz_as_design_bb=False
[2025-12-03 02:23:01,459][__main__][INFO] - Idealizing atomized sidechains for pX0 of the last step...
[2025-12-03 02:23:03,418][__main__][INFO] - design : /home/woodbuse/publication/metallohydrolase/github/Computational_Design_of_Metallohydrolases_PrivateGitHub/RFdiffusion2_Tutorial/outputs/rfdiffusion2_out/from_quantum_chemistry__ZN_ESTERASE/ZETA_2__theozyme_optTS_geom_HHHE__lig_SZD_artificialBB_ORI_03_LENGTH_110_140__1_0-atomized-bb-False.pdb
[2025-12-03 02:23:03,419][__main__][INFO] - Making design 1 of 0:2: /home/woodbuse/publication/metallohydrolase/github/Computational_Design_of_Metallohydrolases_PrivateGitHub/RFdiffusion2_Tutorial/outputs/rfdiffusion2_out/from_quantum_chemistry__ZN_ESTERASE/ZETA_2__theozyme_optTS_geom_HHHE__lig_SZD_artificialBB_ORI_03_LENGTH_110_140__1_1
[2025-12-03 02:23:03,636][__main__][INFO] - Flow-matching step: 1/100
[2025-12-03 02:23:05,923][__main__][INFO] - Flow-matching step: 2/100
[2025-12-03 02:23:08,219][__main__][INFO] - Flow-matching step: 3/100
[2025-12-03 02:23:10,514][__main__][INFO] - Flow-matching step: 4/100
[2025-12-03 02:23:12,786][__main__][INFO] - Flow-matching step: 5/100
[2025-12-03 02:23:15,068][__main__][INFO] - Flow-matching step: 6/100
[2025-12-03 02:23:17,365][__main__][INFO] - Flow-matching step: 7/100
[2025-12-03 02:23:19,665][__main__][INFO] - Flow-matching step: 8/100
[2025-12-03 02:23:21,958][__main__][INFO] - Flow-matching step: 9/100
[2025-12-03 02:23:24,244][__main__][INFO] - Flow-matching step: 10/100
[2025-12-03 02:23:26,521][__main__][INFO] - Flow-matching step: 11/100
[2025-12-03 02:23:28,795][__main__][INFO] - Flow-matching step: 12/100
[2025-12-03 02:23:31,071][__main__][INFO] - Flow-matching step: 13/100
[2025-12-03 02:23:33,361][__main__][INFO] - Flow-matching step: 14/100
[2025-12-03 02:23:35,619][__main__][INFO] - Flow-matching step: 15/100
[2025-12-03 02:23:37,880][__main__][INFO] - Flow-matching step: 16/100
[2025-12-03 02:23:40,156][__main__][INFO] - Flow-matching step: 17/100
[2025-12-03 02:23:42,439][__main__][INFO] - Flow-matching step: 18/100
[2025-12-03 02:23:44,733][__main__][INFO] - Flow-matching step: 19/100
[2025-12-03 02:23:47,038][__main__][INFO] - Flow-matching step: 20/100
[2025-12-03 02:23:49,347][__main__][INFO] - Flow-matching step: 21/100
[2025-12-03 02:23:51,668][__main__][INFO] - Flow-matching step: 22/100
[2025-12-03 02:23:53,974][__main__][INFO] - Flow-matching step: 23/100
[2025-12-03 02:23:56,282][__main__][INFO] - Flow-matching step: 24/100
[2025-12-03 02:23:58,591][__main__][INFO] - Flow-matching step: 25/100
[2025-12-03 02:24:00,895][__main__][INFO] - Flow-matching step: 26/100
[2025-12-03 02:24:03,206][__main__][INFO] - Flow-matching step: 27/100
[2025-12-03 02:24:05,517][__main__][INFO] - Flow-matching step: 28/100
[2025-12-03 02:24:07,829][__main__][INFO] - Flow-matching step: 29/100
[2025-12-03 02:24:10,137][__main__][INFO] - Flow-matching step: 30/100
[2025-12-03 02:24:12,448][__main__][INFO] - Flow-matching step: 31/100
[2025-12-03 02:24:14,753][__main__][INFO] - Flow-matching step: 32/100
[2025-12-03 02:24:17,064][__main__][INFO] - Flow-matching step: 33/100
[2025-12-03 02:24:19,376][__main__][INFO] - Flow-matching step: 34/100
[2025-12-03 02:24:21,673][__main__][INFO] - Flow-matching step: 35/100
[2025-12-03 02:24:23,974][__main__][INFO] - Flow-matching step: 36/100
[2025-12-03 02:24:26,287][__main__][INFO] - Flow-matching step: 37/100
[2025-12-03 02:24:28,607][__main__][INFO] - Flow-matching step: 38/100
[2025-12-03 02:24:30,950][__main__][INFO] - Flow-matching step: 39/100
[2025-12-03 02:24:33,300][__main__][INFO] - Flow-matching step: 40/100
[2025-12-03 02:24:35,653][__main__][INFO] - Flow-matching step: 41/100
[2025-12-03 02:24:38,006][__main__][INFO] - Flow-matching step: 42/100
[2025-12-03 02:24:40,354][__main__][INFO] - Flow-matching step: 43/100
[2025-12-03 02:24:42,705][__main__][INFO] - Flow-matching step: 44/100
[2025-12-03 02:24:45,057][__main__][INFO] - Flow-matching step: 45/100
[2025-12-03 02:24:47,407][__main__][INFO] - Flow-matching step: 46/100
[2025-12-03 02:24:49,746][__main__][INFO] - Flow-matching step: 47/100
[2025-12-03 02:24:52,095][__main__][INFO] - Flow-matching step: 48/100
[2025-12-03 02:24:54,427][__main__][INFO] - Flow-matching step: 49/100
[2025-12-03 02:24:56,757][__main__][INFO] - Flow-matching step: 50/100
[2025-12-03 02:24:59,085][__main__][INFO] - Flow-matching step: 51/100
[2025-12-03 02:25:01,420][__main__][INFO] - Flow-matching step: 52/100
[2025-12-03 02:25:03,741][__main__][INFO] - Flow-matching step: 53/100
[2025-12-03 02:25:06,067][__main__][INFO] - Flow-matching step: 54/100
[2025-12-03 02:25:08,371][__main__][INFO] - Flow-matching step: 55/100
[2025-12-03 02:25:10,673][__main__][INFO] - Flow-matching step: 56/100
[2025-12-03 02:25:12,986][__main__][INFO] - Flow-matching step: 57/100
[2025-12-03 02:25:15,307][__main__][INFO] - Flow-matching step: 58/100
[2025-12-03 02:25:17,624][__main__][INFO] - Flow-matching step: 59/100
[2025-12-03 02:25:19,934][__main__][INFO] - Flow-matching step: 60/100
[2025-12-03 02:25:22,244][__main__][INFO] - Flow-matching step: 61/100
[2025-12-03 02:25:24,556][__main__][INFO] - Flow-matching step: 62/100
[2025-12-03 02:25:26,867][__main__][INFO] - Flow-matching step: 63/100
[2025-12-03 02:25:29,177][__main__][INFO] - Flow-matching step: 64/100
[2025-12-03 02:25:31,484][__main__][INFO] - Flow-matching step: 65/100
[2025-12-03 02:25:33,798][__main__][INFO] - Flow-matching step: 66/100
[2025-12-03 02:25:36,104][__main__][INFO] - Flow-matching step: 67/100
[2025-12-03 02:25:38,410][__main__][INFO] - Flow-matching step: 68/100
[2025-12-03 02:25:40,724][__main__][INFO] - Flow-matching step: 69/100
[2025-12-03 02:25:43,052][__main__][INFO] - Flow-matching step: 70/100
[2025-12-03 02:25:45,370][__main__][INFO] - Flow-matching step: 71/100
[2025-12-03 02:25:47,663][__main__][INFO] - Flow-matching step: 72/100
[2025-12-03 02:25:49,975][__main__][INFO] - Flow-matching step: 73/100
[2025-12-03 02:25:52,294][__main__][INFO] - Flow-matching step: 74/100
[2025-12-03 02:25:54,594][__main__][INFO] - Flow-matching step: 75/100
[2025-12-03 02:25:56,873][__main__][INFO] - Flow-matching step: 76/100
[2025-12-03 02:25:59,156][__main__][INFO] - Flow-matching step: 77/100
[2025-12-03 02:26:01,428][__main__][INFO] - Flow-matching step: 78/100
[2025-12-03 02:26:03,704][__main__][INFO] - Flow-matching step: 79/100
[2025-12-03 02:26:05,982][__main__][INFO] - Flow-matching step: 80/100
[2025-12-03 02:26:08,261][__main__][INFO] - Flow-matching step: 81/100
[2025-12-03 02:26:10,561][__main__][INFO] - Flow-matching step: 82/100
[2025-12-03 02:26:12,869][__main__][INFO] - Flow-matching step: 83/100
[2025-12-03 02:26:15,169][__main__][INFO] - Flow-matching step: 84/100
[2025-12-03 02:26:17,466][__main__][INFO] - Flow-matching step: 85/100
[2025-12-03 02:26:19,759][__main__][INFO] - Flow-matching step: 86/100
[2025-12-03 02:26:22,053][__main__][INFO] - Flow-matching step: 87/100
[2025-12-03 02:26:24,358][__main__][INFO] - Flow-matching step: 88/100
[2025-12-03 02:26:26,658][__main__][INFO] - Flow-matching step: 89/100
[2025-12-03 02:26:28,969][__main__][INFO] - Flow-matching step: 90/100
[2025-12-03 02:26:31,278][__main__][INFO] - Flow-matching step: 91/100
[2025-12-03 02:26:33,589][__main__][INFO] - Flow-matching step: 92/100
[2025-12-03 02:26:35,907][__main__][INFO] - Flow-matching step: 93/100
[2025-12-03 02:26:38,232][__main__][INFO] - Flow-matching step: 94/100
[2025-12-03 02:26:40,576][__main__][INFO] - Flow-matching step: 95/100
[2025-12-03 02:26:42,912][__main__][INFO] - Flow-matching step: 96/100
[2025-12-03 02:26:45,240][__main__][INFO] - Flow-matching step: 97/100
[2025-12-03 02:26:47,573][__main__][INFO] - Flow-matching step: 98/100
[2025-12-03 02:26:49,901][__main__][INFO] - Flow-matching step: 99/100
[2025-12-03 02:26:52,247][__main__][INFO] - Flow-matching step: 100/100
[2025-12-03 02:27:03,466][__main__][INFO] - Finished design in 4.00 minutes
[2025-12-03 02:27:03,510][__main__][INFO] - out_prefix_suffixed='/home/woodbuse/publication/metallohydrolase/github/Computational_Design_of_Metallohydrolases_PrivateGitHub/RFdiffusion2_Tutorial/outputs/rfdiffusion2_out/from_quantum_chemistry__ZN_ESTERASE/ZETA_2__theozyme_optTS_geom_HHHE__lig_SZD_artificialBB_ORI_03_LENGTH_110_140__1_1-atomized-bb-False', conf.inference.guidepost_xyz_as_design_bb=False
[2025-12-03 02:27:03,557][__main__][INFO] - Idealizing atomized sidechains for pX0 of the last step...
[2025-12-03 02:27:05,194][__main__][INFO] - design : /home/woodbuse/publication/metallohydrolase/github/Computational_Design_of_Metallohydrolases_PrivateGitHub/RFdiffusion2_Tutorial/outputs/rfdiffusion2_out/from_quantum_chemistry__ZN_ESTERASE/ZETA_2__theozyme_optTS_geom_HHHE__lig_SZD_artificialBB_ORI_03_LENGTH_110_140__1_1-atomized-bb-False.pdb
