[2025-12-03 02:13:04,415][rf_diffusion.config.config_format][INFO] - Translating obsolete key: extra_t1d -> ['extra_tXd']
[2025-12-03 02:13:04,416][rf_diffusion.config.config_format][INFO] - Translating obsolete key: extra_t1d_params -> ['extra_tXd_params']
[2025-12-03 02:13:08,583][__main__][INFO] - Making design 0 of 0:2: /home/woodbuse/publication/metallohydrolase/github/Computational_Design_of_Metallohydrolases_PrivateGitHub/RFdiffusion2_Tutorial/outputs/rfdiffusion2_out/from_quantum_chemistry__ZN_ESTERASE/ZETA_2__theozyme_optTS_geom_HHHE__lig_SZD_artificialBB_ORI_02_LENGTH_140_170__1_0
[2025-12-03 02:13:08,842][se3_flow_matching.data.so3_utils][INFO] - Data loaded from .cache/cache_igso3_s0.100-1.500-1000_l1000_o1000-3.npz
[2025-12-03 02:13:08,912][__main__][INFO] - Flow-matching step: 1/100
[2025-12-03 02:13:13,074][__main__][INFO] - Flow-matching step: 2/100
[2025-12-03 02:13:15,602][__main__][INFO] - Flow-matching step: 3/100
[2025-12-03 02:13:18,138][__main__][INFO] - Flow-matching step: 4/100
[2025-12-03 02:13:20,676][__main__][INFO] - Flow-matching step: 5/100
[2025-12-03 02:13:23,232][__main__][INFO] - Flow-matching step: 6/100
[2025-12-03 02:13:25,790][__main__][INFO] - Flow-matching step: 7/100
[2025-12-03 02:13:28,358][__main__][INFO] - Flow-matching step: 8/100
[2025-12-03 02:13:30,912][__main__][INFO] - Flow-matching step: 9/100
[2025-12-03 02:13:33,462][__main__][INFO] - Flow-matching step: 10/100
[2025-12-03 02:13:36,009][__main__][INFO] - Flow-matching step: 11/100
[2025-12-03 02:13:38,551][__main__][INFO] - Flow-matching step: 12/100
[2025-12-03 02:13:41,090][__main__][INFO] - Flow-matching step: 13/100
[2025-12-03 02:13:43,622][__main__][INFO] - Flow-matching step: 14/100
[2025-12-03 02:13:46,132][__main__][INFO] - Flow-matching step: 15/100
[2025-12-03 02:13:48,633][__main__][INFO] - Flow-matching step: 16/100
[2025-12-03 02:13:51,143][__main__][INFO] - Flow-matching step: 17/100
[2025-12-03 02:13:53,646][__main__][INFO] - Flow-matching step: 18/100
[2025-12-03 02:13:56,148][__main__][INFO] - Flow-matching step: 19/100
[2025-12-03 02:13:58,646][__main__][INFO] - Flow-matching step: 20/100
[2025-12-03 02:14:01,146][__main__][INFO] - Flow-matching step: 21/100
[2025-12-03 02:14:03,648][__main__][INFO] - Flow-matching step: 22/100
[2025-12-03 02:14:06,163][__main__][INFO] - Flow-matching step: 23/100
[2025-12-03 02:14:08,689][__main__][INFO] - Flow-matching step: 24/100
[2025-12-03 02:14:11,215][__main__][INFO] - Flow-matching step: 25/100
[2025-12-03 02:14:13,728][__main__][INFO] - Flow-matching step: 26/100
[2025-12-03 02:14:16,241][__main__][INFO] - Flow-matching step: 27/100
[2025-12-03 02:14:18,765][__main__][INFO] - Flow-matching step: 28/100
[2025-12-03 02:14:21,282][__main__][INFO] - Flow-matching step: 29/100
[2025-12-03 02:14:23,796][__main__][INFO] - Flow-matching step: 30/100
[2025-12-03 02:14:26,306][__main__][INFO] - Flow-matching step: 31/100
[2025-12-03 02:14:28,819][__main__][INFO] - Flow-matching step: 32/100
[2025-12-03 02:14:31,324][__main__][INFO] - Flow-matching step: 33/100
[2025-12-03 02:14:33,846][__main__][INFO] - Flow-matching step: 34/100
[2025-12-03 02:14:36,346][__main__][INFO] - Flow-matching step: 35/100
[2025-12-03 02:14:38,861][__main__][INFO] - Flow-matching step: 36/100
[2025-12-03 02:14:41,376][__main__][INFO] - Flow-matching step: 37/100
[2025-12-03 02:14:43,905][__main__][INFO] - Flow-matching step: 38/100
[2025-12-03 02:14:46,429][__main__][INFO] - Flow-matching step: 39/100
[2025-12-03 02:14:48,960][__main__][INFO] - Flow-matching step: 40/100
[2025-12-03 02:14:51,504][__main__][INFO] - Flow-matching step: 41/100
[2025-12-03 02:14:54,059][__main__][INFO] - Flow-matching step: 42/100
[2025-12-03 02:14:56,622][__main__][INFO] - Flow-matching step: 43/100
[2025-12-03 02:14:59,188][__main__][INFO] - Flow-matching step: 44/100
[2025-12-03 02:15:01,759][__main__][INFO] - Flow-matching step: 45/100
[2025-12-03 02:15:04,352][__main__][INFO] - Flow-matching step: 46/100
[2025-12-03 02:15:06,940][__main__][INFO] - Flow-matching step: 47/100
[2025-12-03 02:15:09,527][__main__][INFO] - Flow-matching step: 48/100
[2025-12-03 02:15:12,111][__main__][INFO] - Flow-matching step: 49/100
[2025-12-03 02:15:14,687][__main__][INFO] - Flow-matching step: 50/100
[2025-12-03 02:15:17,269][__main__][INFO] - Flow-matching step: 51/100
[2025-12-03 02:15:19,838][__main__][INFO] - Flow-matching step: 52/100
[2025-12-03 02:15:22,406][__main__][INFO] - Flow-matching step: 53/100
[2025-12-03 02:15:24,966][__main__][INFO] - Flow-matching step: 54/100
[2025-12-03 02:15:27,524][__main__][INFO] - Flow-matching step: 55/100
[2025-12-03 02:15:30,093][__main__][INFO] - Flow-matching step: 56/100
[2025-12-03 02:15:32,668][__main__][INFO] - Flow-matching step: 57/100
[2025-12-03 02:15:35,232][__main__][INFO] - Flow-matching step: 58/100
[2025-12-03 02:15:37,802][__main__][INFO] - Flow-matching step: 59/100
[2025-12-03 02:15:40,374][__main__][INFO] - Flow-matching step: 60/100
[2025-12-03 02:15:42,960][__main__][INFO] - Flow-matching step: 61/100
[2025-12-03 02:15:45,545][__main__][INFO] - Flow-matching step: 62/100
[2025-12-03 02:15:48,127][__main__][INFO] - Flow-matching step: 63/100
[2025-12-03 02:15:50,698][__main__][INFO] - Flow-matching step: 64/100
[2025-12-03 02:15:53,272][__main__][INFO] - Flow-matching step: 65/100
[2025-12-03 02:15:55,840][__main__][INFO] - Flow-matching step: 66/100
[2025-12-03 02:15:58,409][__main__][INFO] - Flow-matching step: 67/100
[2025-12-03 02:16:00,979][__main__][INFO] - Flow-matching step: 68/100
[2025-12-03 02:16:03,543][__main__][INFO] - Flow-matching step: 69/100
[2025-12-03 02:16:06,112][__main__][INFO] - Flow-matching step: 70/100
[2025-12-03 02:16:08,652][__main__][INFO] - Flow-matching step: 71/100
[2025-12-03 02:16:11,188][__main__][INFO] - Flow-matching step: 72/100
[2025-12-03 02:16:13,727][__main__][INFO] - Flow-matching step: 73/100
[2025-12-03 02:16:16,267][__main__][INFO] - Flow-matching step: 74/100
[2025-12-03 02:16:18,808][__main__][INFO] - Flow-matching step: 75/100
[2025-12-03 02:16:21,354][__main__][INFO] - Flow-matching step: 76/100
[2025-12-03 02:16:23,895][__main__][INFO] - Flow-matching step: 77/100
[2025-12-03 02:16:26,431][__main__][INFO] - Flow-matching step: 78/100
[2025-12-03 02:16:28,965][__main__][INFO] - Flow-matching step: 79/100
[2025-12-03 02:16:31,511][__main__][INFO] - Flow-matching step: 80/100
[2025-12-03 02:16:34,044][__main__][INFO] - Flow-matching step: 81/100
[2025-12-03 02:16:36,565][__main__][INFO] - Flow-matching step: 82/100
[2025-12-03 02:16:39,082][__main__][INFO] - Flow-matching step: 83/100
[2025-12-03 02:16:41,591][__main__][INFO] - Flow-matching step: 84/100
[2025-12-03 02:16:44,102][__main__][INFO] - Flow-matching step: 85/100
[2025-12-03 02:16:46,618][__main__][INFO] - Flow-matching step: 86/100
[2025-12-03 02:16:49,140][__main__][INFO] - Flow-matching step: 87/100
[2025-12-03 02:16:51,639][__main__][INFO] - Flow-matching step: 88/100
[2025-12-03 02:16:54,129][__main__][INFO] - Flow-matching step: 89/100
[2025-12-03 02:16:56,620][__main__][INFO] - Flow-matching step: 90/100
[2025-12-03 02:16:59,115][__main__][INFO] - Flow-matching step: 91/100
[2025-12-03 02:17:01,609][__main__][INFO] - Flow-matching step: 92/100
[2025-12-03 02:17:04,105][__main__][INFO] - Flow-matching step: 93/100
[2025-12-03 02:17:06,608][__main__][INFO] - Flow-matching step: 94/100
[2025-12-03 02:17:09,112][__main__][INFO] - Flow-matching step: 95/100
[2025-12-03 02:17:11,613][__main__][INFO] - Flow-matching step: 96/100
[2025-12-03 02:17:14,154][__main__][INFO] - Flow-matching step: 97/100
[2025-12-03 02:17:16,701][__main__][INFO] - Flow-matching step: 98/100
[2025-12-03 02:17:19,254][__main__][INFO] - Flow-matching step: 99/100
[2025-12-03 02:17:21,818][__main__][INFO] - Flow-matching step: 100/100
[2025-12-03 02:17:33,938][__main__][INFO] - Finished design in 4.42 minutes
[2025-12-03 02:17:33,983][__main__][INFO] - out_prefix_suffixed='/home/woodbuse/publication/metallohydrolase/github/Computational_Design_of_Metallohydrolases_PrivateGitHub/RFdiffusion2_Tutorial/outputs/rfdiffusion2_out/from_quantum_chemistry__ZN_ESTERASE/ZETA_2__theozyme_optTS_geom_HHHE__lig_SZD_artificialBB_ORI_02_LENGTH_140_170__1_0-atomized-bb-False', conf.inference.guidepost_xyz_as_design_bb=False
[2025-12-03 02:17:34,051][__main__][INFO] - Idealizing atomized sidechains for pX0 of the last step...
[2025-12-03 02:17:36,403][__main__][INFO] - design : /home/woodbuse/publication/metallohydrolase/github/Computational_Design_of_Metallohydrolases_PrivateGitHub/RFdiffusion2_Tutorial/outputs/rfdiffusion2_out/from_quantum_chemistry__ZN_ESTERASE/ZETA_2__theozyme_optTS_geom_HHHE__lig_SZD_artificialBB_ORI_02_LENGTH_140_170__1_0-atomized-bb-False.pdb
[2025-12-03 02:17:36,404][__main__][INFO] - Making design 1 of 0:2: /home/woodbuse/publication/metallohydrolase/github/Computational_Design_of_Metallohydrolases_PrivateGitHub/RFdiffusion2_Tutorial/outputs/rfdiffusion2_out/from_quantum_chemistry__ZN_ESTERASE/ZETA_2__theozyme_optTS_geom_HHHE__lig_SZD_artificialBB_ORI_02_LENGTH_140_170__1_1
[2025-12-03 02:17:36,669][__main__][INFO] - Flow-matching step: 1/100
[2025-12-03 02:17:39,237][__main__][INFO] - Flow-matching step: 2/100
[2025-12-03 02:17:41,796][__main__][INFO] - Flow-matching step: 3/100
[2025-12-03 02:17:44,381][__main__][INFO] - Flow-matching step: 4/100
[2025-12-03 02:17:46,975][__main__][INFO] - Flow-matching step: 5/100
[2025-12-03 02:17:49,585][__main__][INFO] - Flow-matching step: 6/100
[2025-12-03 02:17:52,214][__main__][INFO] - Flow-matching step: 7/100
[2025-12-03 02:17:54,832][__main__][INFO] - Flow-matching step: 8/100
[2025-12-03 02:17:57,447][__main__][INFO] - Flow-matching step: 9/100
[2025-12-03 02:18:00,061][__main__][INFO] - Flow-matching step: 10/100
[2025-12-03 02:18:02,660][__main__][INFO] - Flow-matching step: 11/100
[2025-12-03 02:18:05,268][__main__][INFO] - Flow-matching step: 12/100
[2025-12-03 02:18:07,865][__main__][INFO] - Flow-matching step: 13/100
[2025-12-03 02:18:10,467][__main__][INFO] - Flow-matching step: 14/100
[2025-12-03 02:18:13,072][__main__][INFO] - Flow-matching step: 15/100
[2025-12-03 02:18:15,677][__main__][INFO] - Flow-matching step: 16/100
[2025-12-03 02:18:18,276][__main__][INFO] - Flow-matching step: 17/100
[2025-12-03 02:18:20,885][__main__][INFO] - Flow-matching step: 18/100
[2025-12-03 02:18:23,496][__main__][INFO] - Flow-matching step: 19/100
[2025-12-03 02:18:26,102][__main__][INFO] - Flow-matching step: 20/100
[2025-12-03 02:18:28,690][__main__][INFO] - Flow-matching step: 21/100
[2025-12-03 02:18:31,272][__main__][INFO] - Flow-matching step: 22/100
[2025-12-03 02:18:33,856][__main__][INFO] - Flow-matching step: 23/100
[2025-12-03 02:18:36,456][__main__][INFO] - Flow-matching step: 24/100
[2025-12-03 02:18:39,054][__main__][INFO] - Flow-matching step: 25/100
[2025-12-03 02:18:41,649][__main__][INFO] - Flow-matching step: 26/100
[2025-12-03 02:18:44,237][__main__][INFO] - Flow-matching step: 27/100
[2025-12-03 02:18:46,822][__main__][INFO] - Flow-matching step: 28/100
[2025-12-03 02:18:49,409][__main__][INFO] - Flow-matching step: 29/100
[2025-12-03 02:18:51,988][__main__][INFO] - Flow-matching step: 30/100
[2025-12-03 02:18:54,571][__main__][INFO] - Flow-matching step: 31/100
[2025-12-03 02:18:57,151][__main__][INFO] - Flow-matching step: 32/100
[2025-12-03 02:18:59,732][__main__][INFO] - Flow-matching step: 33/100
[2025-12-03 02:19:02,314][__main__][INFO] - Flow-matching step: 34/100
[2025-12-03 02:19:04,911][__main__][INFO] - Flow-matching step: 35/100
[2025-12-03 02:19:07,480][__main__][INFO] - Flow-matching step: 36/100
[2025-12-03 02:19:10,035][__main__][INFO] - Flow-matching step: 37/100
[2025-12-03 02:19:12,589][__main__][INFO] - Flow-matching step: 38/100
[2025-12-03 02:19:15,163][__main__][INFO] - Flow-matching step: 39/100
[2025-12-03 02:19:17,734][__main__][INFO] - Flow-matching step: 40/100
[2025-12-03 02:19:20,297][__main__][INFO] - Flow-matching step: 41/100
[2025-12-03 02:19:22,862][__main__][INFO] - Flow-matching step: 42/100
[2025-12-03 02:19:25,434][__main__][INFO] - Flow-matching step: 43/100
[2025-12-03 02:19:28,011][__main__][INFO] - Flow-matching step: 44/100
[2025-12-03 02:19:30,580][__main__][INFO] - Flow-matching step: 45/100
[2025-12-03 02:19:33,147][__main__][INFO] - Flow-matching step: 46/100
[2025-12-03 02:19:35,728][__main__][INFO] - Flow-matching step: 47/100
[2025-12-03 02:19:38,309][__main__][INFO] - Flow-matching step: 48/100
[2025-12-03 02:19:40,899][__main__][INFO] - Flow-matching step: 49/100
[2025-12-03 02:19:43,500][__main__][INFO] - Flow-matching step: 50/100
[2025-12-03 02:19:46,096][__main__][INFO] - Flow-matching step: 51/100
[2025-12-03 02:19:48,700][__main__][INFO] - Flow-matching step: 52/100
[2025-12-03 02:19:51,299][__main__][INFO] - Flow-matching step: 53/100
[2025-12-03 02:19:53,897][__main__][INFO] - Flow-matching step: 54/100
[2025-12-03 02:19:56,479][__main__][INFO] - Flow-matching step: 55/100
[2025-12-03 02:19:59,060][__main__][INFO] - Flow-matching step: 56/100
[2025-12-03 02:20:01,650][__main__][INFO] - Flow-matching step: 57/100
[2025-12-03 02:20:04,262][__main__][INFO] - Flow-matching step: 58/100
[2025-12-03 02:20:06,869][__main__][INFO] - Flow-matching step: 59/100
[2025-12-03 02:20:09,482][__main__][INFO] - Flow-matching step: 60/100
[2025-12-03 02:20:12,108][__main__][INFO] - Flow-matching step: 61/100
[2025-12-03 02:20:14,726][__main__][INFO] - Flow-matching step: 62/100
[2025-12-03 02:20:17,339][__main__][INFO] - Flow-matching step: 63/100
[2025-12-03 02:20:19,940][__main__][INFO] - Flow-matching step: 64/100
[2025-12-03 02:20:22,545][__main__][INFO] - Flow-matching step: 65/100
[2025-12-03 02:20:25,160][__main__][INFO] - Flow-matching step: 66/100
[2025-12-03 02:20:27,772][__main__][INFO] - Flow-matching step: 67/100
[2025-12-03 02:20:30,386][__main__][INFO] - Flow-matching step: 68/100
[2025-12-03 02:20:32,997][__main__][INFO] - Flow-matching step: 69/100
[2025-12-03 02:20:35,611][__main__][INFO] - Flow-matching step: 70/100
[2025-12-03 02:20:38,224][__main__][INFO] - Flow-matching step: 71/100
[2025-12-03 02:20:40,832][__main__][INFO] - Flow-matching step: 72/100
[2025-12-03 02:20:43,434][__main__][INFO] - Flow-matching step: 73/100
[2025-12-03 02:20:46,031][__main__][INFO] - Flow-matching step: 74/100
[2025-12-03 02:20:48,619][__main__][INFO] - Flow-matching step: 75/100
[2025-12-03 02:20:51,220][__main__][INFO] - Flow-matching step: 76/100
[2025-12-03 02:20:53,815][__main__][INFO] - Flow-matching step: 77/100
[2025-12-03 02:20:56,396][__main__][INFO] - Flow-matching step: 78/100
[2025-12-03 02:20:58,980][__main__][INFO] - Flow-matching step: 79/100
[2025-12-03 02:21:01,573][__main__][INFO] - Flow-matching step: 80/100
[2025-12-03 02:21:04,175][__main__][INFO] - Flow-matching step: 81/100
[2025-12-03 02:21:06,762][__main__][INFO] - Flow-matching step: 82/100
[2025-12-03 02:21:09,364][__main__][INFO] - Flow-matching step: 83/100
[2025-12-03 02:21:11,956][__main__][INFO] - Flow-matching step: 84/100
[2025-12-03 02:21:14,527][__main__][INFO] - Flow-matching step: 85/100
[2025-12-03 02:21:17,113][__main__][INFO] - Flow-matching step: 86/100
[2025-12-03 02:21:19,722][__main__][INFO] - Flow-matching step: 87/100
[2025-12-03 02:21:22,320][__main__][INFO] - Flow-matching step: 88/100
[2025-12-03 02:21:24,908][__main__][INFO] - Flow-matching step: 89/100
[2025-12-03 02:21:27,501][__main__][INFO] - Flow-matching step: 90/100
[2025-12-03 02:21:30,097][__main__][INFO] - Flow-matching step: 91/100
[2025-12-03 02:21:32,692][__main__][INFO] - Flow-matching step: 92/100
[2025-12-03 02:21:35,291][__main__][INFO] - Flow-matching step: 93/100
[2025-12-03 02:21:37,897][__main__][INFO] - Flow-matching step: 94/100
[2025-12-03 02:21:40,478][__main__][INFO] - Flow-matching step: 95/100
[2025-12-03 02:21:43,058][__main__][INFO] - Flow-matching step: 96/100
[2025-12-03 02:21:45,641][__main__][INFO] - Flow-matching step: 97/100
[2025-12-03 02:21:48,213][__main__][INFO] - Flow-matching step: 98/100
[2025-12-03 02:21:50,767][__main__][INFO] - Flow-matching step: 99/100
[2025-12-03 02:21:53,320][__main__][INFO] - Flow-matching step: 100/100
[2025-12-03 02:22:05,365][__main__][INFO] - Finished design in 4.48 minutes
[2025-12-03 02:22:05,410][__main__][INFO] - out_prefix_suffixed='/home/woodbuse/publication/metallohydrolase/github/Computational_Design_of_Metallohydrolases_PrivateGitHub/RFdiffusion2_Tutorial/outputs/rfdiffusion2_out/from_quantum_chemistry__ZN_ESTERASE/ZETA_2__theozyme_optTS_geom_HHHE__lig_SZD_artificialBB_ORI_02_LENGTH_140_170__1_1-atomized-bb-False', conf.inference.guidepost_xyz_as_design_bb=False
[2025-12-03 02:22:05,474][__main__][INFO] - Idealizing atomized sidechains for pX0 of the last step...
[2025-12-03 02:22:07,240][__main__][INFO] - design : /home/woodbuse/publication/metallohydrolase/github/Computational_Design_of_Metallohydrolases_PrivateGitHub/RFdiffusion2_Tutorial/outputs/rfdiffusion2_out/from_quantum_chemistry__ZN_ESTERASE/ZETA_2__theozyme_optTS_geom_HHHE__lig_SZD_artificialBB_ORI_02_LENGTH_140_170__1_1-atomized-bb-False.pdb
