[2025-12-03 03:00:15,862][rf_diffusion.config.config_format][INFO] - Translating obsolete key: extra_t1d -> ['extra_tXd']
[2025-12-03 03:00:15,862][rf_diffusion.config.config_format][INFO] - Translating obsolete key: extra_t1d_params -> ['extra_tXd_params']
[2025-12-03 03:00:19,838][__main__][INFO] - Making design 0 of 0:2: /home/woodbuse/publication/metallohydrolase/github/Computational_Design_of_Metallohydrolases_PrivateGitHub/RFdiffusion2_Tutorial/outputs/rfdiffusion2_out/from_quantum_chemistry__ZN_ESTERASE/ZETA_2__theozyme_optTS_geom_HHHE__lig_SZD_artificialBB_ORI_08_LENGTH_110_140__1_0
[2025-12-03 03:00:20,047][se3_flow_matching.data.so3_utils][INFO] - Data loaded from .cache/cache_igso3_s0.100-1.500-1000_l1000_o1000-3.npz
[2025-12-03 03:00:20,106][__main__][INFO] - Flow-matching step: 1/100
[2025-12-03 03:00:24,294][__main__][INFO] - Flow-matching step: 2/100
[2025-12-03 03:00:26,579][__main__][INFO] - Flow-matching step: 3/100
[2025-12-03 03:00:28,854][__main__][INFO] - Flow-matching step: 4/100
[2025-12-03 03:00:31,140][__main__][INFO] - Flow-matching step: 5/100
[2025-12-03 03:00:33,425][__main__][INFO] - Flow-matching step: 6/100
[2025-12-03 03:00:35,711][__main__][INFO] - Flow-matching step: 7/100
[2025-12-03 03:00:38,006][__main__][INFO] - Flow-matching step: 8/100
[2025-12-03 03:00:40,285][__main__][INFO] - Flow-matching step: 9/100
[2025-12-03 03:00:42,563][__main__][INFO] - Flow-matching step: 10/100
[2025-12-03 03:00:44,840][__main__][INFO] - Flow-matching step: 11/100
[2025-12-03 03:00:47,101][__main__][INFO] - Flow-matching step: 12/100
[2025-12-03 03:00:49,363][__main__][INFO] - Flow-matching step: 13/100
[2025-12-03 03:00:51,627][__main__][INFO] - Flow-matching step: 14/100
[2025-12-03 03:00:53,893][__main__][INFO] - Flow-matching step: 15/100
[2025-12-03 03:00:56,169][__main__][INFO] - Flow-matching step: 16/100
[2025-12-03 03:00:58,441][__main__][INFO] - Flow-matching step: 17/100
[2025-12-03 03:01:00,736][__main__][INFO] - Flow-matching step: 18/100
[2025-12-03 03:01:03,046][__main__][INFO] - Flow-matching step: 19/100
[2025-12-03 03:01:05,333][__main__][INFO] - Flow-matching step: 20/100
[2025-12-03 03:01:07,636][__main__][INFO] - Flow-matching step: 21/100
[2025-12-03 03:01:09,932][__main__][INFO] - Flow-matching step: 22/100
[2025-12-03 03:01:12,226][__main__][INFO] - Flow-matching step: 23/100
[2025-12-03 03:01:14,527][__main__][INFO] - Flow-matching step: 24/100
[2025-12-03 03:01:16,829][__main__][INFO] - Flow-matching step: 25/100
[2025-12-03 03:01:19,132][__main__][INFO] - Flow-matching step: 26/100
[2025-12-03 03:01:21,432][__main__][INFO] - Flow-matching step: 27/100
[2025-12-03 03:01:23,738][__main__][INFO] - Flow-matching step: 28/100
[2025-12-03 03:01:26,058][__main__][INFO] - Flow-matching step: 29/100
[2025-12-03 03:01:28,370][__main__][INFO] - Flow-matching step: 30/100
[2025-12-03 03:01:30,659][__main__][INFO] - Flow-matching step: 31/100
[2025-12-03 03:01:32,940][__main__][INFO] - Flow-matching step: 32/100
[2025-12-03 03:01:35,224][__main__][INFO] - Flow-matching step: 33/100
[2025-12-03 03:01:37,507][__main__][INFO] - Flow-matching step: 34/100
[2025-12-03 03:01:39,787][__main__][INFO] - Flow-matching step: 35/100
[2025-12-03 03:01:42,060][__main__][INFO] - Flow-matching step: 36/100
[2025-12-03 03:01:44,338][__main__][INFO] - Flow-matching step: 37/100
[2025-12-03 03:01:46,617][__main__][INFO] - Flow-matching step: 38/100
[2025-12-03 03:01:48,902][__main__][INFO] - Flow-matching step: 39/100
[2025-12-03 03:01:51,205][__main__][INFO] - Flow-matching step: 40/100
[2025-12-03 03:01:53,487][__main__][INFO] - Flow-matching step: 41/100
[2025-12-03 03:01:55,760][__main__][INFO] - Flow-matching step: 42/100
[2025-12-03 03:01:58,055][__main__][INFO] - Flow-matching step: 43/100
[2025-12-03 03:02:00,346][__main__][INFO] - Flow-matching step: 44/100
[2025-12-03 03:02:02,627][__main__][INFO] - Flow-matching step: 45/100
[2025-12-03 03:02:04,900][__main__][INFO] - Flow-matching step: 46/100
[2025-12-03 03:02:07,181][__main__][INFO] - Flow-matching step: 47/100
[2025-12-03 03:02:09,492][__main__][INFO] - Flow-matching step: 48/100
[2025-12-03 03:02:11,782][__main__][INFO] - Flow-matching step: 49/100
[2025-12-03 03:02:14,088][__main__][INFO] - Flow-matching step: 50/100
[2025-12-03 03:02:16,380][__main__][INFO] - Flow-matching step: 51/100
[2025-12-03 03:02:18,664][__main__][INFO] - Flow-matching step: 52/100
[2025-12-03 03:02:20,955][__main__][INFO] - Flow-matching step: 53/100
[2025-12-03 03:02:23,237][__main__][INFO] - Flow-matching step: 54/100
[2025-12-03 03:02:25,523][__main__][INFO] - Flow-matching step: 55/100
[2025-12-03 03:02:27,789][__main__][INFO] - Flow-matching step: 56/100
[2025-12-03 03:02:30,057][__main__][INFO] - Flow-matching step: 57/100
[2025-12-03 03:02:32,328][__main__][INFO] - Flow-matching step: 58/100
[2025-12-03 03:02:34,602][__main__][INFO] - Flow-matching step: 59/100
[2025-12-03 03:02:36,896][__main__][INFO] - Flow-matching step: 60/100
[2025-12-03 03:02:39,208][__main__][INFO] - Flow-matching step: 61/100
[2025-12-03 03:02:41,526][__main__][INFO] - Flow-matching step: 62/100
[2025-12-03 03:02:43,828][__main__][INFO] - Flow-matching step: 63/100
[2025-12-03 03:02:46,123][__main__][INFO] - Flow-matching step: 64/100
[2025-12-03 03:02:48,431][__main__][INFO] - Flow-matching step: 65/100
[2025-12-03 03:02:50,739][__main__][INFO] - Flow-matching step: 66/100
[2025-12-03 03:02:53,048][__main__][INFO] - Flow-matching step: 67/100
[2025-12-03 03:02:55,339][__main__][INFO] - Flow-matching step: 68/100
[2025-12-03 03:02:57,634][__main__][INFO] - Flow-matching step: 69/100
[2025-12-03 03:02:59,930][__main__][INFO] - Flow-matching step: 70/100
[2025-12-03 03:03:02,221][__main__][INFO] - Flow-matching step: 71/100
[2025-12-03 03:03:04,520][__main__][INFO] - Flow-matching step: 72/100
[2025-12-03 03:03:06,799][__main__][INFO] - Flow-matching step: 73/100
[2025-12-03 03:03:09,082][__main__][INFO] - Flow-matching step: 74/100
[2025-12-03 03:03:11,384][__main__][INFO] - Flow-matching step: 75/100
[2025-12-03 03:03:13,670][__main__][INFO] - Flow-matching step: 76/100
[2025-12-03 03:03:15,969][__main__][INFO] - Flow-matching step: 77/100
[2025-12-03 03:03:18,271][__main__][INFO] - Flow-matching step: 78/100
[2025-12-03 03:03:20,559][__main__][INFO] - Flow-matching step: 79/100
[2025-12-03 03:03:22,855][__main__][INFO] - Flow-matching step: 80/100
[2025-12-03 03:03:25,166][__main__][INFO] - Flow-matching step: 81/100
[2025-12-03 03:03:27,473][__main__][INFO] - Flow-matching step: 82/100
[2025-12-03 03:03:29,773][__main__][INFO] - Flow-matching step: 83/100
[2025-12-03 03:03:32,056][__main__][INFO] - Flow-matching step: 84/100
[2025-12-03 03:03:34,340][__main__][INFO] - Flow-matching step: 85/100
[2025-12-03 03:03:36,652][__main__][INFO] - Flow-matching step: 86/100
[2025-12-03 03:03:38,962][__main__][INFO] - Flow-matching step: 87/100
[2025-12-03 03:03:41,288][__main__][INFO] - Flow-matching step: 88/100
[2025-12-03 03:03:43,583][__main__][INFO] - Flow-matching step: 89/100
[2025-12-03 03:03:45,890][__main__][INFO] - Flow-matching step: 90/100
[2025-12-03 03:03:48,191][__main__][INFO] - Flow-matching step: 91/100
[2025-12-03 03:03:50,511][__main__][INFO] - Flow-matching step: 92/100
[2025-12-03 03:03:52,813][__main__][INFO] - Flow-matching step: 93/100
[2025-12-03 03:03:55,099][__main__][INFO] - Flow-matching step: 94/100
[2025-12-03 03:03:57,385][__main__][INFO] - Flow-matching step: 95/100
[2025-12-03 03:03:59,666][__main__][INFO] - Flow-matching step: 96/100
[2025-12-03 03:04:01,948][__main__][INFO] - Flow-matching step: 97/100
[2025-12-03 03:04:04,231][__main__][INFO] - Flow-matching step: 98/100
[2025-12-03 03:04:06,511][__main__][INFO] - Flow-matching step: 99/100
[2025-12-03 03:04:08,806][__main__][INFO] - Flow-matching step: 100/100
[2025-12-03 03:04:19,434][__main__][INFO] - Finished design in 3.99 minutes
[2025-12-03 03:04:19,476][__main__][INFO] - out_prefix_suffixed='/home/woodbuse/publication/metallohydrolase/github/Computational_Design_of_Metallohydrolases_PrivateGitHub/RFdiffusion2_Tutorial/outputs/rfdiffusion2_out/from_quantum_chemistry__ZN_ESTERASE/ZETA_2__theozyme_optTS_geom_HHHE__lig_SZD_artificialBB_ORI_08_LENGTH_110_140__1_0-atomized-bb-False', conf.inference.guidepost_xyz_as_design_bb=False
[2025-12-03 03:04:19,739][__main__][INFO] - Idealizing atomized sidechains for pX0 of the last step...
[2025-12-03 03:04:21,640][__main__][INFO] - design : /home/woodbuse/publication/metallohydrolase/github/Computational_Design_of_Metallohydrolases_PrivateGitHub/RFdiffusion2_Tutorial/outputs/rfdiffusion2_out/from_quantum_chemistry__ZN_ESTERASE/ZETA_2__theozyme_optTS_geom_HHHE__lig_SZD_artificialBB_ORI_08_LENGTH_110_140__1_0-atomized-bb-False.pdb
[2025-12-03 03:04:21,640][__main__][INFO] - Making design 1 of 0:2: /home/woodbuse/publication/metallohydrolase/github/Computational_Design_of_Metallohydrolases_PrivateGitHub/RFdiffusion2_Tutorial/outputs/rfdiffusion2_out/from_quantum_chemistry__ZN_ESTERASE/ZETA_2__theozyme_optTS_geom_HHHE__lig_SZD_artificialBB_ORI_08_LENGTH_110_140__1_1
[2025-12-03 03:04:21,842][__main__][INFO] - Flow-matching step: 1/100
[2025-12-03 03:04:24,056][__main__][INFO] - Flow-matching step: 2/100
[2025-12-03 03:04:26,270][__main__][INFO] - Flow-matching step: 3/100
[2025-12-03 03:04:28,469][__main__][INFO] - Flow-matching step: 4/100
[2025-12-03 03:04:30,682][__main__][INFO] - Flow-matching step: 5/100
[2025-12-03 03:04:32,898][__main__][INFO] - Flow-matching step: 6/100
[2025-12-03 03:04:35,111][__main__][INFO] - Flow-matching step: 7/100
[2025-12-03 03:04:37,330][__main__][INFO] - Flow-matching step: 8/100
[2025-12-03 03:04:39,540][__main__][INFO] - Flow-matching step: 9/100
[2025-12-03 03:04:41,746][__main__][INFO] - Flow-matching step: 10/100
[2025-12-03 03:04:43,951][__main__][INFO] - Flow-matching step: 11/100
[2025-12-03 03:04:46,148][__main__][INFO] - Flow-matching step: 12/100
[2025-12-03 03:04:48,349][__main__][INFO] - Flow-matching step: 13/100
[2025-12-03 03:04:50,589][__main__][INFO] - Flow-matching step: 14/100
[2025-12-03 03:04:52,812][__main__][INFO] - Flow-matching step: 15/100
[2025-12-03 03:04:55,046][__main__][INFO] - Flow-matching step: 16/100
[2025-12-03 03:04:57,269][__main__][INFO] - Flow-matching step: 17/100
[2025-12-03 03:04:59,499][__main__][INFO] - Flow-matching step: 18/100
[2025-12-03 03:05:01,734][__main__][INFO] - Flow-matching step: 19/100
[2025-12-03 03:05:03,973][__main__][INFO] - Flow-matching step: 20/100
[2025-12-03 03:05:06,210][__main__][INFO] - Flow-matching step: 21/100
[2025-12-03 03:05:08,444][__main__][INFO] - Flow-matching step: 22/100
[2025-12-03 03:05:10,666][__main__][INFO] - Flow-matching step: 23/100
[2025-12-03 03:05:12,894][__main__][INFO] - Flow-matching step: 24/100
[2025-12-03 03:05:15,118][__main__][INFO] - Flow-matching step: 25/100
[2025-12-03 03:05:17,350][__main__][INFO] - Flow-matching step: 26/100
[2025-12-03 03:05:19,572][__main__][INFO] - Flow-matching step: 27/100
[2025-12-03 03:05:21,786][__main__][INFO] - Flow-matching step: 28/100
[2025-12-03 03:05:24,004][__main__][INFO] - Flow-matching step: 29/100
[2025-12-03 03:05:26,234][__main__][INFO] - Flow-matching step: 30/100
[2025-12-03 03:05:28,448][__main__][INFO] - Flow-matching step: 31/100
[2025-12-03 03:05:30,679][__main__][INFO] - Flow-matching step: 32/100
[2025-12-03 03:05:32,917][__main__][INFO] - Flow-matching step: 33/100
[2025-12-03 03:05:35,153][__main__][INFO] - Flow-matching step: 34/100
[2025-12-03 03:05:37,384][__main__][INFO] - Flow-matching step: 35/100
[2025-12-03 03:05:39,614][__main__][INFO] - Flow-matching step: 36/100
[2025-12-03 03:05:41,837][__main__][INFO] - Flow-matching step: 37/100
[2025-12-03 03:05:44,053][__main__][INFO] - Flow-matching step: 38/100
[2025-12-03 03:05:46,286][__main__][INFO] - Flow-matching step: 39/100
[2025-12-03 03:05:48,504][__main__][INFO] - Flow-matching step: 40/100
[2025-12-03 03:05:50,751][__main__][INFO] - Flow-matching step: 41/100
[2025-12-03 03:05:52,981][__main__][INFO] - Flow-matching step: 42/100
[2025-12-03 03:05:55,209][__main__][INFO] - Flow-matching step: 43/100
[2025-12-03 03:05:57,442][__main__][INFO] - Flow-matching step: 44/100
[2025-12-03 03:05:59,652][__main__][INFO] - Flow-matching step: 45/100
[2025-12-03 03:06:01,869][__main__][INFO] - Flow-matching step: 46/100
[2025-12-03 03:06:04,102][__main__][INFO] - Flow-matching step: 47/100
[2025-12-03 03:06:06,334][__main__][INFO] - Flow-matching step: 48/100
[2025-12-03 03:06:08,568][__main__][INFO] - Flow-matching step: 49/100
[2025-12-03 03:06:10,811][__main__][INFO] - Flow-matching step: 50/100
[2025-12-03 03:06:13,043][__main__][INFO] - Flow-matching step: 51/100
[2025-12-03 03:06:15,291][__main__][INFO] - Flow-matching step: 52/100
[2025-12-03 03:06:17,539][__main__][INFO] - Flow-matching step: 53/100
[2025-12-03 03:06:19,763][__main__][INFO] - Flow-matching step: 54/100
[2025-12-03 03:06:22,002][__main__][INFO] - Flow-matching step: 55/100
[2025-12-03 03:06:24,233][__main__][INFO] - Flow-matching step: 56/100
[2025-12-03 03:06:26,459][__main__][INFO] - Flow-matching step: 57/100
[2025-12-03 03:06:28,693][__main__][INFO] - Flow-matching step: 58/100
[2025-12-03 03:06:30,929][__main__][INFO] - Flow-matching step: 59/100
[2025-12-03 03:06:33,157][__main__][INFO] - Flow-matching step: 60/100
[2025-12-03 03:06:35,401][__main__][INFO] - Flow-matching step: 61/100
[2025-12-03 03:06:37,630][__main__][INFO] - Flow-matching step: 62/100
[2025-12-03 03:06:39,856][__main__][INFO] - Flow-matching step: 63/100
[2025-12-03 03:06:42,076][__main__][INFO] - Flow-matching step: 64/100
[2025-12-03 03:06:44,290][__main__][INFO] - Flow-matching step: 65/100
[2025-12-03 03:06:46,510][__main__][INFO] - Flow-matching step: 66/100
[2025-12-03 03:06:48,735][__main__][INFO] - Flow-matching step: 67/100
[2025-12-03 03:06:50,969][__main__][INFO] - Flow-matching step: 68/100
[2025-12-03 03:06:53,200][__main__][INFO] - Flow-matching step: 69/100
[2025-12-03 03:06:55,429][__main__][INFO] - Flow-matching step: 70/100
[2025-12-03 03:06:57,655][__main__][INFO] - Flow-matching step: 71/100
[2025-12-03 03:06:59,884][__main__][INFO] - Flow-matching step: 72/100
[2025-12-03 03:07:02,113][__main__][INFO] - Flow-matching step: 73/100
[2025-12-03 03:07:04,337][__main__][INFO] - Flow-matching step: 74/100
[2025-12-03 03:07:06,588][__main__][INFO] - Flow-matching step: 75/100
[2025-12-03 03:07:08,830][__main__][INFO] - Flow-matching step: 76/100
[2025-12-03 03:07:11,098][__main__][INFO] - Flow-matching step: 77/100
[2025-12-03 03:07:13,357][__main__][INFO] - Flow-matching step: 78/100
[2025-12-03 03:07:15,609][__main__][INFO] - Flow-matching step: 79/100
[2025-12-03 03:07:17,871][__main__][INFO] - Flow-matching step: 80/100
[2025-12-03 03:07:20,108][__main__][INFO] - Flow-matching step: 81/100
[2025-12-03 03:07:22,338][__main__][INFO] - Flow-matching step: 82/100
[2025-12-03 03:07:24,575][__main__][INFO] - Flow-matching step: 83/100
[2025-12-03 03:07:26,795][__main__][INFO] - Flow-matching step: 84/100
[2025-12-03 03:07:29,018][__main__][INFO] - Flow-matching step: 85/100
[2025-12-03 03:07:31,250][__main__][INFO] - Flow-matching step: 86/100
[2025-12-03 03:07:33,469][__main__][INFO] - Flow-matching step: 87/100
[2025-12-03 03:07:35,705][__main__][INFO] - Flow-matching step: 88/100
[2025-12-03 03:07:37,931][__main__][INFO] - Flow-matching step: 89/100
[2025-12-03 03:07:40,163][__main__][INFO] - Flow-matching step: 90/100
[2025-12-03 03:07:42,393][__main__][INFO] - Flow-matching step: 91/100
[2025-12-03 03:07:44,627][__main__][INFO] - Flow-matching step: 92/100
[2025-12-03 03:07:46,870][__main__][INFO] - Flow-matching step: 93/100
[2025-12-03 03:07:49,116][__main__][INFO] - Flow-matching step: 94/100
[2025-12-03 03:07:51,360][__main__][INFO] - Flow-matching step: 95/100
[2025-12-03 03:07:53,599][__main__][INFO] - Flow-matching step: 96/100
[2025-12-03 03:07:55,833][__main__][INFO] - Flow-matching step: 97/100
[2025-12-03 03:07:58,070][__main__][INFO] - Flow-matching step: 98/100
[2025-12-03 03:08:00,296][__main__][INFO] - Flow-matching step: 99/100
[2025-12-03 03:08:02,521][__main__][INFO] - Flow-matching step: 100/100
[2025-12-03 03:08:12,964][__main__][INFO] - Finished design in 3.86 minutes
[2025-12-03 03:08:13,006][__main__][INFO] - out_prefix_suffixed='/home/woodbuse/publication/metallohydrolase/github/Computational_Design_of_Metallohydrolases_PrivateGitHub/RFdiffusion2_Tutorial/outputs/rfdiffusion2_out/from_quantum_chemistry__ZN_ESTERASE/ZETA_2__theozyme_optTS_geom_HHHE__lig_SZD_artificialBB_ORI_08_LENGTH_110_140__1_1-atomized-bb-False', conf.inference.guidepost_xyz_as_design_bb=False
[2025-12-03 03:08:13,046][__main__][INFO] - Idealizing atomized sidechains for pX0 of the last step...
[2025-12-03 03:08:14,538][__main__][INFO] - design : /home/woodbuse/publication/metallohydrolase/github/Computational_Design_of_Metallohydrolases_PrivateGitHub/RFdiffusion2_Tutorial/outputs/rfdiffusion2_out/from_quantum_chemistry__ZN_ESTERASE/ZETA_2__theozyme_optTS_geom_HHHE__lig_SZD_artificialBB_ORI_08_LENGTH_110_140__1_1-atomized-bb-False.pdb
