[2025-12-03 02:50:06,606][rf_diffusion.config.config_format][INFO] - Translating obsolete key: extra_t1d_params -> ['extra_tXd_params']
[2025-12-03 02:50:06,607][rf_diffusion.config.config_format][INFO] - Translating obsolete key: extra_t1d -> ['extra_tXd']
[2025-12-03 02:50:09,851][__main__][INFO] - Making design 0 of 0:2: /home/woodbuse/publication/metallohydrolase/github/Computational_Design_of_Metallohydrolases_PrivateGitHub/RFdiffusion2_Tutorial/outputs/rfdiffusion2_out/from_PDB_structure__ZN_PROTEASE/pdb_00001qji__theozyme_HEHH__lig_TSA_ORI_02_LENGTH_170_190__1_0
[2025-12-03 02:50:10,164][se3_flow_matching.data.so3_utils][INFO] - Data loaded from .cache/cache_igso3_s0.100-1.500-1000_l1000_o1000-3.npz
[2025-12-03 02:50:10,240][__main__][INFO] - Flow-matching step: 1/100
[2025-12-03 02:50:14,867][__main__][INFO] - Flow-matching step: 2/100
[2025-12-03 02:50:18,181][__main__][INFO] - Flow-matching step: 3/100
[2025-12-03 02:50:21,497][__main__][INFO] - Flow-matching step: 4/100
[2025-12-03 02:50:24,823][__main__][INFO] - Flow-matching step: 5/100
[2025-12-03 02:50:28,159][__main__][INFO] - Flow-matching step: 6/100
[2025-12-03 02:50:31,482][__main__][INFO] - Flow-matching step: 7/100
[2025-12-03 02:50:34,805][__main__][INFO] - Flow-matching step: 8/100
[2025-12-03 02:50:38,116][__main__][INFO] - Flow-matching step: 9/100
[2025-12-03 02:50:41,430][__main__][INFO] - Flow-matching step: 10/100
[2025-12-03 02:50:44,740][__main__][INFO] - Flow-matching step: 11/100
[2025-12-03 02:50:48,039][__main__][INFO] - Flow-matching step: 12/100
[2025-12-03 02:50:51,345][__main__][INFO] - Flow-matching step: 13/100
[2025-12-03 02:50:54,661][__main__][INFO] - Flow-matching step: 14/100
[2025-12-03 02:50:57,962][__main__][INFO] - Flow-matching step: 15/100
[2025-12-03 02:51:01,282][__main__][INFO] - Flow-matching step: 16/100
[2025-12-03 02:51:04,589][__main__][INFO] - Flow-matching step: 17/100
[2025-12-03 02:51:07,902][__main__][INFO] - Flow-matching step: 18/100
[2025-12-03 02:51:11,214][__main__][INFO] - Flow-matching step: 19/100
[2025-12-03 02:51:14,528][__main__][INFO] - Flow-matching step: 20/100
[2025-12-03 02:51:17,845][__main__][INFO] - Flow-matching step: 21/100
[2025-12-03 02:51:21,143][__main__][INFO] - Flow-matching step: 22/100
[2025-12-03 02:51:24,457][__main__][INFO] - Flow-matching step: 23/100
[2025-12-03 02:51:27,757][__main__][INFO] - Flow-matching step: 24/100
[2025-12-03 02:51:31,054][__main__][INFO] - Flow-matching step: 25/100
[2025-12-03 02:51:34,363][__main__][INFO] - Flow-matching step: 26/100
[2025-12-03 02:51:37,642][__main__][INFO] - Flow-matching step: 27/100
[2025-12-03 02:51:40,917][__main__][INFO] - Flow-matching step: 28/100
[2025-12-03 02:51:44,205][__main__][INFO] - Flow-matching step: 29/100
[2025-12-03 02:51:47,507][__main__][INFO] - Flow-matching step: 30/100
[2025-12-03 02:51:50,781][__main__][INFO] - Flow-matching step: 31/100
[2025-12-03 02:51:54,075][__main__][INFO] - Flow-matching step: 32/100
[2025-12-03 02:51:57,360][__main__][INFO] - Flow-matching step: 33/100
[2025-12-03 02:52:00,662][__main__][INFO] - Flow-matching step: 34/100
[2025-12-03 02:52:03,945][__main__][INFO] - Flow-matching step: 35/100
[2025-12-03 02:52:07,239][__main__][INFO] - Flow-matching step: 36/100
[2025-12-03 02:52:10,553][__main__][INFO] - Flow-matching step: 37/100
[2025-12-03 02:52:13,826][__main__][INFO] - Flow-matching step: 38/100
[2025-12-03 02:52:17,105][__main__][INFO] - Flow-matching step: 39/100
[2025-12-03 02:52:20,402][__main__][INFO] - Flow-matching step: 40/100
[2025-12-03 02:52:23,699][__main__][INFO] - Flow-matching step: 41/100
[2025-12-03 02:52:27,008][__main__][INFO] - Flow-matching step: 42/100
[2025-12-03 02:52:30,330][__main__][INFO] - Flow-matching step: 43/100
[2025-12-03 02:52:33,651][__main__][INFO] - Flow-matching step: 44/100
[2025-12-03 02:52:36,964][__main__][INFO] - Flow-matching step: 45/100
[2025-12-03 02:52:40,286][__main__][INFO] - Flow-matching step: 46/100
[2025-12-03 02:52:43,612][__main__][INFO] - Flow-matching step: 47/100
[2025-12-03 02:52:46,949][__main__][INFO] - Flow-matching step: 48/100
[2025-12-03 02:52:50,269][__main__][INFO] - Flow-matching step: 49/100
[2025-12-03 02:52:53,611][__main__][INFO] - Flow-matching step: 50/100
[2025-12-03 02:52:56,927][__main__][INFO] - Flow-matching step: 51/100
[2025-12-03 02:53:00,253][__main__][INFO] - Flow-matching step: 52/100
[2025-12-03 02:53:03,582][__main__][INFO] - Flow-matching step: 53/100
[2025-12-03 02:53:06,907][__main__][INFO] - Flow-matching step: 54/100
[2025-12-03 02:53:10,211][__main__][INFO] - Flow-matching step: 55/100
[2025-12-03 02:53:13,497][__main__][INFO] - Flow-matching step: 56/100
[2025-12-03 02:53:16,816][__main__][INFO] - Flow-matching step: 57/100
[2025-12-03 02:53:20,132][__main__][INFO] - Flow-matching step: 58/100
[2025-12-03 02:53:23,444][__main__][INFO] - Flow-matching step: 59/100
[2025-12-03 02:53:26,763][__main__][INFO] - Flow-matching step: 60/100
[2025-12-03 02:53:30,065][__main__][INFO] - Flow-matching step: 61/100
[2025-12-03 02:53:33,379][__main__][INFO] - Flow-matching step: 62/100
[2025-12-03 02:53:36,702][__main__][INFO] - Flow-matching step: 63/100
[2025-12-03 02:53:40,030][__main__][INFO] - Flow-matching step: 64/100
[2025-12-03 02:53:43,336][__main__][INFO] - Flow-matching step: 65/100
[2025-12-03 02:53:46,646][__main__][INFO] - Flow-matching step: 66/100
[2025-12-03 02:53:49,920][__main__][INFO] - Flow-matching step: 67/100
[2025-12-03 02:53:53,214][__main__][INFO] - Flow-matching step: 68/100
[2025-12-03 02:53:56,513][__main__][INFO] - Flow-matching step: 69/100
[2025-12-03 02:53:59,822][__main__][INFO] - Flow-matching step: 70/100
[2025-12-03 02:54:03,099][__main__][INFO] - Flow-matching step: 71/100
[2025-12-03 02:54:06,385][__main__][INFO] - Flow-matching step: 72/100
[2025-12-03 02:54:09,693][__main__][INFO] - Flow-matching step: 73/100
[2025-12-03 02:54:12,982][__main__][INFO] - Flow-matching step: 74/100
[2025-12-03 02:54:16,266][__main__][INFO] - Flow-matching step: 75/100
[2025-12-03 02:54:19,552][__main__][INFO] - Flow-matching step: 76/100
[2025-12-03 02:54:22,823][__main__][INFO] - Flow-matching step: 77/100
[2025-12-03 02:54:26,121][__main__][INFO] - Flow-matching step: 78/100
[2025-12-03 02:54:29,448][__main__][INFO] - Flow-matching step: 79/100
[2025-12-03 02:54:32,758][__main__][INFO] - Flow-matching step: 80/100
[2025-12-03 02:54:36,062][__main__][INFO] - Flow-matching step: 81/100
[2025-12-03 02:54:39,371][__main__][INFO] - Flow-matching step: 82/100
[2025-12-03 02:54:42,690][__main__][INFO] - Flow-matching step: 83/100
[2025-12-03 02:54:45,983][__main__][INFO] - Flow-matching step: 84/100
[2025-12-03 02:54:49,274][__main__][INFO] - Flow-matching step: 85/100
[2025-12-03 02:54:52,590][__main__][INFO] - Flow-matching step: 86/100
[2025-12-03 02:54:55,918][__main__][INFO] - Flow-matching step: 87/100
[2025-12-03 02:54:59,241][__main__][INFO] - Flow-matching step: 88/100
[2025-12-03 02:55:02,578][__main__][INFO] - Flow-matching step: 89/100
[2025-12-03 02:55:05,904][__main__][INFO] - Flow-matching step: 90/100
[2025-12-03 02:55:09,244][__main__][INFO] - Flow-matching step: 91/100
[2025-12-03 02:55:12,577][__main__][INFO] - Flow-matching step: 92/100
[2025-12-03 02:55:15,895][__main__][INFO] - Flow-matching step: 93/100
[2025-12-03 02:55:19,215][__main__][INFO] - Flow-matching step: 94/100
[2025-12-03 02:55:22,522][__main__][INFO] - Flow-matching step: 95/100
[2025-12-03 02:55:25,836][__main__][INFO] - Flow-matching step: 96/100
[2025-12-03 02:55:29,142][__main__][INFO] - Flow-matching step: 97/100
[2025-12-03 02:55:32,440][__main__][INFO] - Flow-matching step: 98/100
[2025-12-03 02:55:35,761][__main__][INFO] - Flow-matching step: 99/100
[2025-12-03 02:55:39,084][__main__][INFO] - Flow-matching step: 100/100
[2025-12-03 02:55:54,772][__main__][INFO] - Finished design in 5.75 minutes
[2025-12-03 02:55:54,810][__main__][INFO] - out_prefix_suffixed='/home/woodbuse/publication/metallohydrolase/github/Computational_Design_of_Metallohydrolases_PrivateGitHub/RFdiffusion2_Tutorial/outputs/rfdiffusion2_out/from_PDB_structure__ZN_PROTEASE/pdb_00001qji__theozyme_HEHH__lig_TSA_ORI_02_LENGTH_170_190__1_0-atomized-bb-False', conf.inference.guidepost_xyz_as_design_bb=False
[2025-12-03 02:55:54,895][__main__][INFO] - Idealizing atomized sidechains for pX0 of the last step...
[2025-12-03 02:55:56,990][__main__][INFO] - design : /home/woodbuse/publication/metallohydrolase/github/Computational_Design_of_Metallohydrolases_PrivateGitHub/RFdiffusion2_Tutorial/outputs/rfdiffusion2_out/from_PDB_structure__ZN_PROTEASE/pdb_00001qji__theozyme_HEHH__lig_TSA_ORI_02_LENGTH_170_190__1_0-atomized-bb-False.pdb
[2025-12-03 02:55:56,990][__main__][INFO] - Making design 1 of 0:2: /home/woodbuse/publication/metallohydrolase/github/Computational_Design_of_Metallohydrolases_PrivateGitHub/RFdiffusion2_Tutorial/outputs/rfdiffusion2_out/from_PDB_structure__ZN_PROTEASE/pdb_00001qji__theozyme_HEHH__lig_TSA_ORI_02_LENGTH_170_190__1_1
[2025-12-03 02:55:57,328][__main__][INFO] - Flow-matching step: 1/100
[2025-12-03 02:56:00,689][__main__][INFO] - Flow-matching step: 2/100
[2025-12-03 02:56:04,038][__main__][INFO] - Flow-matching step: 3/100
[2025-12-03 02:56:07,421][__main__][INFO] - Flow-matching step: 4/100
[2025-12-03 02:56:10,803][__main__][INFO] - Flow-matching step: 5/100
[2025-12-03 02:56:14,172][__main__][INFO] - Flow-matching step: 6/100
[2025-12-03 02:56:17,553][__main__][INFO] - Flow-matching step: 7/100
[2025-12-03 02:56:20,944][__main__][INFO] - Flow-matching step: 8/100
[2025-12-03 02:56:24,347][__main__][INFO] - Flow-matching step: 9/100
[2025-12-03 02:56:27,723][__main__][INFO] - Flow-matching step: 10/100
[2025-12-03 02:56:31,102][__main__][INFO] - Flow-matching step: 11/100
[2025-12-03 02:56:34,500][__main__][INFO] - Flow-matching step: 12/100
[2025-12-03 02:56:37,876][__main__][INFO] - Flow-matching step: 13/100
[2025-12-03 02:56:41,277][__main__][INFO] - Flow-matching step: 14/100
[2025-12-03 02:56:44,691][__main__][INFO] - Flow-matching step: 15/100
[2025-12-03 02:56:48,093][__main__][INFO] - Flow-matching step: 16/100
[2025-12-03 02:56:51,500][__main__][INFO] - Flow-matching step: 17/100
[2025-12-03 02:56:54,894][__main__][INFO] - Flow-matching step: 18/100
[2025-12-03 02:56:58,308][__main__][INFO] - Flow-matching step: 19/100
[2025-12-03 02:57:01,724][__main__][INFO] - Flow-matching step: 20/100
[2025-12-03 02:57:05,121][__main__][INFO] - Flow-matching step: 21/100
[2025-12-03 02:57:08,514][__main__][INFO] - Flow-matching step: 22/100
[2025-12-03 02:57:11,904][__main__][INFO] - Flow-matching step: 23/100
[2025-12-03 02:57:15,314][__main__][INFO] - Flow-matching step: 24/100
[2025-12-03 02:57:18,723][__main__][INFO] - Flow-matching step: 25/100
[2025-12-03 02:57:22,117][__main__][INFO] - Flow-matching step: 26/100
[2025-12-03 02:57:25,513][__main__][INFO] - Flow-matching step: 27/100
[2025-12-03 02:57:28,915][__main__][INFO] - Flow-matching step: 28/100
[2025-12-03 02:57:32,321][__main__][INFO] - Flow-matching step: 29/100
[2025-12-03 02:57:35,720][__main__][INFO] - Flow-matching step: 30/100
[2025-12-03 02:57:39,112][__main__][INFO] - Flow-matching step: 31/100
[2025-12-03 02:57:42,499][__main__][INFO] - Flow-matching step: 32/100
[2025-12-03 02:57:45,897][__main__][INFO] - Flow-matching step: 33/100
[2025-12-03 02:57:49,291][__main__][INFO] - Flow-matching step: 34/100
[2025-12-03 02:57:52,649][__main__][INFO] - Flow-matching step: 35/100
[2025-12-03 02:57:56,027][__main__][INFO] - Flow-matching step: 36/100
[2025-12-03 02:57:59,388][__main__][INFO] - Flow-matching step: 37/100
[2025-12-03 02:58:02,785][__main__][INFO] - Flow-matching step: 38/100
[2025-12-03 02:58:06,149][__main__][INFO] - Flow-matching step: 39/100
[2025-12-03 02:58:09,513][__main__][INFO] - Flow-matching step: 40/100
[2025-12-03 02:58:12,874][__main__][INFO] - Flow-matching step: 41/100
[2025-12-03 02:58:16,248][__main__][INFO] - Flow-matching step: 42/100
[2025-12-03 02:58:19,645][__main__][INFO] - Flow-matching step: 43/100
[2025-12-03 02:58:23,032][__main__][INFO] - Flow-matching step: 44/100
[2025-12-03 02:58:26,438][__main__][INFO] - Flow-matching step: 45/100
[2025-12-03 02:58:29,824][__main__][INFO] - Flow-matching step: 46/100
[2025-12-03 02:58:33,217][__main__][INFO] - Flow-matching step: 47/100
[2025-12-03 02:58:36,622][__main__][INFO] - Flow-matching step: 48/100
[2025-12-03 02:58:40,009][__main__][INFO] - Flow-matching step: 49/100
[2025-12-03 02:58:43,411][__main__][INFO] - Flow-matching step: 50/100
[2025-12-03 02:58:46,814][__main__][INFO] - Flow-matching step: 51/100
[2025-12-03 02:58:50,221][__main__][INFO] - Flow-matching step: 52/100
[2025-12-03 02:58:53,615][__main__][INFO] - Flow-matching step: 53/100
[2025-12-03 02:58:57,001][__main__][INFO] - Flow-matching step: 54/100
[2025-12-03 02:59:00,399][__main__][INFO] - Flow-matching step: 55/100
[2025-12-03 02:59:03,810][__main__][INFO] - Flow-matching step: 56/100
[2025-12-03 02:59:07,197][__main__][INFO] - Flow-matching step: 57/100
[2025-12-03 02:59:10,586][__main__][INFO] - Flow-matching step: 58/100
[2025-12-03 02:59:13,970][__main__][INFO] - Flow-matching step: 59/100
[2025-12-03 02:59:17,375][__main__][INFO] - Flow-matching step: 60/100
[2025-12-03 02:59:20,779][__main__][INFO] - Flow-matching step: 61/100
[2025-12-03 02:59:24,154][__main__][INFO] - Flow-matching step: 62/100
[2025-12-03 02:59:27,534][__main__][INFO] - Flow-matching step: 63/100
[2025-12-03 02:59:30,922][__main__][INFO] - Flow-matching step: 64/100
[2025-12-03 02:59:34,322][__main__][INFO] - Flow-matching step: 65/100
[2025-12-03 02:59:37,702][__main__][INFO] - Flow-matching step: 66/100
[2025-12-03 02:59:41,083][__main__][INFO] - Flow-matching step: 67/100
[2025-12-03 02:59:44,495][__main__][INFO] - Flow-matching step: 68/100
[2025-12-03 02:59:47,872][__main__][INFO] - Flow-matching step: 69/100
[2025-12-03 02:59:51,223][__main__][INFO] - Flow-matching step: 70/100
[2025-12-03 02:59:54,588][__main__][INFO] - Flow-matching step: 71/100
[2025-12-03 02:59:57,948][__main__][INFO] - Flow-matching step: 72/100
[2025-12-03 03:00:01,326][__main__][INFO] - Flow-matching step: 73/100
[2025-12-03 03:00:04,705][__main__][INFO] - Flow-matching step: 74/100
[2025-12-03 03:00:08,063][__main__][INFO] - Flow-matching step: 75/100
[2025-12-03 03:00:11,450][__main__][INFO] - Flow-matching step: 76/100
[2025-12-03 03:00:14,855][__main__][INFO] - Flow-matching step: 77/100
[2025-12-03 03:00:18,253][__main__][INFO] - Flow-matching step: 78/100
[2025-12-03 03:00:21,647][__main__][INFO] - Flow-matching step: 79/100
[2025-12-03 03:00:25,055][__main__][INFO] - Flow-matching step: 80/100
[2025-12-03 03:00:28,466][__main__][INFO] - Flow-matching step: 81/100
[2025-12-03 03:00:31,856][__main__][INFO] - Flow-matching step: 82/100
[2025-12-03 03:00:35,256][__main__][INFO] - Flow-matching step: 83/100
[2025-12-03 03:00:38,658][__main__][INFO] - Flow-matching step: 84/100
[2025-12-03 03:00:42,067][__main__][INFO] - Flow-matching step: 85/100
[2025-12-03 03:00:45,457][__main__][INFO] - Flow-matching step: 86/100
[2025-12-03 03:00:48,838][__main__][INFO] - Flow-matching step: 87/100
[2025-12-03 03:00:52,236][__main__][INFO] - Flow-matching step: 88/100
[2025-12-03 03:00:55,625][__main__][INFO] - Flow-matching step: 89/100
[2025-12-03 03:00:59,007][__main__][INFO] - Flow-matching step: 90/100
[2025-12-03 03:01:02,408][__main__][INFO] - Flow-matching step: 91/100
[2025-12-03 03:01:05,813][__main__][INFO] - Flow-matching step: 92/100
[2025-12-03 03:01:09,196][__main__][INFO] - Flow-matching step: 93/100
[2025-12-03 03:01:12,595][__main__][INFO] - Flow-matching step: 94/100
[2025-12-03 03:01:15,978][__main__][INFO] - Flow-matching step: 95/100
[2025-12-03 03:01:19,353][__main__][INFO] - Flow-matching step: 96/100
[2025-12-03 03:01:22,742][__main__][INFO] - Flow-matching step: 97/100
[2025-12-03 03:01:26,122][__main__][INFO] - Flow-matching step: 98/100
[2025-12-03 03:01:29,509][__main__][INFO] - Flow-matching step: 99/100
[2025-12-03 03:01:32,894][__main__][INFO] - Flow-matching step: 100/100
[2025-12-03 03:01:48,468][__main__][INFO] - Finished design in 5.86 minutes
[2025-12-03 03:01:48,506][__main__][INFO] - out_prefix_suffixed='/home/woodbuse/publication/metallohydrolase/github/Computational_Design_of_Metallohydrolases_PrivateGitHub/RFdiffusion2_Tutorial/outputs/rfdiffusion2_out/from_PDB_structure__ZN_PROTEASE/pdb_00001qji__theozyme_HEHH__lig_TSA_ORI_02_LENGTH_170_190__1_1-atomized-bb-False', conf.inference.guidepost_xyz_as_design_bb=False
[2025-12-03 03:01:48,582][__main__][INFO] - Idealizing atomized sidechains for pX0 of the last step...
[2025-12-03 03:01:50,318][__main__][INFO] - design : /home/woodbuse/publication/metallohydrolase/github/Computational_Design_of_Metallohydrolases_PrivateGitHub/RFdiffusion2_Tutorial/outputs/rfdiffusion2_out/from_PDB_structure__ZN_PROTEASE/pdb_00001qji__theozyme_HEHH__lig_TSA_ORI_02_LENGTH_170_190__1_1-atomized-bb-False.pdb
