[2025-12-03 02:02:30,894][rf_diffusion.config.config_format][INFO] - Translating obsolete key: extra_t1d_params -> ['extra_tXd_params']
[2025-12-03 02:02:30,895][rf_diffusion.config.config_format][INFO] - Translating obsolete key: extra_t1d -> ['extra_tXd']
[2025-12-03 02:02:34,747][__main__][INFO] - Making design 0 of 0:2: /home/woodbuse/publication/metallohydrolase/github/Computational_Design_of_Metallohydrolases_PrivateGitHub/RFdiffusion2_Tutorial/outputs/rfdiffusion2_out/from_quantum_chemistry__ZN_ESTERASE/ZETA_2__theozyme_optTS_geom_HHHE__lig_SZD_artificialBB_ORI_01_LENGTH_110_140__1_0
[2025-12-03 02:02:34,948][se3_flow_matching.data.so3_utils][INFO] - Data loaded from .cache/cache_igso3_s0.100-1.500-1000_l1000_o1000-3.npz
[2025-12-03 02:02:35,004][__main__][INFO] - Flow-matching step: 1/100
[2025-12-03 02:02:38,761][__main__][INFO] - Flow-matching step: 2/100
[2025-12-03 02:02:40,861][__main__][INFO] - Flow-matching step: 3/100
[2025-12-03 02:02:42,951][__main__][INFO] - Flow-matching step: 4/100
[2025-12-03 02:02:45,041][__main__][INFO] - Flow-matching step: 5/100
[2025-12-03 02:02:47,134][__main__][INFO] - Flow-matching step: 6/100
[2025-12-03 02:02:49,233][__main__][INFO] - Flow-matching step: 7/100
[2025-12-03 02:02:51,345][__main__][INFO] - Flow-matching step: 8/100
[2025-12-03 02:02:53,442][__main__][INFO] - Flow-matching step: 9/100
[2025-12-03 02:02:55,534][__main__][INFO] - Flow-matching step: 10/100
[2025-12-03 02:02:57,635][__main__][INFO] - Flow-matching step: 11/100
[2025-12-03 02:02:59,734][__main__][INFO] - Flow-matching step: 12/100
[2025-12-03 02:03:01,831][__main__][INFO] - Flow-matching step: 13/100
[2025-12-03 02:03:03,933][__main__][INFO] - Flow-matching step: 14/100
[2025-12-03 02:03:06,027][__main__][INFO] - Flow-matching step: 15/100
[2025-12-03 02:03:08,118][__main__][INFO] - Flow-matching step: 16/100
[2025-12-03 02:03:10,220][__main__][INFO] - Flow-matching step: 17/100
[2025-12-03 02:03:12,324][__main__][INFO] - Flow-matching step: 18/100
[2025-12-03 02:03:14,442][__main__][INFO] - Flow-matching step: 19/100
[2025-12-03 02:03:16,559][__main__][INFO] - Flow-matching step: 20/100
[2025-12-03 02:03:18,691][__main__][INFO] - Flow-matching step: 21/100
[2025-12-03 02:03:20,830][__main__][INFO] - Flow-matching step: 22/100
[2025-12-03 02:03:22,976][__main__][INFO] - Flow-matching step: 23/100
[2025-12-03 02:03:25,125][__main__][INFO] - Flow-matching step: 24/100
[2025-12-03 02:03:27,267][__main__][INFO] - Flow-matching step: 25/100
[2025-12-03 02:03:29,406][__main__][INFO] - Flow-matching step: 26/100
[2025-12-03 02:03:31,543][__main__][INFO] - Flow-matching step: 27/100
[2025-12-03 02:03:33,670][__main__][INFO] - Flow-matching step: 28/100
[2025-12-03 02:03:35,796][__main__][INFO] - Flow-matching step: 29/100
[2025-12-03 02:03:37,935][__main__][INFO] - Flow-matching step: 30/100
[2025-12-03 02:03:40,069][__main__][INFO] - Flow-matching step: 31/100
[2025-12-03 02:03:42,194][__main__][INFO] - Flow-matching step: 32/100
[2025-12-03 02:03:44,322][__main__][INFO] - Flow-matching step: 33/100
[2025-12-03 02:03:46,450][__main__][INFO] - Flow-matching step: 34/100
[2025-12-03 02:03:48,588][__main__][INFO] - Flow-matching step: 35/100
[2025-12-03 02:03:50,748][__main__][INFO] - Flow-matching step: 36/100
[2025-12-03 02:03:52,885][__main__][INFO] - Flow-matching step: 37/100
[2025-12-03 02:03:55,006][__main__][INFO] - Flow-matching step: 38/100
[2025-12-03 02:03:57,122][__main__][INFO] - Flow-matching step: 39/100
[2025-12-03 02:03:59,237][__main__][INFO] - Flow-matching step: 40/100
[2025-12-03 02:04:01,359][__main__][INFO] - Flow-matching step: 41/100
[2025-12-03 02:04:03,497][__main__][INFO] - Flow-matching step: 42/100
[2025-12-03 02:04:05,629][__main__][INFO] - Flow-matching step: 43/100
[2025-12-03 02:04:07,771][__main__][INFO] - Flow-matching step: 44/100
[2025-12-03 02:04:09,908][__main__][INFO] - Flow-matching step: 45/100
[2025-12-03 02:04:12,042][__main__][INFO] - Flow-matching step: 46/100
[2025-12-03 02:04:14,183][__main__][INFO] - Flow-matching step: 47/100
[2025-12-03 02:04:16,325][__main__][INFO] - Flow-matching step: 48/100
[2025-12-03 02:04:18,468][__main__][INFO] - Flow-matching step: 49/100
[2025-12-03 02:04:20,605][__main__][INFO] - Flow-matching step: 50/100
[2025-12-03 02:04:22,729][__main__][INFO] - Flow-matching step: 51/100
[2025-12-03 02:04:24,852][__main__][INFO] - Flow-matching step: 52/100
[2025-12-03 02:04:26,965][__main__][INFO] - Flow-matching step: 53/100
[2025-12-03 02:04:29,084][__main__][INFO] - Flow-matching step: 54/100
[2025-12-03 02:04:31,203][__main__][INFO] - Flow-matching step: 55/100
[2025-12-03 02:04:33,306][__main__][INFO] - Flow-matching step: 56/100
[2025-12-03 02:04:35,419][__main__][INFO] - Flow-matching step: 57/100
[2025-12-03 02:04:37,537][__main__][INFO] - Flow-matching step: 58/100
[2025-12-03 02:04:39,642][__main__][INFO] - Flow-matching step: 59/100
[2025-12-03 02:04:41,746][__main__][INFO] - Flow-matching step: 60/100
[2025-12-03 02:04:43,844][__main__][INFO] - Flow-matching step: 61/100
[2025-12-03 02:04:45,953][__main__][INFO] - Flow-matching step: 62/100
[2025-12-03 02:04:48,063][__main__][INFO] - Flow-matching step: 63/100
[2025-12-03 02:04:50,165][__main__][INFO] - Flow-matching step: 64/100
[2025-12-03 02:04:52,284][__main__][INFO] - Flow-matching step: 65/100
[2025-12-03 02:04:54,398][__main__][INFO] - Flow-matching step: 66/100
[2025-12-03 02:04:56,519][__main__][INFO] - Flow-matching step: 67/100
[2025-12-03 02:04:58,633][__main__][INFO] - Flow-matching step: 68/100
[2025-12-03 02:05:00,759][__main__][INFO] - Flow-matching step: 69/100
[2025-12-03 02:05:02,894][__main__][INFO] - Flow-matching step: 70/100
[2025-12-03 02:05:05,033][__main__][INFO] - Flow-matching step: 71/100
[2025-12-03 02:05:07,174][__main__][INFO] - Flow-matching step: 72/100
[2025-12-03 02:05:09,318][__main__][INFO] - Flow-matching step: 73/100
[2025-12-03 02:05:11,462][__main__][INFO] - Flow-matching step: 74/100
[2025-12-03 02:05:13,611][__main__][INFO] - Flow-matching step: 75/100
[2025-12-03 02:05:15,751][__main__][INFO] - Flow-matching step: 76/100
[2025-12-03 02:05:17,886][__main__][INFO] - Flow-matching step: 77/100
[2025-12-03 02:05:20,025][__main__][INFO] - Flow-matching step: 78/100
[2025-12-03 02:05:22,154][__main__][INFO] - Flow-matching step: 79/100
[2025-12-03 02:05:24,294][__main__][INFO] - Flow-matching step: 80/100
[2025-12-03 02:05:26,422][__main__][INFO] - Flow-matching step: 81/100
[2025-12-03 02:05:28,553][__main__][INFO] - Flow-matching step: 82/100
[2025-12-03 02:05:30,688][__main__][INFO] - Flow-matching step: 83/100
[2025-12-03 02:05:32,832][__main__][INFO] - Flow-matching step: 84/100
[2025-12-03 02:05:34,987][__main__][INFO] - Flow-matching step: 85/100
[2025-12-03 02:05:37,134][__main__][INFO] - Flow-matching step: 86/100
[2025-12-03 02:05:39,283][__main__][INFO] - Flow-matching step: 87/100
[2025-12-03 02:05:41,439][__main__][INFO] - Flow-matching step: 88/100
[2025-12-03 02:05:43,587][__main__][INFO] - Flow-matching step: 89/100
[2025-12-03 02:05:45,731][__main__][INFO] - Flow-matching step: 90/100
[2025-12-03 02:05:47,875][__main__][INFO] - Flow-matching step: 91/100
[2025-12-03 02:05:50,027][__main__][INFO] - Flow-matching step: 92/100
[2025-12-03 02:05:52,182][__main__][INFO] - Flow-matching step: 93/100
[2025-12-03 02:05:54,314][__main__][INFO] - Flow-matching step: 94/100
[2025-12-03 02:05:56,450][__main__][INFO] - Flow-matching step: 95/100
[2025-12-03 02:05:58,583][__main__][INFO] - Flow-matching step: 96/100
[2025-12-03 02:06:00,724][__main__][INFO] - Flow-matching step: 97/100
[2025-12-03 02:06:02,875][__main__][INFO] - Flow-matching step: 98/100
[2025-12-03 02:06:05,016][__main__][INFO] - Flow-matching step: 99/100
[2025-12-03 02:06:07,151][__main__][INFO] - Flow-matching step: 100/100
[2025-12-03 02:06:17,924][__main__][INFO] - Finished design in 3.72 minutes
[2025-12-03 02:06:17,969][__main__][INFO] - out_prefix_suffixed='/home/woodbuse/publication/metallohydrolase/github/Computational_Design_of_Metallohydrolases_PrivateGitHub/RFdiffusion2_Tutorial/outputs/rfdiffusion2_out/from_quantum_chemistry__ZN_ESTERASE/ZETA_2__theozyme_optTS_geom_HHHE__lig_SZD_artificialBB_ORI_01_LENGTH_110_140__1_0-atomized-bb-False', conf.inference.guidepost_xyz_as_design_bb=False
[2025-12-03 02:06:18,244][__main__][INFO] - Idealizing atomized sidechains for pX0 of the last step...
[2025-12-03 02:06:20,310][__main__][INFO] - design : /home/woodbuse/publication/metallohydrolase/github/Computational_Design_of_Metallohydrolases_PrivateGitHub/RFdiffusion2_Tutorial/outputs/rfdiffusion2_out/from_quantum_chemistry__ZN_ESTERASE/ZETA_2__theozyme_optTS_geom_HHHE__lig_SZD_artificialBB_ORI_01_LENGTH_110_140__1_0-atomized-bb-False.pdb
[2025-12-03 02:06:20,311][__main__][INFO] - Making design 1 of 0:2: /home/woodbuse/publication/metallohydrolase/github/Computational_Design_of_Metallohydrolases_PrivateGitHub/RFdiffusion2_Tutorial/outputs/rfdiffusion2_out/from_quantum_chemistry__ZN_ESTERASE/ZETA_2__theozyme_optTS_geom_HHHE__lig_SZD_artificialBB_ORI_01_LENGTH_110_140__1_1
[2025-12-03 02:06:20,552][__main__][INFO] - Flow-matching step: 1/100
[2025-12-03 02:06:23,034][__main__][INFO] - Flow-matching step: 2/100
[2025-12-03 02:06:25,420][__main__][INFO] - Flow-matching step: 3/100
[2025-12-03 02:06:27,820][__main__][INFO] - Flow-matching step: 4/100
[2025-12-03 02:06:30,223][__main__][INFO] - Flow-matching step: 5/100
[2025-12-03 02:06:32,623][__main__][INFO] - Flow-matching step: 6/100
[2025-12-03 02:06:35,022][__main__][INFO] - Flow-matching step: 7/100
[2025-12-03 02:06:37,414][__main__][INFO] - Flow-matching step: 8/100
[2025-12-03 02:06:39,809][__main__][INFO] - Flow-matching step: 9/100
[2025-12-03 02:06:42,205][__main__][INFO] - Flow-matching step: 10/100
[2025-12-03 02:06:44,572][__main__][INFO] - Flow-matching step: 11/100
[2025-12-03 02:06:46,941][__main__][INFO] - Flow-matching step: 12/100
[2025-12-03 02:06:49,311][__main__][INFO] - Flow-matching step: 13/100
[2025-12-03 02:06:51,696][__main__][INFO] - Flow-matching step: 14/100
[2025-12-03 02:06:54,066][__main__][INFO] - Flow-matching step: 15/100
[2025-12-03 02:06:56,437][__main__][INFO] - Flow-matching step: 16/100
[2025-12-03 02:06:58,808][__main__][INFO] - Flow-matching step: 17/100
[2025-12-03 02:07:01,183][__main__][INFO] - Flow-matching step: 18/100
[2025-12-03 02:07:03,557][__main__][INFO] - Flow-matching step: 19/100
[2025-12-03 02:07:05,921][__main__][INFO] - Flow-matching step: 20/100
[2025-12-03 02:07:08,298][__main__][INFO] - Flow-matching step: 21/100
[2025-12-03 02:07:10,686][__main__][INFO] - Flow-matching step: 22/100
[2025-12-03 02:07:13,062][__main__][INFO] - Flow-matching step: 23/100
[2025-12-03 02:07:15,432][__main__][INFO] - Flow-matching step: 24/100
[2025-12-03 02:07:17,805][__main__][INFO] - Flow-matching step: 25/100
[2025-12-03 02:07:20,193][__main__][INFO] - Flow-matching step: 26/100
[2025-12-03 02:07:22,571][__main__][INFO] - Flow-matching step: 27/100
[2025-12-03 02:07:24,943][__main__][INFO] - Flow-matching step: 28/100
[2025-12-03 02:07:27,317][__main__][INFO] - Flow-matching step: 29/100
[2025-12-03 02:07:29,704][__main__][INFO] - Flow-matching step: 30/100
[2025-12-03 02:07:32,073][__main__][INFO] - Flow-matching step: 31/100
[2025-12-03 02:07:34,454][__main__][INFO] - Flow-matching step: 32/100
[2025-12-03 02:07:36,853][__main__][INFO] - Flow-matching step: 33/100
[2025-12-03 02:07:39,246][__main__][INFO] - Flow-matching step: 34/100
[2025-12-03 02:07:41,652][__main__][INFO] - Flow-matching step: 35/100
[2025-12-03 02:07:44,060][__main__][INFO] - Flow-matching step: 36/100
[2025-12-03 02:07:46,483][__main__][INFO] - Flow-matching step: 37/100
[2025-12-03 02:07:48,905][__main__][INFO] - Flow-matching step: 38/100
[2025-12-03 02:07:51,353][__main__][INFO] - Flow-matching step: 39/100
[2025-12-03 02:07:53,788][__main__][INFO] - Flow-matching step: 40/100
[2025-12-03 02:07:56,220][__main__][INFO] - Flow-matching step: 41/100
[2025-12-03 02:07:58,654][__main__][INFO] - Flow-matching step: 42/100
[2025-12-03 02:08:01,081][__main__][INFO] - Flow-matching step: 43/100
[2025-12-03 02:08:03,506][__main__][INFO] - Flow-matching step: 44/100
[2025-12-03 02:08:05,927][__main__][INFO] - Flow-matching step: 45/100
[2025-12-03 02:08:08,340][__main__][INFO] - Flow-matching step: 46/100
[2025-12-03 02:08:10,746][__main__][INFO] - Flow-matching step: 47/100
[2025-12-03 02:08:13,150][__main__][INFO] - Flow-matching step: 48/100
[2025-12-03 02:08:15,557][__main__][INFO] - Flow-matching step: 49/100
[2025-12-03 02:08:17,962][__main__][INFO] - Flow-matching step: 50/100
[2025-12-03 02:08:20,372][__main__][INFO] - Flow-matching step: 51/100
[2025-12-03 02:08:22,777][__main__][INFO] - Flow-matching step: 52/100
[2025-12-03 02:08:25,182][__main__][INFO] - Flow-matching step: 53/100
[2025-12-03 02:08:27,602][__main__][INFO] - Flow-matching step: 54/100
[2025-12-03 02:08:30,016][__main__][INFO] - Flow-matching step: 55/100
[2025-12-03 02:08:32,432][__main__][INFO] - Flow-matching step: 56/100
[2025-12-03 02:08:34,848][__main__][INFO] - Flow-matching step: 57/100
[2025-12-03 02:08:37,267][__main__][INFO] - Flow-matching step: 58/100
[2025-12-03 02:08:39,698][__main__][INFO] - Flow-matching step: 59/100
[2025-12-03 02:08:42,128][__main__][INFO] - Flow-matching step: 60/100
[2025-12-03 02:08:44,558][__main__][INFO] - Flow-matching step: 61/100
[2025-12-03 02:08:46,988][__main__][INFO] - Flow-matching step: 62/100
[2025-12-03 02:08:49,424][__main__][INFO] - Flow-matching step: 63/100
[2025-12-03 02:08:51,869][__main__][INFO] - Flow-matching step: 64/100
[2025-12-03 02:08:54,303][__main__][INFO] - Flow-matching step: 65/100
[2025-12-03 02:08:56,724][__main__][INFO] - Flow-matching step: 66/100
[2025-12-03 02:08:59,149][__main__][INFO] - Flow-matching step: 67/100
[2025-12-03 02:09:01,566][__main__][INFO] - Flow-matching step: 68/100
[2025-12-03 02:09:03,982][__main__][INFO] - Flow-matching step: 69/100
[2025-12-03 02:09:06,393][__main__][INFO] - Flow-matching step: 70/100
[2025-12-03 02:09:08,801][__main__][INFO] - Flow-matching step: 71/100
[2025-12-03 02:09:11,206][__main__][INFO] - Flow-matching step: 72/100
[2025-12-03 02:09:13,606][__main__][INFO] - Flow-matching step: 73/100
[2025-12-03 02:09:16,008][__main__][INFO] - Flow-matching step: 74/100
[2025-12-03 02:09:18,407][__main__][INFO] - Flow-matching step: 75/100
[2025-12-03 02:09:20,795][__main__][INFO] - Flow-matching step: 76/100
[2025-12-03 02:09:23,197][__main__][INFO] - Flow-matching step: 77/100
[2025-12-03 02:09:25,598][__main__][INFO] - Flow-matching step: 78/100
[2025-12-03 02:09:28,000][__main__][INFO] - Flow-matching step: 79/100
[2025-12-03 02:09:30,392][__main__][INFO] - Flow-matching step: 80/100
[2025-12-03 02:09:32,775][__main__][INFO] - Flow-matching step: 81/100
[2025-12-03 02:09:35,175][__main__][INFO] - Flow-matching step: 82/100
[2025-12-03 02:09:37,575][__main__][INFO] - Flow-matching step: 83/100
[2025-12-03 02:09:39,965][__main__][INFO] - Flow-matching step: 84/100
[2025-12-03 02:09:42,366][__main__][INFO] - Flow-matching step: 85/100
[2025-12-03 02:09:44,762][__main__][INFO] - Flow-matching step: 86/100
[2025-12-03 02:09:47,159][__main__][INFO] - Flow-matching step: 87/100
[2025-12-03 02:09:49,553][__main__][INFO] - Flow-matching step: 88/100
[2025-12-03 02:09:51,958][__main__][INFO] - Flow-matching step: 89/100
[2025-12-03 02:09:54,358][__main__][INFO] - Flow-matching step: 90/100
[2025-12-03 02:09:56,733][__main__][INFO] - Flow-matching step: 91/100
[2025-12-03 02:09:59,106][__main__][INFO] - Flow-matching step: 92/100
[2025-12-03 02:10:01,486][__main__][INFO] - Flow-matching step: 93/100
[2025-12-03 02:10:03,864][__main__][INFO] - Flow-matching step: 94/100
[2025-12-03 02:10:06,224][__main__][INFO] - Flow-matching step: 95/100
[2025-12-03 02:10:08,599][__main__][INFO] - Flow-matching step: 96/100
[2025-12-03 02:10:10,977][__main__][INFO] - Flow-matching step: 97/100
[2025-12-03 02:10:13,362][__main__][INFO] - Flow-matching step: 98/100
[2025-12-03 02:10:15,752][__main__][INFO] - Flow-matching step: 99/100
[2025-12-03 02:10:18,147][__main__][INFO] - Flow-matching step: 100/100
[2025-12-03 02:10:29,716][__main__][INFO] - Finished design in 4.16 minutes
[2025-12-03 02:10:29,761][__main__][INFO] - out_prefix_suffixed='/home/woodbuse/publication/metallohydrolase/github/Computational_Design_of_Metallohydrolases_PrivateGitHub/RFdiffusion2_Tutorial/outputs/rfdiffusion2_out/from_quantum_chemistry__ZN_ESTERASE/ZETA_2__theozyme_optTS_geom_HHHE__lig_SZD_artificialBB_ORI_01_LENGTH_110_140__1_1-atomized-bb-False', conf.inference.guidepost_xyz_as_design_bb=False
[2025-12-03 02:10:29,812][__main__][INFO] - Idealizing atomized sidechains for pX0 of the last step...
[2025-12-03 02:10:31,532][__main__][INFO] - design : /home/woodbuse/publication/metallohydrolase/github/Computational_Design_of_Metallohydrolases_PrivateGitHub/RFdiffusion2_Tutorial/outputs/rfdiffusion2_out/from_quantum_chemistry__ZN_ESTERASE/ZETA_2__theozyme_optTS_geom_HHHE__lig_SZD_artificialBB_ORI_01_LENGTH_110_140__1_1-atomized-bb-False.pdb
