[2025-12-03 03:12:41,095][rf_diffusion.config.config_format][INFO] - Translating obsolete key: extra_t1d -> ['extra_tXd']
[2025-12-03 03:12:41,096][rf_diffusion.config.config_format][INFO] - Translating obsolete key: extra_t1d_params -> ['extra_tXd_params']
[2025-12-03 03:12:45,182][__main__][INFO] - Making design 0 of 0:2: /home/woodbuse/publication/metallohydrolase/github/Computational_Design_of_Metallohydrolases_PrivateGitHub/RFdiffusion2_Tutorial/outputs/rfdiffusion2_out/from_quantum_chemistry__ZN_ESTERASE/ZETA_2__theozyme_optTS_geom_HHHE__lig_SZD_artificialBB_ORI_08_LENGTH_140_170__1_0
[2025-12-03 03:12:45,467][se3_flow_matching.data.so3_utils][INFO] - Data loaded from .cache/cache_igso3_s0.100-1.500-1000_l1000_o1000-3.npz
[2025-12-03 03:12:45,542][__main__][INFO] - Flow-matching step: 1/100
[2025-12-03 03:12:49,990][__main__][INFO] - Flow-matching step: 2/100
[2025-12-03 03:12:52,781][__main__][INFO] - Flow-matching step: 3/100
[2025-12-03 03:12:55,576][__main__][INFO] - Flow-matching step: 4/100
[2025-12-03 03:12:58,361][__main__][INFO] - Flow-matching step: 5/100
[2025-12-03 03:13:01,139][__main__][INFO] - Flow-matching step: 6/100
[2025-12-03 03:13:03,937][__main__][INFO] - Flow-matching step: 7/100
[2025-12-03 03:13:06,724][__main__][INFO] - Flow-matching step: 8/100
[2025-12-03 03:13:09,515][__main__][INFO] - Flow-matching step: 9/100
[2025-12-03 03:13:12,288][__main__][INFO] - Flow-matching step: 10/100
[2025-12-03 03:13:15,079][__main__][INFO] - Flow-matching step: 11/100
[2025-12-03 03:13:17,856][__main__][INFO] - Flow-matching step: 12/100
[2025-12-03 03:13:20,641][__main__][INFO] - Flow-matching step: 13/100
[2025-12-03 03:13:23,436][__main__][INFO] - Flow-matching step: 14/100
[2025-12-03 03:13:26,221][__main__][INFO] - Flow-matching step: 15/100
[2025-12-03 03:13:29,022][__main__][INFO] - Flow-matching step: 16/100
[2025-12-03 03:13:31,816][__main__][INFO] - Flow-matching step: 17/100
[2025-12-03 03:13:34,623][__main__][INFO] - Flow-matching step: 18/100
[2025-12-03 03:13:37,411][__main__][INFO] - Flow-matching step: 19/100
[2025-12-03 03:13:40,205][__main__][INFO] - Flow-matching step: 20/100
[2025-12-03 03:13:42,984][__main__][INFO] - Flow-matching step: 21/100
[2025-12-03 03:13:45,786][__main__][INFO] - Flow-matching step: 22/100
[2025-12-03 03:13:48,555][__main__][INFO] - Flow-matching step: 23/100
[2025-12-03 03:13:51,337][__main__][INFO] - Flow-matching step: 24/100
[2025-12-03 03:13:54,121][__main__][INFO] - Flow-matching step: 25/100
[2025-12-03 03:13:56,897][__main__][INFO] - Flow-matching step: 26/100
[2025-12-03 03:13:59,672][__main__][INFO] - Flow-matching step: 27/100
[2025-12-03 03:14:02,452][__main__][INFO] - Flow-matching step: 28/100
[2025-12-03 03:14:05,260][__main__][INFO] - Flow-matching step: 29/100
[2025-12-03 03:14:08,040][__main__][INFO] - Flow-matching step: 30/100
[2025-12-03 03:14:10,823][__main__][INFO] - Flow-matching step: 31/100
[2025-12-03 03:14:13,621][__main__][INFO] - Flow-matching step: 32/100
[2025-12-03 03:14:16,407][__main__][INFO] - Flow-matching step: 33/100
[2025-12-03 03:14:19,199][__main__][INFO] - Flow-matching step: 34/100
[2025-12-03 03:14:21,988][__main__][INFO] - Flow-matching step: 35/100
[2025-12-03 03:14:24,775][__main__][INFO] - Flow-matching step: 36/100
[2025-12-03 03:14:27,562][__main__][INFO] - Flow-matching step: 37/100
[2025-12-03 03:14:30,341][__main__][INFO] - Flow-matching step: 38/100
[2025-12-03 03:14:33,126][__main__][INFO] - Flow-matching step: 39/100
[2025-12-03 03:14:35,907][__main__][INFO] - Flow-matching step: 40/100
[2025-12-03 03:14:38,675][__main__][INFO] - Flow-matching step: 41/100
[2025-12-03 03:14:41,460][__main__][INFO] - Flow-matching step: 42/100
[2025-12-03 03:14:44,243][__main__][INFO] - Flow-matching step: 43/100
[2025-12-03 03:14:47,019][__main__][INFO] - Flow-matching step: 44/100
[2025-12-03 03:14:49,795][__main__][INFO] - Flow-matching step: 45/100
[2025-12-03 03:14:52,584][__main__][INFO] - Flow-matching step: 46/100
[2025-12-03 03:14:55,361][__main__][INFO] - Flow-matching step: 47/100
[2025-12-03 03:14:58,152][__main__][INFO] - Flow-matching step: 48/100
[2025-12-03 03:15:00,971][__main__][INFO] - Flow-matching step: 49/100
[2025-12-03 03:15:03,797][__main__][INFO] - Flow-matching step: 50/100
[2025-12-03 03:15:06,619][__main__][INFO] - Flow-matching step: 51/100
[2025-12-03 03:15:09,440][__main__][INFO] - Flow-matching step: 52/100
[2025-12-03 03:15:12,269][__main__][INFO] - Flow-matching step: 53/100
[2025-12-03 03:15:15,095][__main__][INFO] - Flow-matching step: 54/100
[2025-12-03 03:15:17,915][__main__][INFO] - Flow-matching step: 55/100
[2025-12-03 03:15:20,732][__main__][INFO] - Flow-matching step: 56/100
[2025-12-03 03:15:23,547][__main__][INFO] - Flow-matching step: 57/100
[2025-12-03 03:15:26,351][__main__][INFO] - Flow-matching step: 58/100
[2025-12-03 03:15:29,135][__main__][INFO] - Flow-matching step: 59/100
[2025-12-03 03:15:31,932][__main__][INFO] - Flow-matching step: 60/100
[2025-12-03 03:15:34,741][__main__][INFO] - Flow-matching step: 61/100
[2025-12-03 03:15:37,542][__main__][INFO] - Flow-matching step: 62/100
[2025-12-03 03:15:40,359][__main__][INFO] - Flow-matching step: 63/100
[2025-12-03 03:15:43,172][__main__][INFO] - Flow-matching step: 64/100
[2025-12-03 03:15:45,977][__main__][INFO] - Flow-matching step: 65/100
[2025-12-03 03:15:48,785][__main__][INFO] - Flow-matching step: 66/100
[2025-12-03 03:15:51,599][__main__][INFO] - Flow-matching step: 67/100
[2025-12-03 03:15:54,407][__main__][INFO] - Flow-matching step: 68/100
[2025-12-03 03:15:57,203][__main__][INFO] - Flow-matching step: 69/100
[2025-12-03 03:15:59,999][__main__][INFO] - Flow-matching step: 70/100
[2025-12-03 03:16:02,781][__main__][INFO] - Flow-matching step: 71/100
[2025-12-03 03:16:05,592][__main__][INFO] - Flow-matching step: 72/100
[2025-12-03 03:16:08,371][__main__][INFO] - Flow-matching step: 73/100
[2025-12-03 03:16:11,165][__main__][INFO] - Flow-matching step: 74/100
[2025-12-03 03:16:13,956][__main__][INFO] - Flow-matching step: 75/100
[2025-12-03 03:16:16,753][__main__][INFO] - Flow-matching step: 76/100
[2025-12-03 03:16:19,519][__main__][INFO] - Flow-matching step: 77/100
[2025-12-03 03:16:22,275][__main__][INFO] - Flow-matching step: 78/100
[2025-12-03 03:16:25,035][__main__][INFO] - Flow-matching step: 79/100
[2025-12-03 03:16:27,786][__main__][INFO] - Flow-matching step: 80/100
[2025-12-03 03:16:30,563][__main__][INFO] - Flow-matching step: 81/100
[2025-12-03 03:16:33,340][__main__][INFO] - Flow-matching step: 82/100
[2025-12-03 03:16:36,143][__main__][INFO] - Flow-matching step: 83/100
[2025-12-03 03:16:38,931][__main__][INFO] - Flow-matching step: 84/100
[2025-12-03 03:16:41,712][__main__][INFO] - Flow-matching step: 85/100
[2025-12-03 03:16:44,493][__main__][INFO] - Flow-matching step: 86/100
[2025-12-03 03:16:47,276][__main__][INFO] - Flow-matching step: 87/100
[2025-12-03 03:16:50,067][__main__][INFO] - Flow-matching step: 88/100
[2025-12-03 03:16:52,857][__main__][INFO] - Flow-matching step: 89/100
[2025-12-03 03:16:55,641][__main__][INFO] - Flow-matching step: 90/100
[2025-12-03 03:16:58,417][__main__][INFO] - Flow-matching step: 91/100
[2025-12-03 03:17:01,194][__main__][INFO] - Flow-matching step: 92/100
[2025-12-03 03:17:03,972][__main__][INFO] - Flow-matching step: 93/100
[2025-12-03 03:17:06,772][__main__][INFO] - Flow-matching step: 94/100
[2025-12-03 03:17:09,560][__main__][INFO] - Flow-matching step: 95/100
[2025-12-03 03:17:12,339][__main__][INFO] - Flow-matching step: 96/100
[2025-12-03 03:17:15,121][__main__][INFO] - Flow-matching step: 97/100
[2025-12-03 03:17:17,903][__main__][INFO] - Flow-matching step: 98/100
[2025-12-03 03:17:20,712][__main__][INFO] - Flow-matching step: 99/100
[2025-12-03 03:17:23,514][__main__][INFO] - Flow-matching step: 100/100
[2025-12-03 03:17:36,360][__main__][INFO] - Finished design in 4.85 minutes
[2025-12-03 03:17:36,404][__main__][INFO] - out_prefix_suffixed='/home/woodbuse/publication/metallohydrolase/github/Computational_Design_of_Metallohydrolases_PrivateGitHub/RFdiffusion2_Tutorial/outputs/rfdiffusion2_out/from_quantum_chemistry__ZN_ESTERASE/ZETA_2__theozyme_optTS_geom_HHHE__lig_SZD_artificialBB_ORI_08_LENGTH_140_170__1_0-atomized-bb-False', conf.inference.guidepost_xyz_as_design_bb=False
[2025-12-03 03:17:36,480][__main__][INFO] - Idealizing atomized sidechains for pX0 of the last step...
[2025-12-03 03:17:38,644][__main__][INFO] - design : /home/woodbuse/publication/metallohydrolase/github/Computational_Design_of_Metallohydrolases_PrivateGitHub/RFdiffusion2_Tutorial/outputs/rfdiffusion2_out/from_quantum_chemistry__ZN_ESTERASE/ZETA_2__theozyme_optTS_geom_HHHE__lig_SZD_artificialBB_ORI_08_LENGTH_140_170__1_0-atomized-bb-False.pdb
[2025-12-03 03:17:38,645][__main__][INFO] - Making design 1 of 0:2: /home/woodbuse/publication/metallohydrolase/github/Computational_Design_of_Metallohydrolases_PrivateGitHub/RFdiffusion2_Tutorial/outputs/rfdiffusion2_out/from_quantum_chemistry__ZN_ESTERASE/ZETA_2__theozyme_optTS_geom_HHHE__lig_SZD_artificialBB_ORI_08_LENGTH_140_170__1_1
[2025-12-03 03:17:38,928][__main__][INFO] - Flow-matching step: 1/100
[2025-12-03 03:17:41,632][__main__][INFO] - Flow-matching step: 2/100
[2025-12-03 03:17:44,339][__main__][INFO] - Flow-matching step: 3/100
[2025-12-03 03:17:47,038][__main__][INFO] - Flow-matching step: 4/100
[2025-12-03 03:17:49,749][__main__][INFO] - Flow-matching step: 5/100
[2025-12-03 03:17:52,451][__main__][INFO] - Flow-matching step: 6/100
[2025-12-03 03:17:55,150][__main__][INFO] - Flow-matching step: 7/100
[2025-12-03 03:17:57,854][__main__][INFO] - Flow-matching step: 8/100
[2025-12-03 03:18:00,551][__main__][INFO] - Flow-matching step: 9/100
[2025-12-03 03:18:03,263][__main__][INFO] - Flow-matching step: 10/100
[2025-12-03 03:18:05,991][__main__][INFO] - Flow-matching step: 11/100
[2025-12-03 03:18:08,709][__main__][INFO] - Flow-matching step: 12/100
[2025-12-03 03:18:11,447][__main__][INFO] - Flow-matching step: 13/100
[2025-12-03 03:18:14,148][__main__][INFO] - Flow-matching step: 14/100
[2025-12-03 03:18:16,847][__main__][INFO] - Flow-matching step: 15/100
[2025-12-03 03:18:19,560][__main__][INFO] - Flow-matching step: 16/100
[2025-12-03 03:18:22,286][__main__][INFO] - Flow-matching step: 17/100
[2025-12-03 03:18:24,976][__main__][INFO] - Flow-matching step: 18/100
[2025-12-03 03:18:27,664][__main__][INFO] - Flow-matching step: 19/100
[2025-12-03 03:18:30,349][__main__][INFO] - Flow-matching step: 20/100
[2025-12-03 03:18:33,042][__main__][INFO] - Flow-matching step: 21/100
[2025-12-03 03:18:35,736][__main__][INFO] - Flow-matching step: 22/100
[2025-12-03 03:18:38,428][__main__][INFO] - Flow-matching step: 23/100
[2025-12-03 03:18:41,106][__main__][INFO] - Flow-matching step: 24/100
[2025-12-03 03:18:43,797][__main__][INFO] - Flow-matching step: 25/100
[2025-12-03 03:18:46,481][__main__][INFO] - Flow-matching step: 26/100
[2025-12-03 03:18:49,179][__main__][INFO] - Flow-matching step: 27/100
[2025-12-03 03:18:51,871][__main__][INFO] - Flow-matching step: 28/100
[2025-12-03 03:18:54,563][__main__][INFO] - Flow-matching step: 29/100
[2025-12-03 03:18:57,238][__main__][INFO] - Flow-matching step: 30/100
[2025-12-03 03:18:59,923][__main__][INFO] - Flow-matching step: 31/100
[2025-12-03 03:19:02,630][__main__][INFO] - Flow-matching step: 32/100
[2025-12-03 03:19:05,351][__main__][INFO] - Flow-matching step: 33/100
[2025-12-03 03:19:08,071][__main__][INFO] - Flow-matching step: 34/100
[2025-12-03 03:19:10,781][__main__][INFO] - Flow-matching step: 35/100
[2025-12-03 03:19:13,497][__main__][INFO] - Flow-matching step: 36/100
[2025-12-03 03:19:16,202][__main__][INFO] - Flow-matching step: 37/100
[2025-12-03 03:19:18,917][__main__][INFO] - Flow-matching step: 38/100
[2025-12-03 03:19:21,624][__main__][INFO] - Flow-matching step: 39/100
[2025-12-03 03:19:24,349][__main__][INFO] - Flow-matching step: 40/100
[2025-12-03 03:19:27,046][__main__][INFO] - Flow-matching step: 41/100
[2025-12-03 03:19:29,744][__main__][INFO] - Flow-matching step: 42/100
[2025-12-03 03:19:32,458][__main__][INFO] - Flow-matching step: 43/100
[2025-12-03 03:19:35,178][__main__][INFO] - Flow-matching step: 44/100
[2025-12-03 03:19:37,918][__main__][INFO] - Flow-matching step: 45/100
[2025-12-03 03:19:40,648][__main__][INFO] - Flow-matching step: 46/100
[2025-12-03 03:19:43,382][__main__][INFO] - Flow-matching step: 47/100
[2025-12-03 03:19:46,123][__main__][INFO] - Flow-matching step: 48/100
[2025-12-03 03:19:48,874][__main__][INFO] - Flow-matching step: 49/100
[2025-12-03 03:19:51,618][__main__][INFO] - Flow-matching step: 50/100
[2025-12-03 03:19:54,368][__main__][INFO] - Flow-matching step: 51/100
[2025-12-03 03:19:57,120][__main__][INFO] - Flow-matching step: 52/100
[2025-12-03 03:19:59,859][__main__][INFO] - Flow-matching step: 53/100
[2025-12-03 03:20:02,597][__main__][INFO] - Flow-matching step: 54/100
[2025-12-03 03:20:05,328][__main__][INFO] - Flow-matching step: 55/100
[2025-12-03 03:20:08,062][__main__][INFO] - Flow-matching step: 56/100
[2025-12-03 03:20:10,795][__main__][INFO] - Flow-matching step: 57/100
[2025-12-03 03:20:13,529][__main__][INFO] - Flow-matching step: 58/100
[2025-12-03 03:20:16,263][__main__][INFO] - Flow-matching step: 59/100
[2025-12-03 03:20:18,997][__main__][INFO] - Flow-matching step: 60/100
[2025-12-03 03:20:21,731][__main__][INFO] - Flow-matching step: 61/100
[2025-12-03 03:20:24,468][__main__][INFO] - Flow-matching step: 62/100
[2025-12-03 03:20:27,192][__main__][INFO] - Flow-matching step: 63/100
[2025-12-03 03:20:29,924][__main__][INFO] - Flow-matching step: 64/100
[2025-12-03 03:20:32,648][__main__][INFO] - Flow-matching step: 65/100
[2025-12-03 03:20:35,368][__main__][INFO] - Flow-matching step: 66/100
[2025-12-03 03:20:38,085][__main__][INFO] - Flow-matching step: 67/100
[2025-12-03 03:20:40,812][__main__][INFO] - Flow-matching step: 68/100
[2025-12-03 03:20:43,516][__main__][INFO] - Flow-matching step: 69/100
[2025-12-03 03:20:46,217][__main__][INFO] - Flow-matching step: 70/100
[2025-12-03 03:20:48,911][__main__][INFO] - Flow-matching step: 71/100
[2025-12-03 03:20:51,600][__main__][INFO] - Flow-matching step: 72/100
[2025-12-03 03:20:54,265][__main__][INFO] - Flow-matching step: 73/100
[2025-12-03 03:20:56,923][__main__][INFO] - Flow-matching step: 74/100
[2025-12-03 03:20:59,578][__main__][INFO] - Flow-matching step: 75/100
[2025-12-03 03:21:02,258][__main__][INFO] - Flow-matching step: 76/100
[2025-12-03 03:21:04,947][__main__][INFO] - Flow-matching step: 77/100
[2025-12-03 03:21:07,626][__main__][INFO] - Flow-matching step: 78/100
[2025-12-03 03:21:10,288][__main__][INFO] - Flow-matching step: 79/100
[2025-12-03 03:21:12,954][__main__][INFO] - Flow-matching step: 80/100
[2025-12-03 03:21:15,613][__main__][INFO] - Flow-matching step: 81/100
[2025-12-03 03:21:18,276][__main__][INFO] - Flow-matching step: 82/100
[2025-12-03 03:21:20,952][__main__][INFO] - Flow-matching step: 83/100
[2025-12-03 03:21:23,611][__main__][INFO] - Flow-matching step: 84/100
[2025-12-03 03:21:26,268][__main__][INFO] - Flow-matching step: 85/100
[2025-12-03 03:21:28,926][__main__][INFO] - Flow-matching step: 86/100
[2025-12-03 03:21:31,596][__main__][INFO] - Flow-matching step: 87/100
[2025-12-03 03:21:34,287][__main__][INFO] - Flow-matching step: 88/100
[2025-12-03 03:21:36,988][__main__][INFO] - Flow-matching step: 89/100
[2025-12-03 03:21:39,699][__main__][INFO] - Flow-matching step: 90/100
[2025-12-03 03:21:42,396][__main__][INFO] - Flow-matching step: 91/100
[2025-12-03 03:21:45,101][__main__][INFO] - Flow-matching step: 92/100
[2025-12-03 03:21:47,802][__main__][INFO] - Flow-matching step: 93/100
[2025-12-03 03:21:50,511][__main__][INFO] - Flow-matching step: 94/100
[2025-12-03 03:21:53,219][__main__][INFO] - Flow-matching step: 95/100
[2025-12-03 03:21:55,929][__main__][INFO] - Flow-matching step: 96/100
[2025-12-03 03:21:58,643][__main__][INFO] - Flow-matching step: 97/100
[2025-12-03 03:22:01,369][__main__][INFO] - Flow-matching step: 98/100
[2025-12-03 03:22:04,104][__main__][INFO] - Flow-matching step: 99/100
[2025-12-03 03:22:06,852][__main__][INFO] - Flow-matching step: 100/100
[2025-12-03 03:22:18,973][__main__][INFO] - Finished design in 4.67 minutes
[2025-12-03 03:22:19,015][__main__][INFO] - out_prefix_suffixed='/home/woodbuse/publication/metallohydrolase/github/Computational_Design_of_Metallohydrolases_PrivateGitHub/RFdiffusion2_Tutorial/outputs/rfdiffusion2_out/from_quantum_chemistry__ZN_ESTERASE/ZETA_2__theozyme_optTS_geom_HHHE__lig_SZD_artificialBB_ORI_08_LENGTH_140_170__1_1-atomized-bb-False', conf.inference.guidepost_xyz_as_design_bb=False
[2025-12-03 03:22:19,079][__main__][INFO] - Idealizing atomized sidechains for pX0 of the last step...
[2025-12-03 03:22:21,042][__main__][INFO] - design : /home/woodbuse/publication/metallohydrolase/github/Computational_Design_of_Metallohydrolases_PrivateGitHub/RFdiffusion2_Tutorial/outputs/rfdiffusion2_out/from_quantum_chemistry__ZN_ESTERASE/ZETA_2__theozyme_optTS_geom_HHHE__lig_SZD_artificialBB_ORI_08_LENGTH_140_170__1_1-atomized-bb-False.pdb
