[2025-12-03 03:44:21,580][rf_diffusion.config.config_format][INFO] - Translating obsolete key: extra_t1d -> ['extra_tXd']
[2025-12-03 03:44:21,580][rf_diffusion.config.config_format][INFO] - Translating obsolete key: extra_t1d_params -> ['extra_tXd_params']
[2025-12-03 03:44:24,786][__main__][INFO] - Making design 0 of 0:2: /home/woodbuse/publication/metallohydrolase/github/Computational_Design_of_Metallohydrolases_PrivateGitHub/RFdiffusion2_Tutorial/outputs/rfdiffusion2_out/from_PDB_structure__ZN_PROTEASE/pdb_00001qji__theozyme_HEHH__lig_TSA_ORI_03_LENGTH_120_150__1_0
[2025-12-03 03:44:25,040][se3_flow_matching.data.so3_utils][INFO] - Data loaded from .cache/cache_igso3_s0.100-1.500-1000_l1000_o1000-3.npz
[2025-12-03 03:44:25,100][__main__][INFO] - Flow-matching step: 1/100
[2025-12-03 03:44:28,955][__main__][INFO] - Flow-matching step: 2/100
[2025-12-03 03:44:31,592][__main__][INFO] - Flow-matching step: 3/100
[2025-12-03 03:44:34,230][__main__][INFO] - Flow-matching step: 4/100
[2025-12-03 03:44:36,879][__main__][INFO] - Flow-matching step: 5/100
[2025-12-03 03:44:39,500][__main__][INFO] - Flow-matching step: 6/100
[2025-12-03 03:44:42,112][__main__][INFO] - Flow-matching step: 7/100
[2025-12-03 03:44:44,715][__main__][INFO] - Flow-matching step: 8/100
[2025-12-03 03:44:47,315][__main__][INFO] - Flow-matching step: 9/100
[2025-12-03 03:44:49,909][__main__][INFO] - Flow-matching step: 10/100
[2025-12-03 03:44:52,536][__main__][INFO] - Flow-matching step: 11/100
[2025-12-03 03:44:55,157][__main__][INFO] - Flow-matching step: 12/100
[2025-12-03 03:44:57,774][__main__][INFO] - Flow-matching step: 13/100
[2025-12-03 03:45:00,409][__main__][INFO] - Flow-matching step: 14/100
[2025-12-03 03:45:03,058][__main__][INFO] - Flow-matching step: 15/100
[2025-12-03 03:45:05,680][__main__][INFO] - Flow-matching step: 16/100
[2025-12-03 03:45:08,312][__main__][INFO] - Flow-matching step: 17/100
[2025-12-03 03:45:10,945][__main__][INFO] - Flow-matching step: 18/100
[2025-12-03 03:45:13,586][__main__][INFO] - Flow-matching step: 19/100
[2025-12-03 03:45:16,214][__main__][INFO] - Flow-matching step: 20/100
[2025-12-03 03:45:18,828][__main__][INFO] - Flow-matching step: 21/100
[2025-12-03 03:45:21,447][__main__][INFO] - Flow-matching step: 22/100
[2025-12-03 03:45:24,081][__main__][INFO] - Flow-matching step: 23/100
[2025-12-03 03:45:26,709][__main__][INFO] - Flow-matching step: 24/100
[2025-12-03 03:45:29,333][__main__][INFO] - Flow-matching step: 25/100
[2025-12-03 03:45:31,939][__main__][INFO] - Flow-matching step: 26/100
[2025-12-03 03:45:34,567][__main__][INFO] - Flow-matching step: 27/100
[2025-12-03 03:45:37,189][__main__][INFO] - Flow-matching step: 28/100
[2025-12-03 03:45:39,817][__main__][INFO] - Flow-matching step: 29/100
[2025-12-03 03:45:42,453][__main__][INFO] - Flow-matching step: 30/100
[2025-12-03 03:45:45,079][__main__][INFO] - Flow-matching step: 31/100
[2025-12-03 03:45:47,700][__main__][INFO] - Flow-matching step: 32/100
[2025-12-03 03:45:50,321][__main__][INFO] - Flow-matching step: 33/100
[2025-12-03 03:45:52,946][__main__][INFO] - Flow-matching step: 34/100
[2025-12-03 03:45:55,550][__main__][INFO] - Flow-matching step: 35/100
[2025-12-03 03:45:58,158][__main__][INFO] - Flow-matching step: 36/100
[2025-12-03 03:46:00,774][__main__][INFO] - Flow-matching step: 37/100
[2025-12-03 03:46:03,393][__main__][INFO] - Flow-matching step: 38/100
[2025-12-03 03:46:05,995][__main__][INFO] - Flow-matching step: 39/100
[2025-12-03 03:46:08,592][__main__][INFO] - Flow-matching step: 40/100
[2025-12-03 03:46:11,202][__main__][INFO] - Flow-matching step: 41/100
[2025-12-03 03:46:13,813][__main__][INFO] - Flow-matching step: 42/100
[2025-12-03 03:46:16,445][__main__][INFO] - Flow-matching step: 43/100
[2025-12-03 03:46:19,062][__main__][INFO] - Flow-matching step: 44/100
[2025-12-03 03:46:21,683][__main__][INFO] - Flow-matching step: 45/100
[2025-12-03 03:46:24,309][__main__][INFO] - Flow-matching step: 46/100
[2025-12-03 03:46:26,920][__main__][INFO] - Flow-matching step: 47/100
[2025-12-03 03:46:29,544][__main__][INFO] - Flow-matching step: 48/100
[2025-12-03 03:46:32,166][__main__][INFO] - Flow-matching step: 49/100
[2025-12-03 03:46:34,795][__main__][INFO] - Flow-matching step: 50/100
[2025-12-03 03:46:37,420][__main__][INFO] - Flow-matching step: 51/100
[2025-12-03 03:46:40,063][__main__][INFO] - Flow-matching step: 52/100
[2025-12-03 03:46:42,703][__main__][INFO] - Flow-matching step: 53/100
[2025-12-03 03:46:45,333][__main__][INFO] - Flow-matching step: 54/100
[2025-12-03 03:46:47,959][__main__][INFO] - Flow-matching step: 55/100
[2025-12-03 03:46:50,582][__main__][INFO] - Flow-matching step: 56/100
[2025-12-03 03:46:53,218][__main__][INFO] - Flow-matching step: 57/100
[2025-12-03 03:46:55,856][__main__][INFO] - Flow-matching step: 58/100
[2025-12-03 03:46:58,486][__main__][INFO] - Flow-matching step: 59/100
[2025-12-03 03:47:01,113][__main__][INFO] - Flow-matching step: 60/100
[2025-12-03 03:47:03,757][__main__][INFO] - Flow-matching step: 61/100
[2025-12-03 03:47:06,387][__main__][INFO] - Flow-matching step: 62/100
[2025-12-03 03:47:09,001][__main__][INFO] - Flow-matching step: 63/100
[2025-12-03 03:47:11,604][__main__][INFO] - Flow-matching step: 64/100
[2025-12-03 03:47:14,221][__main__][INFO] - Flow-matching step: 65/100
[2025-12-03 03:47:16,837][__main__][INFO] - Flow-matching step: 66/100
[2025-12-03 03:47:19,456][__main__][INFO] - Flow-matching step: 67/100
[2025-12-03 03:47:22,093][__main__][INFO] - Flow-matching step: 68/100
[2025-12-03 03:47:24,734][__main__][INFO] - Flow-matching step: 69/100
[2025-12-03 03:47:27,377][__main__][INFO] - Flow-matching step: 70/100
[2025-12-03 03:47:30,013][__main__][INFO] - Flow-matching step: 71/100
[2025-12-03 03:47:32,634][__main__][INFO] - Flow-matching step: 72/100
[2025-12-03 03:47:35,250][__main__][INFO] - Flow-matching step: 73/100
[2025-12-03 03:47:37,874][__main__][INFO] - Flow-matching step: 74/100
[2025-12-03 03:47:40,497][__main__][INFO] - Flow-matching step: 75/100
[2025-12-03 03:47:43,108][__main__][INFO] - Flow-matching step: 76/100
[2025-12-03 03:47:45,738][__main__][INFO] - Flow-matching step: 77/100
[2025-12-03 03:47:48,326][__main__][INFO] - Flow-matching step: 78/100
[2025-12-03 03:47:50,933][__main__][INFO] - Flow-matching step: 79/100
[2025-12-03 03:47:53,539][__main__][INFO] - Flow-matching step: 80/100
[2025-12-03 03:47:56,125][__main__][INFO] - Flow-matching step: 81/100
[2025-12-03 03:47:58,744][__main__][INFO] - Flow-matching step: 82/100
[2025-12-03 03:48:01,385][__main__][INFO] - Flow-matching step: 83/100
[2025-12-03 03:48:04,010][__main__][INFO] - Flow-matching step: 84/100
[2025-12-03 03:48:06,648][__main__][INFO] - Flow-matching step: 85/100
[2025-12-03 03:48:09,271][__main__][INFO] - Flow-matching step: 86/100
[2025-12-03 03:48:11,918][__main__][INFO] - Flow-matching step: 87/100
[2025-12-03 03:48:14,551][__main__][INFO] - Flow-matching step: 88/100
[2025-12-03 03:48:17,186][__main__][INFO] - Flow-matching step: 89/100
[2025-12-03 03:48:19,795][__main__][INFO] - Flow-matching step: 90/100
[2025-12-03 03:48:22,403][__main__][INFO] - Flow-matching step: 91/100
[2025-12-03 03:48:25,026][__main__][INFO] - Flow-matching step: 92/100
[2025-12-03 03:48:27,653][__main__][INFO] - Flow-matching step: 93/100
[2025-12-03 03:48:30,260][__main__][INFO] - Flow-matching step: 94/100
[2025-12-03 03:48:32,876][__main__][INFO] - Flow-matching step: 95/100
[2025-12-03 03:48:35,487][__main__][INFO] - Flow-matching step: 96/100
[2025-12-03 03:48:38,106][__main__][INFO] - Flow-matching step: 97/100
[2025-12-03 03:48:40,715][__main__][INFO] - Flow-matching step: 98/100
[2025-12-03 03:48:43,335][__main__][INFO] - Flow-matching step: 99/100
[2025-12-03 03:48:45,933][__main__][INFO] - Flow-matching step: 100/100
[2025-12-03 03:48:59,916][__main__][INFO] - Finished design in 4.59 minutes
[2025-12-03 03:48:59,955][__main__][INFO] - out_prefix_suffixed='/home/woodbuse/publication/metallohydrolase/github/Computational_Design_of_Metallohydrolases_PrivateGitHub/RFdiffusion2_Tutorial/outputs/rfdiffusion2_out/from_PDB_structure__ZN_PROTEASE/pdb_00001qji__theozyme_HEHH__lig_TSA_ORI_03_LENGTH_120_150__1_0-atomized-bb-False', conf.inference.guidepost_xyz_as_design_bb=False
[2025-12-03 03:49:00,020][__main__][INFO] - Idealizing atomized sidechains for pX0 of the last step...
[2025-12-03 03:49:01,956][__main__][INFO] - design : /home/woodbuse/publication/metallohydrolase/github/Computational_Design_of_Metallohydrolases_PrivateGitHub/RFdiffusion2_Tutorial/outputs/rfdiffusion2_out/from_PDB_structure__ZN_PROTEASE/pdb_00001qji__theozyme_HEHH__lig_TSA_ORI_03_LENGTH_120_150__1_0-atomized-bb-False.pdb
[2025-12-03 03:49:01,957][__main__][INFO] - Making design 1 of 0:2: /home/woodbuse/publication/metallohydrolase/github/Computational_Design_of_Metallohydrolases_PrivateGitHub/RFdiffusion2_Tutorial/outputs/rfdiffusion2_out/from_PDB_structure__ZN_PROTEASE/pdb_00001qji__theozyme_HEHH__lig_TSA_ORI_03_LENGTH_120_150__1_1
[2025-12-03 03:49:02,230][__main__][INFO] - Flow-matching step: 1/100
[2025-12-03 03:49:04,947][__main__][INFO] - Flow-matching step: 2/100
[2025-12-03 03:49:07,638][__main__][INFO] - Flow-matching step: 3/100
[2025-12-03 03:49:10,338][__main__][INFO] - Flow-matching step: 4/100
[2025-12-03 03:49:13,063][__main__][INFO] - Flow-matching step: 5/100
[2025-12-03 03:49:15,756][__main__][INFO] - Flow-matching step: 6/100
[2025-12-03 03:49:18,443][__main__][INFO] - Flow-matching step: 7/100
[2025-12-03 03:49:21,152][__main__][INFO] - Flow-matching step: 8/100
[2025-12-03 03:49:23,847][__main__][INFO] - Flow-matching step: 9/100
[2025-12-03 03:49:26,539][__main__][INFO] - Flow-matching step: 10/100
[2025-12-03 03:49:29,229][__main__][INFO] - Flow-matching step: 11/100
[2025-12-03 03:49:31,931][__main__][INFO] - Flow-matching step: 12/100
[2025-12-03 03:49:34,630][__main__][INFO] - Flow-matching step: 13/100
[2025-12-03 03:49:37,335][__main__][INFO] - Flow-matching step: 14/100
[2025-12-03 03:49:40,040][__main__][INFO] - Flow-matching step: 15/100
[2025-12-03 03:49:42,724][__main__][INFO] - Flow-matching step: 16/100
[2025-12-03 03:49:45,399][__main__][INFO] - Flow-matching step: 17/100
[2025-12-03 03:49:48,091][__main__][INFO] - Flow-matching step: 18/100
[2025-12-03 03:49:50,783][__main__][INFO] - Flow-matching step: 19/100
[2025-12-03 03:49:53,476][__main__][INFO] - Flow-matching step: 20/100
[2025-12-03 03:49:56,164][__main__][INFO] - Flow-matching step: 21/100
[2025-12-03 03:49:58,856][__main__][INFO] - Flow-matching step: 22/100
[2025-12-03 03:50:01,567][__main__][INFO] - Flow-matching step: 23/100
[2025-12-03 03:50:04,257][__main__][INFO] - Flow-matching step: 24/100
[2025-12-03 03:50:06,950][__main__][INFO] - Flow-matching step: 25/100
[2025-12-03 03:50:09,639][__main__][INFO] - Flow-matching step: 26/100
[2025-12-03 03:50:12,332][__main__][INFO] - Flow-matching step: 27/100
[2025-12-03 03:50:15,009][__main__][INFO] - Flow-matching step: 28/100
[2025-12-03 03:50:17,699][__main__][INFO] - Flow-matching step: 29/100
[2025-12-03 03:50:20,383][__main__][INFO] - Flow-matching step: 30/100
[2025-12-03 03:50:23,074][__main__][INFO] - Flow-matching step: 31/100
[2025-12-03 03:50:25,756][__main__][INFO] - Flow-matching step: 32/100
[2025-12-03 03:50:28,422][__main__][INFO] - Flow-matching step: 33/100
[2025-12-03 03:50:31,096][__main__][INFO] - Flow-matching step: 34/100
[2025-12-03 03:50:33,786][__main__][INFO] - Flow-matching step: 35/100
[2025-12-03 03:50:36,500][__main__][INFO] - Flow-matching step: 36/100
[2025-12-03 03:50:39,220][__main__][INFO] - Flow-matching step: 37/100
[2025-12-03 03:50:41,924][__main__][INFO] - Flow-matching step: 38/100
[2025-12-03 03:50:44,633][__main__][INFO] - Flow-matching step: 39/100
[2025-12-03 03:50:47,334][__main__][INFO] - Flow-matching step: 40/100
[2025-12-03 03:50:50,045][__main__][INFO] - Flow-matching step: 41/100
[2025-12-03 03:50:52,758][__main__][INFO] - Flow-matching step: 42/100
[2025-12-03 03:50:55,476][__main__][INFO] - Flow-matching step: 43/100
[2025-12-03 03:50:58,193][__main__][INFO] - Flow-matching step: 44/100
[2025-12-03 03:51:00,922][__main__][INFO] - Flow-matching step: 45/100
[2025-12-03 03:51:03,659][__main__][INFO] - Flow-matching step: 46/100
[2025-12-03 03:51:06,368][__main__][INFO] - Flow-matching step: 47/100
[2025-12-03 03:51:09,085][__main__][INFO] - Flow-matching step: 48/100
[2025-12-03 03:51:11,791][__main__][INFO] - Flow-matching step: 49/100
[2025-12-03 03:51:14,499][__main__][INFO] - Flow-matching step: 50/100
[2025-12-03 03:51:17,207][__main__][INFO] - Flow-matching step: 51/100
[2025-12-03 03:51:19,911][__main__][INFO] - Flow-matching step: 52/100
[2025-12-03 03:51:22,629][__main__][INFO] - Flow-matching step: 53/100
[2025-12-03 03:51:25,341][__main__][INFO] - Flow-matching step: 54/100
[2025-12-03 03:51:28,035][__main__][INFO] - Flow-matching step: 55/100
[2025-12-03 03:51:30,746][__main__][INFO] - Flow-matching step: 56/100
[2025-12-03 03:51:33,454][__main__][INFO] - Flow-matching step: 57/100
[2025-12-03 03:51:36,162][__main__][INFO] - Flow-matching step: 58/100
[2025-12-03 03:51:38,882][__main__][INFO] - Flow-matching step: 59/100
[2025-12-03 03:51:41,588][__main__][INFO] - Flow-matching step: 60/100
[2025-12-03 03:51:44,288][__main__][INFO] - Flow-matching step: 61/100
[2025-12-03 03:51:47,009][__main__][INFO] - Flow-matching step: 62/100
[2025-12-03 03:51:49,709][__main__][INFO] - Flow-matching step: 63/100
[2025-12-03 03:51:52,389][__main__][INFO] - Flow-matching step: 64/100
[2025-12-03 03:51:55,069][__main__][INFO] - Flow-matching step: 65/100
[2025-12-03 03:51:57,759][__main__][INFO] - Flow-matching step: 66/100
[2025-12-03 03:52:00,473][__main__][INFO] - Flow-matching step: 67/100
[2025-12-03 03:52:03,193][__main__][INFO] - Flow-matching step: 68/100
[2025-12-03 03:52:05,891][__main__][INFO] - Flow-matching step: 69/100
[2025-12-03 03:52:08,589][__main__][INFO] - Flow-matching step: 70/100
[2025-12-03 03:52:11,272][__main__][INFO] - Flow-matching step: 71/100
[2025-12-03 03:52:13,945][__main__][INFO] - Flow-matching step: 72/100
[2025-12-03 03:52:16,616][__main__][INFO] - Flow-matching step: 73/100
[2025-12-03 03:52:19,317][__main__][INFO] - Flow-matching step: 74/100
[2025-12-03 03:52:22,028][__main__][INFO] - Flow-matching step: 75/100
[2025-12-03 03:52:24,701][__main__][INFO] - Flow-matching step: 76/100
[2025-12-03 03:52:27,371][__main__][INFO] - Flow-matching step: 77/100
[2025-12-03 03:52:30,039][__main__][INFO] - Flow-matching step: 78/100
[2025-12-03 03:52:32,715][__main__][INFO] - Flow-matching step: 79/100
[2025-12-03 03:52:35,400][__main__][INFO] - Flow-matching step: 80/100
[2025-12-03 03:52:38,115][__main__][INFO] - Flow-matching step: 81/100
[2025-12-03 03:52:40,822][__main__][INFO] - Flow-matching step: 82/100
[2025-12-03 03:52:43,512][__main__][INFO] - Flow-matching step: 83/100
[2025-12-03 03:52:46,211][__main__][INFO] - Flow-matching step: 84/100
[2025-12-03 03:52:48,908][__main__][INFO] - Flow-matching step: 85/100
[2025-12-03 03:52:51,598][__main__][INFO] - Flow-matching step: 86/100
[2025-12-03 03:52:54,280][__main__][INFO] - Flow-matching step: 87/100
[2025-12-03 03:52:56,967][__main__][INFO] - Flow-matching step: 88/100
[2025-12-03 03:52:59,667][__main__][INFO] - Flow-matching step: 89/100
[2025-12-03 03:53:02,384][__main__][INFO] - Flow-matching step: 90/100
[2025-12-03 03:53:05,076][__main__][INFO] - Flow-matching step: 91/100
[2025-12-03 03:53:07,793][__main__][INFO] - Flow-matching step: 92/100
[2025-12-03 03:53:10,502][__main__][INFO] - Flow-matching step: 93/100
[2025-12-03 03:53:13,208][__main__][INFO] - Flow-matching step: 94/100
[2025-12-03 03:53:15,934][__main__][INFO] - Flow-matching step: 95/100
[2025-12-03 03:53:18,652][__main__][INFO] - Flow-matching step: 96/100
[2025-12-03 03:53:21,368][__main__][INFO] - Flow-matching step: 97/100
[2025-12-03 03:53:24,091][__main__][INFO] - Flow-matching step: 98/100
[2025-12-03 03:53:26,799][__main__][INFO] - Flow-matching step: 99/100
[2025-12-03 03:53:29,524][__main__][INFO] - Flow-matching step: 100/100
[2025-12-03 03:53:43,303][__main__][INFO] - Finished design in 4.69 minutes
[2025-12-03 03:53:43,341][__main__][INFO] - out_prefix_suffixed='/home/woodbuse/publication/metallohydrolase/github/Computational_Design_of_Metallohydrolases_PrivateGitHub/RFdiffusion2_Tutorial/outputs/rfdiffusion2_out/from_PDB_structure__ZN_PROTEASE/pdb_00001qji__theozyme_HEHH__lig_TSA_ORI_03_LENGTH_120_150__1_1-atomized-bb-False', conf.inference.guidepost_xyz_as_design_bb=False
[2025-12-03 03:53:43,596][__main__][INFO] - Idealizing atomized sidechains for pX0 of the last step...
[2025-12-03 03:53:45,164][__main__][INFO] - design : /home/woodbuse/publication/metallohydrolase/github/Computational_Design_of_Metallohydrolases_PrivateGitHub/RFdiffusion2_Tutorial/outputs/rfdiffusion2_out/from_PDB_structure__ZN_PROTEASE/pdb_00001qji__theozyme_HEHH__lig_TSA_ORI_03_LENGTH_120_150__1_1-atomized-bb-False.pdb
