[2025-12-03 02:28:13,945][rf_diffusion.config.config_format][INFO] - Translating obsolete key: extra_t1d -> ['extra_tXd']
[2025-12-03 02:28:13,946][rf_diffusion.config.config_format][INFO] - Translating obsolete key: extra_t1d_params -> ['extra_tXd_params']
[2025-12-03 02:28:17,199][__main__][INFO] - Making design 0 of 0:2: /home/woodbuse/publication/metallohydrolase/github/Computational_Design_of_Metallohydrolases_PrivateGitHub/RFdiffusion2_Tutorial/outputs/rfdiffusion2_out/from_PDB_structure__ZN_PROTEASE/pdb_00001qji__theozyme_HEHHY__lig_TSA_ORI_01_LENGTH_120_150__1_0
[2025-12-03 02:28:17,454][se3_flow_matching.data.so3_utils][INFO] - Data loaded from .cache/cache_igso3_s0.100-1.500-1000_l1000_o1000-3.npz
[2025-12-03 02:28:17,515][__main__][INFO] - Flow-matching step: 1/100
[2025-12-03 02:28:21,765][__main__][INFO] - Flow-matching step: 2/100
[2025-12-03 02:28:24,587][__main__][INFO] - Flow-matching step: 3/100
[2025-12-03 02:28:27,408][__main__][INFO] - Flow-matching step: 4/100
[2025-12-03 02:28:30,222][__main__][INFO] - Flow-matching step: 5/100
[2025-12-03 02:28:33,056][__main__][INFO] - Flow-matching step: 6/100
[2025-12-03 02:28:35,863][__main__][INFO] - Flow-matching step: 7/100
[2025-12-03 02:28:38,672][__main__][INFO] - Flow-matching step: 8/100
[2025-12-03 02:28:41,485][__main__][INFO] - Flow-matching step: 9/100
[2025-12-03 02:28:44,323][__main__][INFO] - Flow-matching step: 10/100
[2025-12-03 02:28:47,184][__main__][INFO] - Flow-matching step: 11/100
[2025-12-03 02:28:50,017][__main__][INFO] - Flow-matching step: 12/100
[2025-12-03 02:28:52,838][__main__][INFO] - Flow-matching step: 13/100
[2025-12-03 02:28:55,653][__main__][INFO] - Flow-matching step: 14/100
[2025-12-03 02:28:58,481][__main__][INFO] - Flow-matching step: 15/100
[2025-12-03 02:29:01,308][__main__][INFO] - Flow-matching step: 16/100
[2025-12-03 02:29:04,123][__main__][INFO] - Flow-matching step: 17/100
[2025-12-03 02:29:06,947][__main__][INFO] - Flow-matching step: 18/100
[2025-12-03 02:29:09,788][__main__][INFO] - Flow-matching step: 19/100
[2025-12-03 02:29:12,629][__main__][INFO] - Flow-matching step: 20/100
[2025-12-03 02:29:15,466][__main__][INFO] - Flow-matching step: 21/100
[2025-12-03 02:29:18,294][__main__][INFO] - Flow-matching step: 22/100
[2025-12-03 02:29:21,131][__main__][INFO] - Flow-matching step: 23/100
[2025-12-03 02:29:23,970][__main__][INFO] - Flow-matching step: 24/100
[2025-12-03 02:29:26,790][__main__][INFO] - Flow-matching step: 25/100
[2025-12-03 02:29:29,626][__main__][INFO] - Flow-matching step: 26/100
[2025-12-03 02:29:32,463][__main__][INFO] - Flow-matching step: 27/100
[2025-12-03 02:29:35,274][__main__][INFO] - Flow-matching step: 28/100
[2025-12-03 02:29:38,101][__main__][INFO] - Flow-matching step: 29/100
[2025-12-03 02:29:40,932][__main__][INFO] - Flow-matching step: 30/100
[2025-12-03 02:29:43,756][__main__][INFO] - Flow-matching step: 31/100
[2025-12-03 02:29:46,563][__main__][INFO] - Flow-matching step: 32/100
[2025-12-03 02:29:49,374][__main__][INFO] - Flow-matching step: 33/100
[2025-12-03 02:29:52,199][__main__][INFO] - Flow-matching step: 34/100
[2025-12-03 02:29:55,032][__main__][INFO] - Flow-matching step: 35/100
[2025-12-03 02:29:57,850][__main__][INFO] - Flow-matching step: 36/100
[2025-12-03 02:30:00,671][__main__][INFO] - Flow-matching step: 37/100
[2025-12-03 02:30:03,505][__main__][INFO] - Flow-matching step: 38/100
[2025-12-03 02:30:06,337][__main__][INFO] - Flow-matching step: 39/100
[2025-12-03 02:30:09,139][__main__][INFO] - Flow-matching step: 40/100
[2025-12-03 02:30:11,951][__main__][INFO] - Flow-matching step: 41/100
[2025-12-03 02:30:14,792][__main__][INFO] - Flow-matching step: 42/100
[2025-12-03 02:30:17,639][__main__][INFO] - Flow-matching step: 43/100
[2025-12-03 02:30:20,439][__main__][INFO] - Flow-matching step: 44/100
[2025-12-03 02:30:23,242][__main__][INFO] - Flow-matching step: 45/100
[2025-12-03 02:30:26,055][__main__][INFO] - Flow-matching step: 46/100
[2025-12-03 02:30:28,875][__main__][INFO] - Flow-matching step: 47/100
[2025-12-03 02:30:31,714][__main__][INFO] - Flow-matching step: 48/100
[2025-12-03 02:30:34,557][__main__][INFO] - Flow-matching step: 49/100
[2025-12-03 02:30:37,371][__main__][INFO] - Flow-matching step: 50/100
[2025-12-03 02:30:40,228][__main__][INFO] - Flow-matching step: 51/100
[2025-12-03 02:30:43,042][__main__][INFO] - Flow-matching step: 52/100
[2025-12-03 02:30:45,862][__main__][INFO] - Flow-matching step: 53/100
[2025-12-03 02:30:48,685][__main__][INFO] - Flow-matching step: 54/100
[2025-12-03 02:30:51,498][__main__][INFO] - Flow-matching step: 55/100
[2025-12-03 02:30:54,325][__main__][INFO] - Flow-matching step: 56/100
[2025-12-03 02:30:57,141][__main__][INFO] - Flow-matching step: 57/100
[2025-12-03 02:30:59,942][__main__][INFO] - Flow-matching step: 58/100
[2025-12-03 02:31:02,781][__main__][INFO] - Flow-matching step: 59/100
[2025-12-03 02:31:05,625][__main__][INFO] - Flow-matching step: 60/100
[2025-12-03 02:31:08,464][__main__][INFO] - Flow-matching step: 61/100
[2025-12-03 02:31:11,288][__main__][INFO] - Flow-matching step: 62/100
[2025-12-03 02:31:14,107][__main__][INFO] - Flow-matching step: 63/100
[2025-12-03 02:31:16,955][__main__][INFO] - Flow-matching step: 64/100
[2025-12-03 02:31:19,815][__main__][INFO] - Flow-matching step: 65/100
[2025-12-03 02:31:22,655][__main__][INFO] - Flow-matching step: 66/100
[2025-12-03 02:31:25,492][__main__][INFO] - Flow-matching step: 67/100
[2025-12-03 02:31:28,324][__main__][INFO] - Flow-matching step: 68/100
[2025-12-03 02:31:31,165][__main__][INFO] - Flow-matching step: 69/100
[2025-12-03 02:31:33,998][__main__][INFO] - Flow-matching step: 70/100
[2025-12-03 02:31:36,841][__main__][INFO] - Flow-matching step: 71/100
[2025-12-03 02:31:39,682][__main__][INFO] - Flow-matching step: 72/100
[2025-12-03 02:31:42,509][__main__][INFO] - Flow-matching step: 73/100
[2025-12-03 02:31:45,334][__main__][INFO] - Flow-matching step: 74/100
[2025-12-03 02:31:48,171][__main__][INFO] - Flow-matching step: 75/100
[2025-12-03 02:31:51,012][__main__][INFO] - Flow-matching step: 76/100
[2025-12-03 02:31:53,831][__main__][INFO] - Flow-matching step: 77/100
[2025-12-03 02:31:56,654][__main__][INFO] - Flow-matching step: 78/100
[2025-12-03 02:31:59,490][__main__][INFO] - Flow-matching step: 79/100
[2025-12-03 02:32:02,312][__main__][INFO] - Flow-matching step: 80/100
[2025-12-03 02:32:05,144][__main__][INFO] - Flow-matching step: 81/100
[2025-12-03 02:32:07,985][__main__][INFO] - Flow-matching step: 82/100
[2025-12-03 02:32:10,829][__main__][INFO] - Flow-matching step: 83/100
[2025-12-03 02:32:13,651][__main__][INFO] - Flow-matching step: 84/100
[2025-12-03 02:32:16,470][__main__][INFO] - Flow-matching step: 85/100
[2025-12-03 02:32:19,304][__main__][INFO] - Flow-matching step: 86/100
[2025-12-03 02:32:22,132][__main__][INFO] - Flow-matching step: 87/100
[2025-12-03 02:32:24,940][__main__][INFO] - Flow-matching step: 88/100
[2025-12-03 02:32:27,761][__main__][INFO] - Flow-matching step: 89/100
[2025-12-03 02:32:30,610][__main__][INFO] - Flow-matching step: 90/100
[2025-12-03 02:32:33,439][__main__][INFO] - Flow-matching step: 91/100
[2025-12-03 02:32:36,271][__main__][INFO] - Flow-matching step: 92/100
[2025-12-03 02:32:39,105][__main__][INFO] - Flow-matching step: 93/100
[2025-12-03 02:32:41,938][__main__][INFO] - Flow-matching step: 94/100
[2025-12-03 02:32:44,762][__main__][INFO] - Flow-matching step: 95/100
[2025-12-03 02:32:47,600][__main__][INFO] - Flow-matching step: 96/100
[2025-12-03 02:32:50,430][__main__][INFO] - Flow-matching step: 97/100
[2025-12-03 02:32:53,257][__main__][INFO] - Flow-matching step: 98/100
[2025-12-03 02:32:56,070][__main__][INFO] - Flow-matching step: 99/100
[2025-12-03 02:32:58,880][__main__][INFO] - Flow-matching step: 100/100
[2025-12-03 02:33:15,975][__main__][INFO] - Finished design in 4.98 minutes
[2025-12-03 02:33:16,012][__main__][INFO] - out_prefix_suffixed='/home/woodbuse/publication/metallohydrolase/github/Computational_Design_of_Metallohydrolases_PrivateGitHub/RFdiffusion2_Tutorial/outputs/rfdiffusion2_out/from_PDB_structure__ZN_PROTEASE/pdb_00001qji__theozyme_HEHHY__lig_TSA_ORI_01_LENGTH_120_150__1_0-atomized-bb-False', conf.inference.guidepost_xyz_as_design_bb=False
[2025-12-03 02:33:16,077][__main__][INFO] - Idealizing atomized sidechains for pX0 of the last step...
[2025-12-03 02:33:17,918][__main__][INFO] - design : /home/woodbuse/publication/metallohydrolase/github/Computational_Design_of_Metallohydrolases_PrivateGitHub/RFdiffusion2_Tutorial/outputs/rfdiffusion2_out/from_PDB_structure__ZN_PROTEASE/pdb_00001qji__theozyme_HEHHY__lig_TSA_ORI_01_LENGTH_120_150__1_0-atomized-bb-False.pdb
[2025-12-03 02:33:17,919][__main__][INFO] - Making design 1 of 0:2: /home/woodbuse/publication/metallohydrolase/github/Computational_Design_of_Metallohydrolases_PrivateGitHub/RFdiffusion2_Tutorial/outputs/rfdiffusion2_out/from_PDB_structure__ZN_PROTEASE/pdb_00001qji__theozyme_HEHHY__lig_TSA_ORI_01_LENGTH_120_150__1_1
[2025-12-03 02:33:18,148][__main__][INFO] - Flow-matching step: 1/100
[2025-12-03 02:33:20,691][__main__][INFO] - Flow-matching step: 2/100
[2025-12-03 02:33:23,261][__main__][INFO] - Flow-matching step: 3/100
[2025-12-03 02:33:25,820][__main__][INFO] - Flow-matching step: 4/100
[2025-12-03 02:33:28,385][__main__][INFO] - Flow-matching step: 5/100
[2025-12-03 02:33:30,949][__main__][INFO] - Flow-matching step: 6/100
[2025-12-03 02:33:33,512][__main__][INFO] - Flow-matching step: 7/100
[2025-12-03 02:33:36,105][__main__][INFO] - Flow-matching step: 8/100
[2025-12-03 02:33:38,680][__main__][INFO] - Flow-matching step: 9/100
[2025-12-03 02:33:41,249][__main__][INFO] - Flow-matching step: 10/100
[2025-12-03 02:33:43,823][__main__][INFO] - Flow-matching step: 11/100
[2025-12-03 02:33:46,388][__main__][INFO] - Flow-matching step: 12/100
[2025-12-03 02:33:48,970][__main__][INFO] - Flow-matching step: 13/100
[2025-12-03 02:33:51,552][__main__][INFO] - Flow-matching step: 14/100
[2025-12-03 02:33:54,117][__main__][INFO] - Flow-matching step: 15/100
[2025-12-03 02:33:56,678][__main__][INFO] - Flow-matching step: 16/100
[2025-12-03 02:33:59,243][__main__][INFO] - Flow-matching step: 17/100
[2025-12-03 02:34:01,824][__main__][INFO] - Flow-matching step: 18/100
[2025-12-03 02:34:04,379][__main__][INFO] - Flow-matching step: 19/100
[2025-12-03 02:34:06,933][__main__][INFO] - Flow-matching step: 20/100
[2025-12-03 02:34:09,485][__main__][INFO] - Flow-matching step: 21/100
[2025-12-03 02:34:12,038][__main__][INFO] - Flow-matching step: 22/100
[2025-12-03 02:34:14,594][__main__][INFO] - Flow-matching step: 23/100
[2025-12-03 02:34:17,163][__main__][INFO] - Flow-matching step: 24/100
[2025-12-03 02:34:19,739][__main__][INFO] - Flow-matching step: 25/100
[2025-12-03 02:34:22,302][__main__][INFO] - Flow-matching step: 26/100
[2025-12-03 02:34:24,866][__main__][INFO] - Flow-matching step: 27/100
[2025-12-03 02:34:27,426][__main__][INFO] - Flow-matching step: 28/100
[2025-12-03 02:34:29,992][__main__][INFO] - Flow-matching step: 29/100
[2025-12-03 02:34:32,558][__main__][INFO] - Flow-matching step: 30/100
[2025-12-03 02:34:35,104][__main__][INFO] - Flow-matching step: 31/100
[2025-12-03 02:34:37,672][__main__][INFO] - Flow-matching step: 32/100
[2025-12-03 02:34:40,232][__main__][INFO] - Flow-matching step: 33/100
[2025-12-03 02:34:42,788][__main__][INFO] - Flow-matching step: 34/100
[2025-12-03 02:34:45,344][__main__][INFO] - Flow-matching step: 35/100
[2025-12-03 02:34:47,908][__main__][INFO] - Flow-matching step: 36/100
[2025-12-03 02:34:50,469][__main__][INFO] - Flow-matching step: 37/100
[2025-12-03 02:34:53,058][__main__][INFO] - Flow-matching step: 38/100
[2025-12-03 02:34:55,640][__main__][INFO] - Flow-matching step: 39/100
[2025-12-03 02:34:58,194][__main__][INFO] - Flow-matching step: 40/100
[2025-12-03 02:35:00,760][__main__][INFO] - Flow-matching step: 41/100
[2025-12-03 02:35:03,324][__main__][INFO] - Flow-matching step: 42/100
[2025-12-03 02:35:05,875][__main__][INFO] - Flow-matching step: 43/100
[2025-12-03 02:35:08,426][__main__][INFO] - Flow-matching step: 44/100
[2025-12-03 02:35:10,986][__main__][INFO] - Flow-matching step: 45/100
[2025-12-03 02:35:13,538][__main__][INFO] - Flow-matching step: 46/100
[2025-12-03 02:35:16,088][__main__][INFO] - Flow-matching step: 47/100
[2025-12-03 02:35:18,636][__main__][INFO] - Flow-matching step: 48/100
[2025-12-03 02:35:21,198][__main__][INFO] - Flow-matching step: 49/100
[2025-12-03 02:35:23,758][__main__][INFO] - Flow-matching step: 50/100
[2025-12-03 02:35:26,339][__main__][INFO] - Flow-matching step: 51/100
[2025-12-03 02:35:28,912][__main__][INFO] - Flow-matching step: 52/100
[2025-12-03 02:35:31,487][__main__][INFO] - Flow-matching step: 53/100
[2025-12-03 02:35:34,061][__main__][INFO] - Flow-matching step: 54/100
[2025-12-03 02:35:36,627][__main__][INFO] - Flow-matching step: 55/100
[2025-12-03 02:35:39,190][__main__][INFO] - Flow-matching step: 56/100
[2025-12-03 02:35:41,782][__main__][INFO] - Flow-matching step: 57/100
[2025-12-03 02:35:44,357][__main__][INFO] - Flow-matching step: 58/100
[2025-12-03 02:35:46,938][__main__][INFO] - Flow-matching step: 59/100
[2025-12-03 02:35:49,521][__main__][INFO] - Flow-matching step: 60/100
[2025-12-03 02:35:52,088][__main__][INFO] - Flow-matching step: 61/100
[2025-12-03 02:35:54,684][__main__][INFO] - Flow-matching step: 62/100
[2025-12-03 02:35:57,266][__main__][INFO] - Flow-matching step: 63/100
[2025-12-03 02:35:59,844][__main__][INFO] - Flow-matching step: 64/100
[2025-12-03 02:36:02,419][__main__][INFO] - Flow-matching step: 65/100
[2025-12-03 02:36:04,976][__main__][INFO] - Flow-matching step: 66/100
[2025-12-03 02:36:07,531][__main__][INFO] - Flow-matching step: 67/100
[2025-12-03 02:36:10,097][__main__][INFO] - Flow-matching step: 68/100
[2025-12-03 02:36:12,654][__main__][INFO] - Flow-matching step: 69/100
[2025-12-03 02:36:15,226][__main__][INFO] - Flow-matching step: 70/100
[2025-12-03 02:36:17,797][__main__][INFO] - Flow-matching step: 71/100
[2025-12-03 02:36:20,360][__main__][INFO] - Flow-matching step: 72/100
[2025-12-03 02:36:22,929][__main__][INFO] - Flow-matching step: 73/100
[2025-12-03 02:36:25,503][__main__][INFO] - Flow-matching step: 74/100
[2025-12-03 02:36:28,071][__main__][INFO] - Flow-matching step: 75/100
[2025-12-03 02:36:30,644][__main__][INFO] - Flow-matching step: 76/100
[2025-12-03 02:36:33,215][__main__][INFO] - Flow-matching step: 77/100
[2025-12-03 02:36:35,783][__main__][INFO] - Flow-matching step: 78/100
[2025-12-03 02:36:38,337][__main__][INFO] - Flow-matching step: 79/100
[2025-12-03 02:36:40,894][__main__][INFO] - Flow-matching step: 80/100
[2025-12-03 02:36:43,456][__main__][INFO] - Flow-matching step: 81/100
[2025-12-03 02:36:46,019][__main__][INFO] - Flow-matching step: 82/100
[2025-12-03 02:36:48,590][__main__][INFO] - Flow-matching step: 83/100
[2025-12-03 02:36:51,146][__main__][INFO] - Flow-matching step: 84/100
[2025-12-03 02:36:53,700][__main__][INFO] - Flow-matching step: 85/100
[2025-12-03 02:36:56,266][__main__][INFO] - Flow-matching step: 86/100
[2025-12-03 02:36:58,840][__main__][INFO] - Flow-matching step: 87/100
[2025-12-03 02:37:01,412][__main__][INFO] - Flow-matching step: 88/100
[2025-12-03 02:37:03,965][__main__][INFO] - Flow-matching step: 89/100
[2025-12-03 02:37:06,526][__main__][INFO] - Flow-matching step: 90/100
[2025-12-03 02:37:09,092][__main__][INFO] - Flow-matching step: 91/100
[2025-12-03 02:37:11,652][__main__][INFO] - Flow-matching step: 92/100
[2025-12-03 02:37:14,230][__main__][INFO] - Flow-matching step: 93/100
[2025-12-03 02:37:16,812][__main__][INFO] - Flow-matching step: 94/100
[2025-12-03 02:37:19,386][__main__][INFO] - Flow-matching step: 95/100
[2025-12-03 02:37:21,960][__main__][INFO] - Flow-matching step: 96/100
[2025-12-03 02:37:24,548][__main__][INFO] - Flow-matching step: 97/100
[2025-12-03 02:37:27,122][__main__][INFO] - Flow-matching step: 98/100
[2025-12-03 02:37:29,686][__main__][INFO] - Flow-matching step: 99/100
[2025-12-03 02:37:32,258][__main__][INFO] - Flow-matching step: 100/100
[2025-12-03 02:37:48,720][__main__][INFO] - Finished design in 4.51 minutes
[2025-12-03 02:37:48,759][__main__][INFO] - out_prefix_suffixed='/home/woodbuse/publication/metallohydrolase/github/Computational_Design_of_Metallohydrolases_PrivateGitHub/RFdiffusion2_Tutorial/outputs/rfdiffusion2_out/from_PDB_structure__ZN_PROTEASE/pdb_00001qji__theozyme_HEHHY__lig_TSA_ORI_01_LENGTH_120_150__1_1-atomized-bb-False', conf.inference.guidepost_xyz_as_design_bb=False
[2025-12-03 02:37:48,810][__main__][INFO] - Idealizing atomized sidechains for pX0 of the last step...
[2025-12-03 02:37:50,264][__main__][INFO] - design : /home/woodbuse/publication/metallohydrolase/github/Computational_Design_of_Metallohydrolases_PrivateGitHub/RFdiffusion2_Tutorial/outputs/rfdiffusion2_out/from_PDB_structure__ZN_PROTEASE/pdb_00001qji__theozyme_HEHHY__lig_TSA_ORI_01_LENGTH_120_150__1_1-atomized-bb-False.pdb
