[2025-12-03 03:02:31,731][rf_diffusion.config.config_format][INFO] - Translating obsolete key: extra_t1d -> ['extra_tXd']
[2025-12-03 03:02:31,732][rf_diffusion.config.config_format][INFO] - Translating obsolete key: extra_t1d_params -> ['extra_tXd_params']
[2025-12-03 03:02:35,598][__main__][INFO] - Making design 0 of 0:2: /home/woodbuse/publication/metallohydrolase/github/Computational_Design_of_Metallohydrolases_PrivateGitHub/RFdiffusion2_Tutorial/outputs/rfdiffusion2_out/from_quantum_chemistry__ZN_ESTERASE/ZETA_2__theozyme_optTS_geom_HHHE__lig_SZD_artificialBB_ORI_07_LENGTH_140_170__1_0
[2025-12-03 03:02:35,878][se3_flow_matching.data.so3_utils][INFO] - Data loaded from .cache/cache_igso3_s0.100-1.500-1000_l1000_o1000-3.npz
[2025-12-03 03:02:35,954][__main__][INFO] - Flow-matching step: 1/100
[2025-12-03 03:02:40,211][__main__][INFO] - Flow-matching step: 2/100
[2025-12-03 03:02:42,993][__main__][INFO] - Flow-matching step: 3/100
[2025-12-03 03:02:45,777][__main__][INFO] - Flow-matching step: 4/100
[2025-12-03 03:02:48,548][__main__][INFO] - Flow-matching step: 5/100
[2025-12-03 03:02:51,328][__main__][INFO] - Flow-matching step: 6/100
[2025-12-03 03:02:54,116][__main__][INFO] - Flow-matching step: 7/100
[2025-12-03 03:02:56,881][__main__][INFO] - Flow-matching step: 8/100
[2025-12-03 03:02:59,666][__main__][INFO] - Flow-matching step: 9/100
[2025-12-03 03:03:02,445][__main__][INFO] - Flow-matching step: 10/100
[2025-12-03 03:03:05,227][__main__][INFO] - Flow-matching step: 11/100
[2025-12-03 03:03:08,003][__main__][INFO] - Flow-matching step: 12/100
[2025-12-03 03:03:10,782][__main__][INFO] - Flow-matching step: 13/100
[2025-12-03 03:03:13,561][__main__][INFO] - Flow-matching step: 14/100
[2025-12-03 03:03:16,342][__main__][INFO] - Flow-matching step: 15/100
[2025-12-03 03:03:19,130][__main__][INFO] - Flow-matching step: 16/100
[2025-12-03 03:03:21,928][__main__][INFO] - Flow-matching step: 17/100
[2025-12-03 03:03:24,753][__main__][INFO] - Flow-matching step: 18/100
[2025-12-03 03:03:27,573][__main__][INFO] - Flow-matching step: 19/100
[2025-12-03 03:03:30,391][__main__][INFO] - Flow-matching step: 20/100
[2025-12-03 03:03:33,219][__main__][INFO] - Flow-matching step: 21/100
[2025-12-03 03:03:36,048][__main__][INFO] - Flow-matching step: 22/100
[2025-12-03 03:03:38,880][__main__][INFO] - Flow-matching step: 23/100
[2025-12-03 03:03:41,734][__main__][INFO] - Flow-matching step: 24/100
[2025-12-03 03:03:44,588][__main__][INFO] - Flow-matching step: 25/100
[2025-12-03 03:03:47,440][__main__][INFO] - Flow-matching step: 26/100
[2025-12-03 03:03:50,280][__main__][INFO] - Flow-matching step: 27/100
[2025-12-03 03:03:53,128][__main__][INFO] - Flow-matching step: 28/100
[2025-12-03 03:03:55,968][__main__][INFO] - Flow-matching step: 29/100
[2025-12-03 03:03:58,805][__main__][INFO] - Flow-matching step: 30/100
[2025-12-03 03:04:01,628][__main__][INFO] - Flow-matching step: 31/100
[2025-12-03 03:04:04,479][__main__][INFO] - Flow-matching step: 32/100
[2025-12-03 03:04:07,324][__main__][INFO] - Flow-matching step: 33/100
[2025-12-03 03:04:10,195][__main__][INFO] - Flow-matching step: 34/100
[2025-12-03 03:04:13,067][__main__][INFO] - Flow-matching step: 35/100
[2025-12-03 03:04:15,939][__main__][INFO] - Flow-matching step: 36/100
[2025-12-03 03:04:18,794][__main__][INFO] - Flow-matching step: 37/100
[2025-12-03 03:04:21,649][__main__][INFO] - Flow-matching step: 38/100
[2025-12-03 03:04:24,516][__main__][INFO] - Flow-matching step: 39/100
[2025-12-03 03:04:27,360][__main__][INFO] - Flow-matching step: 40/100
[2025-12-03 03:04:30,208][__main__][INFO] - Flow-matching step: 41/100
[2025-12-03 03:04:33,078][__main__][INFO] - Flow-matching step: 42/100
[2025-12-03 03:04:35,929][__main__][INFO] - Flow-matching step: 43/100
[2025-12-03 03:04:38,781][__main__][INFO] - Flow-matching step: 44/100
[2025-12-03 03:04:41,627][__main__][INFO] - Flow-matching step: 45/100
[2025-12-03 03:04:44,469][__main__][INFO] - Flow-matching step: 46/100
[2025-12-03 03:04:47,313][__main__][INFO] - Flow-matching step: 47/100
[2025-12-03 03:04:50,160][__main__][INFO] - Flow-matching step: 48/100
[2025-12-03 03:04:52,981][__main__][INFO] - Flow-matching step: 49/100
[2025-12-03 03:04:55,804][__main__][INFO] - Flow-matching step: 50/100
[2025-12-03 03:04:58,646][__main__][INFO] - Flow-matching step: 51/100
[2025-12-03 03:05:01,455][__main__][INFO] - Flow-matching step: 52/100
[2025-12-03 03:05:04,289][__main__][INFO] - Flow-matching step: 53/100
[2025-12-03 03:05:07,125][__main__][INFO] - Flow-matching step: 54/100
[2025-12-03 03:05:09,950][__main__][INFO] - Flow-matching step: 55/100
[2025-12-03 03:05:12,767][__main__][INFO] - Flow-matching step: 56/100
[2025-12-03 03:05:15,581][__main__][INFO] - Flow-matching step: 57/100
[2025-12-03 03:05:18,391][__main__][INFO] - Flow-matching step: 58/100
[2025-12-03 03:05:21,201][__main__][INFO] - Flow-matching step: 59/100
[2025-12-03 03:05:24,030][__main__][INFO] - Flow-matching step: 60/100
[2025-12-03 03:05:26,821][__main__][INFO] - Flow-matching step: 61/100
[2025-12-03 03:05:29,622][__main__][INFO] - Flow-matching step: 62/100
[2025-12-03 03:05:32,431][__main__][INFO] - Flow-matching step: 63/100
[2025-12-03 03:05:35,234][__main__][INFO] - Flow-matching step: 64/100
[2025-12-03 03:05:38,045][__main__][INFO] - Flow-matching step: 65/100
[2025-12-03 03:05:40,859][__main__][INFO] - Flow-matching step: 66/100
[2025-12-03 03:05:43,670][__main__][INFO] - Flow-matching step: 67/100
[2025-12-03 03:05:46,494][__main__][INFO] - Flow-matching step: 68/100
[2025-12-03 03:05:49,331][__main__][INFO] - Flow-matching step: 69/100
[2025-12-03 03:05:52,164][__main__][INFO] - Flow-matching step: 70/100
[2025-12-03 03:05:55,011][__main__][INFO] - Flow-matching step: 71/100
[2025-12-03 03:05:57,851][__main__][INFO] - Flow-matching step: 72/100
[2025-12-03 03:06:00,718][__main__][INFO] - Flow-matching step: 73/100
[2025-12-03 03:06:03,584][__main__][INFO] - Flow-matching step: 74/100
[2025-12-03 03:06:06,445][__main__][INFO] - Flow-matching step: 75/100
[2025-12-03 03:06:09,282][__main__][INFO] - Flow-matching step: 76/100
[2025-12-03 03:06:12,121][__main__][INFO] - Flow-matching step: 77/100
[2025-12-03 03:06:14,959][__main__][INFO] - Flow-matching step: 78/100
[2025-12-03 03:06:17,796][__main__][INFO] - Flow-matching step: 79/100
[2025-12-03 03:06:20,630][__main__][INFO] - Flow-matching step: 80/100
[2025-12-03 03:06:23,472][__main__][INFO] - Flow-matching step: 81/100
[2025-12-03 03:06:26,302][__main__][INFO] - Flow-matching step: 82/100
[2025-12-03 03:06:29,147][__main__][INFO] - Flow-matching step: 83/100
[2025-12-03 03:06:31,994][__main__][INFO] - Flow-matching step: 84/100
[2025-12-03 03:06:34,850][__main__][INFO] - Flow-matching step: 85/100
[2025-12-03 03:06:37,707][__main__][INFO] - Flow-matching step: 86/100
[2025-12-03 03:06:40,578][__main__][INFO] - Flow-matching step: 87/100
[2025-12-03 03:06:43,445][__main__][INFO] - Flow-matching step: 88/100
[2025-12-03 03:06:46,302][__main__][INFO] - Flow-matching step: 89/100
[2025-12-03 03:06:49,147][__main__][INFO] - Flow-matching step: 90/100
[2025-12-03 03:06:51,984][__main__][INFO] - Flow-matching step: 91/100
[2025-12-03 03:06:54,831][__main__][INFO] - Flow-matching step: 92/100
[2025-12-03 03:06:57,648][__main__][INFO] - Flow-matching step: 93/100
[2025-12-03 03:07:00,480][__main__][INFO] - Flow-matching step: 94/100
[2025-12-03 03:07:03,311][__main__][INFO] - Flow-matching step: 95/100
[2025-12-03 03:07:06,159][__main__][INFO] - Flow-matching step: 96/100
[2025-12-03 03:07:08,968][__main__][INFO] - Flow-matching step: 97/100
[2025-12-03 03:07:11,790][__main__][INFO] - Flow-matching step: 98/100
[2025-12-03 03:07:14,607][__main__][INFO] - Flow-matching step: 99/100
[2025-12-03 03:07:17,421][__main__][INFO] - Flow-matching step: 100/100
[2025-12-03 03:07:29,944][__main__][INFO] - Finished design in 4.91 minutes
[2025-12-03 03:07:29,985][__main__][INFO] - out_prefix_suffixed='/home/woodbuse/publication/metallohydrolase/github/Computational_Design_of_Metallohydrolases_PrivateGitHub/RFdiffusion2_Tutorial/outputs/rfdiffusion2_out/from_quantum_chemistry__ZN_ESTERASE/ZETA_2__theozyme_optTS_geom_HHHE__lig_SZD_artificialBB_ORI_07_LENGTH_140_170__1_0-atomized-bb-False', conf.inference.guidepost_xyz_as_design_bb=False
[2025-12-03 03:07:30,061][__main__][INFO] - Idealizing atomized sidechains for pX0 of the last step...
[2025-12-03 03:07:32,192][__main__][INFO] - design : /home/woodbuse/publication/metallohydrolase/github/Computational_Design_of_Metallohydrolases_PrivateGitHub/RFdiffusion2_Tutorial/outputs/rfdiffusion2_out/from_quantum_chemistry__ZN_ESTERASE/ZETA_2__theozyme_optTS_geom_HHHE__lig_SZD_artificialBB_ORI_07_LENGTH_140_170__1_0-atomized-bb-False.pdb
[2025-12-03 03:07:32,193][__main__][INFO] - Making design 1 of 0:2: /home/woodbuse/publication/metallohydrolase/github/Computational_Design_of_Metallohydrolases_PrivateGitHub/RFdiffusion2_Tutorial/outputs/rfdiffusion2_out/from_quantum_chemistry__ZN_ESTERASE/ZETA_2__theozyme_optTS_geom_HHHE__lig_SZD_artificialBB_ORI_07_LENGTH_140_170__1_1
[2025-12-03 03:07:32,488][__main__][INFO] - Flow-matching step: 1/100
[2025-12-03 03:07:35,270][__main__][INFO] - Flow-matching step: 2/100
[2025-12-03 03:07:38,067][__main__][INFO] - Flow-matching step: 3/100
[2025-12-03 03:07:40,841][__main__][INFO] - Flow-matching step: 4/100
[2025-12-03 03:07:43,636][__main__][INFO] - Flow-matching step: 5/100
[2025-12-03 03:07:46,429][__main__][INFO] - Flow-matching step: 6/100
[2025-12-03 03:07:49,222][__main__][INFO] - Flow-matching step: 7/100
[2025-12-03 03:07:52,028][__main__][INFO] - Flow-matching step: 8/100
[2025-12-03 03:07:54,810][__main__][INFO] - Flow-matching step: 9/100
[2025-12-03 03:07:57,612][__main__][INFO] - Flow-matching step: 10/100
[2025-12-03 03:08:00,402][__main__][INFO] - Flow-matching step: 11/100
[2025-12-03 03:08:03,202][__main__][INFO] - Flow-matching step: 12/100
[2025-12-03 03:08:06,032][__main__][INFO] - Flow-matching step: 13/100
[2025-12-03 03:08:08,863][__main__][INFO] - Flow-matching step: 14/100
[2025-12-03 03:08:11,692][__main__][INFO] - Flow-matching step: 15/100
[2025-12-03 03:08:14,512][__main__][INFO] - Flow-matching step: 16/100
[2025-12-03 03:08:17,348][__main__][INFO] - Flow-matching step: 17/100
[2025-12-03 03:08:20,185][__main__][INFO] - Flow-matching step: 18/100
[2025-12-03 03:08:23,042][__main__][INFO] - Flow-matching step: 19/100
[2025-12-03 03:08:25,878][__main__][INFO] - Flow-matching step: 20/100
[2025-12-03 03:08:28,727][__main__][INFO] - Flow-matching step: 21/100
[2025-12-03 03:08:31,579][__main__][INFO] - Flow-matching step: 22/100
[2025-12-03 03:08:34,417][__main__][INFO] - Flow-matching step: 23/100
[2025-12-03 03:08:37,241][__main__][INFO] - Flow-matching step: 24/100
[2025-12-03 03:08:40,078][__main__][INFO] - Flow-matching step: 25/100
[2025-12-03 03:08:42,913][__main__][INFO] - Flow-matching step: 26/100
[2025-12-03 03:08:45,764][__main__][INFO] - Flow-matching step: 27/100
[2025-12-03 03:08:48,612][__main__][INFO] - Flow-matching step: 28/100
[2025-12-03 03:08:51,451][__main__][INFO] - Flow-matching step: 29/100
[2025-12-03 03:08:54,293][__main__][INFO] - Flow-matching step: 30/100
[2025-12-03 03:08:57,130][__main__][INFO] - Flow-matching step: 31/100
[2025-12-03 03:08:59,971][__main__][INFO] - Flow-matching step: 32/100
[2025-12-03 03:09:02,804][__main__][INFO] - Flow-matching step: 33/100
[2025-12-03 03:09:05,659][__main__][INFO] - Flow-matching step: 34/100
[2025-12-03 03:09:08,506][__main__][INFO] - Flow-matching step: 35/100
[2025-12-03 03:09:11,365][__main__][INFO] - Flow-matching step: 36/100
[2025-12-03 03:09:14,208][__main__][INFO] - Flow-matching step: 37/100
[2025-12-03 03:09:17,050][__main__][INFO] - Flow-matching step: 38/100
[2025-12-03 03:09:19,890][__main__][INFO] - Flow-matching step: 39/100
[2025-12-03 03:09:22,717][__main__][INFO] - Flow-matching step: 40/100
[2025-12-03 03:09:25,546][__main__][INFO] - Flow-matching step: 41/100
[2025-12-03 03:09:28,360][__main__][INFO] - Flow-matching step: 42/100
[2025-12-03 03:09:31,191][__main__][INFO] - Flow-matching step: 43/100
[2025-12-03 03:09:34,011][__main__][INFO] - Flow-matching step: 44/100
[2025-12-03 03:09:36,832][__main__][INFO] - Flow-matching step: 45/100
[2025-12-03 03:09:39,638][__main__][INFO] - Flow-matching step: 46/100
[2025-12-03 03:09:42,447][__main__][INFO] - Flow-matching step: 47/100
[2025-12-03 03:09:45,244][__main__][INFO] - Flow-matching step: 48/100
[2025-12-03 03:09:48,050][__main__][INFO] - Flow-matching step: 49/100
[2025-12-03 03:09:50,851][__main__][INFO] - Flow-matching step: 50/100
[2025-12-03 03:09:53,666][__main__][INFO] - Flow-matching step: 51/100
[2025-12-03 03:09:56,492][__main__][INFO] - Flow-matching step: 52/100
[2025-12-03 03:09:59,298][__main__][INFO] - Flow-matching step: 53/100
[2025-12-03 03:10:02,125][__main__][INFO] - Flow-matching step: 54/100
[2025-12-03 03:10:04,961][__main__][INFO] - Flow-matching step: 55/100
[2025-12-03 03:10:07,778][__main__][INFO] - Flow-matching step: 56/100
[2025-12-03 03:10:10,590][__main__][INFO] - Flow-matching step: 57/100
[2025-12-03 03:10:13,413][__main__][INFO] - Flow-matching step: 58/100
[2025-12-03 03:10:16,245][__main__][INFO] - Flow-matching step: 59/100
[2025-12-03 03:10:19,082][__main__][INFO] - Flow-matching step: 60/100
[2025-12-03 03:10:21,919][__main__][INFO] - Flow-matching step: 61/100
[2025-12-03 03:10:24,750][__main__][INFO] - Flow-matching step: 62/100
[2025-12-03 03:10:27,602][__main__][INFO] - Flow-matching step: 63/100
[2025-12-03 03:10:30,444][__main__][INFO] - Flow-matching step: 64/100
[2025-12-03 03:10:33,273][__main__][INFO] - Flow-matching step: 65/100
[2025-12-03 03:10:36,135][__main__][INFO] - Flow-matching step: 66/100
[2025-12-03 03:10:39,002][__main__][INFO] - Flow-matching step: 67/100
[2025-12-03 03:10:41,855][__main__][INFO] - Flow-matching step: 68/100
[2025-12-03 03:10:44,696][__main__][INFO] - Flow-matching step: 69/100
[2025-12-03 03:10:47,540][__main__][INFO] - Flow-matching step: 70/100
[2025-12-03 03:10:50,376][__main__][INFO] - Flow-matching step: 71/100
[2025-12-03 03:10:53,208][__main__][INFO] - Flow-matching step: 72/100
[2025-12-03 03:10:56,045][__main__][INFO] - Flow-matching step: 73/100
[2025-12-03 03:10:58,899][__main__][INFO] - Flow-matching step: 74/100
[2025-12-03 03:11:01,760][__main__][INFO] - Flow-matching step: 75/100
[2025-12-03 03:11:04,615][__main__][INFO] - Flow-matching step: 76/100
[2025-12-03 03:11:07,462][__main__][INFO] - Flow-matching step: 77/100
[2025-12-03 03:11:10,301][__main__][INFO] - Flow-matching step: 78/100
[2025-12-03 03:11:13,139][__main__][INFO] - Flow-matching step: 79/100
[2025-12-03 03:11:15,986][__main__][INFO] - Flow-matching step: 80/100
[2025-12-03 03:11:18,833][__main__][INFO] - Flow-matching step: 81/100
[2025-12-03 03:11:21,676][__main__][INFO] - Flow-matching step: 82/100
[2025-12-03 03:11:24,520][__main__][INFO] - Flow-matching step: 83/100
[2025-12-03 03:11:27,361][__main__][INFO] - Flow-matching step: 84/100
[2025-12-03 03:11:30,199][__main__][INFO] - Flow-matching step: 85/100
[2025-12-03 03:11:33,026][__main__][INFO] - Flow-matching step: 86/100
[2025-12-03 03:11:35,868][__main__][INFO] - Flow-matching step: 87/100
[2025-12-03 03:11:38,708][__main__][INFO] - Flow-matching step: 88/100
[2025-12-03 03:11:41,563][__main__][INFO] - Flow-matching step: 89/100
[2025-12-03 03:11:44,400][__main__][INFO] - Flow-matching step: 90/100
[2025-12-03 03:11:47,227][__main__][INFO] - Flow-matching step: 91/100
[2025-12-03 03:11:50,052][__main__][INFO] - Flow-matching step: 92/100
[2025-12-03 03:11:52,860][__main__][INFO] - Flow-matching step: 93/100
[2025-12-03 03:11:55,669][__main__][INFO] - Flow-matching step: 94/100
[2025-12-03 03:11:58,482][__main__][INFO] - Flow-matching step: 95/100
[2025-12-03 03:12:01,302][__main__][INFO] - Flow-matching step: 96/100
[2025-12-03 03:12:04,142][__main__][INFO] - Flow-matching step: 97/100
[2025-12-03 03:12:06,959][__main__][INFO] - Flow-matching step: 98/100
[2025-12-03 03:12:09,760][__main__][INFO] - Flow-matching step: 99/100
[2025-12-03 03:12:12,563][__main__][INFO] - Flow-matching step: 100/100
[2025-12-03 03:12:24,851][__main__][INFO] - Finished design in 4.88 minutes
[2025-12-03 03:12:24,894][__main__][INFO] - out_prefix_suffixed='/home/woodbuse/publication/metallohydrolase/github/Computational_Design_of_Metallohydrolases_PrivateGitHub/RFdiffusion2_Tutorial/outputs/rfdiffusion2_out/from_quantum_chemistry__ZN_ESTERASE/ZETA_2__theozyme_optTS_geom_HHHE__lig_SZD_artificialBB_ORI_07_LENGTH_140_170__1_1-atomized-bb-False', conf.inference.guidepost_xyz_as_design_bb=False
[2025-12-03 03:12:25,210][__main__][INFO] - Idealizing atomized sidechains for pX0 of the last step...
[2025-12-03 03:12:26,990][__main__][INFO] - design : /home/woodbuse/publication/metallohydrolase/github/Computational_Design_of_Metallohydrolases_PrivateGitHub/RFdiffusion2_Tutorial/outputs/rfdiffusion2_out/from_quantum_chemistry__ZN_ESTERASE/ZETA_2__theozyme_optTS_geom_HHHE__lig_SZD_artificialBB_ORI_07_LENGTH_140_170__1_1-atomized-bb-False.pdb
