[2025-12-03 02:02:42,125][rf_diffusion.config.config_format][INFO] - Translating obsolete key: extra_t1d_params -> ['extra_tXd_params']
[2025-12-03 02:02:42,126][rf_diffusion.config.config_format][INFO] - Translating obsolete key: extra_t1d -> ['extra_tXd']
[2025-12-03 02:02:46,047][__main__][INFO] - Making design 0 of 0:2: /home/woodbuse/publication/metallohydrolase/github/Computational_Design_of_Metallohydrolases_PrivateGitHub/RFdiffusion2_Tutorial/outputs/rfdiffusion2_out/from_quantum_chemistry__ZN_ESTERASE/ZETA_2__theozyme_optTS_geom_HHHE__lig_SZD_artificialBB_ORI_01_LENGTH_140_170__1_0
[2025-12-03 02:02:46,335][se3_flow_matching.data.so3_utils][INFO] - Data loaded from .cache/cache_igso3_s0.100-1.500-1000_l1000_o1000-3.npz
[2025-12-03 02:02:46,413][__main__][INFO] - Flow-matching step: 1/100
[2025-12-03 02:02:50,879][__main__][INFO] - Flow-matching step: 2/100
[2025-12-03 02:02:53,679][__main__][INFO] - Flow-matching step: 3/100
[2025-12-03 02:02:56,504][__main__][INFO] - Flow-matching step: 4/100
[2025-12-03 02:02:59,342][__main__][INFO] - Flow-matching step: 5/100
[2025-12-03 02:03:02,189][__main__][INFO] - Flow-matching step: 6/100
[2025-12-03 02:03:05,050][__main__][INFO] - Flow-matching step: 7/100
[2025-12-03 02:03:07,929][__main__][INFO] - Flow-matching step: 8/100
[2025-12-03 02:03:10,811][__main__][INFO] - Flow-matching step: 9/100
[2025-12-03 02:03:13,708][__main__][INFO] - Flow-matching step: 10/100
[2025-12-03 02:03:16,604][__main__][INFO] - Flow-matching step: 11/100
[2025-12-03 02:03:19,510][__main__][INFO] - Flow-matching step: 12/100
[2025-12-03 02:03:22,413][__main__][INFO] - Flow-matching step: 13/100
[2025-12-03 02:03:25,319][__main__][INFO] - Flow-matching step: 14/100
[2025-12-03 02:03:28,222][__main__][INFO] - Flow-matching step: 15/100
[2025-12-03 02:03:31,111][__main__][INFO] - Flow-matching step: 16/100
[2025-12-03 02:03:34,005][__main__][INFO] - Flow-matching step: 17/100
[2025-12-03 02:03:36,897][__main__][INFO] - Flow-matching step: 18/100
[2025-12-03 02:03:39,785][__main__][INFO] - Flow-matching step: 19/100
[2025-12-03 02:03:42,678][__main__][INFO] - Flow-matching step: 20/100
[2025-12-03 02:03:45,576][__main__][INFO] - Flow-matching step: 21/100
[2025-12-03 02:03:48,483][__main__][INFO] - Flow-matching step: 22/100
[2025-12-03 02:03:51,399][__main__][INFO] - Flow-matching step: 23/100
[2025-12-03 02:03:54,303][__main__][INFO] - Flow-matching step: 24/100
[2025-12-03 02:03:57,206][__main__][INFO] - Flow-matching step: 25/100
[2025-12-03 02:04:00,131][__main__][INFO] - Flow-matching step: 26/100
[2025-12-03 02:04:03,058][__main__][INFO] - Flow-matching step: 27/100
[2025-12-03 02:04:06,001][__main__][INFO] - Flow-matching step: 28/100
[2025-12-03 02:04:08,943][__main__][INFO] - Flow-matching step: 29/100
[2025-12-03 02:04:11,887][__main__][INFO] - Flow-matching step: 30/100
[2025-12-03 02:04:14,831][__main__][INFO] - Flow-matching step: 31/100
[2025-12-03 02:04:17,782][__main__][INFO] - Flow-matching step: 32/100
[2025-12-03 02:04:20,721][__main__][INFO] - Flow-matching step: 33/100
[2025-12-03 02:04:23,639][__main__][INFO] - Flow-matching step: 34/100
[2025-12-03 02:04:26,550][__main__][INFO] - Flow-matching step: 35/100
[2025-12-03 02:04:29,452][__main__][INFO] - Flow-matching step: 36/100
[2025-12-03 02:04:32,354][__main__][INFO] - Flow-matching step: 37/100
[2025-12-03 02:04:35,258][__main__][INFO] - Flow-matching step: 38/100
[2025-12-03 02:04:38,164][__main__][INFO] - Flow-matching step: 39/100
[2025-12-03 02:04:41,066][__main__][INFO] - Flow-matching step: 40/100
[2025-12-03 02:04:43,976][__main__][INFO] - Flow-matching step: 41/100
[2025-12-03 02:04:46,873][__main__][INFO] - Flow-matching step: 42/100
[2025-12-03 02:04:49,769][__main__][INFO] - Flow-matching step: 43/100
[2025-12-03 02:04:52,664][__main__][INFO] - Flow-matching step: 44/100
[2025-12-03 02:04:55,567][__main__][INFO] - Flow-matching step: 45/100
[2025-12-03 02:04:58,465][__main__][INFO] - Flow-matching step: 46/100
[2025-12-03 02:05:01,368][__main__][INFO] - Flow-matching step: 47/100
[2025-12-03 02:05:04,296][__main__][INFO] - Flow-matching step: 48/100
[2025-12-03 02:05:07,200][__main__][INFO] - Flow-matching step: 49/100
[2025-12-03 02:05:10,107][__main__][INFO] - Flow-matching step: 50/100
[2025-12-03 02:05:13,018][__main__][INFO] - Flow-matching step: 51/100
[2025-12-03 02:05:15,921][__main__][INFO] - Flow-matching step: 52/100
[2025-12-03 02:05:18,815][__main__][INFO] - Flow-matching step: 53/100
[2025-12-03 02:05:21,720][__main__][INFO] - Flow-matching step: 54/100
[2025-12-03 02:05:24,609][__main__][INFO] - Flow-matching step: 55/100
[2025-12-03 02:05:27,515][__main__][INFO] - Flow-matching step: 56/100
[2025-12-03 02:05:30,420][__main__][INFO] - Flow-matching step: 57/100
[2025-12-03 02:05:33,329][__main__][INFO] - Flow-matching step: 58/100
[2025-12-03 02:05:36,249][__main__][INFO] - Flow-matching step: 59/100
[2025-12-03 02:05:39,182][__main__][INFO] - Flow-matching step: 60/100
[2025-12-03 02:05:42,119][__main__][INFO] - Flow-matching step: 61/100
[2025-12-03 02:05:45,061][__main__][INFO] - Flow-matching step: 62/100
[2025-12-03 02:05:47,996][__main__][INFO] - Flow-matching step: 63/100
[2025-12-03 02:05:50,929][__main__][INFO] - Flow-matching step: 64/100
[2025-12-03 02:05:53,859][__main__][INFO] - Flow-matching step: 65/100
[2025-12-03 02:05:56,797][__main__][INFO] - Flow-matching step: 66/100
[2025-12-03 02:05:59,726][__main__][INFO] - Flow-matching step: 67/100
[2025-12-03 02:06:02,660][__main__][INFO] - Flow-matching step: 68/100
[2025-12-03 02:06:05,604][__main__][INFO] - Flow-matching step: 69/100
[2025-12-03 02:06:08,541][__main__][INFO] - Flow-matching step: 70/100
[2025-12-03 02:06:11,473][__main__][INFO] - Flow-matching step: 71/100
[2025-12-03 02:06:14,392][__main__][INFO] - Flow-matching step: 72/100
[2025-12-03 02:06:17,317][__main__][INFO] - Flow-matching step: 73/100
[2025-12-03 02:06:20,243][__main__][INFO] - Flow-matching step: 74/100
[2025-12-03 02:06:23,175][__main__][INFO] - Flow-matching step: 75/100
[2025-12-03 02:06:26,101][__main__][INFO] - Flow-matching step: 76/100
[2025-12-03 02:06:29,025][__main__][INFO] - Flow-matching step: 77/100
[2025-12-03 02:06:31,953][__main__][INFO] - Flow-matching step: 78/100
[2025-12-03 02:06:34,879][__main__][INFO] - Flow-matching step: 79/100
[2025-12-03 02:06:37,812][__main__][INFO] - Flow-matching step: 80/100
[2025-12-03 02:06:40,733][__main__][INFO] - Flow-matching step: 81/100
[2025-12-03 02:06:43,654][__main__][INFO] - Flow-matching step: 82/100
[2025-12-03 02:06:46,582][__main__][INFO] - Flow-matching step: 83/100
[2025-12-03 02:06:49,520][__main__][INFO] - Flow-matching step: 84/100
[2025-12-03 02:06:52,470][__main__][INFO] - Flow-matching step: 85/100
[2025-12-03 02:06:55,415][__main__][INFO] - Flow-matching step: 86/100
[2025-12-03 02:06:58,359][__main__][INFO] - Flow-matching step: 87/100
[2025-12-03 02:07:01,300][__main__][INFO] - Flow-matching step: 88/100
[2025-12-03 02:07:04,237][__main__][INFO] - Flow-matching step: 89/100
[2025-12-03 02:07:07,151][__main__][INFO] - Flow-matching step: 90/100
[2025-12-03 02:07:10,059][__main__][INFO] - Flow-matching step: 91/100
[2025-12-03 02:07:12,965][__main__][INFO] - Flow-matching step: 92/100
[2025-12-03 02:07:15,874][__main__][INFO] - Flow-matching step: 93/100
[2025-12-03 02:07:18,791][__main__][INFO] - Flow-matching step: 94/100
[2025-12-03 02:07:21,705][__main__][INFO] - Flow-matching step: 95/100
[2025-12-03 02:07:24,601][__main__][INFO] - Flow-matching step: 96/100
[2025-12-03 02:07:27,501][__main__][INFO] - Flow-matching step: 97/100
[2025-12-03 02:07:30,392][__main__][INFO] - Flow-matching step: 98/100
[2025-12-03 02:07:33,285][__main__][INFO] - Flow-matching step: 99/100
[2025-12-03 02:07:36,176][__main__][INFO] - Flow-matching step: 100/100
[2025-12-03 02:07:49,018][__main__][INFO] - Finished design in 5.05 minutes
[2025-12-03 02:07:49,295][__main__][INFO] - out_prefix_suffixed='/home/woodbuse/publication/metallohydrolase/github/Computational_Design_of_Metallohydrolases_PrivateGitHub/RFdiffusion2_Tutorial/outputs/rfdiffusion2_out/from_quantum_chemistry__ZN_ESTERASE/ZETA_2__theozyme_optTS_geom_HHHE__lig_SZD_artificialBB_ORI_01_LENGTH_140_170__1_0-atomized-bb-False', conf.inference.guidepost_xyz_as_design_bb=False
[2025-12-03 02:07:49,378][__main__][INFO] - Idealizing atomized sidechains for pX0 of the last step...
[2025-12-03 02:07:52,038][__main__][INFO] - design : /home/woodbuse/publication/metallohydrolase/github/Computational_Design_of_Metallohydrolases_PrivateGitHub/RFdiffusion2_Tutorial/outputs/rfdiffusion2_out/from_quantum_chemistry__ZN_ESTERASE/ZETA_2__theozyme_optTS_geom_HHHE__lig_SZD_artificialBB_ORI_01_LENGTH_140_170__1_0-atomized-bb-False.pdb
[2025-12-03 02:07:52,039][__main__][INFO] - Making design 1 of 0:2: /home/woodbuse/publication/metallohydrolase/github/Computational_Design_of_Metallohydrolases_PrivateGitHub/RFdiffusion2_Tutorial/outputs/rfdiffusion2_out/from_quantum_chemistry__ZN_ESTERASE/ZETA_2__theozyme_optTS_geom_HHHE__lig_SZD_artificialBB_ORI_01_LENGTH_140_170__1_1
[2025-12-03 02:07:52,343][__main__][INFO] - Flow-matching step: 1/100
[2025-12-03 02:07:55,181][__main__][INFO] - Flow-matching step: 2/100
[2025-12-03 02:07:58,034][__main__][INFO] - Flow-matching step: 3/100
[2025-12-03 02:08:00,888][__main__][INFO] - Flow-matching step: 4/100
[2025-12-03 02:08:03,751][__main__][INFO] - Flow-matching step: 5/100
[2025-12-03 02:08:06,616][__main__][INFO] - Flow-matching step: 6/100
[2025-12-03 02:08:09,464][__main__][INFO] - Flow-matching step: 7/100
[2025-12-03 02:08:12,282][__main__][INFO] - Flow-matching step: 8/100
[2025-12-03 02:08:15,091][__main__][INFO] - Flow-matching step: 9/100
[2025-12-03 02:08:17,903][__main__][INFO] - Flow-matching step: 10/100
[2025-12-03 02:08:20,722][__main__][INFO] - Flow-matching step: 11/100
[2025-12-03 02:08:23,540][__main__][INFO] - Flow-matching step: 12/100
[2025-12-03 02:08:26,372][__main__][INFO] - Flow-matching step: 13/100
[2025-12-03 02:08:29,199][__main__][INFO] - Flow-matching step: 14/100
[2025-12-03 02:08:32,024][__main__][INFO] - Flow-matching step: 15/100
[2025-12-03 02:08:34,834][__main__][INFO] - Flow-matching step: 16/100
[2025-12-03 02:08:37,666][__main__][INFO] - Flow-matching step: 17/100
[2025-12-03 02:08:40,492][__main__][INFO] - Flow-matching step: 18/100
[2025-12-03 02:08:43,330][__main__][INFO] - Flow-matching step: 19/100
[2025-12-03 02:08:46,169][__main__][INFO] - Flow-matching step: 20/100
[2025-12-03 02:08:49,009][__main__][INFO] - Flow-matching step: 21/100
[2025-12-03 02:08:51,856][__main__][INFO] - Flow-matching step: 22/100
[2025-12-03 02:08:54,710][__main__][INFO] - Flow-matching step: 23/100
[2025-12-03 02:08:57,573][__main__][INFO] - Flow-matching step: 24/100
[2025-12-03 02:09:00,423][__main__][INFO] - Flow-matching step: 25/100
[2025-12-03 02:09:03,258][__main__][INFO] - Flow-matching step: 26/100
[2025-12-03 02:09:06,082][__main__][INFO] - Flow-matching step: 27/100
[2025-12-03 02:09:08,907][__main__][INFO] - Flow-matching step: 28/100
[2025-12-03 02:09:11,718][__main__][INFO] - Flow-matching step: 29/100
[2025-12-03 02:09:14,530][__main__][INFO] - Flow-matching step: 30/100
[2025-12-03 02:09:17,336][__main__][INFO] - Flow-matching step: 31/100
[2025-12-03 02:09:20,134][__main__][INFO] - Flow-matching step: 32/100
[2025-12-03 02:09:22,938][__main__][INFO] - Flow-matching step: 33/100
[2025-12-03 02:09:25,762][__main__][INFO] - Flow-matching step: 34/100
[2025-12-03 02:09:28,591][__main__][INFO] - Flow-matching step: 35/100
[2025-12-03 02:09:31,439][__main__][INFO] - Flow-matching step: 36/100
[2025-12-03 02:09:34,285][__main__][INFO] - Flow-matching step: 37/100
[2025-12-03 02:09:37,145][__main__][INFO] - Flow-matching step: 38/100
[2025-12-03 02:09:39,999][__main__][INFO] - Flow-matching step: 39/100
[2025-12-03 02:09:42,847][__main__][INFO] - Flow-matching step: 40/100
[2025-12-03 02:09:45,687][__main__][INFO] - Flow-matching step: 41/100
[2025-12-03 02:09:48,531][__main__][INFO] - Flow-matching step: 42/100
[2025-12-03 02:09:51,371][__main__][INFO] - Flow-matching step: 43/100
[2025-12-03 02:09:54,204][__main__][INFO] - Flow-matching step: 44/100
[2025-12-03 02:09:57,033][__main__][INFO] - Flow-matching step: 45/100
[2025-12-03 02:09:59,859][__main__][INFO] - Flow-matching step: 46/100
[2025-12-03 02:10:02,693][__main__][INFO] - Flow-matching step: 47/100
[2025-12-03 02:10:05,549][__main__][INFO] - Flow-matching step: 48/100
[2025-12-03 02:10:08,397][__main__][INFO] - Flow-matching step: 49/100
[2025-12-03 02:10:11,260][__main__][INFO] - Flow-matching step: 50/100
[2025-12-03 02:10:14,128][__main__][INFO] - Flow-matching step: 51/100
[2025-12-03 02:10:17,003][__main__][INFO] - Flow-matching step: 52/100
[2025-12-03 02:10:19,871][__main__][INFO] - Flow-matching step: 53/100
[2025-12-03 02:10:22,736][__main__][INFO] - Flow-matching step: 54/100
[2025-12-03 02:10:25,604][__main__][INFO] - Flow-matching step: 55/100
[2025-12-03 02:10:28,472][__main__][INFO] - Flow-matching step: 56/100
[2025-12-03 02:10:31,328][__main__][INFO] - Flow-matching step: 57/100
[2025-12-03 02:10:34,171][__main__][INFO] - Flow-matching step: 58/100
[2025-12-03 02:10:37,022][__main__][INFO] - Flow-matching step: 59/100
[2025-12-03 02:10:39,870][__main__][INFO] - Flow-matching step: 60/100
[2025-12-03 02:10:42,725][__main__][INFO] - Flow-matching step: 61/100
[2025-12-03 02:10:45,580][__main__][INFO] - Flow-matching step: 62/100
[2025-12-03 02:10:48,431][__main__][INFO] - Flow-matching step: 63/100
[2025-12-03 02:10:51,271][__main__][INFO] - Flow-matching step: 64/100
[2025-12-03 02:10:54,107][__main__][INFO] - Flow-matching step: 65/100
[2025-12-03 02:10:56,957][__main__][INFO] - Flow-matching step: 66/100
[2025-12-03 02:10:59,788][__main__][INFO] - Flow-matching step: 67/100
[2025-12-03 02:11:02,627][__main__][INFO] - Flow-matching step: 68/100
[2025-12-03 02:11:05,483][__main__][INFO] - Flow-matching step: 69/100
[2025-12-03 02:11:08,341][__main__][INFO] - Flow-matching step: 70/100
[2025-12-03 02:11:11,196][__main__][INFO] - Flow-matching step: 71/100
[2025-12-03 02:11:14,050][__main__][INFO] - Flow-matching step: 72/100
[2025-12-03 02:11:16,903][__main__][INFO] - Flow-matching step: 73/100
[2025-12-03 02:11:19,750][__main__][INFO] - Flow-matching step: 74/100
[2025-12-03 02:11:22,578][__main__][INFO] - Flow-matching step: 75/100
[2025-12-03 02:11:25,380][__main__][INFO] - Flow-matching step: 76/100
[2025-12-03 02:11:28,193][__main__][INFO] - Flow-matching step: 77/100
[2025-12-03 02:11:30,992][__main__][INFO] - Flow-matching step: 78/100
[2025-12-03 02:11:33,797][__main__][INFO] - Flow-matching step: 79/100
[2025-12-03 02:11:36,604][__main__][INFO] - Flow-matching step: 80/100
[2025-12-03 02:11:39,406][__main__][INFO] - Flow-matching step: 81/100
[2025-12-03 02:11:42,213][__main__][INFO] - Flow-matching step: 82/100
[2025-12-03 02:11:45,012][__main__][INFO] - Flow-matching step: 83/100
[2025-12-03 02:11:47,816][__main__][INFO] - Flow-matching step: 84/100
[2025-12-03 02:11:50,617][__main__][INFO] - Flow-matching step: 85/100
[2025-12-03 02:11:53,433][__main__][INFO] - Flow-matching step: 86/100
[2025-12-03 02:11:56,246][__main__][INFO] - Flow-matching step: 87/100
[2025-12-03 02:11:59,055][__main__][INFO] - Flow-matching step: 88/100
[2025-12-03 02:12:01,880][__main__][INFO] - Flow-matching step: 89/100
[2025-12-03 02:12:04,727][__main__][INFO] - Flow-matching step: 90/100
[2025-12-03 02:12:07,571][__main__][INFO] - Flow-matching step: 91/100
[2025-12-03 02:12:10,406][__main__][INFO] - Flow-matching step: 92/100
[2025-12-03 02:12:13,248][__main__][INFO] - Flow-matching step: 93/100
[2025-12-03 02:12:16,092][__main__][INFO] - Flow-matching step: 94/100
[2025-12-03 02:12:18,950][__main__][INFO] - Flow-matching step: 95/100
[2025-12-03 02:12:21,811][__main__][INFO] - Flow-matching step: 96/100
[2025-12-03 02:12:24,669][__main__][INFO] - Flow-matching step: 97/100
[2025-12-03 02:12:27,522][__main__][INFO] - Flow-matching step: 98/100
[2025-12-03 02:12:30,377][__main__][INFO] - Flow-matching step: 99/100
[2025-12-03 02:12:33,240][__main__][INFO] - Flow-matching step: 100/100
[2025-12-03 02:12:46,217][__main__][INFO] - Finished design in 4.90 minutes
[2025-12-03 02:12:46,263][__main__][INFO] - out_prefix_suffixed='/home/woodbuse/publication/metallohydrolase/github/Computational_Design_of_Metallohydrolases_PrivateGitHub/RFdiffusion2_Tutorial/outputs/rfdiffusion2_out/from_quantum_chemistry__ZN_ESTERASE/ZETA_2__theozyme_optTS_geom_HHHE__lig_SZD_artificialBB_ORI_01_LENGTH_140_170__1_1-atomized-bb-False', conf.inference.guidepost_xyz_as_design_bb=False
[2025-12-03 02:12:46,357][__main__][INFO] - Idealizing atomized sidechains for pX0 of the last step...
[2025-12-03 02:12:48,246][__main__][INFO] - design : /home/woodbuse/publication/metallohydrolase/github/Computational_Design_of_Metallohydrolases_PrivateGitHub/RFdiffusion2_Tutorial/outputs/rfdiffusion2_out/from_quantum_chemistry__ZN_ESTERASE/ZETA_2__theozyme_optTS_geom_HHHE__lig_SZD_artificialBB_ORI_01_LENGTH_140_170__1_1-atomized-bb-False.pdb
