[2025-12-03 03:16:36,288][rf_diffusion.config.config_format][INFO] - Translating obsolete key: extra_t1d -> ['extra_tXd']
[2025-12-03 03:16:36,289][rf_diffusion.config.config_format][INFO] - Translating obsolete key: extra_t1d_params -> ['extra_tXd_params']
[2025-12-03 03:16:40,000][__main__][INFO] - Making design 0 of 0:2: /home/woodbuse/publication/metallohydrolase/github/Computational_Design_of_Metallohydrolases_PrivateGitHub/RFdiffusion2_Tutorial/outputs/rfdiffusion2_out/from_quantum_chemistry__ZN_ESTERASE/ZETA_2__theozyme_optTS_geom_HHHE__lig_SZD_artificialBB_ORI_10_LENGTH_110_140__1_0
[2025-12-03 03:16:40,182][se3_flow_matching.data.so3_utils][INFO] - Data loaded from .cache/cache_igso3_s0.100-1.500-1000_l1000_o1000-3.npz
[2025-12-03 03:16:40,240][__main__][INFO] - Flow-matching step: 1/100
[2025-12-03 03:16:43,727][__main__][INFO] - Flow-matching step: 2/100
[2025-12-03 03:16:45,703][__main__][INFO] - Flow-matching step: 3/100
[2025-12-03 03:16:47,677][__main__][INFO] - Flow-matching step: 4/100
[2025-12-03 03:16:49,657][__main__][INFO] - Flow-matching step: 5/100
[2025-12-03 03:16:51,647][__main__][INFO] - Flow-matching step: 6/100
[2025-12-03 03:16:53,640][__main__][INFO] - Flow-matching step: 7/100
[2025-12-03 03:16:55,650][__main__][INFO] - Flow-matching step: 8/100
[2025-12-03 03:16:57,645][__main__][INFO] - Flow-matching step: 9/100
[2025-12-03 03:16:59,634][__main__][INFO] - Flow-matching step: 10/100
[2025-12-03 03:17:01,624][__main__][INFO] - Flow-matching step: 11/100
[2025-12-03 03:17:03,615][__main__][INFO] - Flow-matching step: 12/100
[2025-12-03 03:17:05,611][__main__][INFO] - Flow-matching step: 13/100
[2025-12-03 03:17:07,594][__main__][INFO] - Flow-matching step: 14/100
[2025-12-03 03:17:09,579][__main__][INFO] - Flow-matching step: 15/100
[2025-12-03 03:17:11,566][__main__][INFO] - Flow-matching step: 16/100
[2025-12-03 03:17:13,544][__main__][INFO] - Flow-matching step: 17/100
[2025-12-03 03:17:15,509][__main__][INFO] - Flow-matching step: 18/100
[2025-12-03 03:17:17,479][__main__][INFO] - Flow-matching step: 19/100
[2025-12-03 03:17:19,464][__main__][INFO] - Flow-matching step: 20/100
[2025-12-03 03:17:21,445][__main__][INFO] - Flow-matching step: 21/100
[2025-12-03 03:17:23,401][__main__][INFO] - Flow-matching step: 22/100
[2025-12-03 03:17:25,367][__main__][INFO] - Flow-matching step: 23/100
[2025-12-03 03:17:27,344][__main__][INFO] - Flow-matching step: 24/100
[2025-12-03 03:17:29,324][__main__][INFO] - Flow-matching step: 25/100
[2025-12-03 03:17:31,302][__main__][INFO] - Flow-matching step: 26/100
[2025-12-03 03:17:33,260][__main__][INFO] - Flow-matching step: 27/100
[2025-12-03 03:17:35,231][__main__][INFO] - Flow-matching step: 28/100
[2025-12-03 03:17:37,209][__main__][INFO] - Flow-matching step: 29/100
[2025-12-03 03:17:39,186][__main__][INFO] - Flow-matching step: 30/100
[2025-12-03 03:17:41,168][__main__][INFO] - Flow-matching step: 31/100
[2025-12-03 03:17:43,141][__main__][INFO] - Flow-matching step: 32/100
[2025-12-03 03:17:45,100][__main__][INFO] - Flow-matching step: 33/100
[2025-12-03 03:17:47,072][__main__][INFO] - Flow-matching step: 34/100
[2025-12-03 03:17:49,037][__main__][INFO] - Flow-matching step: 35/100
[2025-12-03 03:17:51,008][__main__][INFO] - Flow-matching step: 36/100
[2025-12-03 03:17:52,972][__main__][INFO] - Flow-matching step: 37/100
[2025-12-03 03:17:54,933][__main__][INFO] - Flow-matching step: 38/100
[2025-12-03 03:17:56,895][__main__][INFO] - Flow-matching step: 39/100
[2025-12-03 03:17:58,874][__main__][INFO] - Flow-matching step: 40/100
[2025-12-03 03:18:00,852][__main__][INFO] - Flow-matching step: 41/100
[2025-12-03 03:18:02,829][__main__][INFO] - Flow-matching step: 42/100
[2025-12-03 03:18:04,804][__main__][INFO] - Flow-matching step: 43/100
[2025-12-03 03:18:06,783][__main__][INFO] - Flow-matching step: 44/100
[2025-12-03 03:18:08,746][__main__][INFO] - Flow-matching step: 45/100
[2025-12-03 03:18:10,705][__main__][INFO] - Flow-matching step: 46/100
[2025-12-03 03:18:12,679][__main__][INFO] - Flow-matching step: 47/100
[2025-12-03 03:18:14,644][__main__][INFO] - Flow-matching step: 48/100
[2025-12-03 03:18:16,602][__main__][INFO] - Flow-matching step: 49/100
[2025-12-03 03:18:18,587][__main__][INFO] - Flow-matching step: 50/100
[2025-12-03 03:18:20,596][__main__][INFO] - Flow-matching step: 51/100
[2025-12-03 03:18:22,595][__main__][INFO] - Flow-matching step: 52/100
[2025-12-03 03:18:24,608][__main__][INFO] - Flow-matching step: 53/100
[2025-12-03 03:18:26,633][__main__][INFO] - Flow-matching step: 54/100
[2025-12-03 03:18:28,649][__main__][INFO] - Flow-matching step: 55/100
[2025-12-03 03:18:30,688][__main__][INFO] - Flow-matching step: 56/100
[2025-12-03 03:18:32,729][__main__][INFO] - Flow-matching step: 57/100
[2025-12-03 03:18:34,778][__main__][INFO] - Flow-matching step: 58/100
[2025-12-03 03:18:36,808][__main__][INFO] - Flow-matching step: 59/100
[2025-12-03 03:18:38,841][__main__][INFO] - Flow-matching step: 60/100
[2025-12-03 03:18:40,864][__main__][INFO] - Flow-matching step: 61/100
[2025-12-03 03:18:42,887][__main__][INFO] - Flow-matching step: 62/100
[2025-12-03 03:18:44,919][__main__][INFO] - Flow-matching step: 63/100
[2025-12-03 03:18:46,942][__main__][INFO] - Flow-matching step: 64/100
[2025-12-03 03:18:48,973][__main__][INFO] - Flow-matching step: 65/100
[2025-12-03 03:18:51,019][__main__][INFO] - Flow-matching step: 66/100
[2025-12-03 03:18:53,039][__main__][INFO] - Flow-matching step: 67/100
[2025-12-03 03:18:55,047][__main__][INFO] - Flow-matching step: 68/100
[2025-12-03 03:18:57,063][__main__][INFO] - Flow-matching step: 69/100
[2025-12-03 03:18:59,082][__main__][INFO] - Flow-matching step: 70/100
[2025-12-03 03:19:01,090][__main__][INFO] - Flow-matching step: 71/100
[2025-12-03 03:19:03,122][__main__][INFO] - Flow-matching step: 72/100
[2025-12-03 03:19:05,121][__main__][INFO] - Flow-matching step: 73/100
[2025-12-03 03:19:07,118][__main__][INFO] - Flow-matching step: 74/100
[2025-12-03 03:19:09,125][__main__][INFO] - Flow-matching step: 75/100
[2025-12-03 03:19:11,122][__main__][INFO] - Flow-matching step: 76/100
[2025-12-03 03:19:13,114][__main__][INFO] - Flow-matching step: 77/100
[2025-12-03 03:19:15,116][__main__][INFO] - Flow-matching step: 78/100
[2025-12-03 03:19:17,110][__main__][INFO] - Flow-matching step: 79/100
[2025-12-03 03:19:19,107][__main__][INFO] - Flow-matching step: 80/100
[2025-12-03 03:19:21,101][__main__][INFO] - Flow-matching step: 81/100
[2025-12-03 03:19:23,096][__main__][INFO] - Flow-matching step: 82/100
[2025-12-03 03:19:25,092][__main__][INFO] - Flow-matching step: 83/100
[2025-12-03 03:19:27,088][__main__][INFO] - Flow-matching step: 84/100
[2025-12-03 03:19:29,081][__main__][INFO] - Flow-matching step: 85/100
[2025-12-03 03:19:31,054][__main__][INFO] - Flow-matching step: 86/100
[2025-12-03 03:19:33,030][__main__][INFO] - Flow-matching step: 87/100
[2025-12-03 03:19:35,031][__main__][INFO] - Flow-matching step: 88/100
[2025-12-03 03:19:37,025][__main__][INFO] - Flow-matching step: 89/100
[2025-12-03 03:19:39,020][__main__][INFO] - Flow-matching step: 90/100
[2025-12-03 03:19:41,001][__main__][INFO] - Flow-matching step: 91/100
[2025-12-03 03:19:42,986][__main__][INFO] - Flow-matching step: 92/100
[2025-12-03 03:19:44,979][__main__][INFO] - Flow-matching step: 93/100
[2025-12-03 03:19:46,975][__main__][INFO] - Flow-matching step: 94/100
[2025-12-03 03:19:48,968][__main__][INFO] - Flow-matching step: 95/100
[2025-12-03 03:19:50,959][__main__][INFO] - Flow-matching step: 96/100
[2025-12-03 03:19:52,956][__main__][INFO] - Flow-matching step: 97/100
[2025-12-03 03:19:54,949][__main__][INFO] - Flow-matching step: 98/100
[2025-12-03 03:19:56,936][__main__][INFO] - Flow-matching step: 99/100
[2025-12-03 03:19:58,926][__main__][INFO] - Flow-matching step: 100/100
[2025-12-03 03:20:08,604][__main__][INFO] - Finished design in 3.48 minutes
[2025-12-03 03:20:08,644][__main__][INFO] - out_prefix_suffixed='/home/woodbuse/publication/metallohydrolase/github/Computational_Design_of_Metallohydrolases_PrivateGitHub/RFdiffusion2_Tutorial/outputs/rfdiffusion2_out/from_quantum_chemistry__ZN_ESTERASE/ZETA_2__theozyme_optTS_geom_HHHE__lig_SZD_artificialBB_ORI_10_LENGTH_110_140__1_0-atomized-bb-False', conf.inference.guidepost_xyz_as_design_bb=False
[2025-12-03 03:20:08,687][__main__][INFO] - Idealizing atomized sidechains for pX0 of the last step...
[2025-12-03 03:20:10,647][__main__][INFO] - design : /home/woodbuse/publication/metallohydrolase/github/Computational_Design_of_Metallohydrolases_PrivateGitHub/RFdiffusion2_Tutorial/outputs/rfdiffusion2_out/from_quantum_chemistry__ZN_ESTERASE/ZETA_2__theozyme_optTS_geom_HHHE__lig_SZD_artificialBB_ORI_10_LENGTH_110_140__1_0-atomized-bb-False.pdb
[2025-12-03 03:20:10,647][__main__][INFO] - Making design 1 of 0:2: /home/woodbuse/publication/metallohydrolase/github/Computational_Design_of_Metallohydrolases_PrivateGitHub/RFdiffusion2_Tutorial/outputs/rfdiffusion2_out/from_quantum_chemistry__ZN_ESTERASE/ZETA_2__theozyme_optTS_geom_HHHE__lig_SZD_artificialBB_ORI_10_LENGTH_110_140__1_1
[2025-12-03 03:20:10,841][__main__][INFO] - Flow-matching step: 1/100
[2025-12-03 03:20:12,957][__main__][INFO] - Flow-matching step: 2/100
[2025-12-03 03:20:15,040][__main__][INFO] - Flow-matching step: 3/100
[2025-12-03 03:20:17,141][__main__][INFO] - Flow-matching step: 4/100
[2025-12-03 03:20:19,245][__main__][INFO] - Flow-matching step: 5/100
[2025-12-03 03:20:21,335][__main__][INFO] - Flow-matching step: 6/100
[2025-12-03 03:20:23,443][__main__][INFO] - Flow-matching step: 7/100
[2025-12-03 03:20:25,544][__main__][INFO] - Flow-matching step: 8/100
[2025-12-03 03:20:27,631][__main__][INFO] - Flow-matching step: 9/100
[2025-12-03 03:20:29,749][__main__][INFO] - Flow-matching step: 10/100
[2025-12-03 03:20:31,864][__main__][INFO] - Flow-matching step: 11/100
[2025-12-03 03:20:33,960][__main__][INFO] - Flow-matching step: 12/100
[2025-12-03 03:20:36,087][__main__][INFO] - Flow-matching step: 13/100
[2025-12-03 03:20:38,223][__main__][INFO] - Flow-matching step: 14/100
[2025-12-03 03:20:40,350][__main__][INFO] - Flow-matching step: 15/100
[2025-12-03 03:20:42,492][__main__][INFO] - Flow-matching step: 16/100
[2025-12-03 03:20:44,632][__main__][INFO] - Flow-matching step: 17/100
[2025-12-03 03:20:46,768][__main__][INFO] - Flow-matching step: 18/100
[2025-12-03 03:20:48,914][__main__][INFO] - Flow-matching step: 19/100
[2025-12-03 03:20:51,067][__main__][INFO] - Flow-matching step: 20/100
[2025-12-03 03:20:53,205][__main__][INFO] - Flow-matching step: 21/100
[2025-12-03 03:20:55,338][__main__][INFO] - Flow-matching step: 22/100
[2025-12-03 03:20:57,460][__main__][INFO] - Flow-matching step: 23/100
[2025-12-03 03:20:59,581][__main__][INFO] - Flow-matching step: 24/100
[2025-12-03 03:21:01,700][__main__][INFO] - Flow-matching step: 25/100
[2025-12-03 03:21:03,822][__main__][INFO] - Flow-matching step: 26/100
[2025-12-03 03:21:05,956][__main__][INFO] - Flow-matching step: 27/100
[2025-12-03 03:21:08,090][__main__][INFO] - Flow-matching step: 28/100
[2025-12-03 03:21:10,234][__main__][INFO] - Flow-matching step: 29/100
[2025-12-03 03:21:12,368][__main__][INFO] - Flow-matching step: 30/100
[2025-12-03 03:21:14,496][__main__][INFO] - Flow-matching step: 31/100
[2025-12-03 03:21:16,628][__main__][INFO] - Flow-matching step: 32/100
[2025-12-03 03:21:18,760][__main__][INFO] - Flow-matching step: 33/100
[2025-12-03 03:21:20,904][__main__][INFO] - Flow-matching step: 34/100
[2025-12-03 03:21:23,060][__main__][INFO] - Flow-matching step: 35/100
[2025-12-03 03:21:25,226][__main__][INFO] - Flow-matching step: 36/100
[2025-12-03 03:21:27,400][__main__][INFO] - Flow-matching step: 37/100
[2025-12-03 03:21:29,556][__main__][INFO] - Flow-matching step: 38/100
[2025-12-03 03:21:31,719][__main__][INFO] - Flow-matching step: 39/100
[2025-12-03 03:21:33,877][__main__][INFO] - Flow-matching step: 40/100
[2025-12-03 03:21:36,029][__main__][INFO] - Flow-matching step: 41/100
[2025-12-03 03:21:38,181][__main__][INFO] - Flow-matching step: 42/100
[2025-12-03 03:21:40,331][__main__][INFO] - Flow-matching step: 43/100
[2025-12-03 03:21:42,478][__main__][INFO] - Flow-matching step: 44/100
[2025-12-03 03:21:44,606][__main__][INFO] - Flow-matching step: 45/100
[2025-12-03 03:21:46,742][__main__][INFO] - Flow-matching step: 46/100
[2025-12-03 03:21:48,870][__main__][INFO] - Flow-matching step: 47/100
[2025-12-03 03:21:51,019][__main__][INFO] - Flow-matching step: 48/100
[2025-12-03 03:21:53,150][__main__][INFO] - Flow-matching step: 49/100
[2025-12-03 03:21:55,273][__main__][INFO] - Flow-matching step: 50/100
[2025-12-03 03:21:57,413][__main__][INFO] - Flow-matching step: 51/100
[2025-12-03 03:21:59,549][__main__][INFO] - Flow-matching step: 52/100
[2025-12-03 03:22:01,669][__main__][INFO] - Flow-matching step: 53/100
[2025-12-03 03:22:03,815][__main__][INFO] - Flow-matching step: 54/100
[2025-12-03 03:22:05,948][__main__][INFO] - Flow-matching step: 55/100
[2025-12-03 03:22:08,073][__main__][INFO] - Flow-matching step: 56/100
[2025-12-03 03:22:10,201][__main__][INFO] - Flow-matching step: 57/100
[2025-12-03 03:22:12,331][__main__][INFO] - Flow-matching step: 58/100
[2025-12-03 03:22:14,466][__main__][INFO] - Flow-matching step: 59/100
[2025-12-03 03:22:16,600][__main__][INFO] - Flow-matching step: 60/100
[2025-12-03 03:22:18,725][__main__][INFO] - Flow-matching step: 61/100
[2025-12-03 03:22:20,859][__main__][INFO] - Flow-matching step: 62/100
[2025-12-03 03:22:23,001][__main__][INFO] - Flow-matching step: 63/100
[2025-12-03 03:22:25,144][__main__][INFO] - Flow-matching step: 64/100
[2025-12-03 03:22:27,277][__main__][INFO] - Flow-matching step: 65/100
[2025-12-03 03:22:29,409][__main__][INFO] - Flow-matching step: 66/100
[2025-12-03 03:22:31,548][__main__][INFO] - Flow-matching step: 67/100
[2025-12-03 03:22:33,675][__main__][INFO] - Flow-matching step: 68/100
[2025-12-03 03:22:35,807][__main__][INFO] - Flow-matching step: 69/100
[2025-12-03 03:22:37,946][__main__][INFO] - Flow-matching step: 70/100
[2025-12-03 03:22:40,076][__main__][INFO] - Flow-matching step: 71/100
[2025-12-03 03:22:42,195][__main__][INFO] - Flow-matching step: 72/100
[2025-12-03 03:22:44,303][__main__][INFO] - Flow-matching step: 73/100
[2025-12-03 03:22:46,412][__main__][INFO] - Flow-matching step: 74/100
[2025-12-03 03:22:48,535][__main__][INFO] - Flow-matching step: 75/100
[2025-12-03 03:22:50,677][__main__][INFO] - Flow-matching step: 76/100
[2025-12-03 03:22:52,824][__main__][INFO] - Flow-matching step: 77/100
[2025-12-03 03:22:54,980][__main__][INFO] - Flow-matching step: 78/100
[2025-12-03 03:22:57,165][__main__][INFO] - Flow-matching step: 79/100
[2025-12-03 03:22:59,353][__main__][INFO] - Flow-matching step: 80/100
[2025-12-03 03:23:01,533][__main__][INFO] - Flow-matching step: 81/100
[2025-12-03 03:23:03,713][__main__][INFO] - Flow-matching step: 82/100
[2025-12-03 03:23:05,879][__main__][INFO] - Flow-matching step: 83/100
[2025-12-03 03:23:08,054][__main__][INFO] - Flow-matching step: 84/100
[2025-12-03 03:23:10,209][__main__][INFO] - Flow-matching step: 85/100
[2025-12-03 03:23:12,356][__main__][INFO] - Flow-matching step: 86/100
[2025-12-03 03:23:14,501][__main__][INFO] - Flow-matching step: 87/100
[2025-12-03 03:23:16,640][__main__][INFO] - Flow-matching step: 88/100
[2025-12-03 03:23:18,768][__main__][INFO] - Flow-matching step: 89/100
[2025-12-03 03:23:20,891][__main__][INFO] - Flow-matching step: 90/100
[2025-12-03 03:23:23,013][__main__][INFO] - Flow-matching step: 91/100
[2025-12-03 03:23:25,168][__main__][INFO] - Flow-matching step: 92/100
[2025-12-03 03:23:27,318][__main__][INFO] - Flow-matching step: 93/100
[2025-12-03 03:23:29,463][__main__][INFO] - Flow-matching step: 94/100
[2025-12-03 03:23:31,595][__main__][INFO] - Flow-matching step: 95/100
[2025-12-03 03:23:33,734][__main__][INFO] - Flow-matching step: 96/100
[2025-12-03 03:23:35,865][__main__][INFO] - Flow-matching step: 97/100
[2025-12-03 03:23:38,004][__main__][INFO] - Flow-matching step: 98/100
[2025-12-03 03:23:40,145][__main__][INFO] - Flow-matching step: 99/100
[2025-12-03 03:23:42,275][__main__][INFO] - Flow-matching step: 100/100
[2025-12-03 03:23:52,452][__main__][INFO] - Finished design in 3.70 minutes
[2025-12-03 03:23:52,494][__main__][INFO] - out_prefix_suffixed='/home/woodbuse/publication/metallohydrolase/github/Computational_Design_of_Metallohydrolases_PrivateGitHub/RFdiffusion2_Tutorial/outputs/rfdiffusion2_out/from_quantum_chemistry__ZN_ESTERASE/ZETA_2__theozyme_optTS_geom_HHHE__lig_SZD_artificialBB_ORI_10_LENGTH_110_140__1_1-atomized-bb-False', conf.inference.guidepost_xyz_as_design_bb=False
[2025-12-03 03:23:52,534][__main__][INFO] - Idealizing atomized sidechains for pX0 of the last step...
[2025-12-03 03:23:54,017][__main__][INFO] - design : /home/woodbuse/publication/metallohydrolase/github/Computational_Design_of_Metallohydrolases_PrivateGitHub/RFdiffusion2_Tutorial/outputs/rfdiffusion2_out/from_quantum_chemistry__ZN_ESTERASE/ZETA_2__theozyme_optTS_geom_HHHE__lig_SZD_artificialBB_ORI_10_LENGTH_110_140__1_1-atomized-bb-False.pdb
