[2025-12-03 01:50:23,871][rf_diffusion.config.config_format][INFO] - Translating obsolete key: extra_t1d -> ['extra_tXd']
[2025-12-03 01:50:23,871][rf_diffusion.config.config_format][INFO] - Translating obsolete key: extra_t1d_params -> ['extra_tXd_params']
[2025-12-03 01:50:27,882][__main__][INFO] - Making design 0 of 0:2: /home/woodbuse/publication/metallohydrolase/github/Computational_Design_of_Metallohydrolases_PrivateGitHub/RFdiffusion2_Tutorial/outputs/rfdiffusion2_out/from_PDB_structure__ZN_PROTEASE/pdb_00001qji__theozyme_HEHHYM__lig_TSA_ORI_01_LENGTH_170_190__1_0
[2025-12-03 01:51:13,327][se3_flow_matching.data.so3_utils][INFO] - Data saved to .cache/cache_igso3_s0.100-1.500-1000_l1000_o1000-3.npz
[2025-12-03 01:51:13,483][__main__][INFO] - Flow-matching step: 1/100
[2025-12-03 01:51:21,084][__main__][INFO] - Flow-matching step: 2/100
[2025-12-03 01:51:24,919][__main__][INFO] - Flow-matching step: 3/100
[2025-12-03 01:51:28,743][__main__][INFO] - Flow-matching step: 4/100
[2025-12-03 01:51:32,555][__main__][INFO] - Flow-matching step: 5/100
[2025-12-03 01:51:36,389][__main__][INFO] - Flow-matching step: 6/100
[2025-12-03 01:51:40,203][__main__][INFO] - Flow-matching step: 7/100
[2025-12-03 01:51:44,010][__main__][INFO] - Flow-matching step: 8/100
[2025-12-03 01:51:47,825][__main__][INFO] - Flow-matching step: 9/100
[2025-12-03 01:51:51,651][__main__][INFO] - Flow-matching step: 10/100
[2025-12-03 01:51:55,471][__main__][INFO] - Flow-matching step: 11/100
[2025-12-03 01:51:59,309][__main__][INFO] - Flow-matching step: 12/100
[2025-12-03 01:52:03,131][__main__][INFO] - Flow-matching step: 13/100
[2025-12-03 01:52:06,942][__main__][INFO] - Flow-matching step: 14/100
[2025-12-03 01:52:10,787][__main__][INFO] - Flow-matching step: 15/100
[2025-12-03 01:52:14,641][__main__][INFO] - Flow-matching step: 16/100
[2025-12-03 01:52:18,476][__main__][INFO] - Flow-matching step: 17/100
[2025-12-03 01:52:22,328][__main__][INFO] - Flow-matching step: 18/100
[2025-12-03 01:52:26,173][__main__][INFO] - Flow-matching step: 19/100
[2025-12-03 01:52:30,029][__main__][INFO] - Flow-matching step: 20/100
[2025-12-03 01:52:33,888][__main__][INFO] - Flow-matching step: 21/100
[2025-12-03 01:52:37,728][__main__][INFO] - Flow-matching step: 22/100
[2025-12-03 01:52:41,565][__main__][INFO] - Flow-matching step: 23/100
[2025-12-03 01:52:45,414][__main__][INFO] - Flow-matching step: 24/100
[2025-12-03 01:52:49,264][__main__][INFO] - Flow-matching step: 25/100
[2025-12-03 01:52:53,121][__main__][INFO] - Flow-matching step: 26/100
[2025-12-03 01:52:56,983][__main__][INFO] - Flow-matching step: 27/100
[2025-12-03 01:53:00,851][__main__][INFO] - Flow-matching step: 28/100
[2025-12-03 01:53:04,709][__main__][INFO] - Flow-matching step: 29/100
[2025-12-03 01:53:08,559][__main__][INFO] - Flow-matching step: 30/100
[2025-12-03 01:53:12,418][__main__][INFO] - Flow-matching step: 31/100
[2025-12-03 01:53:16,282][__main__][INFO] - Flow-matching step: 32/100
[2025-12-03 01:53:20,127][__main__][INFO] - Flow-matching step: 33/100
[2025-12-03 01:53:23,998][__main__][INFO] - Flow-matching step: 34/100
[2025-12-03 01:53:27,853][__main__][INFO] - Flow-matching step: 35/100
[2025-12-03 01:53:31,702][__main__][INFO] - Flow-matching step: 36/100
[2025-12-03 01:53:35,551][__main__][INFO] - Flow-matching step: 37/100
[2025-12-03 01:53:39,421][__main__][INFO] - Flow-matching step: 38/100
[2025-12-03 01:53:43,268][__main__][INFO] - Flow-matching step: 39/100
[2025-12-03 01:53:47,094][__main__][INFO] - Flow-matching step: 40/100
[2025-12-03 01:53:50,917][__main__][INFO] - Flow-matching step: 41/100
[2025-12-03 01:53:54,757][__main__][INFO] - Flow-matching step: 42/100
[2025-12-03 01:53:58,608][__main__][INFO] - Flow-matching step: 43/100
[2025-12-03 01:54:02,457][__main__][INFO] - Flow-matching step: 44/100
[2025-12-03 01:54:06,304][__main__][INFO] - Flow-matching step: 45/100
[2025-12-03 01:54:10,166][__main__][INFO] - Flow-matching step: 46/100
[2025-12-03 01:54:14,024][__main__][INFO] - Flow-matching step: 47/100
[2025-12-03 01:54:17,893][__main__][INFO] - Flow-matching step: 48/100
[2025-12-03 01:54:21,767][__main__][INFO] - Flow-matching step: 49/100
[2025-12-03 01:54:25,641][__main__][INFO] - Flow-matching step: 50/100
[2025-12-03 01:54:29,500][__main__][INFO] - Flow-matching step: 51/100
[2025-12-03 01:54:33,366][__main__][INFO] - Flow-matching step: 52/100
[2025-12-03 01:54:37,222][__main__][INFO] - Flow-matching step: 53/100
[2025-12-03 01:54:41,070][__main__][INFO] - Flow-matching step: 54/100
[2025-12-03 01:54:44,916][__main__][INFO] - Flow-matching step: 55/100
[2025-12-03 01:54:48,781][__main__][INFO] - Flow-matching step: 56/100
[2025-12-03 01:54:52,630][__main__][INFO] - Flow-matching step: 57/100
[2025-12-03 01:54:56,483][__main__][INFO] - Flow-matching step: 58/100
[2025-12-03 01:55:00,325][__main__][INFO] - Flow-matching step: 59/100
[2025-12-03 01:55:04,182][__main__][INFO] - Flow-matching step: 60/100
[2025-12-03 01:55:08,019][__main__][INFO] - Flow-matching step: 61/100
[2025-12-03 01:55:11,861][__main__][INFO] - Flow-matching step: 62/100
[2025-12-03 01:55:15,708][__main__][INFO] - Flow-matching step: 63/100
[2025-12-03 01:55:19,561][__main__][INFO] - Flow-matching step: 64/100
[2025-12-03 01:55:23,417][__main__][INFO] - Flow-matching step: 65/100
[2025-12-03 01:55:27,246][__main__][INFO] - Flow-matching step: 66/100
[2025-12-03 01:55:31,096][__main__][INFO] - Flow-matching step: 67/100
[2025-12-03 01:55:34,948][__main__][INFO] - Flow-matching step: 68/100
[2025-12-03 01:55:38,789][__main__][INFO] - Flow-matching step: 69/100
[2025-12-03 01:55:42,634][__main__][INFO] - Flow-matching step: 70/100
[2025-12-03 01:55:46,478][__main__][INFO] - Flow-matching step: 71/100
[2025-12-03 01:55:50,333][__main__][INFO] - Flow-matching step: 72/100
[2025-12-03 01:55:54,184][__main__][INFO] - Flow-matching step: 73/100
[2025-12-03 01:55:58,050][__main__][INFO] - Flow-matching step: 74/100
[2025-12-03 01:56:01,921][__main__][INFO] - Flow-matching step: 75/100
[2025-12-03 01:56:05,794][__main__][INFO] - Flow-matching step: 76/100
[2025-12-03 01:56:09,656][__main__][INFO] - Flow-matching step: 77/100
[2025-12-03 01:56:13,504][__main__][INFO] - Flow-matching step: 78/100
[2025-12-03 01:56:17,354][__main__][INFO] - Flow-matching step: 79/100
[2025-12-03 01:56:21,218][__main__][INFO] - Flow-matching step: 80/100
[2025-12-03 01:56:25,086][__main__][INFO] - Flow-matching step: 81/100
[2025-12-03 01:56:28,930][__main__][INFO] - Flow-matching step: 82/100
[2025-12-03 01:56:32,771][__main__][INFO] - Flow-matching step: 83/100
[2025-12-03 01:56:36,635][__main__][INFO] - Flow-matching step: 84/100
[2025-12-03 01:56:40,505][__main__][INFO] - Flow-matching step: 85/100
[2025-12-03 01:56:44,374][__main__][INFO] - Flow-matching step: 86/100
[2025-12-03 01:56:48,245][__main__][INFO] - Flow-matching step: 87/100
[2025-12-03 01:56:52,118][__main__][INFO] - Flow-matching step: 88/100
[2025-12-03 01:56:55,940][__main__][INFO] - Flow-matching step: 89/100
[2025-12-03 01:56:59,784][__main__][INFO] - Flow-matching step: 90/100
[2025-12-03 01:57:03,658][__main__][INFO] - Flow-matching step: 91/100
[2025-12-03 01:57:07,493][__main__][INFO] - Flow-matching step: 92/100
[2025-12-03 01:57:11,322][__main__][INFO] - Flow-matching step: 93/100
[2025-12-03 01:57:15,147][__main__][INFO] - Flow-matching step: 94/100
[2025-12-03 01:57:18,991][__main__][INFO] - Flow-matching step: 95/100
[2025-12-03 01:57:22,852][__main__][INFO] - Flow-matching step: 96/100
[2025-12-03 01:57:26,699][__main__][INFO] - Flow-matching step: 97/100
[2025-12-03 01:57:30,571][__main__][INFO] - Flow-matching step: 98/100
[2025-12-03 01:57:34,419][__main__][INFO] - Flow-matching step: 99/100
[2025-12-03 01:57:38,263][__main__][INFO] - Flow-matching step: 100/100
[2025-12-03 01:58:01,612][__main__][INFO] - Finished design in 7.56 minutes
[2025-12-03 01:58:01,651][__main__][INFO] - out_prefix_suffixed='/home/woodbuse/publication/metallohydrolase/github/Computational_Design_of_Metallohydrolases_PrivateGitHub/RFdiffusion2_Tutorial/outputs/rfdiffusion2_out/from_PDB_structure__ZN_PROTEASE/pdb_00001qji__theozyme_HEHHYM__lig_TSA_ORI_01_LENGTH_170_190__1_0-atomized-bb-False', conf.inference.guidepost_xyz_as_design_bb=False
[2025-12-03 01:58:01,739][__main__][INFO] - Idealizing atomized sidechains for pX0 of the last step...
[2025-12-03 01:58:04,363][__main__][INFO] - design : /home/woodbuse/publication/metallohydrolase/github/Computational_Design_of_Metallohydrolases_PrivateGitHub/RFdiffusion2_Tutorial/outputs/rfdiffusion2_out/from_PDB_structure__ZN_PROTEASE/pdb_00001qji__theozyme_HEHHYM__lig_TSA_ORI_01_LENGTH_170_190__1_0-atomized-bb-False.pdb
[2025-12-03 01:58:04,364][__main__][INFO] - Making design 1 of 0:2: /home/woodbuse/publication/metallohydrolase/github/Computational_Design_of_Metallohydrolases_PrivateGitHub/RFdiffusion2_Tutorial/outputs/rfdiffusion2_out/from_PDB_structure__ZN_PROTEASE/pdb_00001qji__theozyme_HEHHYM__lig_TSA_ORI_01_LENGTH_170_190__1_1
[2025-12-03 01:58:04,717][__main__][INFO] - Flow-matching step: 1/100
[2025-12-03 01:58:08,478][__main__][INFO] - Flow-matching step: 2/100
[2025-12-03 01:58:12,231][__main__][INFO] - Flow-matching step: 3/100
[2025-12-03 01:58:15,998][__main__][INFO] - Flow-matching step: 4/100
[2025-12-03 01:58:19,761][__main__][INFO] - Flow-matching step: 5/100
[2025-12-03 01:58:23,507][__main__][INFO] - Flow-matching step: 6/100
[2025-12-03 01:58:27,258][__main__][INFO] - Flow-matching step: 7/100
[2025-12-03 01:58:31,008][__main__][INFO] - Flow-matching step: 8/100
[2025-12-03 01:58:34,753][__main__][INFO] - Flow-matching step: 9/100
[2025-12-03 01:58:38,501][__main__][INFO] - Flow-matching step: 10/100
[2025-12-03 01:58:42,241][__main__][INFO] - Flow-matching step: 11/100
[2025-12-03 01:58:45,980][__main__][INFO] - Flow-matching step: 12/100
[2025-12-03 01:58:49,743][__main__][INFO] - Flow-matching step: 13/100
[2025-12-03 01:58:53,489][__main__][INFO] - Flow-matching step: 14/100
[2025-12-03 01:58:57,226][__main__][INFO] - Flow-matching step: 15/100
[2025-12-03 01:59:00,976][__main__][INFO] - Flow-matching step: 16/100
[2025-12-03 01:59:04,734][__main__][INFO] - Flow-matching step: 17/100
[2025-12-03 01:59:08,495][__main__][INFO] - Flow-matching step: 18/100
[2025-12-03 01:59:12,243][__main__][INFO] - Flow-matching step: 19/100
[2025-12-03 01:59:15,991][__main__][INFO] - Flow-matching step: 20/100
[2025-12-03 01:59:19,746][__main__][INFO] - Flow-matching step: 21/100
[2025-12-03 01:59:23,491][__main__][INFO] - Flow-matching step: 22/100
[2025-12-03 01:59:27,216][__main__][INFO] - Flow-matching step: 23/100
[2025-12-03 01:59:30,959][__main__][INFO] - Flow-matching step: 24/100
[2025-12-03 01:59:34,686][__main__][INFO] - Flow-matching step: 25/100
[2025-12-03 01:59:38,441][__main__][INFO] - Flow-matching step: 26/100
[2025-12-03 01:59:42,199][__main__][INFO] - Flow-matching step: 27/100
[2025-12-03 01:59:45,955][__main__][INFO] - Flow-matching step: 28/100
[2025-12-03 01:59:49,720][__main__][INFO] - Flow-matching step: 29/100
[2025-12-03 01:59:53,489][__main__][INFO] - Flow-matching step: 30/100
[2025-12-03 01:59:57,248][__main__][INFO] - Flow-matching step: 31/100
[2025-12-03 02:00:01,018][__main__][INFO] - Flow-matching step: 32/100
[2025-12-03 02:00:04,784][__main__][INFO] - Flow-matching step: 33/100
[2025-12-03 02:00:08,537][__main__][INFO] - Flow-matching step: 34/100
[2025-12-03 02:00:12,291][__main__][INFO] - Flow-matching step: 35/100
[2025-12-03 02:00:16,029][__main__][INFO] - Flow-matching step: 36/100
[2025-12-03 02:00:19,777][__main__][INFO] - Flow-matching step: 37/100
[2025-12-03 02:00:23,513][__main__][INFO] - Flow-matching step: 38/100
[2025-12-03 02:00:27,272][__main__][INFO] - Flow-matching step: 39/100
[2025-12-03 02:00:31,015][__main__][INFO] - Flow-matching step: 40/100
[2025-12-03 02:00:34,748][__main__][INFO] - Flow-matching step: 41/100
[2025-12-03 02:00:38,489][__main__][INFO] - Flow-matching step: 42/100
[2025-12-03 02:00:42,252][__main__][INFO] - Flow-matching step: 43/100
[2025-12-03 02:00:45,981][__main__][INFO] - Flow-matching step: 44/100
[2025-12-03 02:00:49,698][__main__][INFO] - Flow-matching step: 45/100
[2025-12-03 02:00:53,435][__main__][INFO] - Flow-matching step: 46/100
[2025-12-03 02:00:57,173][__main__][INFO] - Flow-matching step: 47/100
[2025-12-03 02:01:00,914][__main__][INFO] - Flow-matching step: 48/100
[2025-12-03 02:01:04,669][__main__][INFO] - Flow-matching step: 49/100
[2025-12-03 02:01:08,420][__main__][INFO] - Flow-matching step: 50/100
[2025-12-03 02:01:12,140][__main__][INFO] - Flow-matching step: 51/100
[2025-12-03 02:01:15,871][__main__][INFO] - Flow-matching step: 52/100
[2025-12-03 02:01:19,610][__main__][INFO] - Flow-matching step: 53/100
[2025-12-03 02:01:23,368][__main__][INFO] - Flow-matching step: 54/100
[2025-12-03 02:01:27,124][__main__][INFO] - Flow-matching step: 55/100
[2025-12-03 02:01:30,887][__main__][INFO] - Flow-matching step: 56/100
[2025-12-03 02:01:34,659][__main__][INFO] - Flow-matching step: 57/100
[2025-12-03 02:01:38,417][__main__][INFO] - Flow-matching step: 58/100
[2025-12-03 02:01:42,182][__main__][INFO] - Flow-matching step: 59/100
[2025-12-03 02:01:45,953][__main__][INFO] - Flow-matching step: 60/100
[2025-12-03 02:01:49,726][__main__][INFO] - Flow-matching step: 61/100
[2025-12-03 02:01:53,492][__main__][INFO] - Flow-matching step: 62/100
[2025-12-03 02:01:57,260][__main__][INFO] - Flow-matching step: 63/100
[2025-12-03 02:02:01,033][__main__][INFO] - Flow-matching step: 64/100
[2025-12-03 02:02:04,782][__main__][INFO] - Flow-matching step: 65/100
[2025-12-03 02:02:08,541][__main__][INFO] - Flow-matching step: 66/100
[2025-12-03 02:02:12,301][__main__][INFO] - Flow-matching step: 67/100
[2025-12-03 02:02:16,062][__main__][INFO] - Flow-matching step: 68/100
[2025-12-03 02:02:19,811][__main__][INFO] - Flow-matching step: 69/100
[2025-12-03 02:02:23,574][__main__][INFO] - Flow-matching step: 70/100
[2025-12-03 02:02:27,336][__main__][INFO] - Flow-matching step: 71/100
[2025-12-03 02:02:31,094][__main__][INFO] - Flow-matching step: 72/100
[2025-12-03 02:02:34,822][__main__][INFO] - Flow-matching step: 73/100
[2025-12-03 02:02:38,576][__main__][INFO] - Flow-matching step: 74/100
[2025-12-03 02:02:42,324][__main__][INFO] - Flow-matching step: 75/100
[2025-12-03 02:02:46,058][__main__][INFO] - Flow-matching step: 76/100
[2025-12-03 02:02:49,793][__main__][INFO] - Flow-matching step: 77/100
[2025-12-03 02:02:53,537][__main__][INFO] - Flow-matching step: 78/100
[2025-12-03 02:02:57,280][__main__][INFO] - Flow-matching step: 79/100
[2025-12-03 02:03:01,029][__main__][INFO] - Flow-matching step: 80/100
[2025-12-03 02:03:04,782][__main__][INFO] - Flow-matching step: 81/100
[2025-12-03 02:03:08,535][__main__][INFO] - Flow-matching step: 82/100
[2025-12-03 02:03:12,286][__main__][INFO] - Flow-matching step: 83/100
[2025-12-03 02:03:16,060][__main__][INFO] - Flow-matching step: 84/100
[2025-12-03 02:03:19,843][__main__][INFO] - Flow-matching step: 85/100
[2025-12-03 02:03:23,611][__main__][INFO] - Flow-matching step: 86/100
[2025-12-03 02:03:27,377][__main__][INFO] - Flow-matching step: 87/100
[2025-12-03 02:03:31,130][__main__][INFO] - Flow-matching step: 88/100
[2025-12-03 02:03:34,898][__main__][INFO] - Flow-matching step: 89/100
[2025-12-03 02:03:38,670][__main__][INFO] - Flow-matching step: 90/100
[2025-12-03 02:03:42,452][__main__][INFO] - Flow-matching step: 91/100
[2025-12-03 02:03:46,235][__main__][INFO] - Flow-matching step: 92/100
[2025-12-03 02:03:50,020][__main__][INFO] - Flow-matching step: 93/100
[2025-12-03 02:03:53,781][__main__][INFO] - Flow-matching step: 94/100
[2025-12-03 02:03:57,557][__main__][INFO] - Flow-matching step: 95/100
[2025-12-03 02:04:01,338][__main__][INFO] - Flow-matching step: 96/100
[2025-12-03 02:04:05,101][__main__][INFO] - Flow-matching step: 97/100
[2025-12-03 02:04:08,857][__main__][INFO] - Flow-matching step: 98/100
[2025-12-03 02:04:12,619][__main__][INFO] - Flow-matching step: 99/100
[2025-12-03 02:04:16,372][__main__][INFO] - Flow-matching step: 100/100
[2025-12-03 02:04:39,365][__main__][INFO] - Finished design in 6.58 minutes
[2025-12-03 02:04:39,405][__main__][INFO] - out_prefix_suffixed='/home/woodbuse/publication/metallohydrolase/github/Computational_Design_of_Metallohydrolases_PrivateGitHub/RFdiffusion2_Tutorial/outputs/rfdiffusion2_out/from_PDB_structure__ZN_PROTEASE/pdb_00001qji__theozyme_HEHHYM__lig_TSA_ORI_01_LENGTH_170_190__1_1-atomized-bb-False', conf.inference.guidepost_xyz_as_design_bb=False
[2025-12-03 02:04:39,483][__main__][INFO] - Idealizing atomized sidechains for pX0 of the last step...
[2025-12-03 02:04:41,273][__main__][INFO] - design : /home/woodbuse/publication/metallohydrolase/github/Computational_Design_of_Metallohydrolases_PrivateGitHub/RFdiffusion2_Tutorial/outputs/rfdiffusion2_out/from_PDB_structure__ZN_PROTEASE/pdb_00001qji__theozyme_HEHHYM__lig_TSA_ORI_01_LENGTH_170_190__1_1-atomized-bb-False.pdb
