[2025-12-03 02:42:49,929][rf_diffusion.config.config_format][INFO] - Translating obsolete key: extra_t1d -> ['extra_tXd']
[2025-12-03 02:42:49,930][rf_diffusion.config.config_format][INFO] - Translating obsolete key: extra_t1d_params -> ['extra_tXd_params']
[2025-12-03 02:42:53,888][__main__][INFO] - Making design 0 of 0:2: /home/woodbuse/publication/metallohydrolase/github/Computational_Design_of_Metallohydrolases_PrivateGitHub/RFdiffusion2_Tutorial/outputs/rfdiffusion2_out/from_quantum_chemistry__ZN_ESTERASE/ZETA_2__theozyme_optTS_geom_HHHE__lig_SZD_artificialBB_ORI_05_LENGTH_140_170__1_0
[2025-12-03 02:42:54,187][se3_flow_matching.data.so3_utils][INFO] - Data loaded from .cache/cache_igso3_s0.100-1.500-1000_l1000_o1000-3.npz
[2025-12-03 02:42:54,265][__main__][INFO] - Flow-matching step: 1/100
[2025-12-03 02:42:58,738][__main__][INFO] - Flow-matching step: 2/100
[2025-12-03 02:43:01,671][__main__][INFO] - Flow-matching step: 3/100
[2025-12-03 02:43:04,607][__main__][INFO] - Flow-matching step: 4/100
[2025-12-03 02:43:07,539][__main__][INFO] - Flow-matching step: 5/100
[2025-12-03 02:43:10,457][__main__][INFO] - Flow-matching step: 6/100
[2025-12-03 02:43:13,390][__main__][INFO] - Flow-matching step: 7/100
[2025-12-03 02:43:16,318][__main__][INFO] - Flow-matching step: 8/100
[2025-12-03 02:43:19,253][__main__][INFO] - Flow-matching step: 9/100
[2025-12-03 02:43:22,183][__main__][INFO] - Flow-matching step: 10/100
[2025-12-03 02:43:25,136][__main__][INFO] - Flow-matching step: 11/100
[2025-12-03 02:43:28,087][__main__][INFO] - Flow-matching step: 12/100
[2025-12-03 02:43:31,042][__main__][INFO] - Flow-matching step: 13/100
[2025-12-03 02:43:33,987][__main__][INFO] - Flow-matching step: 14/100
[2025-12-03 02:43:36,934][__main__][INFO] - Flow-matching step: 15/100
[2025-12-03 02:43:39,881][__main__][INFO] - Flow-matching step: 16/100
[2025-12-03 02:43:42,827][__main__][INFO] - Flow-matching step: 17/100
[2025-12-03 02:43:45,773][__main__][INFO] - Flow-matching step: 18/100
[2025-12-03 02:43:48,713][__main__][INFO] - Flow-matching step: 19/100
[2025-12-03 02:43:51,663][__main__][INFO] - Flow-matching step: 20/100
[2025-12-03 02:43:54,626][__main__][INFO] - Flow-matching step: 21/100
[2025-12-03 02:43:57,572][__main__][INFO] - Flow-matching step: 22/100
[2025-12-03 02:44:00,498][__main__][INFO] - Flow-matching step: 23/100
[2025-12-03 02:44:03,433][__main__][INFO] - Flow-matching step: 24/100
[2025-12-03 02:44:06,379][__main__][INFO] - Flow-matching step: 25/100
[2025-12-03 02:44:09,293][__main__][INFO] - Flow-matching step: 26/100
[2025-12-03 02:44:12,193][__main__][INFO] - Flow-matching step: 27/100
[2025-12-03 02:44:15,108][__main__][INFO] - Flow-matching step: 28/100
[2025-12-03 02:44:18,025][__main__][INFO] - Flow-matching step: 29/100
[2025-12-03 02:44:20,931][__main__][INFO] - Flow-matching step: 30/100
[2025-12-03 02:44:23,832][__main__][INFO] - Flow-matching step: 31/100
[2025-12-03 02:44:26,754][__main__][INFO] - Flow-matching step: 32/100
[2025-12-03 02:44:29,666][__main__][INFO] - Flow-matching step: 33/100
[2025-12-03 02:44:32,581][__main__][INFO] - Flow-matching step: 34/100
[2025-12-03 02:44:35,469][__main__][INFO] - Flow-matching step: 35/100
[2025-12-03 02:44:38,357][__main__][INFO] - Flow-matching step: 36/100
[2025-12-03 02:44:41,239][__main__][INFO] - Flow-matching step: 37/100
[2025-12-03 02:44:44,125][__main__][INFO] - Flow-matching step: 38/100
[2025-12-03 02:44:47,009][__main__][INFO] - Flow-matching step: 39/100
[2025-12-03 02:44:49,891][__main__][INFO] - Flow-matching step: 40/100
[2025-12-03 02:44:52,783][__main__][INFO] - Flow-matching step: 41/100
[2025-12-03 02:44:55,692][__main__][INFO] - Flow-matching step: 42/100
[2025-12-03 02:44:58,570][__main__][INFO] - Flow-matching step: 43/100
[2025-12-03 02:45:01,475][__main__][INFO] - Flow-matching step: 44/100
[2025-12-03 02:45:04,398][__main__][INFO] - Flow-matching step: 45/100
[2025-12-03 02:45:07,317][__main__][INFO] - Flow-matching step: 46/100
[2025-12-03 02:45:10,232][__main__][INFO] - Flow-matching step: 47/100
[2025-12-03 02:45:13,167][__main__][INFO] - Flow-matching step: 48/100
[2025-12-03 02:45:16,104][__main__][INFO] - Flow-matching step: 49/100
[2025-12-03 02:45:19,064][__main__][INFO] - Flow-matching step: 50/100
[2025-12-03 02:45:22,025][__main__][INFO] - Flow-matching step: 51/100
[2025-12-03 02:45:24,977][__main__][INFO] - Flow-matching step: 52/100
[2025-12-03 02:45:27,918][__main__][INFO] - Flow-matching step: 53/100
[2025-12-03 02:45:30,846][__main__][INFO] - Flow-matching step: 54/100
[2025-12-03 02:45:33,785][__main__][INFO] - Flow-matching step: 55/100
[2025-12-03 02:45:36,715][__main__][INFO] - Flow-matching step: 56/100
[2025-12-03 02:45:39,647][__main__][INFO] - Flow-matching step: 57/100
[2025-12-03 02:45:42,585][__main__][INFO] - Flow-matching step: 58/100
[2025-12-03 02:45:45,514][__main__][INFO] - Flow-matching step: 59/100
[2025-12-03 02:45:48,448][__main__][INFO] - Flow-matching step: 60/100
[2025-12-03 02:45:51,407][__main__][INFO] - Flow-matching step: 61/100
[2025-12-03 02:45:54,329][__main__][INFO] - Flow-matching step: 62/100
[2025-12-03 02:45:57,272][__main__][INFO] - Flow-matching step: 63/100
[2025-12-03 02:46:00,207][__main__][INFO] - Flow-matching step: 64/100
[2025-12-03 02:46:03,148][__main__][INFO] - Flow-matching step: 65/100
[2025-12-03 02:46:06,105][__main__][INFO] - Flow-matching step: 66/100
[2025-12-03 02:46:09,059][__main__][INFO] - Flow-matching step: 67/100
[2025-12-03 02:46:12,009][__main__][INFO] - Flow-matching step: 68/100
[2025-12-03 02:46:14,961][__main__][INFO] - Flow-matching step: 69/100
[2025-12-03 02:46:17,896][__main__][INFO] - Flow-matching step: 70/100
[2025-12-03 02:46:20,842][__main__][INFO] - Flow-matching step: 71/100
[2025-12-03 02:46:23,769][__main__][INFO] - Flow-matching step: 72/100
[2025-12-03 02:46:26,675][__main__][INFO] - Flow-matching step: 73/100
[2025-12-03 02:46:29,587][__main__][INFO] - Flow-matching step: 74/100
[2025-12-03 02:46:32,491][__main__][INFO] - Flow-matching step: 75/100
[2025-12-03 02:46:35,392][__main__][INFO] - Flow-matching step: 76/100
[2025-12-03 02:46:38,301][__main__][INFO] - Flow-matching step: 77/100
[2025-12-03 02:46:41,220][__main__][INFO] - Flow-matching step: 78/100
[2025-12-03 02:46:44,149][__main__][INFO] - Flow-matching step: 79/100
[2025-12-03 02:46:47,062][__main__][INFO] - Flow-matching step: 80/100
[2025-12-03 02:46:49,980][__main__][INFO] - Flow-matching step: 81/100
[2025-12-03 02:46:52,889][__main__][INFO] - Flow-matching step: 82/100
[2025-12-03 02:46:55,800][__main__][INFO] - Flow-matching step: 83/100
[2025-12-03 02:46:58,706][__main__][INFO] - Flow-matching step: 84/100
[2025-12-03 02:47:01,612][__main__][INFO] - Flow-matching step: 85/100
[2025-12-03 02:47:04,540][__main__][INFO] - Flow-matching step: 86/100
[2025-12-03 02:47:07,455][__main__][INFO] - Flow-matching step: 87/100
[2025-12-03 02:47:10,358][__main__][INFO] - Flow-matching step: 88/100
[2025-12-03 02:47:13,278][__main__][INFO] - Flow-matching step: 89/100
[2025-12-03 02:47:16,187][__main__][INFO] - Flow-matching step: 90/100
[2025-12-03 02:47:19,115][__main__][INFO] - Flow-matching step: 91/100
[2025-12-03 02:47:22,026][__main__][INFO] - Flow-matching step: 92/100
[2025-12-03 02:47:24,932][__main__][INFO] - Flow-matching step: 93/100
[2025-12-03 02:47:27,856][__main__][INFO] - Flow-matching step: 94/100
[2025-12-03 02:47:30,794][__main__][INFO] - Flow-matching step: 95/100
[2025-12-03 02:47:33,728][__main__][INFO] - Flow-matching step: 96/100
[2025-12-03 02:47:36,674][__main__][INFO] - Flow-matching step: 97/100
[2025-12-03 02:47:39,627][__main__][INFO] - Flow-matching step: 98/100
[2025-12-03 02:47:42,571][__main__][INFO] - Flow-matching step: 99/100
[2025-12-03 02:47:45,506][__main__][INFO] - Flow-matching step: 100/100
[2025-12-03 02:47:58,512][__main__][INFO] - Finished design in 5.08 minutes
[2025-12-03 02:47:58,556][__main__][INFO] - out_prefix_suffixed='/home/woodbuse/publication/metallohydrolase/github/Computational_Design_of_Metallohydrolases_PrivateGitHub/RFdiffusion2_Tutorial/outputs/rfdiffusion2_out/from_quantum_chemistry__ZN_ESTERASE/ZETA_2__theozyme_optTS_geom_HHHE__lig_SZD_artificialBB_ORI_05_LENGTH_140_170__1_0-atomized-bb-False', conf.inference.guidepost_xyz_as_design_bb=False
[2025-12-03 02:47:58,636][__main__][INFO] - Idealizing atomized sidechains for pX0 of the last step...
[2025-12-03 02:48:00,865][__main__][INFO] - design : /home/woodbuse/publication/metallohydrolase/github/Computational_Design_of_Metallohydrolases_PrivateGitHub/RFdiffusion2_Tutorial/outputs/rfdiffusion2_out/from_quantum_chemistry__ZN_ESTERASE/ZETA_2__theozyme_optTS_geom_HHHE__lig_SZD_artificialBB_ORI_05_LENGTH_140_170__1_0-atomized-bb-False.pdb
[2025-12-03 02:48:00,866][__main__][INFO] - Making design 1 of 0:2: /home/woodbuse/publication/metallohydrolase/github/Computational_Design_of_Metallohydrolases_PrivateGitHub/RFdiffusion2_Tutorial/outputs/rfdiffusion2_out/from_quantum_chemistry__ZN_ESTERASE/ZETA_2__theozyme_optTS_geom_HHHE__lig_SZD_artificialBB_ORI_05_LENGTH_140_170__1_1
[2025-12-03 02:48:01,149][__main__][INFO] - Flow-matching step: 1/100
[2025-12-03 02:48:03,943][__main__][INFO] - Flow-matching step: 2/100
[2025-12-03 02:48:06,751][__main__][INFO] - Flow-matching step: 3/100
[2025-12-03 02:48:09,560][__main__][INFO] - Flow-matching step: 4/100
[2025-12-03 02:48:12,367][__main__][INFO] - Flow-matching step: 5/100
[2025-12-03 02:48:15,162][__main__][INFO] - Flow-matching step: 6/100
[2025-12-03 02:48:17,951][__main__][INFO] - Flow-matching step: 7/100
[2025-12-03 02:48:20,729][__main__][INFO] - Flow-matching step: 8/100
[2025-12-03 02:48:23,504][__main__][INFO] - Flow-matching step: 9/100
[2025-12-03 02:48:26,290][__main__][INFO] - Flow-matching step: 10/100
[2025-12-03 02:48:29,093][__main__][INFO] - Flow-matching step: 11/100
[2025-12-03 02:48:31,892][__main__][INFO] - Flow-matching step: 12/100
[2025-12-03 02:48:34,676][__main__][INFO] - Flow-matching step: 13/100
[2025-12-03 02:48:37,466][__main__][INFO] - Flow-matching step: 14/100
[2025-12-03 02:48:40,270][__main__][INFO] - Flow-matching step: 15/100
[2025-12-03 02:48:43,057][__main__][INFO] - Flow-matching step: 16/100
[2025-12-03 02:48:45,845][__main__][INFO] - Flow-matching step: 17/100
[2025-12-03 02:48:48,636][__main__][INFO] - Flow-matching step: 18/100
[2025-12-03 02:48:51,428][__main__][INFO] - Flow-matching step: 19/100
[2025-12-03 02:48:54,221][__main__][INFO] - Flow-matching step: 20/100
[2025-12-03 02:48:57,020][__main__][INFO] - Flow-matching step: 21/100
[2025-12-03 02:48:59,812][__main__][INFO] - Flow-matching step: 22/100
[2025-12-03 02:49:02,607][__main__][INFO] - Flow-matching step: 23/100
[2025-12-03 02:49:05,414][__main__][INFO] - Flow-matching step: 24/100
[2025-12-03 02:49:08,203][__main__][INFO] - Flow-matching step: 25/100
[2025-12-03 02:49:10,990][__main__][INFO] - Flow-matching step: 26/100
[2025-12-03 02:49:13,769][__main__][INFO] - Flow-matching step: 27/100
[2025-12-03 02:49:16,546][__main__][INFO] - Flow-matching step: 28/100
[2025-12-03 02:49:19,345][__main__][INFO] - Flow-matching step: 29/100
[2025-12-03 02:49:22,135][__main__][INFO] - Flow-matching step: 30/100
[2025-12-03 02:49:24,926][__main__][INFO] - Flow-matching step: 31/100
[2025-12-03 02:49:27,707][__main__][INFO] - Flow-matching step: 32/100
[2025-12-03 02:49:30,509][__main__][INFO] - Flow-matching step: 33/100
[2025-12-03 02:49:33,299][__main__][INFO] - Flow-matching step: 34/100
[2025-12-03 02:49:36,087][__main__][INFO] - Flow-matching step: 35/100
[2025-12-03 02:49:38,879][__main__][INFO] - Flow-matching step: 36/100
[2025-12-03 02:49:41,688][__main__][INFO] - Flow-matching step: 37/100
[2025-12-03 02:49:44,495][__main__][INFO] - Flow-matching step: 38/100
[2025-12-03 02:49:47,333][__main__][INFO] - Flow-matching step: 39/100
[2025-12-03 02:49:50,164][__main__][INFO] - Flow-matching step: 40/100
[2025-12-03 02:49:53,005][__main__][INFO] - Flow-matching step: 41/100
[2025-12-03 02:49:55,851][__main__][INFO] - Flow-matching step: 42/100
[2025-12-03 02:49:58,678][__main__][INFO] - Flow-matching step: 43/100
[2025-12-03 02:50:01,485][__main__][INFO] - Flow-matching step: 44/100
[2025-12-03 02:50:04,319][__main__][INFO] - Flow-matching step: 45/100
[2025-12-03 02:50:07,135][__main__][INFO] - Flow-matching step: 46/100
[2025-12-03 02:50:09,954][__main__][INFO] - Flow-matching step: 47/100
[2025-12-03 02:50:12,772][__main__][INFO] - Flow-matching step: 48/100
[2025-12-03 02:50:15,593][__main__][INFO] - Flow-matching step: 49/100
[2025-12-03 02:50:18,419][__main__][INFO] - Flow-matching step: 50/100
[2025-12-03 02:50:21,229][__main__][INFO] - Flow-matching step: 51/100
[2025-12-03 02:50:24,046][__main__][INFO] - Flow-matching step: 52/100
[2025-12-03 02:50:26,868][__main__][INFO] - Flow-matching step: 53/100
[2025-12-03 02:50:29,681][__main__][INFO] - Flow-matching step: 54/100
[2025-12-03 02:50:32,495][__main__][INFO] - Flow-matching step: 55/100
[2025-12-03 02:50:35,322][__main__][INFO] - Flow-matching step: 56/100
[2025-12-03 02:50:38,126][__main__][INFO] - Flow-matching step: 57/100
[2025-12-03 02:50:40,930][__main__][INFO] - Flow-matching step: 58/100
[2025-12-03 02:50:43,739][__main__][INFO] - Flow-matching step: 59/100
[2025-12-03 02:50:46,545][__main__][INFO] - Flow-matching step: 60/100
[2025-12-03 02:50:49,348][__main__][INFO] - Flow-matching step: 61/100
[2025-12-03 02:50:52,126][__main__][INFO] - Flow-matching step: 62/100
[2025-12-03 02:50:54,916][__main__][INFO] - Flow-matching step: 63/100
[2025-12-03 02:50:57,707][__main__][INFO] - Flow-matching step: 64/100
[2025-12-03 02:51:00,487][__main__][INFO] - Flow-matching step: 65/100
[2025-12-03 02:51:03,265][__main__][INFO] - Flow-matching step: 66/100
[2025-12-03 02:51:06,043][__main__][INFO] - Flow-matching step: 67/100
[2025-12-03 02:51:08,813][__main__][INFO] - Flow-matching step: 68/100
[2025-12-03 02:51:11,595][__main__][INFO] - Flow-matching step: 69/100
[2025-12-03 02:51:14,392][__main__][INFO] - Flow-matching step: 70/100
[2025-12-03 02:51:17,208][__main__][INFO] - Flow-matching step: 71/100
[2025-12-03 02:51:20,010][__main__][INFO] - Flow-matching step: 72/100
[2025-12-03 02:51:22,821][__main__][INFO] - Flow-matching step: 73/100
[2025-12-03 02:51:25,617][__main__][INFO] - Flow-matching step: 74/100
[2025-12-03 02:51:28,419][__main__][INFO] - Flow-matching step: 75/100
[2025-12-03 02:51:31,204][__main__][INFO] - Flow-matching step: 76/100
[2025-12-03 02:51:34,005][__main__][INFO] - Flow-matching step: 77/100
[2025-12-03 02:51:36,803][__main__][INFO] - Flow-matching step: 78/100
[2025-12-03 02:51:39,588][__main__][INFO] - Flow-matching step: 79/100
[2025-12-03 02:51:42,381][__main__][INFO] - Flow-matching step: 80/100
[2025-12-03 02:51:45,158][__main__][INFO] - Flow-matching step: 81/100
[2025-12-03 02:51:47,963][__main__][INFO] - Flow-matching step: 82/100
[2025-12-03 02:51:50,762][__main__][INFO] - Flow-matching step: 83/100
[2025-12-03 02:51:53,554][__main__][INFO] - Flow-matching step: 84/100
[2025-12-03 02:51:56,334][__main__][INFO] - Flow-matching step: 85/100
[2025-12-03 02:51:59,148][__main__][INFO] - Flow-matching step: 86/100
[2025-12-03 02:52:01,974][__main__][INFO] - Flow-matching step: 87/100
[2025-12-03 02:52:04,817][__main__][INFO] - Flow-matching step: 88/100
[2025-12-03 02:52:07,638][__main__][INFO] - Flow-matching step: 89/100
[2025-12-03 02:52:10,478][__main__][INFO] - Flow-matching step: 90/100
[2025-12-03 02:52:13,331][__main__][INFO] - Flow-matching step: 91/100
[2025-12-03 02:52:16,162][__main__][INFO] - Flow-matching step: 92/100
[2025-12-03 02:52:18,992][__main__][INFO] - Flow-matching step: 93/100
[2025-12-03 02:52:21,824][__main__][INFO] - Flow-matching step: 94/100
[2025-12-03 02:52:24,647][__main__][INFO] - Flow-matching step: 95/100
[2025-12-03 02:52:27,467][__main__][INFO] - Flow-matching step: 96/100
[2025-12-03 02:52:30,267][__main__][INFO] - Flow-matching step: 97/100
[2025-12-03 02:52:33,070][__main__][INFO] - Flow-matching step: 98/100
[2025-12-03 02:52:35,878][__main__][INFO] - Flow-matching step: 99/100
[2025-12-03 02:52:38,691][__main__][INFO] - Flow-matching step: 100/100
[2025-12-03 02:52:51,141][__main__][INFO] - Finished design in 4.84 minutes
[2025-12-03 02:52:51,185][__main__][INFO] - out_prefix_suffixed='/home/woodbuse/publication/metallohydrolase/github/Computational_Design_of_Metallohydrolases_PrivateGitHub/RFdiffusion2_Tutorial/outputs/rfdiffusion2_out/from_quantum_chemistry__ZN_ESTERASE/ZETA_2__theozyme_optTS_geom_HHHE__lig_SZD_artificialBB_ORI_05_LENGTH_140_170__1_1-atomized-bb-False', conf.inference.guidepost_xyz_as_design_bb=False
[2025-12-03 02:52:51,489][__main__][INFO] - Idealizing atomized sidechains for pX0 of the last step...
[2025-12-03 02:52:53,309][__main__][INFO] - design : /home/woodbuse/publication/metallohydrolase/github/Computational_Design_of_Metallohydrolases_PrivateGitHub/RFdiffusion2_Tutorial/outputs/rfdiffusion2_out/from_quantum_chemistry__ZN_ESTERASE/ZETA_2__theozyme_optTS_geom_HHHE__lig_SZD_artificialBB_ORI_05_LENGTH_140_170__1_1-atomized-bb-False.pdb
