[2025-12-03 02:53:08,405][rf_diffusion.config.config_format][INFO] - Translating obsolete key: extra_t1d_params -> ['extra_tXd_params']
[2025-12-03 02:53:08,406][rf_diffusion.config.config_format][INFO] - Translating obsolete key: extra_t1d -> ['extra_tXd']
[2025-12-03 02:53:12,308][__main__][INFO] - Making design 0 of 0:2: /home/woodbuse/publication/metallohydrolase/github/Computational_Design_of_Metallohydrolases_PrivateGitHub/RFdiffusion2_Tutorial/outputs/rfdiffusion2_out/from_quantum_chemistry__ZN_ESTERASE/ZETA_2__theozyme_optTS_geom_HHHE__lig_SZD_artificialBB_ORI_06_LENGTH_140_170__1_0
[2025-12-03 02:53:12,547][se3_flow_matching.data.so3_utils][INFO] - Data loaded from .cache/cache_igso3_s0.100-1.500-1000_l1000_o1000-3.npz
[2025-12-03 02:53:12,612][__main__][INFO] - Flow-matching step: 1/100
[2025-12-03 02:53:16,595][__main__][INFO] - Flow-matching step: 2/100
[2025-12-03 02:53:19,055][__main__][INFO] - Flow-matching step: 3/100
[2025-12-03 02:53:21,505][__main__][INFO] - Flow-matching step: 4/100
[2025-12-03 02:53:23,978][__main__][INFO] - Flow-matching step: 5/100
[2025-12-03 02:53:26,440][__main__][INFO] - Flow-matching step: 6/100
[2025-12-03 02:53:28,890][__main__][INFO] - Flow-matching step: 7/100
[2025-12-03 02:53:31,349][__main__][INFO] - Flow-matching step: 8/100
[2025-12-03 02:53:33,801][__main__][INFO] - Flow-matching step: 9/100
[2025-12-03 02:53:36,262][__main__][INFO] - Flow-matching step: 10/100
[2025-12-03 02:53:38,709][__main__][INFO] - Flow-matching step: 11/100
[2025-12-03 02:53:41,157][__main__][INFO] - Flow-matching step: 12/100
[2025-12-03 02:53:43,616][__main__][INFO] - Flow-matching step: 13/100
[2025-12-03 02:53:46,102][__main__][INFO] - Flow-matching step: 14/100
[2025-12-03 02:53:48,610][__main__][INFO] - Flow-matching step: 15/100
[2025-12-03 02:53:51,131][__main__][INFO] - Flow-matching step: 16/100
[2025-12-03 02:53:53,634][__main__][INFO] - Flow-matching step: 17/100
[2025-12-03 02:53:56,134][__main__][INFO] - Flow-matching step: 18/100
[2025-12-03 02:53:58,632][__main__][INFO] - Flow-matching step: 19/100
[2025-12-03 02:54:01,126][__main__][INFO] - Flow-matching step: 20/100
[2025-12-03 02:54:03,619][__main__][INFO] - Flow-matching step: 21/100
[2025-12-03 02:54:06,119][__main__][INFO] - Flow-matching step: 22/100
[2025-12-03 02:54:08,601][__main__][INFO] - Flow-matching step: 23/100
[2025-12-03 02:54:11,097][__main__][INFO] - Flow-matching step: 24/100
[2025-12-03 02:54:13,597][__main__][INFO] - Flow-matching step: 25/100
[2025-12-03 02:54:16,108][__main__][INFO] - Flow-matching step: 26/100
[2025-12-03 02:54:18,630][__main__][INFO] - Flow-matching step: 27/100
[2025-12-03 02:54:21,176][__main__][INFO] - Flow-matching step: 28/100
[2025-12-03 02:54:23,709][__main__][INFO] - Flow-matching step: 29/100
[2025-12-03 02:54:26,243][__main__][INFO] - Flow-matching step: 30/100
[2025-12-03 02:54:28,781][__main__][INFO] - Flow-matching step: 31/100
[2025-12-03 02:54:31,328][__main__][INFO] - Flow-matching step: 32/100
[2025-12-03 02:54:33,868][__main__][INFO] - Flow-matching step: 33/100
[2025-12-03 02:54:36,403][__main__][INFO] - Flow-matching step: 34/100
[2025-12-03 02:54:38,939][__main__][INFO] - Flow-matching step: 35/100
[2025-12-03 02:54:41,461][__main__][INFO] - Flow-matching step: 36/100
[2025-12-03 02:54:43,987][__main__][INFO] - Flow-matching step: 37/100
[2025-12-03 02:54:46,496][__main__][INFO] - Flow-matching step: 38/100
[2025-12-03 02:54:49,026][__main__][INFO] - Flow-matching step: 39/100
[2025-12-03 02:54:51,548][__main__][INFO] - Flow-matching step: 40/100
[2025-12-03 02:54:54,078][__main__][INFO] - Flow-matching step: 41/100
[2025-12-03 02:54:56,611][__main__][INFO] - Flow-matching step: 42/100
[2025-12-03 02:54:59,150][__main__][INFO] - Flow-matching step: 43/100
[2025-12-03 02:55:01,687][__main__][INFO] - Flow-matching step: 44/100
[2025-12-03 02:55:04,233][__main__][INFO] - Flow-matching step: 45/100
[2025-12-03 02:55:06,759][__main__][INFO] - Flow-matching step: 46/100
[2025-12-03 02:55:09,285][__main__][INFO] - Flow-matching step: 47/100
[2025-12-03 02:55:11,794][__main__][INFO] - Flow-matching step: 48/100
[2025-12-03 02:55:14,304][__main__][INFO] - Flow-matching step: 49/100
[2025-12-03 02:55:16,810][__main__][INFO] - Flow-matching step: 50/100
[2025-12-03 02:55:19,331][__main__][INFO] - Flow-matching step: 51/100
[2025-12-03 02:55:21,862][__main__][INFO] - Flow-matching step: 52/100
[2025-12-03 02:55:24,372][__main__][INFO] - Flow-matching step: 53/100
[2025-12-03 02:55:26,864][__main__][INFO] - Flow-matching step: 54/100
[2025-12-03 02:55:29,356][__main__][INFO] - Flow-matching step: 55/100
[2025-12-03 02:55:31,857][__main__][INFO] - Flow-matching step: 56/100
[2025-12-03 02:55:34,353][__main__][INFO] - Flow-matching step: 57/100
[2025-12-03 02:55:36,831][__main__][INFO] - Flow-matching step: 58/100
[2025-12-03 02:55:39,309][__main__][INFO] - Flow-matching step: 59/100
[2025-12-03 02:55:41,780][__main__][INFO] - Flow-matching step: 60/100
[2025-12-03 02:55:44,268][__main__][INFO] - Flow-matching step: 61/100
[2025-12-03 02:55:46,764][__main__][INFO] - Flow-matching step: 62/100
[2025-12-03 02:55:49,252][__main__][INFO] - Flow-matching step: 63/100
[2025-12-03 02:55:51,737][__main__][INFO] - Flow-matching step: 64/100
[2025-12-03 02:55:54,215][__main__][INFO] - Flow-matching step: 65/100
[2025-12-03 02:55:56,693][__main__][INFO] - Flow-matching step: 66/100
[2025-12-03 02:55:59,174][__main__][INFO] - Flow-matching step: 67/100
[2025-12-03 02:56:01,652][__main__][INFO] - Flow-matching step: 68/100
[2025-12-03 02:56:04,146][__main__][INFO] - Flow-matching step: 69/100
[2025-12-03 02:56:06,629][__main__][INFO] - Flow-matching step: 70/100
[2025-12-03 02:56:09,112][__main__][INFO] - Flow-matching step: 71/100
[2025-12-03 02:56:11,585][__main__][INFO] - Flow-matching step: 72/100
[2025-12-03 02:56:14,055][__main__][INFO] - Flow-matching step: 73/100
[2025-12-03 02:56:16,536][__main__][INFO] - Flow-matching step: 74/100
[2025-12-03 02:56:19,031][__main__][INFO] - Flow-matching step: 75/100
[2025-12-03 02:56:21,521][__main__][INFO] - Flow-matching step: 76/100
[2025-12-03 02:56:24,018][__main__][INFO] - Flow-matching step: 77/100
[2025-12-03 02:56:26,523][__main__][INFO] - Flow-matching step: 78/100
[2025-12-03 02:56:29,041][__main__][INFO] - Flow-matching step: 79/100
[2025-12-03 02:56:31,555][__main__][INFO] - Flow-matching step: 80/100
[2025-12-03 02:56:34,088][__main__][INFO] - Flow-matching step: 81/100
[2025-12-03 02:56:36,625][__main__][INFO] - Flow-matching step: 82/100
[2025-12-03 02:56:39,162][__main__][INFO] - Flow-matching step: 83/100
[2025-12-03 02:56:41,676][__main__][INFO] - Flow-matching step: 84/100
[2025-12-03 02:56:44,217][__main__][INFO] - Flow-matching step: 85/100
[2025-12-03 02:56:46,751][__main__][INFO] - Flow-matching step: 86/100
[2025-12-03 02:56:49,307][__main__][INFO] - Flow-matching step: 87/100
[2025-12-03 02:56:51,850][__main__][INFO] - Flow-matching step: 88/100
[2025-12-03 02:56:54,368][__main__][INFO] - Flow-matching step: 89/100
[2025-12-03 02:56:56,902][__main__][INFO] - Flow-matching step: 90/100
[2025-12-03 02:56:59,422][__main__][INFO] - Flow-matching step: 91/100
[2025-12-03 02:57:01,947][__main__][INFO] - Flow-matching step: 92/100
[2025-12-03 02:57:04,472][__main__][INFO] - Flow-matching step: 93/100
[2025-12-03 02:57:06,982][__main__][INFO] - Flow-matching step: 94/100
[2025-12-03 02:57:09,508][__main__][INFO] - Flow-matching step: 95/100
[2025-12-03 02:57:12,041][__main__][INFO] - Flow-matching step: 96/100
[2025-12-03 02:57:14,585][__main__][INFO] - Flow-matching step: 97/100
[2025-12-03 02:57:17,133][__main__][INFO] - Flow-matching step: 98/100
[2025-12-03 02:57:19,662][__main__][INFO] - Flow-matching step: 99/100
[2025-12-03 02:57:22,182][__main__][INFO] - Flow-matching step: 100/100
[2025-12-03 02:57:33,992][__main__][INFO] - Finished design in 4.36 minutes
[2025-12-03 02:57:34,035][__main__][INFO] - out_prefix_suffixed='/home/woodbuse/publication/metallohydrolase/github/Computational_Design_of_Metallohydrolases_PrivateGitHub/RFdiffusion2_Tutorial/outputs/rfdiffusion2_out/from_quantum_chemistry__ZN_ESTERASE/ZETA_2__theozyme_optTS_geom_HHHE__lig_SZD_artificialBB_ORI_06_LENGTH_140_170__1_0-atomized-bb-False', conf.inference.guidepost_xyz_as_design_bb=False
[2025-12-03 02:57:34,102][__main__][INFO] - Idealizing atomized sidechains for pX0 of the last step...
[2025-12-03 02:57:36,416][__main__][INFO] - design : /home/woodbuse/publication/metallohydrolase/github/Computational_Design_of_Metallohydrolases_PrivateGitHub/RFdiffusion2_Tutorial/outputs/rfdiffusion2_out/from_quantum_chemistry__ZN_ESTERASE/ZETA_2__theozyme_optTS_geom_HHHE__lig_SZD_artificialBB_ORI_06_LENGTH_140_170__1_0-atomized-bb-False.pdb
[2025-12-03 02:57:36,417][__main__][INFO] - Making design 1 of 0:2: /home/woodbuse/publication/metallohydrolase/github/Computational_Design_of_Metallohydrolases_PrivateGitHub/RFdiffusion2_Tutorial/outputs/rfdiffusion2_out/from_quantum_chemistry__ZN_ESTERASE/ZETA_2__theozyme_optTS_geom_HHHE__lig_SZD_artificialBB_ORI_06_LENGTH_140_170__1_1
[2025-12-03 02:57:36,691][__main__][INFO] - Flow-matching step: 1/100
[2025-12-03 02:57:39,364][__main__][INFO] - Flow-matching step: 2/100
[2025-12-03 02:57:42,027][__main__][INFO] - Flow-matching step: 3/100
[2025-12-03 02:57:44,674][__main__][INFO] - Flow-matching step: 4/100
[2025-12-03 02:57:47,312][__main__][INFO] - Flow-matching step: 5/100
[2025-12-03 02:57:49,979][__main__][INFO] - Flow-matching step: 6/100
[2025-12-03 02:57:52,628][__main__][INFO] - Flow-matching step: 7/100
[2025-12-03 02:57:55,251][__main__][INFO] - Flow-matching step: 8/100
[2025-12-03 02:57:57,880][__main__][INFO] - Flow-matching step: 9/100
[2025-12-03 02:58:00,504][__main__][INFO] - Flow-matching step: 10/100
[2025-12-03 02:58:03,142][__main__][INFO] - Flow-matching step: 11/100
[2025-12-03 02:58:05,796][__main__][INFO] - Flow-matching step: 12/100
[2025-12-03 02:58:08,475][__main__][INFO] - Flow-matching step: 13/100
[2025-12-03 02:58:11,131][__main__][INFO] - Flow-matching step: 14/100
[2025-12-03 02:58:13,771][__main__][INFO] - Flow-matching step: 15/100
[2025-12-03 02:58:16,416][__main__][INFO] - Flow-matching step: 16/100
[2025-12-03 02:58:19,063][__main__][INFO] - Flow-matching step: 17/100
[2025-12-03 02:58:21,720][__main__][INFO] - Flow-matching step: 18/100
[2025-12-03 02:58:24,360][__main__][INFO] - Flow-matching step: 19/100
[2025-12-03 02:58:27,007][__main__][INFO] - Flow-matching step: 20/100
[2025-12-03 02:58:29,660][__main__][INFO] - Flow-matching step: 21/100
[2025-12-03 02:58:32,314][__main__][INFO] - Flow-matching step: 22/100
[2025-12-03 02:58:34,972][__main__][INFO] - Flow-matching step: 23/100
[2025-12-03 02:58:37,631][__main__][INFO] - Flow-matching step: 24/100
[2025-12-03 02:58:40,284][__main__][INFO] - Flow-matching step: 25/100
[2025-12-03 02:58:42,921][__main__][INFO] - Flow-matching step: 26/100
[2025-12-03 02:58:45,581][__main__][INFO] - Flow-matching step: 27/100
[2025-12-03 02:58:48,238][__main__][INFO] - Flow-matching step: 28/100
[2025-12-03 02:58:50,905][__main__][INFO] - Flow-matching step: 29/100
[2025-12-03 02:58:53,585][__main__][INFO] - Flow-matching step: 30/100
[2025-12-03 02:58:56,283][__main__][INFO] - Flow-matching step: 31/100
[2025-12-03 02:58:58,978][__main__][INFO] - Flow-matching step: 32/100
[2025-12-03 02:59:01,688][__main__][INFO] - Flow-matching step: 33/100
[2025-12-03 02:59:04,438][__main__][INFO] - Flow-matching step: 34/100
[2025-12-03 02:59:07,171][__main__][INFO] - Flow-matching step: 35/100
[2025-12-03 02:59:09,900][__main__][INFO] - Flow-matching step: 36/100
[2025-12-03 02:59:12,612][__main__][INFO] - Flow-matching step: 37/100
[2025-12-03 02:59:15,335][__main__][INFO] - Flow-matching step: 38/100
[2025-12-03 02:59:18,039][__main__][INFO] - Flow-matching step: 39/100
[2025-12-03 02:59:20,748][__main__][INFO] - Flow-matching step: 40/100
[2025-12-03 02:59:23,451][__main__][INFO] - Flow-matching step: 41/100
[2025-12-03 02:59:26,162][__main__][INFO] - Flow-matching step: 42/100
[2025-12-03 02:59:28,868][__main__][INFO] - Flow-matching step: 43/100
[2025-12-03 02:59:31,567][__main__][INFO] - Flow-matching step: 44/100
[2025-12-03 02:59:34,276][__main__][INFO] - Flow-matching step: 45/100
[2025-12-03 02:59:36,987][__main__][INFO] - Flow-matching step: 46/100
[2025-12-03 02:59:39,699][__main__][INFO] - Flow-matching step: 47/100
[2025-12-03 02:59:42,399][__main__][INFO] - Flow-matching step: 48/100
[2025-12-03 02:59:45,111][__main__][INFO] - Flow-matching step: 49/100
[2025-12-03 02:59:47,817][__main__][INFO] - Flow-matching step: 50/100
[2025-12-03 02:59:50,522][__main__][INFO] - Flow-matching step: 51/100
[2025-12-03 02:59:53,219][__main__][INFO] - Flow-matching step: 52/100
[2025-12-03 02:59:55,916][__main__][INFO] - Flow-matching step: 53/100
[2025-12-03 02:59:58,615][__main__][INFO] - Flow-matching step: 54/100
[2025-12-03 03:00:01,311][__main__][INFO] - Flow-matching step: 55/100
[2025-12-03 03:00:03,999][__main__][INFO] - Flow-matching step: 56/100
[2025-12-03 03:00:06,692][__main__][INFO] - Flow-matching step: 57/100
[2025-12-03 03:00:09,370][__main__][INFO] - Flow-matching step: 58/100
[2025-12-03 03:00:12,040][__main__][INFO] - Flow-matching step: 59/100
[2025-12-03 03:00:14,705][__main__][INFO] - Flow-matching step: 60/100
[2025-12-03 03:00:17,395][__main__][INFO] - Flow-matching step: 61/100
[2025-12-03 03:00:20,074][__main__][INFO] - Flow-matching step: 62/100
[2025-12-03 03:00:22,739][__main__][INFO] - Flow-matching step: 63/100
[2025-12-03 03:00:25,397][__main__][INFO] - Flow-matching step: 64/100
[2025-12-03 03:00:28,048][__main__][INFO] - Flow-matching step: 65/100
[2025-12-03 03:00:30,696][__main__][INFO] - Flow-matching step: 66/100
[2025-12-03 03:00:33,360][__main__][INFO] - Flow-matching step: 67/100
[2025-12-03 03:00:36,014][__main__][INFO] - Flow-matching step: 68/100
[2025-12-03 03:00:38,669][__main__][INFO] - Flow-matching step: 69/100
[2025-12-03 03:00:41,319][__main__][INFO] - Flow-matching step: 70/100
[2025-12-03 03:00:43,967][__main__][INFO] - Flow-matching step: 71/100
[2025-12-03 03:00:46,623][__main__][INFO] - Flow-matching step: 72/100
[2025-12-03 03:00:49,285][__main__][INFO] - Flow-matching step: 73/100
[2025-12-03 03:00:51,940][__main__][INFO] - Flow-matching step: 74/100
[2025-12-03 03:00:54,591][__main__][INFO] - Flow-matching step: 75/100
[2025-12-03 03:00:57,248][__main__][INFO] - Flow-matching step: 76/100
[2025-12-03 03:00:59,894][__main__][INFO] - Flow-matching step: 77/100
[2025-12-03 03:01:02,547][__main__][INFO] - Flow-matching step: 78/100
[2025-12-03 03:01:05,205][__main__][INFO] - Flow-matching step: 79/100
[2025-12-03 03:01:07,847][__main__][INFO] - Flow-matching step: 80/100
[2025-12-03 03:01:10,529][__main__][INFO] - Flow-matching step: 81/100
[2025-12-03 03:01:13,214][__main__][INFO] - Flow-matching step: 82/100
[2025-12-03 03:01:15,918][__main__][INFO] - Flow-matching step: 83/100
[2025-12-03 03:01:18,605][__main__][INFO] - Flow-matching step: 84/100
[2025-12-03 03:01:21,309][__main__][INFO] - Flow-matching step: 85/100
[2025-12-03 03:01:24,007][__main__][INFO] - Flow-matching step: 86/100
[2025-12-03 03:01:26,728][__main__][INFO] - Flow-matching step: 87/100
[2025-12-03 03:01:29,437][__main__][INFO] - Flow-matching step: 88/100
[2025-12-03 03:01:32,130][__main__][INFO] - Flow-matching step: 89/100
[2025-12-03 03:01:34,842][__main__][INFO] - Flow-matching step: 90/100
[2025-12-03 03:01:37,556][__main__][INFO] - Flow-matching step: 91/100
[2025-12-03 03:01:40,271][__main__][INFO] - Flow-matching step: 92/100
[2025-12-03 03:01:42,974][__main__][INFO] - Flow-matching step: 93/100
[2025-12-03 03:01:45,695][__main__][INFO] - Flow-matching step: 94/100
[2025-12-03 03:01:48,405][__main__][INFO] - Flow-matching step: 95/100
[2025-12-03 03:01:51,122][__main__][INFO] - Flow-matching step: 96/100
[2025-12-03 03:01:53,833][__main__][INFO] - Flow-matching step: 97/100
[2025-12-03 03:01:56,529][__main__][INFO] - Flow-matching step: 98/100
[2025-12-03 03:01:59,222][__main__][INFO] - Flow-matching step: 99/100
[2025-12-03 03:02:01,926][__main__][INFO] - Flow-matching step: 100/100
[2025-12-03 03:02:14,208][__main__][INFO] - Finished design in 4.63 minutes
[2025-12-03 03:02:14,251][__main__][INFO] - out_prefix_suffixed='/home/woodbuse/publication/metallohydrolase/github/Computational_Design_of_Metallohydrolases_PrivateGitHub/RFdiffusion2_Tutorial/outputs/rfdiffusion2_out/from_quantum_chemistry__ZN_ESTERASE/ZETA_2__theozyme_optTS_geom_HHHE__lig_SZD_artificialBB_ORI_06_LENGTH_140_170__1_1-atomized-bb-False', conf.inference.guidepost_xyz_as_design_bb=False
[2025-12-03 03:02:14,317][__main__][INFO] - Idealizing atomized sidechains for pX0 of the last step...
[2025-12-03 03:02:16,084][__main__][INFO] - design : /home/woodbuse/publication/metallohydrolase/github/Computational_Design_of_Metallohydrolases_PrivateGitHub/RFdiffusion2_Tutorial/outputs/rfdiffusion2_out/from_quantum_chemistry__ZN_ESTERASE/ZETA_2__theozyme_optTS_geom_HHHE__lig_SZD_artificialBB_ORI_06_LENGTH_140_170__1_1-atomized-bb-False.pdb
