[2025-12-03 03:13:59,791][rf_diffusion.config.config_format][INFO] - Translating obsolete key: extra_t1d_params -> ['extra_tXd_params']
[2025-12-03 03:13:59,792][rf_diffusion.config.config_format][INFO] - Translating obsolete key: extra_t1d -> ['extra_tXd']
[2025-12-03 03:14:03,029][__main__][INFO] - Making design 0 of 0:2: /home/woodbuse/publication/metallohydrolase/github/Computational_Design_of_Metallohydrolases_PrivateGitHub/RFdiffusion2_Tutorial/outputs/rfdiffusion2_out/from_PDB_structure__ZN_PROTEASE/pdb_00001qji__theozyme_HEHH__lig_TSA_ORI_04_LENGTH_170_190__1_0
[2025-12-03 03:14:03,352][se3_flow_matching.data.so3_utils][INFO] - Data loaded from .cache/cache_igso3_s0.100-1.500-1000_l1000_o1000-3.npz
[2025-12-03 03:14:03,431][__main__][INFO] - Flow-matching step: 1/100
[2025-12-03 03:14:08,126][__main__][INFO] - Flow-matching step: 2/100
[2025-12-03 03:14:11,549][__main__][INFO] - Flow-matching step: 3/100
[2025-12-03 03:14:14,968][__main__][INFO] - Flow-matching step: 4/100
[2025-12-03 03:14:18,402][__main__][INFO] - Flow-matching step: 5/100
[2025-12-03 03:14:21,813][__main__][INFO] - Flow-matching step: 6/100
[2025-12-03 03:14:25,226][__main__][INFO] - Flow-matching step: 7/100
[2025-12-03 03:14:28,656][__main__][INFO] - Flow-matching step: 8/100
[2025-12-03 03:14:32,089][__main__][INFO] - Flow-matching step: 9/100
[2025-12-03 03:14:35,526][__main__][INFO] - Flow-matching step: 10/100
[2025-12-03 03:14:38,972][__main__][INFO] - Flow-matching step: 11/100
[2025-12-03 03:14:42,408][__main__][INFO] - Flow-matching step: 12/100
[2025-12-03 03:14:45,827][__main__][INFO] - Flow-matching step: 13/100
[2025-12-03 03:14:49,244][__main__][INFO] - Flow-matching step: 14/100
[2025-12-03 03:14:52,691][__main__][INFO] - Flow-matching step: 15/100
[2025-12-03 03:14:56,157][__main__][INFO] - Flow-matching step: 16/100
[2025-12-03 03:14:59,615][__main__][INFO] - Flow-matching step: 17/100
[2025-12-03 03:15:03,080][__main__][INFO] - Flow-matching step: 18/100
[2025-12-03 03:15:06,539][__main__][INFO] - Flow-matching step: 19/100
[2025-12-03 03:15:09,988][__main__][INFO] - Flow-matching step: 20/100
[2025-12-03 03:15:13,449][__main__][INFO] - Flow-matching step: 21/100
[2025-12-03 03:15:16,903][__main__][INFO] - Flow-matching step: 22/100
[2025-12-03 03:15:20,346][__main__][INFO] - Flow-matching step: 23/100
[2025-12-03 03:15:23,780][__main__][INFO] - Flow-matching step: 24/100
[2025-12-03 03:15:27,222][__main__][INFO] - Flow-matching step: 25/100
[2025-12-03 03:15:30,664][__main__][INFO] - Flow-matching step: 26/100
[2025-12-03 03:15:34,108][__main__][INFO] - Flow-matching step: 27/100
[2025-12-03 03:15:37,558][__main__][INFO] - Flow-matching step: 28/100
[2025-12-03 03:15:40,997][__main__][INFO] - Flow-matching step: 29/100
[2025-12-03 03:15:44,443][__main__][INFO] - Flow-matching step: 30/100
[2025-12-03 03:15:47,895][__main__][INFO] - Flow-matching step: 31/100
[2025-12-03 03:15:51,354][__main__][INFO] - Flow-matching step: 32/100
[2025-12-03 03:15:54,803][__main__][INFO] - Flow-matching step: 33/100
[2025-12-03 03:15:58,266][__main__][INFO] - Flow-matching step: 34/100
[2025-12-03 03:16:01,733][__main__][INFO] - Flow-matching step: 35/100
[2025-12-03 03:16:05,161][__main__][INFO] - Flow-matching step: 36/100
[2025-12-03 03:16:08,600][__main__][INFO] - Flow-matching step: 37/100
[2025-12-03 03:16:12,047][__main__][INFO] - Flow-matching step: 38/100
[2025-12-03 03:16:15,503][__main__][INFO] - Flow-matching step: 39/100
[2025-12-03 03:16:18,965][__main__][INFO] - Flow-matching step: 40/100
[2025-12-03 03:16:22,405][__main__][INFO] - Flow-matching step: 41/100
[2025-12-03 03:16:25,852][__main__][INFO] - Flow-matching step: 42/100
[2025-12-03 03:16:29,278][__main__][INFO] - Flow-matching step: 43/100
[2025-12-03 03:16:32,712][__main__][INFO] - Flow-matching step: 44/100
[2025-12-03 03:16:36,177][__main__][INFO] - Flow-matching step: 45/100
[2025-12-03 03:16:39,613][__main__][INFO] - Flow-matching step: 46/100
[2025-12-03 03:16:43,052][__main__][INFO] - Flow-matching step: 47/100
[2025-12-03 03:16:46,492][__main__][INFO] - Flow-matching step: 48/100
[2025-12-03 03:16:49,937][__main__][INFO] - Flow-matching step: 49/100
[2025-12-03 03:16:53,382][__main__][INFO] - Flow-matching step: 50/100
[2025-12-03 03:16:56,813][__main__][INFO] - Flow-matching step: 51/100
[2025-12-03 03:17:00,277][__main__][INFO] - Flow-matching step: 52/100
[2025-12-03 03:17:03,740][__main__][INFO] - Flow-matching step: 53/100
[2025-12-03 03:17:07,185][__main__][INFO] - Flow-matching step: 54/100
[2025-12-03 03:17:10,648][__main__][INFO] - Flow-matching step: 55/100
[2025-12-03 03:17:14,117][__main__][INFO] - Flow-matching step: 56/100
[2025-12-03 03:17:17,581][__main__][INFO] - Flow-matching step: 57/100
[2025-12-03 03:17:21,018][__main__][INFO] - Flow-matching step: 58/100
[2025-12-03 03:17:24,462][__main__][INFO] - Flow-matching step: 59/100
[2025-12-03 03:17:27,900][__main__][INFO] - Flow-matching step: 60/100
[2025-12-03 03:17:31,351][__main__][INFO] - Flow-matching step: 61/100
[2025-12-03 03:17:34,801][__main__][INFO] - Flow-matching step: 62/100
[2025-12-03 03:17:38,240][__main__][INFO] - Flow-matching step: 63/100
[2025-12-03 03:17:41,663][__main__][INFO] - Flow-matching step: 64/100
[2025-12-03 03:17:45,107][__main__][INFO] - Flow-matching step: 65/100
[2025-12-03 03:17:48,563][__main__][INFO] - Flow-matching step: 66/100
[2025-12-03 03:17:52,007][__main__][INFO] - Flow-matching step: 67/100
[2025-12-03 03:17:55,473][__main__][INFO] - Flow-matching step: 68/100
[2025-12-03 03:17:58,965][__main__][INFO] - Flow-matching step: 69/100
[2025-12-03 03:18:02,433][__main__][INFO] - Flow-matching step: 70/100
[2025-12-03 03:18:05,911][__main__][INFO] - Flow-matching step: 71/100
[2025-12-03 03:18:09,373][__main__][INFO] - Flow-matching step: 72/100
[2025-12-03 03:18:12,832][__main__][INFO] - Flow-matching step: 73/100
[2025-12-03 03:18:16,269][__main__][INFO] - Flow-matching step: 74/100
[2025-12-03 03:18:19,716][__main__][INFO] - Flow-matching step: 75/100
[2025-12-03 03:18:23,177][__main__][INFO] - Flow-matching step: 76/100
[2025-12-03 03:18:26,624][__main__][INFO] - Flow-matching step: 77/100
[2025-12-03 03:18:30,077][__main__][INFO] - Flow-matching step: 78/100
[2025-12-03 03:18:33,514][__main__][INFO] - Flow-matching step: 79/100
[2025-12-03 03:18:36,945][__main__][INFO] - Flow-matching step: 80/100
[2025-12-03 03:18:40,403][__main__][INFO] - Flow-matching step: 81/100
[2025-12-03 03:18:43,843][__main__][INFO] - Flow-matching step: 82/100
[2025-12-03 03:18:47,294][__main__][INFO] - Flow-matching step: 83/100
[2025-12-03 03:18:50,742][__main__][INFO] - Flow-matching step: 84/100
[2025-12-03 03:18:54,199][__main__][INFO] - Flow-matching step: 85/100
[2025-12-03 03:18:57,659][__main__][INFO] - Flow-matching step: 86/100
[2025-12-03 03:19:01,110][__main__][INFO] - Flow-matching step: 87/100
[2025-12-03 03:19:04,569][__main__][INFO] - Flow-matching step: 88/100
[2025-12-03 03:19:08,021][__main__][INFO] - Flow-matching step: 89/100
[2025-12-03 03:19:11,483][__main__][INFO] - Flow-matching step: 90/100
[2025-12-03 03:19:14,949][__main__][INFO] - Flow-matching step: 91/100
[2025-12-03 03:19:18,398][__main__][INFO] - Flow-matching step: 92/100
[2025-12-03 03:19:21,859][__main__][INFO] - Flow-matching step: 93/100
[2025-12-03 03:19:25,323][__main__][INFO] - Flow-matching step: 94/100
[2025-12-03 03:19:28,784][__main__][INFO] - Flow-matching step: 95/100
[2025-12-03 03:19:32,222][__main__][INFO] - Flow-matching step: 96/100
[2025-12-03 03:19:35,667][__main__][INFO] - Flow-matching step: 97/100
[2025-12-03 03:19:39,122][__main__][INFO] - Flow-matching step: 98/100
[2025-12-03 03:19:42,566][__main__][INFO] - Flow-matching step: 99/100
[2025-12-03 03:19:46,006][__main__][INFO] - Flow-matching step: 100/100
[2025-12-03 03:20:02,181][__main__][INFO] - Finished design in 5.99 minutes
[2025-12-03 03:20:02,219][__main__][INFO] - out_prefix_suffixed='/home/woodbuse/publication/metallohydrolase/github/Computational_Design_of_Metallohydrolases_PrivateGitHub/RFdiffusion2_Tutorial/outputs/rfdiffusion2_out/from_PDB_structure__ZN_PROTEASE/pdb_00001qji__theozyme_HEHH__lig_TSA_ORI_04_LENGTH_170_190__1_0-atomized-bb-False', conf.inference.guidepost_xyz_as_design_bb=False
[2025-12-03 03:20:02,306][__main__][INFO] - Idealizing atomized sidechains for pX0 of the last step...
[2025-12-03 03:20:04,491][__main__][INFO] - design : /home/woodbuse/publication/metallohydrolase/github/Computational_Design_of_Metallohydrolases_PrivateGitHub/RFdiffusion2_Tutorial/outputs/rfdiffusion2_out/from_PDB_structure__ZN_PROTEASE/pdb_00001qji__theozyme_HEHH__lig_TSA_ORI_04_LENGTH_170_190__1_0-atomized-bb-False.pdb
[2025-12-03 03:20:04,491][__main__][INFO] - Making design 1 of 0:2: /home/woodbuse/publication/metallohydrolase/github/Computational_Design_of_Metallohydrolases_PrivateGitHub/RFdiffusion2_Tutorial/outputs/rfdiffusion2_out/from_PDB_structure__ZN_PROTEASE/pdb_00001qji__theozyme_HEHH__lig_TSA_ORI_04_LENGTH_170_190__1_1
[2025-12-03 03:20:04,825][__main__][INFO] - Flow-matching step: 1/100
[2025-12-03 03:20:08,092][__main__][INFO] - Flow-matching step: 2/100
[2025-12-03 03:20:11,357][__main__][INFO] - Flow-matching step: 3/100
[2025-12-03 03:20:14,622][__main__][INFO] - Flow-matching step: 4/100
[2025-12-03 03:20:17,870][__main__][INFO] - Flow-matching step: 5/100
[2025-12-03 03:20:21,114][__main__][INFO] - Flow-matching step: 6/100
[2025-12-03 03:20:24,352][__main__][INFO] - Flow-matching step: 7/100
[2025-12-03 03:20:27,596][__main__][INFO] - Flow-matching step: 8/100
[2025-12-03 03:20:30,857][__main__][INFO] - Flow-matching step: 9/100
[2025-12-03 03:20:34,099][__main__][INFO] - Flow-matching step: 10/100
[2025-12-03 03:20:37,346][__main__][INFO] - Flow-matching step: 11/100
[2025-12-03 03:20:40,607][__main__][INFO] - Flow-matching step: 12/100
[2025-12-03 03:20:43,891][__main__][INFO] - Flow-matching step: 13/100
[2025-12-03 03:20:47,178][__main__][INFO] - Flow-matching step: 14/100
[2025-12-03 03:20:50,452][__main__][INFO] - Flow-matching step: 15/100
[2025-12-03 03:20:53,742][__main__][INFO] - Flow-matching step: 16/100
[2025-12-03 03:20:56,987][__main__][INFO] - Flow-matching step: 17/100
[2025-12-03 03:21:00,223][__main__][INFO] - Flow-matching step: 18/100
[2025-12-03 03:21:03,479][__main__][INFO] - Flow-matching step: 19/100
[2025-12-03 03:21:06,721][__main__][INFO] - Flow-matching step: 20/100
[2025-12-03 03:21:09,954][__main__][INFO] - Flow-matching step: 21/100
[2025-12-03 03:21:13,180][__main__][INFO] - Flow-matching step: 22/100
[2025-12-03 03:21:16,431][__main__][INFO] - Flow-matching step: 23/100
[2025-12-03 03:21:19,711][__main__][INFO] - Flow-matching step: 24/100
[2025-12-03 03:21:22,979][__main__][INFO] - Flow-matching step: 25/100
[2025-12-03 03:21:26,252][__main__][INFO] - Flow-matching step: 26/100
[2025-12-03 03:21:29,517][__main__][INFO] - Flow-matching step: 27/100
[2025-12-03 03:21:32,802][__main__][INFO] - Flow-matching step: 28/100
[2025-12-03 03:21:36,074][__main__][INFO] - Flow-matching step: 29/100
[2025-12-03 03:21:39,341][__main__][INFO] - Flow-matching step: 30/100
[2025-12-03 03:21:42,606][__main__][INFO] - Flow-matching step: 31/100
[2025-12-03 03:21:45,889][__main__][INFO] - Flow-matching step: 32/100
[2025-12-03 03:21:49,158][__main__][INFO] - Flow-matching step: 33/100
[2025-12-03 03:21:52,420][__main__][INFO] - Flow-matching step: 34/100
[2025-12-03 03:21:55,670][__main__][INFO] - Flow-matching step: 35/100
[2025-12-03 03:21:58,924][__main__][INFO] - Flow-matching step: 36/100
[2025-12-03 03:22:02,205][__main__][INFO] - Flow-matching step: 37/100
[2025-12-03 03:22:05,467][__main__][INFO] - Flow-matching step: 38/100
[2025-12-03 03:22:08,746][__main__][INFO] - Flow-matching step: 39/100
[2025-12-03 03:22:12,015][__main__][INFO] - Flow-matching step: 40/100
[2025-12-03 03:22:15,288][__main__][INFO] - Flow-matching step: 41/100
[2025-12-03 03:22:18,576][__main__][INFO] - Flow-matching step: 42/100
[2025-12-03 03:22:21,834][__main__][INFO] - Flow-matching step: 43/100
[2025-12-03 03:22:25,118][__main__][INFO] - Flow-matching step: 44/100
[2025-12-03 03:22:28,399][__main__][INFO] - Flow-matching step: 45/100
[2025-12-03 03:22:31,667][__main__][INFO] - Flow-matching step: 46/100
[2025-12-03 03:22:34,920][__main__][INFO] - Flow-matching step: 47/100
[2025-12-03 03:22:38,165][__main__][INFO] - Flow-matching step: 48/100
[2025-12-03 03:22:41,415][__main__][INFO] - Flow-matching step: 49/100
[2025-12-03 03:22:44,675][__main__][INFO] - Flow-matching step: 50/100
[2025-12-03 03:22:47,899][__main__][INFO] - Flow-matching step: 51/100
[2025-12-03 03:22:51,144][__main__][INFO] - Flow-matching step: 52/100
[2025-12-03 03:22:54,388][__main__][INFO] - Flow-matching step: 53/100
[2025-12-03 03:22:57,658][__main__][INFO] - Flow-matching step: 54/100
[2025-12-03 03:23:00,921][__main__][INFO] - Flow-matching step: 55/100
[2025-12-03 03:23:04,188][__main__][INFO] - Flow-matching step: 56/100
[2025-12-03 03:23:07,431][__main__][INFO] - Flow-matching step: 57/100
[2025-12-03 03:23:10,686][__main__][INFO] - Flow-matching step: 58/100
[2025-12-03 03:23:13,931][__main__][INFO] - Flow-matching step: 59/100
[2025-12-03 03:23:17,173][__main__][INFO] - Flow-matching step: 60/100
[2025-12-03 03:23:20,436][__main__][INFO] - Flow-matching step: 61/100
[2025-12-03 03:23:23,716][__main__][INFO] - Flow-matching step: 62/100
[2025-12-03 03:23:26,981][__main__][INFO] - Flow-matching step: 63/100
[2025-12-03 03:23:30,248][__main__][INFO] - Flow-matching step: 64/100
[2025-12-03 03:23:33,521][__main__][INFO] - Flow-matching step: 65/100
[2025-12-03 03:23:36,822][__main__][INFO] - Flow-matching step: 66/100
[2025-12-03 03:23:40,120][__main__][INFO] - Flow-matching step: 67/100
[2025-12-03 03:23:43,395][__main__][INFO] - Flow-matching step: 68/100
[2025-12-03 03:23:46,686][__main__][INFO] - Flow-matching step: 69/100
[2025-12-03 03:23:49,953][__main__][INFO] - Flow-matching step: 70/100
[2025-12-03 03:23:53,221][__main__][INFO] - Flow-matching step: 71/100
[2025-12-03 03:23:56,481][__main__][INFO] - Flow-matching step: 72/100
[2025-12-03 03:23:59,750][__main__][INFO] - Flow-matching step: 73/100
[2025-12-03 03:24:03,029][__main__][INFO] - Flow-matching step: 74/100
[2025-12-03 03:24:06,310][__main__][INFO] - Flow-matching step: 75/100
[2025-12-03 03:24:09,579][__main__][INFO] - Flow-matching step: 76/100
[2025-12-03 03:24:12,847][__main__][INFO] - Flow-matching step: 77/100
[2025-12-03 03:24:16,133][__main__][INFO] - Flow-matching step: 78/100
[2025-12-03 03:24:19,402][__main__][INFO] - Flow-matching step: 79/100
[2025-12-03 03:24:22,663][__main__][INFO] - Flow-matching step: 80/100
[2025-12-03 03:24:25,925][__main__][INFO] - Flow-matching step: 81/100
[2025-12-03 03:24:29,205][__main__][INFO] - Flow-matching step: 82/100
[2025-12-03 03:24:32,464][__main__][INFO] - Flow-matching step: 83/100
[2025-12-03 03:24:35,722][__main__][INFO] - Flow-matching step: 84/100
[2025-12-03 03:24:38,957][__main__][INFO] - Flow-matching step: 85/100
[2025-12-03 03:24:42,185][__main__][INFO] - Flow-matching step: 86/100
[2025-12-03 03:24:45,429][__main__][INFO] - Flow-matching step: 87/100
[2025-12-03 03:24:48,655][__main__][INFO] - Flow-matching step: 88/100
[2025-12-03 03:24:51,893][__main__][INFO] - Flow-matching step: 89/100
[2025-12-03 03:24:55,127][__main__][INFO] - Flow-matching step: 90/100
[2025-12-03 03:24:58,368][__main__][INFO] - Flow-matching step: 91/100
[2025-12-03 03:25:01,609][__main__][INFO] - Flow-matching step: 92/100
[2025-12-03 03:25:04,856][__main__][INFO] - Flow-matching step: 93/100
[2025-12-03 03:25:08,068][__main__][INFO] - Flow-matching step: 94/100
[2025-12-03 03:25:11,295][__main__][INFO] - Flow-matching step: 95/100
[2025-12-03 03:25:14,546][__main__][INFO] - Flow-matching step: 96/100
[2025-12-03 03:25:17,792][__main__][INFO] - Flow-matching step: 97/100
[2025-12-03 03:25:21,059][__main__][INFO] - Flow-matching step: 98/100
[2025-12-03 03:25:24,324][__main__][INFO] - Flow-matching step: 99/100
[2025-12-03 03:25:27,583][__main__][INFO] - Flow-matching step: 100/100
[2025-12-03 03:25:43,278][__main__][INFO] - Finished design in 5.65 minutes
[2025-12-03 03:25:43,317][__main__][INFO] - out_prefix_suffixed='/home/woodbuse/publication/metallohydrolase/github/Computational_Design_of_Metallohydrolases_PrivateGitHub/RFdiffusion2_Tutorial/outputs/rfdiffusion2_out/from_PDB_structure__ZN_PROTEASE/pdb_00001qji__theozyme_HEHH__lig_TSA_ORI_04_LENGTH_170_190__1_1-atomized-bb-False', conf.inference.guidepost_xyz_as_design_bb=False
[2025-12-03 03:25:43,387][__main__][INFO] - Idealizing atomized sidechains for pX0 of the last step...
[2025-12-03 03:25:45,151][__main__][INFO] - design : /home/woodbuse/publication/metallohydrolase/github/Computational_Design_of_Metallohydrolases_PrivateGitHub/RFdiffusion2_Tutorial/outputs/rfdiffusion2_out/from_PDB_structure__ZN_PROTEASE/pdb_00001qji__theozyme_HEHH__lig_TSA_ORI_04_LENGTH_170_190__1_1-atomized-bb-False.pdb
