[2025-12-03 02:22:22,437][rf_diffusion.config.config_format][INFO] - Translating obsolete key: extra_t1d_params -> ['extra_tXd_params']
[2025-12-03 02:22:22,438][rf_diffusion.config.config_format][INFO] - Translating obsolete key: extra_t1d -> ['extra_tXd']
[2025-12-03 02:22:26,859][__main__][INFO] - Making design 0 of 0:2: /home/woodbuse/publication/metallohydrolase/github/Computational_Design_of_Metallohydrolases_PrivateGitHub/RFdiffusion2_Tutorial/outputs/rfdiffusion2_out/from_quantum_chemistry__ZN_ESTERASE/ZETA_2__theozyme_optTS_geom_HHHE__lig_SZD_artificialBB_ORI_03_LENGTH_140_170__1_0
[2025-12-03 02:22:27,147][se3_flow_matching.data.so3_utils][INFO] - Data loaded from .cache/cache_igso3_s0.100-1.500-1000_l1000_o1000-3.npz
[2025-12-03 02:22:27,224][__main__][INFO] - Flow-matching step: 1/100
[2025-12-03 02:22:31,843][__main__][INFO] - Flow-matching step: 2/100
[2025-12-03 02:22:34,646][__main__][INFO] - Flow-matching step: 3/100
[2025-12-03 02:22:37,435][__main__][INFO] - Flow-matching step: 4/100
[2025-12-03 02:22:40,220][__main__][INFO] - Flow-matching step: 5/100
[2025-12-03 02:22:43,025][__main__][INFO] - Flow-matching step: 6/100
[2025-12-03 02:22:45,832][__main__][INFO] - Flow-matching step: 7/100
[2025-12-03 02:22:48,633][__main__][INFO] - Flow-matching step: 8/100
[2025-12-03 02:22:51,447][__main__][INFO] - Flow-matching step: 9/100
[2025-12-03 02:22:54,249][__main__][INFO] - Flow-matching step: 10/100
[2025-12-03 02:22:57,041][__main__][INFO] - Flow-matching step: 11/100
[2025-12-03 02:22:59,843][__main__][INFO] - Flow-matching step: 12/100
[2025-12-03 02:23:02,646][__main__][INFO] - Flow-matching step: 13/100
[2025-12-03 02:23:05,486][__main__][INFO] - Flow-matching step: 14/100
[2025-12-03 02:23:08,311][__main__][INFO] - Flow-matching step: 15/100
[2025-12-03 02:23:11,132][__main__][INFO] - Flow-matching step: 16/100
[2025-12-03 02:23:13,956][__main__][INFO] - Flow-matching step: 17/100
[2025-12-03 02:23:16,785][__main__][INFO] - Flow-matching step: 18/100
[2025-12-03 02:23:19,616][__main__][INFO] - Flow-matching step: 19/100
[2025-12-03 02:23:22,443][__main__][INFO] - Flow-matching step: 20/100
[2025-12-03 02:23:25,261][__main__][INFO] - Flow-matching step: 21/100
[2025-12-03 02:23:28,070][__main__][INFO] - Flow-matching step: 22/100
[2025-12-03 02:23:30,882][__main__][INFO] - Flow-matching step: 23/100
[2025-12-03 02:23:33,700][__main__][INFO] - Flow-matching step: 24/100
[2025-12-03 02:23:36,527][__main__][INFO] - Flow-matching step: 25/100
[2025-12-03 02:23:39,344][__main__][INFO] - Flow-matching step: 26/100
[2025-12-03 02:23:42,155][__main__][INFO] - Flow-matching step: 27/100
[2025-12-03 02:23:44,960][__main__][INFO] - Flow-matching step: 28/100
[2025-12-03 02:23:47,760][__main__][INFO] - Flow-matching step: 29/100
[2025-12-03 02:23:50,557][__main__][INFO] - Flow-matching step: 30/100
[2025-12-03 02:23:53,359][__main__][INFO] - Flow-matching step: 31/100
[2025-12-03 02:23:56,166][__main__][INFO] - Flow-matching step: 32/100
[2025-12-03 02:23:58,971][__main__][INFO] - Flow-matching step: 33/100
[2025-12-03 02:24:01,775][__main__][INFO] - Flow-matching step: 34/100
[2025-12-03 02:24:04,582][__main__][INFO] - Flow-matching step: 35/100
[2025-12-03 02:24:07,395][__main__][INFO] - Flow-matching step: 36/100
[2025-12-03 02:24:10,210][__main__][INFO] - Flow-matching step: 37/100
[2025-12-03 02:24:13,023][__main__][INFO] - Flow-matching step: 38/100
[2025-12-03 02:24:15,867][__main__][INFO] - Flow-matching step: 39/100
[2025-12-03 02:24:18,717][__main__][INFO] - Flow-matching step: 40/100
[2025-12-03 02:24:21,578][__main__][INFO] - Flow-matching step: 41/100
[2025-12-03 02:24:24,426][__main__][INFO] - Flow-matching step: 42/100
[2025-12-03 02:24:27,273][__main__][INFO] - Flow-matching step: 43/100
[2025-12-03 02:24:30,111][__main__][INFO] - Flow-matching step: 44/100
[2025-12-03 02:24:32,946][__main__][INFO] - Flow-matching step: 45/100
[2025-12-03 02:24:35,763][__main__][INFO] - Flow-matching step: 46/100
[2025-12-03 02:24:38,570][__main__][INFO] - Flow-matching step: 47/100
[2025-12-03 02:24:41,364][__main__][INFO] - Flow-matching step: 48/100
[2025-12-03 02:24:44,167][__main__][INFO] - Flow-matching step: 49/100
[2025-12-03 02:24:46,961][__main__][INFO] - Flow-matching step: 50/100
[2025-12-03 02:24:49,768][__main__][INFO] - Flow-matching step: 51/100
[2025-12-03 02:24:52,590][__main__][INFO] - Flow-matching step: 52/100
[2025-12-03 02:24:55,412][__main__][INFO] - Flow-matching step: 53/100
[2025-12-03 02:24:58,234][__main__][INFO] - Flow-matching step: 54/100
[2025-12-03 02:25:01,072][__main__][INFO] - Flow-matching step: 55/100
[2025-12-03 02:25:03,917][__main__][INFO] - Flow-matching step: 56/100
[2025-12-03 02:25:06,760][__main__][INFO] - Flow-matching step: 57/100
[2025-12-03 02:25:09,592][__main__][INFO] - Flow-matching step: 58/100
[2025-12-03 02:25:12,424][__main__][INFO] - Flow-matching step: 59/100
[2025-12-03 02:25:15,248][__main__][INFO] - Flow-matching step: 60/100
[2025-12-03 02:25:18,068][__main__][INFO] - Flow-matching step: 61/100
[2025-12-03 02:25:20,893][__main__][INFO] - Flow-matching step: 62/100
[2025-12-03 02:25:23,724][__main__][INFO] - Flow-matching step: 63/100
[2025-12-03 02:25:26,533][__main__][INFO] - Flow-matching step: 64/100
[2025-12-03 02:25:29,363][__main__][INFO] - Flow-matching step: 65/100
[2025-12-03 02:25:32,183][__main__][INFO] - Flow-matching step: 66/100
[2025-12-03 02:25:34,997][__main__][INFO] - Flow-matching step: 67/100
[2025-12-03 02:25:37,822][__main__][INFO] - Flow-matching step: 68/100
[2025-12-03 02:25:40,634][__main__][INFO] - Flow-matching step: 69/100
[2025-12-03 02:25:43,464][__main__][INFO] - Flow-matching step: 70/100
[2025-12-03 02:25:46,277][__main__][INFO] - Flow-matching step: 71/100
[2025-12-03 02:25:49,110][__main__][INFO] - Flow-matching step: 72/100
[2025-12-03 02:25:51,929][__main__][INFO] - Flow-matching step: 73/100
[2025-12-03 02:25:54,737][__main__][INFO] - Flow-matching step: 74/100
[2025-12-03 02:25:57,567][__main__][INFO] - Flow-matching step: 75/100
[2025-12-03 02:26:00,389][__main__][INFO] - Flow-matching step: 76/100
[2025-12-03 02:26:03,229][__main__][INFO] - Flow-matching step: 77/100
[2025-12-03 02:26:06,073][__main__][INFO] - Flow-matching step: 78/100
[2025-12-03 02:26:08,908][__main__][INFO] - Flow-matching step: 79/100
[2025-12-03 02:26:11,743][__main__][INFO] - Flow-matching step: 80/100
[2025-12-03 02:26:14,577][__main__][INFO] - Flow-matching step: 81/100
[2025-12-03 02:26:17,390][__main__][INFO] - Flow-matching step: 82/100
[2025-12-03 02:26:20,205][__main__][INFO] - Flow-matching step: 83/100
[2025-12-03 02:26:23,030][__main__][INFO] - Flow-matching step: 84/100
[2025-12-03 02:26:25,844][__main__][INFO] - Flow-matching step: 85/100
[2025-12-03 02:26:28,661][__main__][INFO] - Flow-matching step: 86/100
[2025-12-03 02:26:31,477][__main__][INFO] - Flow-matching step: 87/100
[2025-12-03 02:26:34,304][__main__][INFO] - Flow-matching step: 88/100
[2025-12-03 02:26:37,153][__main__][INFO] - Flow-matching step: 89/100
[2025-12-03 02:26:39,988][__main__][INFO] - Flow-matching step: 90/100
[2025-12-03 02:26:42,815][__main__][INFO] - Flow-matching step: 91/100
[2025-12-03 02:26:45,655][__main__][INFO] - Flow-matching step: 92/100
[2025-12-03 02:26:48,489][__main__][INFO] - Flow-matching step: 93/100
[2025-12-03 02:26:51,330][__main__][INFO] - Flow-matching step: 94/100
[2025-12-03 02:26:54,157][__main__][INFO] - Flow-matching step: 95/100
[2025-12-03 02:26:56,974][__main__][INFO] - Flow-matching step: 96/100
[2025-12-03 02:26:59,785][__main__][INFO] - Flow-matching step: 97/100
[2025-12-03 02:27:02,619][__main__][INFO] - Flow-matching step: 98/100
[2025-12-03 02:27:05,454][__main__][INFO] - Flow-matching step: 99/100
[2025-12-03 02:27:08,277][__main__][INFO] - Flow-matching step: 100/100
[2025-12-03 02:27:21,342][__main__][INFO] - Finished design in 4.91 minutes
[2025-12-03 02:27:21,386][__main__][INFO] - out_prefix_suffixed='/home/woodbuse/publication/metallohydrolase/github/Computational_Design_of_Metallohydrolases_PrivateGitHub/RFdiffusion2_Tutorial/outputs/rfdiffusion2_out/from_quantum_chemistry__ZN_ESTERASE/ZETA_2__theozyme_optTS_geom_HHHE__lig_SZD_artificialBB_ORI_03_LENGTH_140_170__1_0-atomized-bb-False', conf.inference.guidepost_xyz_as_design_bb=False
[2025-12-03 02:27:21,466][__main__][INFO] - Idealizing atomized sidechains for pX0 of the last step...
[2025-12-03 02:27:23,715][__main__][INFO] - design : /home/woodbuse/publication/metallohydrolase/github/Computational_Design_of_Metallohydrolases_PrivateGitHub/RFdiffusion2_Tutorial/outputs/rfdiffusion2_out/from_quantum_chemistry__ZN_ESTERASE/ZETA_2__theozyme_optTS_geom_HHHE__lig_SZD_artificialBB_ORI_03_LENGTH_140_170__1_0-atomized-bb-False.pdb
[2025-12-03 02:27:23,716][__main__][INFO] - Making design 1 of 0:2: /home/woodbuse/publication/metallohydrolase/github/Computational_Design_of_Metallohydrolases_PrivateGitHub/RFdiffusion2_Tutorial/outputs/rfdiffusion2_out/from_quantum_chemistry__ZN_ESTERASE/ZETA_2__theozyme_optTS_geom_HHHE__lig_SZD_artificialBB_ORI_03_LENGTH_140_170__1_1
[2025-12-03 02:27:24,013][__main__][INFO] - Flow-matching step: 1/100
[2025-12-03 02:27:26,806][__main__][INFO] - Flow-matching step: 2/100
[2025-12-03 02:27:29,592][__main__][INFO] - Flow-matching step: 3/100
[2025-12-03 02:27:32,381][__main__][INFO] - Flow-matching step: 4/100
[2025-12-03 02:27:35,168][__main__][INFO] - Flow-matching step: 5/100
[2025-12-03 02:27:37,981][__main__][INFO] - Flow-matching step: 6/100
[2025-12-03 02:27:40,813][__main__][INFO] - Flow-matching step: 7/100
[2025-12-03 02:27:43,643][__main__][INFO] - Flow-matching step: 8/100
[2025-12-03 02:27:46,468][__main__][INFO] - Flow-matching step: 9/100
[2025-12-03 02:27:49,294][__main__][INFO] - Flow-matching step: 10/100
[2025-12-03 02:27:52,116][__main__][INFO] - Flow-matching step: 11/100
[2025-12-03 02:27:54,943][__main__][INFO] - Flow-matching step: 12/100
[2025-12-03 02:27:57,745][__main__][INFO] - Flow-matching step: 13/100
[2025-12-03 02:28:00,560][__main__][INFO] - Flow-matching step: 14/100
[2025-12-03 02:28:03,366][__main__][INFO] - Flow-matching step: 15/100
[2025-12-03 02:28:06,188][__main__][INFO] - Flow-matching step: 16/100
[2025-12-03 02:28:09,000][__main__][INFO] - Flow-matching step: 17/100
[2025-12-03 02:28:11,804][__main__][INFO] - Flow-matching step: 18/100
[2025-12-03 02:28:14,609][__main__][INFO] - Flow-matching step: 19/100
[2025-12-03 02:28:17,416][__main__][INFO] - Flow-matching step: 20/100
[2025-12-03 02:28:20,224][__main__][INFO] - Flow-matching step: 21/100
[2025-12-03 02:28:23,029][__main__][INFO] - Flow-matching step: 22/100
[2025-12-03 02:28:25,845][__main__][INFO] - Flow-matching step: 23/100
[2025-12-03 02:28:28,665][__main__][INFO] - Flow-matching step: 24/100
[2025-12-03 02:28:31,474][__main__][INFO] - Flow-matching step: 25/100
[2025-12-03 02:28:34,272][__main__][INFO] - Flow-matching step: 26/100
[2025-12-03 02:28:37,089][__main__][INFO] - Flow-matching step: 27/100
[2025-12-03 02:28:39,916][__main__][INFO] - Flow-matching step: 28/100
[2025-12-03 02:28:42,737][__main__][INFO] - Flow-matching step: 29/100
[2025-12-03 02:28:45,540][__main__][INFO] - Flow-matching step: 30/100
[2025-12-03 02:28:48,359][__main__][INFO] - Flow-matching step: 31/100
[2025-12-03 02:28:51,187][__main__][INFO] - Flow-matching step: 32/100
[2025-12-03 02:28:54,036][__main__][INFO] - Flow-matching step: 33/100
[2025-12-03 02:28:56,894][__main__][INFO] - Flow-matching step: 34/100
[2025-12-03 02:28:59,749][__main__][INFO] - Flow-matching step: 35/100
[2025-12-03 02:29:02,590][__main__][INFO] - Flow-matching step: 36/100
[2025-12-03 02:29:05,452][__main__][INFO] - Flow-matching step: 37/100
[2025-12-03 02:29:08,296][__main__][INFO] - Flow-matching step: 38/100
[2025-12-03 02:29:11,134][__main__][INFO] - Flow-matching step: 39/100
[2025-12-03 02:29:13,957][__main__][INFO] - Flow-matching step: 40/100
[2025-12-03 02:29:16,773][__main__][INFO] - Flow-matching step: 41/100
[2025-12-03 02:29:19,595][__main__][INFO] - Flow-matching step: 42/100
[2025-12-03 02:29:22,413][__main__][INFO] - Flow-matching step: 43/100
[2025-12-03 02:29:25,240][__main__][INFO] - Flow-matching step: 44/100
[2025-12-03 02:29:28,059][__main__][INFO] - Flow-matching step: 45/100
[2025-12-03 02:29:30,885][__main__][INFO] - Flow-matching step: 46/100
[2025-12-03 02:29:33,718][__main__][INFO] - Flow-matching step: 47/100
[2025-12-03 02:29:36,542][__main__][INFO] - Flow-matching step: 48/100
[2025-12-03 02:29:39,358][__main__][INFO] - Flow-matching step: 49/100
[2025-12-03 02:29:42,186][__main__][INFO] - Flow-matching step: 50/100
[2025-12-03 02:29:45,017][__main__][INFO] - Flow-matching step: 51/100
[2025-12-03 02:29:47,846][__main__][INFO] - Flow-matching step: 52/100
[2025-12-03 02:29:50,664][__main__][INFO] - Flow-matching step: 53/100
[2025-12-03 02:29:53,497][__main__][INFO] - Flow-matching step: 54/100
[2025-12-03 02:29:56,339][__main__][INFO] - Flow-matching step: 55/100
[2025-12-03 02:29:59,183][__main__][INFO] - Flow-matching step: 56/100
[2025-12-03 02:30:02,027][__main__][INFO] - Flow-matching step: 57/100
[2025-12-03 02:30:04,885][__main__][INFO] - Flow-matching step: 58/100
[2025-12-03 02:30:07,726][__main__][INFO] - Flow-matching step: 59/100
[2025-12-03 02:30:10,554][__main__][INFO] - Flow-matching step: 60/100
[2025-12-03 02:30:13,379][__main__][INFO] - Flow-matching step: 61/100
[2025-12-03 02:30:16,186][__main__][INFO] - Flow-matching step: 62/100
[2025-12-03 02:30:19,006][__main__][INFO] - Flow-matching step: 63/100
[2025-12-03 02:30:21,827][__main__][INFO] - Flow-matching step: 64/100
[2025-12-03 02:30:24,651][__main__][INFO] - Flow-matching step: 65/100
[2025-12-03 02:30:27,470][__main__][INFO] - Flow-matching step: 66/100
[2025-12-03 02:30:30,299][__main__][INFO] - Flow-matching step: 67/100
[2025-12-03 02:30:33,122][__main__][INFO] - Flow-matching step: 68/100
[2025-12-03 02:30:35,941][__main__][INFO] - Flow-matching step: 69/100
[2025-12-03 02:30:38,743][__main__][INFO] - Flow-matching step: 70/100
[2025-12-03 02:30:41,561][__main__][INFO] - Flow-matching step: 71/100
[2025-12-03 02:30:44,380][__main__][INFO] - Flow-matching step: 72/100
[2025-12-03 02:30:47,212][__main__][INFO] - Flow-matching step: 73/100
[2025-12-03 02:30:50,032][__main__][INFO] - Flow-matching step: 74/100
[2025-12-03 02:30:52,855][__main__][INFO] - Flow-matching step: 75/100
[2025-12-03 02:30:55,676][__main__][INFO] - Flow-matching step: 76/100
[2025-12-03 02:30:58,492][__main__][INFO] - Flow-matching step: 77/100
[2025-12-03 02:31:01,299][__main__][INFO] - Flow-matching step: 78/100
[2025-12-03 02:31:04,120][__main__][INFO] - Flow-matching step: 79/100
[2025-12-03 02:31:06,920][__main__][INFO] - Flow-matching step: 80/100
[2025-12-03 02:31:09,731][__main__][INFO] - Flow-matching step: 81/100
[2025-12-03 02:31:12,564][__main__][INFO] - Flow-matching step: 82/100
[2025-12-03 02:31:15,373][__main__][INFO] - Flow-matching step: 83/100
[2025-12-03 02:31:18,200][__main__][INFO] - Flow-matching step: 84/100
[2025-12-03 02:31:21,037][__main__][INFO] - Flow-matching step: 85/100
[2025-12-03 02:31:23,885][__main__][INFO] - Flow-matching step: 86/100
[2025-12-03 02:31:26,738][__main__][INFO] - Flow-matching step: 87/100
[2025-12-03 02:31:29,596][__main__][INFO] - Flow-matching step: 88/100
[2025-12-03 02:31:32,431][__main__][INFO] - Flow-matching step: 89/100
[2025-12-03 02:31:35,259][__main__][INFO] - Flow-matching step: 90/100
[2025-12-03 02:31:38,082][__main__][INFO] - Flow-matching step: 91/100
[2025-12-03 02:31:40,907][__main__][INFO] - Flow-matching step: 92/100
[2025-12-03 02:31:43,725][__main__][INFO] - Flow-matching step: 93/100
[2025-12-03 02:31:46,549][__main__][INFO] - Flow-matching step: 94/100
[2025-12-03 02:31:49,386][__main__][INFO] - Flow-matching step: 95/100
[2025-12-03 02:31:52,213][__main__][INFO] - Flow-matching step: 96/100
[2025-12-03 02:31:55,048][__main__][INFO] - Flow-matching step: 97/100
[2025-12-03 02:31:57,869][__main__][INFO] - Flow-matching step: 98/100
[2025-12-03 02:32:00,695][__main__][INFO] - Flow-matching step: 99/100
[2025-12-03 02:32:03,534][__main__][INFO] - Flow-matching step: 100/100
[2025-12-03 02:32:16,382][__main__][INFO] - Finished design in 4.88 minutes
[2025-12-03 02:32:16,427][__main__][INFO] - out_prefix_suffixed='/home/woodbuse/publication/metallohydrolase/github/Computational_Design_of_Metallohydrolases_PrivateGitHub/RFdiffusion2_Tutorial/outputs/rfdiffusion2_out/from_quantum_chemistry__ZN_ESTERASE/ZETA_2__theozyme_optTS_geom_HHHE__lig_SZD_artificialBB_ORI_03_LENGTH_140_170__1_1-atomized-bb-False', conf.inference.guidepost_xyz_as_design_bb=False
[2025-12-03 02:32:16,500][__main__][INFO] - Idealizing atomized sidechains for pX0 of the last step...
[2025-12-03 02:32:18,598][__main__][INFO] - design : /home/woodbuse/publication/metallohydrolase/github/Computational_Design_of_Metallohydrolases_PrivateGitHub/RFdiffusion2_Tutorial/outputs/rfdiffusion2_out/from_quantum_chemistry__ZN_ESTERASE/ZETA_2__theozyme_optTS_geom_HHHE__lig_SZD_artificialBB_ORI_03_LENGTH_140_170__1_1-atomized-bb-False.pdb
