[2025-12-03 02:10:45,778][rf_diffusion.config.config_format][INFO] - Translating obsolete key: extra_t1d -> ['extra_tXd']
[2025-12-03 02:10:45,779][rf_diffusion.config.config_format][INFO] - Translating obsolete key: extra_t1d_params -> ['extra_tXd_params']
[2025-12-03 02:10:49,876][__main__][INFO] - Making design 0 of 0:2: /home/woodbuse/publication/metallohydrolase/github/Computational_Design_of_Metallohydrolases_PrivateGitHub/RFdiffusion2_Tutorial/outputs/rfdiffusion2_out/from_quantum_chemistry__ZN_ESTERASE/ZETA_2__theozyme_optTS_geom_HHHE__lig_SZD_artificialBB_ORI_02_LENGTH_110_140__1_0
[2025-12-03 02:10:50,071][se3_flow_matching.data.so3_utils][INFO] - Data loaded from .cache/cache_igso3_s0.100-1.500-1000_l1000_o1000-3.npz
[2025-12-03 02:10:50,126][__main__][INFO] - Flow-matching step: 1/100
[2025-12-03 02:10:54,178][__main__][INFO] - Flow-matching step: 2/100
[2025-12-03 02:10:56,271][__main__][INFO] - Flow-matching step: 3/100
[2025-12-03 02:10:58,364][__main__][INFO] - Flow-matching step: 4/100
[2025-12-03 02:11:00,464][__main__][INFO] - Flow-matching step: 5/100
[2025-12-03 02:11:02,566][__main__][INFO] - Flow-matching step: 6/100
[2025-12-03 02:11:04,664][__main__][INFO] - Flow-matching step: 7/100
[2025-12-03 02:11:06,763][__main__][INFO] - Flow-matching step: 8/100
[2025-12-03 02:11:08,864][__main__][INFO] - Flow-matching step: 9/100
[2025-12-03 02:11:10,962][__main__][INFO] - Flow-matching step: 10/100
[2025-12-03 02:11:13,056][__main__][INFO] - Flow-matching step: 11/100
[2025-12-03 02:11:15,145][__main__][INFO] - Flow-matching step: 12/100
[2025-12-03 02:11:17,252][__main__][INFO] - Flow-matching step: 13/100
[2025-12-03 02:11:19,371][__main__][INFO] - Flow-matching step: 14/100
[2025-12-03 02:11:21,485][__main__][INFO] - Flow-matching step: 15/100
[2025-12-03 02:11:23,592][__main__][INFO] - Flow-matching step: 16/100
[2025-12-03 02:11:25,703][__main__][INFO] - Flow-matching step: 17/100
[2025-12-03 02:11:27,823][__main__][INFO] - Flow-matching step: 18/100
[2025-12-03 02:11:29,945][__main__][INFO] - Flow-matching step: 19/100
[2025-12-03 02:11:32,065][__main__][INFO] - Flow-matching step: 20/100
[2025-12-03 02:11:34,185][__main__][INFO] - Flow-matching step: 21/100
[2025-12-03 02:11:36,300][__main__][INFO] - Flow-matching step: 22/100
[2025-12-03 02:11:38,411][__main__][INFO] - Flow-matching step: 23/100
[2025-12-03 02:11:40,521][__main__][INFO] - Flow-matching step: 24/100
[2025-12-03 02:11:42,628][__main__][INFO] - Flow-matching step: 25/100
[2025-12-03 02:11:44,742][__main__][INFO] - Flow-matching step: 26/100
[2025-12-03 02:11:46,864][__main__][INFO] - Flow-matching step: 27/100
[2025-12-03 02:11:48,974][__main__][INFO] - Flow-matching step: 28/100
[2025-12-03 02:11:51,078][__main__][INFO] - Flow-matching step: 29/100
[2025-12-03 02:11:53,172][__main__][INFO] - Flow-matching step: 30/100
[2025-12-03 02:11:55,269][__main__][INFO] - Flow-matching step: 31/100
[2025-12-03 02:11:57,359][__main__][INFO] - Flow-matching step: 32/100
[2025-12-03 02:11:59,446][__main__][INFO] - Flow-matching step: 33/100
[2025-12-03 02:12:01,537][__main__][INFO] - Flow-matching step: 34/100
[2025-12-03 02:12:03,628][__main__][INFO] - Flow-matching step: 35/100
[2025-12-03 02:12:05,721][__main__][INFO] - Flow-matching step: 36/100
[2025-12-03 02:12:07,805][__main__][INFO] - Flow-matching step: 37/100
[2025-12-03 02:12:09,892][__main__][INFO] - Flow-matching step: 38/100
[2025-12-03 02:12:11,984][__main__][INFO] - Flow-matching step: 39/100
[2025-12-03 02:12:14,055][__main__][INFO] - Flow-matching step: 40/100
[2025-12-03 02:12:16,124][__main__][INFO] - Flow-matching step: 41/100
[2025-12-03 02:12:18,204][__main__][INFO] - Flow-matching step: 42/100
[2025-12-03 02:12:20,284][__main__][INFO] - Flow-matching step: 43/100
[2025-12-03 02:12:22,346][__main__][INFO] - Flow-matching step: 44/100
[2025-12-03 02:12:24,421][__main__][INFO] - Flow-matching step: 45/100
[2025-12-03 02:12:26,494][__main__][INFO] - Flow-matching step: 46/100
[2025-12-03 02:12:28,575][__main__][INFO] - Flow-matching step: 47/100
[2025-12-03 02:12:30,654][__main__][INFO] - Flow-matching step: 48/100
[2025-12-03 02:12:32,740][__main__][INFO] - Flow-matching step: 49/100
[2025-12-03 02:12:34,830][__main__][INFO] - Flow-matching step: 50/100
[2025-12-03 02:12:36,922][__main__][INFO] - Flow-matching step: 51/100
[2025-12-03 02:12:39,018][__main__][INFO] - Flow-matching step: 52/100
[2025-12-03 02:12:41,107][__main__][INFO] - Flow-matching step: 53/100
[2025-12-03 02:12:43,196][__main__][INFO] - Flow-matching step: 54/100
[2025-12-03 02:12:45,283][__main__][INFO] - Flow-matching step: 55/100
[2025-12-03 02:12:47,369][__main__][INFO] - Flow-matching step: 56/100
[2025-12-03 02:12:49,463][__main__][INFO] - Flow-matching step: 57/100
[2025-12-03 02:12:51,565][__main__][INFO] - Flow-matching step: 58/100
[2025-12-03 02:12:53,650][__main__][INFO] - Flow-matching step: 59/100
[2025-12-03 02:12:55,723][__main__][INFO] - Flow-matching step: 60/100
[2025-12-03 02:12:57,797][__main__][INFO] - Flow-matching step: 61/100
[2025-12-03 02:12:59,863][__main__][INFO] - Flow-matching step: 62/100
[2025-12-03 02:13:01,948][__main__][INFO] - Flow-matching step: 63/100
[2025-12-03 02:13:04,046][__main__][INFO] - Flow-matching step: 64/100
[2025-12-03 02:13:06,135][__main__][INFO] - Flow-matching step: 65/100
[2025-12-03 02:13:08,224][__main__][INFO] - Flow-matching step: 66/100
[2025-12-03 02:13:10,331][__main__][INFO] - Flow-matching step: 67/100
[2025-12-03 02:13:12,450][__main__][INFO] - Flow-matching step: 68/100
[2025-12-03 02:13:14,581][__main__][INFO] - Flow-matching step: 69/100
[2025-12-03 02:13:16,730][__main__][INFO] - Flow-matching step: 70/100
[2025-12-03 02:13:18,877][__main__][INFO] - Flow-matching step: 71/100
[2025-12-03 02:13:21,030][__main__][INFO] - Flow-matching step: 72/100
[2025-12-03 02:13:23,181][__main__][INFO] - Flow-matching step: 73/100
[2025-12-03 02:13:25,319][__main__][INFO] - Flow-matching step: 74/100
[2025-12-03 02:13:27,458][__main__][INFO] - Flow-matching step: 75/100
[2025-12-03 02:13:29,591][__main__][INFO] - Flow-matching step: 76/100
[2025-12-03 02:13:31,702][__main__][INFO] - Flow-matching step: 77/100
[2025-12-03 02:13:33,807][__main__][INFO] - Flow-matching step: 78/100
[2025-12-03 02:13:35,919][__main__][INFO] - Flow-matching step: 79/100
[2025-12-03 02:13:38,019][__main__][INFO] - Flow-matching step: 80/100
[2025-12-03 02:13:40,120][__main__][INFO] - Flow-matching step: 81/100
[2025-12-03 02:13:42,225][__main__][INFO] - Flow-matching step: 82/100
[2025-12-03 02:13:44,331][__main__][INFO] - Flow-matching step: 83/100
[2025-12-03 02:13:46,437][__main__][INFO] - Flow-matching step: 84/100
[2025-12-03 02:13:48,547][__main__][INFO] - Flow-matching step: 85/100
[2025-12-03 02:13:50,667][__main__][INFO] - Flow-matching step: 86/100
[2025-12-03 02:13:52,769][__main__][INFO] - Flow-matching step: 87/100
[2025-12-03 02:13:54,874][__main__][INFO] - Flow-matching step: 88/100
[2025-12-03 02:13:56,982][__main__][INFO] - Flow-matching step: 89/100
[2025-12-03 02:13:59,084][__main__][INFO] - Flow-matching step: 90/100
[2025-12-03 02:14:01,186][__main__][INFO] - Flow-matching step: 91/100
[2025-12-03 02:14:03,281][__main__][INFO] - Flow-matching step: 92/100
[2025-12-03 02:14:05,389][__main__][INFO] - Flow-matching step: 93/100
[2025-12-03 02:14:07,509][__main__][INFO] - Flow-matching step: 94/100
[2025-12-03 02:14:09,627][__main__][INFO] - Flow-matching step: 95/100
[2025-12-03 02:14:11,729][__main__][INFO] - Flow-matching step: 96/100
[2025-12-03 02:14:13,837][__main__][INFO] - Flow-matching step: 97/100
[2025-12-03 02:14:15,948][__main__][INFO] - Flow-matching step: 98/100
[2025-12-03 02:14:18,062][__main__][INFO] - Flow-matching step: 99/100
[2025-12-03 02:14:20,179][__main__][INFO] - Flow-matching step: 100/100
[2025-12-03 02:14:30,702][__main__][INFO] - Finished design in 3.68 minutes
[2025-12-03 02:14:30,747][__main__][INFO] - out_prefix_suffixed='/home/woodbuse/publication/metallohydrolase/github/Computational_Design_of_Metallohydrolases_PrivateGitHub/RFdiffusion2_Tutorial/outputs/rfdiffusion2_out/from_quantum_chemistry__ZN_ESTERASE/ZETA_2__theozyme_optTS_geom_HHHE__lig_SZD_artificialBB_ORI_02_LENGTH_110_140__1_0-atomized-bb-False', conf.inference.guidepost_xyz_as_design_bb=False
[2025-12-03 02:14:31,008][__main__][INFO] - Idealizing atomized sidechains for pX0 of the last step...
[2025-12-03 02:14:32,922][__main__][INFO] - design : /home/woodbuse/publication/metallohydrolase/github/Computational_Design_of_Metallohydrolases_PrivateGitHub/RFdiffusion2_Tutorial/outputs/rfdiffusion2_out/from_quantum_chemistry__ZN_ESTERASE/ZETA_2__theozyme_optTS_geom_HHHE__lig_SZD_artificialBB_ORI_02_LENGTH_110_140__1_0-atomized-bb-False.pdb
[2025-12-03 02:14:32,923][__main__][INFO] - Making design 1 of 0:2: /home/woodbuse/publication/metallohydrolase/github/Computational_Design_of_Metallohydrolases_PrivateGitHub/RFdiffusion2_Tutorial/outputs/rfdiffusion2_out/from_quantum_chemistry__ZN_ESTERASE/ZETA_2__theozyme_optTS_geom_HHHE__lig_SZD_artificialBB_ORI_02_LENGTH_110_140__1_1
[2025-12-03 02:14:33,152][__main__][INFO] - Flow-matching step: 1/100
[2025-12-03 02:14:35,517][__main__][INFO] - Flow-matching step: 2/100
[2025-12-03 02:14:37,849][__main__][INFO] - Flow-matching step: 3/100
[2025-12-03 02:14:40,168][__main__][INFO] - Flow-matching step: 4/100
[2025-12-03 02:14:42,499][__main__][INFO] - Flow-matching step: 5/100
[2025-12-03 02:14:44,855][__main__][INFO] - Flow-matching step: 6/100
[2025-12-03 02:14:47,210][__main__][INFO] - Flow-matching step: 7/100
[2025-12-03 02:14:49,567][__main__][INFO] - Flow-matching step: 8/100
[2025-12-03 02:14:51,929][__main__][INFO] - Flow-matching step: 9/100
[2025-12-03 02:14:54,282][__main__][INFO] - Flow-matching step: 10/100
[2025-12-03 02:14:56,637][__main__][INFO] - Flow-matching step: 11/100
[2025-12-03 02:14:59,000][__main__][INFO] - Flow-matching step: 12/100
[2025-12-03 02:15:01,357][__main__][INFO] - Flow-matching step: 13/100
[2025-12-03 02:15:03,717][__main__][INFO] - Flow-matching step: 14/100
[2025-12-03 02:15:06,059][__main__][INFO] - Flow-matching step: 15/100
[2025-12-03 02:15:08,404][__main__][INFO] - Flow-matching step: 16/100
[2025-12-03 02:15:10,752][__main__][INFO] - Flow-matching step: 17/100
[2025-12-03 02:15:13,108][__main__][INFO] - Flow-matching step: 18/100
[2025-12-03 02:15:15,461][__main__][INFO] - Flow-matching step: 19/100
[2025-12-03 02:15:17,818][__main__][INFO] - Flow-matching step: 20/100
[2025-12-03 02:15:20,171][__main__][INFO] - Flow-matching step: 21/100
[2025-12-03 02:15:22,531][__main__][INFO] - Flow-matching step: 22/100
[2025-12-03 02:15:24,880][__main__][INFO] - Flow-matching step: 23/100
[2025-12-03 02:15:27,226][__main__][INFO] - Flow-matching step: 24/100
[2025-12-03 02:15:29,572][__main__][INFO] - Flow-matching step: 25/100
[2025-12-03 02:15:31,926][__main__][INFO] - Flow-matching step: 26/100
[2025-12-03 02:15:34,294][__main__][INFO] - Flow-matching step: 27/100
[2025-12-03 02:15:36,655][__main__][INFO] - Flow-matching step: 28/100
[2025-12-03 02:15:39,012][__main__][INFO] - Flow-matching step: 29/100
[2025-12-03 02:15:41,388][__main__][INFO] - Flow-matching step: 30/100
[2025-12-03 02:15:43,751][__main__][INFO] - Flow-matching step: 31/100
[2025-12-03 02:15:46,130][__main__][INFO] - Flow-matching step: 32/100
[2025-12-03 02:15:48,506][__main__][INFO] - Flow-matching step: 33/100
[2025-12-03 02:15:50,897][__main__][INFO] - Flow-matching step: 34/100
[2025-12-03 02:15:53,273][__main__][INFO] - Flow-matching step: 35/100
[2025-12-03 02:15:55,642][__main__][INFO] - Flow-matching step: 36/100
[2025-12-03 02:15:58,014][__main__][INFO] - Flow-matching step: 37/100
[2025-12-03 02:16:00,391][__main__][INFO] - Flow-matching step: 38/100
[2025-12-03 02:16:02,763][__main__][INFO] - Flow-matching step: 39/100
[2025-12-03 02:16:05,147][__main__][INFO] - Flow-matching step: 40/100
[2025-12-03 02:16:07,535][__main__][INFO] - Flow-matching step: 41/100
[2025-12-03 02:16:09,933][__main__][INFO] - Flow-matching step: 42/100
[2025-12-03 02:16:12,336][__main__][INFO] - Flow-matching step: 43/100
[2025-12-03 02:16:14,738][__main__][INFO] - Flow-matching step: 44/100
[2025-12-03 02:16:17,139][__main__][INFO] - Flow-matching step: 45/100
[2025-12-03 02:16:19,537][__main__][INFO] - Flow-matching step: 46/100
[2025-12-03 02:16:21,933][__main__][INFO] - Flow-matching step: 47/100
[2025-12-03 02:16:24,325][__main__][INFO] - Flow-matching step: 48/100
[2025-12-03 02:16:26,713][__main__][INFO] - Flow-matching step: 49/100
[2025-12-03 02:16:29,098][__main__][INFO] - Flow-matching step: 50/100
[2025-12-03 02:16:31,484][__main__][INFO] - Flow-matching step: 51/100
[2025-12-03 02:16:33,867][__main__][INFO] - Flow-matching step: 52/100
[2025-12-03 02:16:36,253][__main__][INFO] - Flow-matching step: 53/100
[2025-12-03 02:16:38,643][__main__][INFO] - Flow-matching step: 54/100
[2025-12-03 02:16:41,019][__main__][INFO] - Flow-matching step: 55/100
[2025-12-03 02:16:43,409][__main__][INFO] - Flow-matching step: 56/100
[2025-12-03 02:16:45,796][__main__][INFO] - Flow-matching step: 57/100
[2025-12-03 02:16:48,177][__main__][INFO] - Flow-matching step: 58/100
[2025-12-03 02:16:50,579][__main__][INFO] - Flow-matching step: 59/100
[2025-12-03 02:16:52,959][__main__][INFO] - Flow-matching step: 60/100
[2025-12-03 02:16:55,343][__main__][INFO] - Flow-matching step: 61/100
[2025-12-03 02:16:57,723][__main__][INFO] - Flow-matching step: 62/100
[2025-12-03 02:17:00,111][__main__][INFO] - Flow-matching step: 63/100
[2025-12-03 02:17:02,511][__main__][INFO] - Flow-matching step: 64/100
[2025-12-03 02:17:04,898][__main__][INFO] - Flow-matching step: 65/100
[2025-12-03 02:17:07,292][__main__][INFO] - Flow-matching step: 66/100
[2025-12-03 02:17:09,691][__main__][INFO] - Flow-matching step: 67/100
[2025-12-03 02:17:12,099][__main__][INFO] - Flow-matching step: 68/100
[2025-12-03 02:17:14,497][__main__][INFO] - Flow-matching step: 69/100
[2025-12-03 02:17:16,891][__main__][INFO] - Flow-matching step: 70/100
[2025-12-03 02:17:19,284][__main__][INFO] - Flow-matching step: 71/100
[2025-12-03 02:17:21,684][__main__][INFO] - Flow-matching step: 72/100
[2025-12-03 02:17:24,065][__main__][INFO] - Flow-matching step: 73/100
[2025-12-03 02:17:26,445][__main__][INFO] - Flow-matching step: 74/100
[2025-12-03 02:17:28,826][__main__][INFO] - Flow-matching step: 75/100
[2025-12-03 02:17:31,188][__main__][INFO] - Flow-matching step: 76/100
[2025-12-03 02:17:33,545][__main__][INFO] - Flow-matching step: 77/100
[2025-12-03 02:17:35,918][__main__][INFO] - Flow-matching step: 78/100
[2025-12-03 02:17:38,293][__main__][INFO] - Flow-matching step: 79/100
[2025-12-03 02:17:40,667][__main__][INFO] - Flow-matching step: 80/100
[2025-12-03 02:17:43,017][__main__][INFO] - Flow-matching step: 81/100
[2025-12-03 02:17:45,364][__main__][INFO] - Flow-matching step: 82/100
[2025-12-03 02:17:47,724][__main__][INFO] - Flow-matching step: 83/100
[2025-12-03 02:17:50,094][__main__][INFO] - Flow-matching step: 84/100
[2025-12-03 02:17:52,468][__main__][INFO] - Flow-matching step: 85/100
[2025-12-03 02:17:54,829][__main__][INFO] - Flow-matching step: 86/100
[2025-12-03 02:17:57,180][__main__][INFO] - Flow-matching step: 87/100
[2025-12-03 02:17:59,538][__main__][INFO] - Flow-matching step: 88/100
[2025-12-03 02:18:01,881][__main__][INFO] - Flow-matching step: 89/100
[2025-12-03 02:18:04,246][__main__][INFO] - Flow-matching step: 90/100
[2025-12-03 02:18:06,620][__main__][INFO] - Flow-matching step: 91/100
[2025-12-03 02:18:08,984][__main__][INFO] - Flow-matching step: 92/100
[2025-12-03 02:18:11,317][__main__][INFO] - Flow-matching step: 93/100
[2025-12-03 02:18:13,652][__main__][INFO] - Flow-matching step: 94/100
[2025-12-03 02:18:15,984][__main__][INFO] - Flow-matching step: 95/100
[2025-12-03 02:18:18,326][__main__][INFO] - Flow-matching step: 96/100
[2025-12-03 02:18:20,652][__main__][INFO] - Flow-matching step: 97/100
[2025-12-03 02:18:23,007][__main__][INFO] - Flow-matching step: 98/100
[2025-12-03 02:18:25,366][__main__][INFO] - Flow-matching step: 99/100
[2025-12-03 02:18:27,729][__main__][INFO] - Flow-matching step: 100/100
[2025-12-03 02:18:39,054][__main__][INFO] - Finished design in 4.10 minutes
[2025-12-03 02:18:39,098][__main__][INFO] - out_prefix_suffixed='/home/woodbuse/publication/metallohydrolase/github/Computational_Design_of_Metallohydrolases_PrivateGitHub/RFdiffusion2_Tutorial/outputs/rfdiffusion2_out/from_quantum_chemistry__ZN_ESTERASE/ZETA_2__theozyme_optTS_geom_HHHE__lig_SZD_artificialBB_ORI_02_LENGTH_110_140__1_1-atomized-bb-False', conf.inference.guidepost_xyz_as_design_bb=False
[2025-12-03 02:18:39,147][__main__][INFO] - Idealizing atomized sidechains for pX0 of the last step...
[2025-12-03 02:18:40,765][__main__][INFO] - design : /home/woodbuse/publication/metallohydrolase/github/Computational_Design_of_Metallohydrolases_PrivateGitHub/RFdiffusion2_Tutorial/outputs/rfdiffusion2_out/from_quantum_chemistry__ZN_ESTERASE/ZETA_2__theozyme_optTS_geom_HHHE__lig_SZD_artificialBB_ORI_02_LENGTH_110_140__1_1-atomized-bb-False.pdb
