[2025-12-03 03:25:58,315][rf_diffusion.config.config_format][INFO] - Translating obsolete key: extra_t1d -> ['extra_tXd']
[2025-12-03 03:25:58,316][rf_diffusion.config.config_format][INFO] - Translating obsolete key: extra_t1d_params -> ['extra_tXd_params']
[2025-12-03 03:26:01,574][__main__][INFO] - Making design 0 of 0:2: /home/woodbuse/publication/metallohydrolase/github/Computational_Design_of_Metallohydrolases_PrivateGitHub/RFdiffusion2_Tutorial/outputs/rfdiffusion2_out/from_PDB_structure__ZN_PROTEASE/pdb_00001qji__theozyme_HEHH__lig_TSA_ORI_01_LENGTH_120_150__1_0
[2025-12-03 03:26:01,808][se3_flow_matching.data.so3_utils][INFO] - Data loaded from .cache/cache_igso3_s0.100-1.500-1000_l1000_o1000-3.npz
[2025-12-03 03:26:01,864][__main__][INFO] - Flow-matching step: 1/100
[2025-12-03 03:26:05,564][__main__][INFO] - Flow-matching step: 2/100
[2025-12-03 03:26:08,012][__main__][INFO] - Flow-matching step: 3/100
[2025-12-03 03:26:10,455][__main__][INFO] - Flow-matching step: 4/100
[2025-12-03 03:26:12,895][__main__][INFO] - Flow-matching step: 5/100
[2025-12-03 03:26:15,346][__main__][INFO] - Flow-matching step: 6/100
[2025-12-03 03:26:17,804][__main__][INFO] - Flow-matching step: 7/100
[2025-12-03 03:26:20,255][__main__][INFO] - Flow-matching step: 8/100
[2025-12-03 03:26:22,697][__main__][INFO] - Flow-matching step: 9/100
[2025-12-03 03:26:25,141][__main__][INFO] - Flow-matching step: 10/100
[2025-12-03 03:26:27,587][__main__][INFO] - Flow-matching step: 11/100
[2025-12-03 03:26:30,021][__main__][INFO] - Flow-matching step: 12/100
[2025-12-03 03:26:32,459][__main__][INFO] - Flow-matching step: 13/100
[2025-12-03 03:26:34,867][__main__][INFO] - Flow-matching step: 14/100
[2025-12-03 03:26:37,282][__main__][INFO] - Flow-matching step: 15/100
[2025-12-03 03:26:39,723][__main__][INFO] - Flow-matching step: 16/100
[2025-12-03 03:26:42,146][__main__][INFO] - Flow-matching step: 17/100
[2025-12-03 03:26:44,574][__main__][INFO] - Flow-matching step: 18/100
[2025-12-03 03:26:46,993][__main__][INFO] - Flow-matching step: 19/100
[2025-12-03 03:26:49,405][__main__][INFO] - Flow-matching step: 20/100
[2025-12-03 03:26:51,826][__main__][INFO] - Flow-matching step: 21/100
[2025-12-03 03:26:54,231][__main__][INFO] - Flow-matching step: 22/100
[2025-12-03 03:26:56,626][__main__][INFO] - Flow-matching step: 23/100
[2025-12-03 03:26:59,038][__main__][INFO] - Flow-matching step: 24/100
[2025-12-03 03:27:01,470][__main__][INFO] - Flow-matching step: 25/100
[2025-12-03 03:27:03,880][__main__][INFO] - Flow-matching step: 26/100
[2025-12-03 03:27:06,314][__main__][INFO] - Flow-matching step: 27/100
[2025-12-03 03:27:08,757][__main__][INFO] - Flow-matching step: 28/100
[2025-12-03 03:27:11,179][__main__][INFO] - Flow-matching step: 29/100
[2025-12-03 03:27:13,592][__main__][INFO] - Flow-matching step: 30/100
[2025-12-03 03:27:16,020][__main__][INFO] - Flow-matching step: 31/100
[2025-12-03 03:27:18,454][__main__][INFO] - Flow-matching step: 32/100
[2025-12-03 03:27:20,904][__main__][INFO] - Flow-matching step: 33/100
[2025-12-03 03:27:23,362][__main__][INFO] - Flow-matching step: 34/100
[2025-12-03 03:27:25,803][__main__][INFO] - Flow-matching step: 35/100
[2025-12-03 03:27:28,244][__main__][INFO] - Flow-matching step: 36/100
[2025-12-03 03:27:30,691][__main__][INFO] - Flow-matching step: 37/100
[2025-12-03 03:27:33,134][__main__][INFO] - Flow-matching step: 38/100
[2025-12-03 03:27:35,570][__main__][INFO] - Flow-matching step: 39/100
[2025-12-03 03:27:38,000][__main__][INFO] - Flow-matching step: 40/100
[2025-12-03 03:27:40,443][__main__][INFO] - Flow-matching step: 41/100
[2025-12-03 03:27:42,902][__main__][INFO] - Flow-matching step: 42/100
[2025-12-03 03:27:45,356][__main__][INFO] - Flow-matching step: 43/100
[2025-12-03 03:27:47,811][__main__][INFO] - Flow-matching step: 44/100
[2025-12-03 03:27:50,265][__main__][INFO] - Flow-matching step: 45/100
[2025-12-03 03:27:52,716][__main__][INFO] - Flow-matching step: 46/100
[2025-12-03 03:27:55,175][__main__][INFO] - Flow-matching step: 47/100
[2025-12-03 03:27:57,627][__main__][INFO] - Flow-matching step: 48/100
[2025-12-03 03:28:00,088][__main__][INFO] - Flow-matching step: 49/100
[2025-12-03 03:28:02,553][__main__][INFO] - Flow-matching step: 50/100
[2025-12-03 03:28:05,018][__main__][INFO] - Flow-matching step: 51/100
[2025-12-03 03:28:07,470][__main__][INFO] - Flow-matching step: 52/100
[2025-12-03 03:28:09,925][__main__][INFO] - Flow-matching step: 53/100
[2025-12-03 03:28:12,374][__main__][INFO] - Flow-matching step: 54/100
[2025-12-03 03:28:14,828][__main__][INFO] - Flow-matching step: 55/100
[2025-12-03 03:28:17,273][__main__][INFO] - Flow-matching step: 56/100
[2025-12-03 03:28:19,719][__main__][INFO] - Flow-matching step: 57/100
[2025-12-03 03:28:22,159][__main__][INFO] - Flow-matching step: 58/100
[2025-12-03 03:28:24,605][__main__][INFO] - Flow-matching step: 59/100
[2025-12-03 03:28:27,067][__main__][INFO] - Flow-matching step: 60/100
[2025-12-03 03:28:29,513][__main__][INFO] - Flow-matching step: 61/100
[2025-12-03 03:28:31,939][__main__][INFO] - Flow-matching step: 62/100
[2025-12-03 03:28:34,382][__main__][INFO] - Flow-matching step: 63/100
[2025-12-03 03:28:36,833][__main__][INFO] - Flow-matching step: 64/100
[2025-12-03 03:28:39,260][__main__][INFO] - Flow-matching step: 65/100
[2025-12-03 03:28:41,684][__main__][INFO] - Flow-matching step: 66/100
[2025-12-03 03:28:44,130][__main__][INFO] - Flow-matching step: 67/100
[2025-12-03 03:28:46,578][__main__][INFO] - Flow-matching step: 68/100
[2025-12-03 03:28:49,045][__main__][INFO] - Flow-matching step: 69/100
[2025-12-03 03:28:51,472][__main__][INFO] - Flow-matching step: 70/100
[2025-12-03 03:28:53,901][__main__][INFO] - Flow-matching step: 71/100
[2025-12-03 03:28:56,343][__main__][INFO] - Flow-matching step: 72/100
[2025-12-03 03:28:58,775][__main__][INFO] - Flow-matching step: 73/100
[2025-12-03 03:29:01,202][__main__][INFO] - Flow-matching step: 74/100
[2025-12-03 03:29:03,645][__main__][INFO] - Flow-matching step: 75/100
[2025-12-03 03:29:06,092][__main__][INFO] - Flow-matching step: 76/100
[2025-12-03 03:29:08,527][__main__][INFO] - Flow-matching step: 77/100
[2025-12-03 03:29:10,996][__main__][INFO] - Flow-matching step: 78/100
[2025-12-03 03:29:13,444][__main__][INFO] - Flow-matching step: 79/100
[2025-12-03 03:29:15,872][__main__][INFO] - Flow-matching step: 80/100
[2025-12-03 03:29:18,307][__main__][INFO] - Flow-matching step: 81/100
[2025-12-03 03:29:20,748][__main__][INFO] - Flow-matching step: 82/100
[2025-12-03 03:29:23,171][__main__][INFO] - Flow-matching step: 83/100
[2025-12-03 03:29:25,624][__main__][INFO] - Flow-matching step: 84/100
[2025-12-03 03:29:28,055][__main__][INFO] - Flow-matching step: 85/100
[2025-12-03 03:29:30,505][__main__][INFO] - Flow-matching step: 86/100
[2025-12-03 03:29:32,942][__main__][INFO] - Flow-matching step: 87/100
[2025-12-03 03:29:35,379][__main__][INFO] - Flow-matching step: 88/100
[2025-12-03 03:29:37,819][__main__][INFO] - Flow-matching step: 89/100
[2025-12-03 03:29:40,265][__main__][INFO] - Flow-matching step: 90/100
[2025-12-03 03:29:42,714][__main__][INFO] - Flow-matching step: 91/100
[2025-12-03 03:29:45,163][__main__][INFO] - Flow-matching step: 92/100
[2025-12-03 03:29:47,617][__main__][INFO] - Flow-matching step: 93/100
[2025-12-03 03:29:50,078][__main__][INFO] - Flow-matching step: 94/100
[2025-12-03 03:29:52,520][__main__][INFO] - Flow-matching step: 95/100
[2025-12-03 03:29:54,970][__main__][INFO] - Flow-matching step: 96/100
[2025-12-03 03:29:57,422][__main__][INFO] - Flow-matching step: 97/100
[2025-12-03 03:29:59,877][__main__][INFO] - Flow-matching step: 98/100
[2025-12-03 03:30:02,358][__main__][INFO] - Flow-matching step: 99/100
[2025-12-03 03:30:04,819][__main__][INFO] - Flow-matching step: 100/100
[2025-12-03 03:30:18,013][__main__][INFO] - Finished design in 4.27 minutes
[2025-12-03 03:30:18,052][__main__][INFO] - out_prefix_suffixed='/home/woodbuse/publication/metallohydrolase/github/Computational_Design_of_Metallohydrolases_PrivateGitHub/RFdiffusion2_Tutorial/outputs/rfdiffusion2_out/from_PDB_structure__ZN_PROTEASE/pdb_00001qji__theozyme_HEHH__lig_TSA_ORI_01_LENGTH_120_150__1_0-atomized-bb-False', conf.inference.guidepost_xyz_as_design_bb=False
[2025-12-03 03:30:18,114][__main__][INFO] - Idealizing atomized sidechains for pX0 of the last step...
[2025-12-03 03:30:20,006][__main__][INFO] - design : /home/woodbuse/publication/metallohydrolase/github/Computational_Design_of_Metallohydrolases_PrivateGitHub/RFdiffusion2_Tutorial/outputs/rfdiffusion2_out/from_PDB_structure__ZN_PROTEASE/pdb_00001qji__theozyme_HEHH__lig_TSA_ORI_01_LENGTH_120_150__1_0-atomized-bb-False.pdb
[2025-12-03 03:30:20,007][__main__][INFO] - Making design 1 of 0:2: /home/woodbuse/publication/metallohydrolase/github/Computational_Design_of_Metallohydrolases_PrivateGitHub/RFdiffusion2_Tutorial/outputs/rfdiffusion2_out/from_PDB_structure__ZN_PROTEASE/pdb_00001qji__theozyme_HEHH__lig_TSA_ORI_01_LENGTH_120_150__1_1
[2025-12-03 03:30:20,257][__main__][INFO] - Flow-matching step: 1/100
[2025-12-03 03:30:22,820][__main__][INFO] - Flow-matching step: 2/100
[2025-12-03 03:30:25,363][__main__][INFO] - Flow-matching step: 3/100
[2025-12-03 03:30:27,905][__main__][INFO] - Flow-matching step: 4/100
[2025-12-03 03:30:30,448][__main__][INFO] - Flow-matching step: 5/100
[2025-12-03 03:30:33,010][__main__][INFO] - Flow-matching step: 6/100
[2025-12-03 03:30:35,557][__main__][INFO] - Flow-matching step: 7/100
[2025-12-03 03:30:38,115][__main__][INFO] - Flow-matching step: 8/100
[2025-12-03 03:30:40,668][__main__][INFO] - Flow-matching step: 9/100
[2025-12-03 03:30:43,209][__main__][INFO] - Flow-matching step: 10/100
[2025-12-03 03:30:45,741][__main__][INFO] - Flow-matching step: 11/100
[2025-12-03 03:30:48,269][__main__][INFO] - Flow-matching step: 12/100
[2025-12-03 03:30:50,799][__main__][INFO] - Flow-matching step: 13/100
[2025-12-03 03:30:53,335][__main__][INFO] - Flow-matching step: 14/100
[2025-12-03 03:30:55,885][__main__][INFO] - Flow-matching step: 15/100
[2025-12-03 03:30:58,449][__main__][INFO] - Flow-matching step: 16/100
[2025-12-03 03:31:00,997][__main__][INFO] - Flow-matching step: 17/100
[2025-12-03 03:31:03,549][__main__][INFO] - Flow-matching step: 18/100
[2025-12-03 03:31:06,094][__main__][INFO] - Flow-matching step: 19/100
[2025-12-03 03:31:08,637][__main__][INFO] - Flow-matching step: 20/100
[2025-12-03 03:31:11,191][__main__][INFO] - Flow-matching step: 21/100
[2025-12-03 03:31:13,748][__main__][INFO] - Flow-matching step: 22/100
[2025-12-03 03:31:16,305][__main__][INFO] - Flow-matching step: 23/100
[2025-12-03 03:31:18,838][__main__][INFO] - Flow-matching step: 24/100
[2025-12-03 03:31:21,369][__main__][INFO] - Flow-matching step: 25/100
[2025-12-03 03:31:23,903][__main__][INFO] - Flow-matching step: 26/100
[2025-12-03 03:31:26,441][__main__][INFO] - Flow-matching step: 27/100
[2025-12-03 03:31:28,975][__main__][INFO] - Flow-matching step: 28/100
[2025-12-03 03:31:31,518][__main__][INFO] - Flow-matching step: 29/100
[2025-12-03 03:31:34,064][__main__][INFO] - Flow-matching step: 30/100
[2025-12-03 03:31:36,584][__main__][INFO] - Flow-matching step: 31/100
[2025-12-03 03:31:39,138][__main__][INFO] - Flow-matching step: 32/100
[2025-12-03 03:31:41,691][__main__][INFO] - Flow-matching step: 33/100
[2025-12-03 03:31:44,244][__main__][INFO] - Flow-matching step: 34/100
[2025-12-03 03:31:46,794][__main__][INFO] - Flow-matching step: 35/100
[2025-12-03 03:31:49,346][__main__][INFO] - Flow-matching step: 36/100
[2025-12-03 03:31:51,907][__main__][INFO] - Flow-matching step: 37/100
[2025-12-03 03:31:54,463][__main__][INFO] - Flow-matching step: 38/100
[2025-12-03 03:31:57,014][__main__][INFO] - Flow-matching step: 39/100
[2025-12-03 03:31:59,558][__main__][INFO] - Flow-matching step: 40/100
[2025-12-03 03:32:02,123][__main__][INFO] - Flow-matching step: 41/100
[2025-12-03 03:32:04,689][__main__][INFO] - Flow-matching step: 42/100
[2025-12-03 03:32:07,256][__main__][INFO] - Flow-matching step: 43/100
[2025-12-03 03:32:09,818][__main__][INFO] - Flow-matching step: 44/100
[2025-12-03 03:32:12,367][__main__][INFO] - Flow-matching step: 45/100
[2025-12-03 03:32:14,908][__main__][INFO] - Flow-matching step: 46/100
[2025-12-03 03:32:17,444][__main__][INFO] - Flow-matching step: 47/100
[2025-12-03 03:32:19,980][__main__][INFO] - Flow-matching step: 48/100
[2025-12-03 03:32:22,541][__main__][INFO] - Flow-matching step: 49/100
[2025-12-03 03:32:25,095][__main__][INFO] - Flow-matching step: 50/100
[2025-12-03 03:32:27,634][__main__][INFO] - Flow-matching step: 51/100
[2025-12-03 03:32:30,174][__main__][INFO] - Flow-matching step: 52/100
[2025-12-03 03:32:32,721][__main__][INFO] - Flow-matching step: 53/100
[2025-12-03 03:32:35,252][__main__][INFO] - Flow-matching step: 54/100
[2025-12-03 03:32:37,801][__main__][INFO] - Flow-matching step: 55/100
[2025-12-03 03:32:40,362][__main__][INFO] - Flow-matching step: 56/100
[2025-12-03 03:32:42,933][__main__][INFO] - Flow-matching step: 57/100
[2025-12-03 03:32:45,504][__main__][INFO] - Flow-matching step: 58/100
[2025-12-03 03:32:48,055][__main__][INFO] - Flow-matching step: 59/100
[2025-12-03 03:32:50,606][__main__][INFO] - Flow-matching step: 60/100
[2025-12-03 03:32:53,158][__main__][INFO] - Flow-matching step: 61/100
[2025-12-03 03:32:55,710][__main__][INFO] - Flow-matching step: 62/100
[2025-12-03 03:32:58,284][__main__][INFO] - Flow-matching step: 63/100
[2025-12-03 03:33:00,842][__main__][INFO] - Flow-matching step: 64/100
[2025-12-03 03:33:03,392][__main__][INFO] - Flow-matching step: 65/100
[2025-12-03 03:33:05,928][__main__][INFO] - Flow-matching step: 66/100
[2025-12-03 03:33:08,472][__main__][INFO] - Flow-matching step: 67/100
[2025-12-03 03:33:11,031][__main__][INFO] - Flow-matching step: 68/100
[2025-12-03 03:33:13,600][__main__][INFO] - Flow-matching step: 69/100
[2025-12-03 03:33:16,170][__main__][INFO] - Flow-matching step: 70/100
[2025-12-03 03:33:18,735][__main__][INFO] - Flow-matching step: 71/100
[2025-12-03 03:33:21,309][__main__][INFO] - Flow-matching step: 72/100
[2025-12-03 03:33:23,865][__main__][INFO] - Flow-matching step: 73/100
[2025-12-03 03:33:26,411][__main__][INFO] - Flow-matching step: 74/100
[2025-12-03 03:33:28,965][__main__][INFO] - Flow-matching step: 75/100
[2025-12-03 03:33:31,508][__main__][INFO] - Flow-matching step: 76/100
[2025-12-03 03:33:34,050][__main__][INFO] - Flow-matching step: 77/100
[2025-12-03 03:33:36,604][__main__][INFO] - Flow-matching step: 78/100
[2025-12-03 03:33:39,171][__main__][INFO] - Flow-matching step: 79/100
[2025-12-03 03:33:41,719][__main__][INFO] - Flow-matching step: 80/100
[2025-12-03 03:33:44,274][__main__][INFO] - Flow-matching step: 81/100
[2025-12-03 03:33:46,835][__main__][INFO] - Flow-matching step: 82/100
[2025-12-03 03:33:49,396][__main__][INFO] - Flow-matching step: 83/100
[2025-12-03 03:33:51,966][__main__][INFO] - Flow-matching step: 84/100
[2025-12-03 03:33:54,530][__main__][INFO] - Flow-matching step: 85/100
[2025-12-03 03:33:57,096][__main__][INFO] - Flow-matching step: 86/100
[2025-12-03 03:33:59,666][__main__][INFO] - Flow-matching step: 87/100
[2025-12-03 03:34:02,241][__main__][INFO] - Flow-matching step: 88/100
[2025-12-03 03:34:04,798][__main__][INFO] - Flow-matching step: 89/100
[2025-12-03 03:34:07,369][__main__][INFO] - Flow-matching step: 90/100
[2025-12-03 03:34:09,925][__main__][INFO] - Flow-matching step: 91/100
[2025-12-03 03:34:12,484][__main__][INFO] - Flow-matching step: 92/100
[2025-12-03 03:34:15,050][__main__][INFO] - Flow-matching step: 93/100
[2025-12-03 03:34:17,602][__main__][INFO] - Flow-matching step: 94/100
[2025-12-03 03:34:20,151][__main__][INFO] - Flow-matching step: 95/100
[2025-12-03 03:34:22,683][__main__][INFO] - Flow-matching step: 96/100
[2025-12-03 03:34:25,213][__main__][INFO] - Flow-matching step: 97/100
[2025-12-03 03:34:27,750][__main__][INFO] - Flow-matching step: 98/100
[2025-12-03 03:34:30,309][__main__][INFO] - Flow-matching step: 99/100
[2025-12-03 03:34:32,859][__main__][INFO] - Flow-matching step: 100/100
[2025-12-03 03:34:46,150][__main__][INFO] - Finished design in 4.44 minutes
[2025-12-03 03:34:46,189][__main__][INFO] - out_prefix_suffixed='/home/woodbuse/publication/metallohydrolase/github/Computational_Design_of_Metallohydrolases_PrivateGitHub/RFdiffusion2_Tutorial/outputs/rfdiffusion2_out/from_PDB_structure__ZN_PROTEASE/pdb_00001qji__theozyme_HEHH__lig_TSA_ORI_01_LENGTH_120_150__1_1-atomized-bb-False', conf.inference.guidepost_xyz_as_design_bb=False
[2025-12-03 03:34:46,246][__main__][INFO] - Idealizing atomized sidechains for pX0 of the last step...
[2025-12-03 03:34:47,743][__main__][INFO] - design : /home/woodbuse/publication/metallohydrolase/github/Computational_Design_of_Metallohydrolases_PrivateGitHub/RFdiffusion2_Tutorial/outputs/rfdiffusion2_out/from_PDB_structure__ZN_PROTEASE/pdb_00001qji__theozyme_HEHH__lig_TSA_ORI_01_LENGTH_120_150__1_1-atomized-bb-False.pdb
