[2025-12-03 02:52:03,009][rf_diffusion.config.config_format][INFO] - Translating obsolete key: extra_t1d_params -> ['extra_tXd_params']
[2025-12-03 02:52:03,010][rf_diffusion.config.config_format][INFO] - Translating obsolete key: extra_t1d -> ['extra_tXd']
[2025-12-03 02:52:06,813][__main__][INFO] - Making design 0 of 0:2: /home/woodbuse/publication/metallohydrolase/github/Computational_Design_of_Metallohydrolases_PrivateGitHub/RFdiffusion2_Tutorial/outputs/rfdiffusion2_out/from_quantum_chemistry__ZN_ESTERASE/ZETA_2__theozyme_optTS_geom_HHHE__lig_SZD_artificialBB_ORI_07_LENGTH_110_140__1_0
[2025-12-03 02:52:07,024][se3_flow_matching.data.so3_utils][INFO] - Data loaded from .cache/cache_igso3_s0.100-1.500-1000_l1000_o1000-3.npz
[2025-12-03 02:52:07,083][__main__][INFO] - Flow-matching step: 1/100
[2025-12-03 02:52:10,778][__main__][INFO] - Flow-matching step: 2/100
[2025-12-03 02:52:13,035][__main__][INFO] - Flow-matching step: 3/100
[2025-12-03 02:52:15,290][__main__][INFO] - Flow-matching step: 4/100
[2025-12-03 02:52:17,541][__main__][INFO] - Flow-matching step: 5/100
[2025-12-03 02:52:19,786][__main__][INFO] - Flow-matching step: 6/100
[2025-12-03 02:52:22,052][__main__][INFO] - Flow-matching step: 7/100
[2025-12-03 02:52:24,309][__main__][INFO] - Flow-matching step: 8/100
[2025-12-03 02:52:26,590][__main__][INFO] - Flow-matching step: 9/100
[2025-12-03 02:52:28,848][__main__][INFO] - Flow-matching step: 10/100
[2025-12-03 02:52:31,104][__main__][INFO] - Flow-matching step: 11/100
[2025-12-03 02:52:33,369][__main__][INFO] - Flow-matching step: 12/100
[2025-12-03 02:52:35,632][__main__][INFO] - Flow-matching step: 13/100
[2025-12-03 02:52:37,874][__main__][INFO] - Flow-matching step: 14/100
[2025-12-03 02:52:40,128][__main__][INFO] - Flow-matching step: 15/100
[2025-12-03 02:52:42,377][__main__][INFO] - Flow-matching step: 16/100
[2025-12-03 02:52:44,620][__main__][INFO] - Flow-matching step: 17/100
[2025-12-03 02:52:46,873][__main__][INFO] - Flow-matching step: 18/100
[2025-12-03 02:52:49,132][__main__][INFO] - Flow-matching step: 19/100
[2025-12-03 02:52:51,404][__main__][INFO] - Flow-matching step: 20/100
[2025-12-03 02:52:53,676][__main__][INFO] - Flow-matching step: 21/100
[2025-12-03 02:52:55,945][__main__][INFO] - Flow-matching step: 22/100
[2025-12-03 02:52:58,230][__main__][INFO] - Flow-matching step: 23/100
[2025-12-03 02:53:00,504][__main__][INFO] - Flow-matching step: 24/100
[2025-12-03 02:53:02,775][__main__][INFO] - Flow-matching step: 25/100
[2025-12-03 02:53:05,044][__main__][INFO] - Flow-matching step: 26/100
[2025-12-03 02:53:07,301][__main__][INFO] - Flow-matching step: 27/100
[2025-12-03 02:53:09,548][__main__][INFO] - Flow-matching step: 28/100
[2025-12-03 02:53:11,803][__main__][INFO] - Flow-matching step: 29/100
[2025-12-03 02:53:14,064][__main__][INFO] - Flow-matching step: 30/100
[2025-12-03 02:53:16,323][__main__][INFO] - Flow-matching step: 31/100
[2025-12-03 02:53:18,593][__main__][INFO] - Flow-matching step: 32/100
[2025-12-03 02:53:20,849][__main__][INFO] - Flow-matching step: 33/100
[2025-12-03 02:53:23,120][__main__][INFO] - Flow-matching step: 34/100
[2025-12-03 02:53:25,397][__main__][INFO] - Flow-matching step: 35/100
[2025-12-03 02:53:27,679][__main__][INFO] - Flow-matching step: 36/100
[2025-12-03 02:53:29,962][__main__][INFO] - Flow-matching step: 37/100
[2025-12-03 02:53:32,239][__main__][INFO] - Flow-matching step: 38/100
[2025-12-03 02:53:34,505][__main__][INFO] - Flow-matching step: 39/100
[2025-12-03 02:53:36,796][__main__][INFO] - Flow-matching step: 40/100
[2025-12-03 02:53:39,089][__main__][INFO] - Flow-matching step: 41/100
[2025-12-03 02:53:41,394][__main__][INFO] - Flow-matching step: 42/100
[2025-12-03 02:53:43,701][__main__][INFO] - Flow-matching step: 43/100
[2025-12-03 02:53:45,996][__main__][INFO] - Flow-matching step: 44/100
[2025-12-03 02:53:48,304][__main__][INFO] - Flow-matching step: 45/100
[2025-12-03 02:53:50,609][__main__][INFO] - Flow-matching step: 46/100
[2025-12-03 02:53:52,917][__main__][INFO] - Flow-matching step: 47/100
[2025-12-03 02:53:55,222][__main__][INFO] - Flow-matching step: 48/100
[2025-12-03 02:53:57,513][__main__][INFO] - Flow-matching step: 49/100
[2025-12-03 02:53:59,804][__main__][INFO] - Flow-matching step: 50/100
[2025-12-03 02:54:02,088][__main__][INFO] - Flow-matching step: 51/100
[2025-12-03 02:54:04,372][__main__][INFO] - Flow-matching step: 52/100
[2025-12-03 02:54:06,646][__main__][INFO] - Flow-matching step: 53/100
[2025-12-03 02:54:08,932][__main__][INFO] - Flow-matching step: 54/100
[2025-12-03 02:54:11,220][__main__][INFO] - Flow-matching step: 55/100
[2025-12-03 02:54:13,503][__main__][INFO] - Flow-matching step: 56/100
[2025-12-03 02:54:15,802][__main__][INFO] - Flow-matching step: 57/100
[2025-12-03 02:54:18,099][__main__][INFO] - Flow-matching step: 58/100
[2025-12-03 02:54:20,395][__main__][INFO] - Flow-matching step: 59/100
[2025-12-03 02:54:22,696][__main__][INFO] - Flow-matching step: 60/100
[2025-12-03 02:54:24,990][__main__][INFO] - Flow-matching step: 61/100
[2025-12-03 02:54:27,292][__main__][INFO] - Flow-matching step: 62/100
[2025-12-03 02:54:29,581][__main__][INFO] - Flow-matching step: 63/100
[2025-12-03 02:54:31,860][__main__][INFO] - Flow-matching step: 64/100
[2025-12-03 02:54:34,143][__main__][INFO] - Flow-matching step: 65/100
[2025-12-03 02:54:36,413][__main__][INFO] - Flow-matching step: 66/100
[2025-12-03 02:54:38,697][__main__][INFO] - Flow-matching step: 67/100
[2025-12-03 02:54:40,986][__main__][INFO] - Flow-matching step: 68/100
[2025-12-03 02:54:43,238][__main__][INFO] - Flow-matching step: 69/100
[2025-12-03 02:54:45,507][__main__][INFO] - Flow-matching step: 70/100
[2025-12-03 02:54:47,777][__main__][INFO] - Flow-matching step: 71/100
[2025-12-03 02:54:50,052][__main__][INFO] - Flow-matching step: 72/100
[2025-12-03 02:54:52,352][__main__][INFO] - Flow-matching step: 73/100
[2025-12-03 02:54:54,633][__main__][INFO] - Flow-matching step: 74/100
[2025-12-03 02:54:56,917][__main__][INFO] - Flow-matching step: 75/100
[2025-12-03 02:54:59,181][__main__][INFO] - Flow-matching step: 76/100
[2025-12-03 02:55:01,446][__main__][INFO] - Flow-matching step: 77/100
[2025-12-03 02:55:03,719][__main__][INFO] - Flow-matching step: 78/100
[2025-12-03 02:55:05,980][__main__][INFO] - Flow-matching step: 79/100
[2025-12-03 02:55:08,249][__main__][INFO] - Flow-matching step: 80/100
[2025-12-03 02:55:10,514][__main__][INFO] - Flow-matching step: 81/100
[2025-12-03 02:55:12,774][__main__][INFO] - Flow-matching step: 82/100
[2025-12-03 02:55:15,052][__main__][INFO] - Flow-matching step: 83/100
[2025-12-03 02:55:17,323][__main__][INFO] - Flow-matching step: 84/100
[2025-12-03 02:55:19,610][__main__][INFO] - Flow-matching step: 85/100
[2025-12-03 02:55:21,893][__main__][INFO] - Flow-matching step: 86/100
[2025-12-03 02:55:24,174][__main__][INFO] - Flow-matching step: 87/100
[2025-12-03 02:55:26,445][__main__][INFO] - Flow-matching step: 88/100
[2025-12-03 02:55:28,703][__main__][INFO] - Flow-matching step: 89/100
[2025-12-03 02:55:30,964][__main__][INFO] - Flow-matching step: 90/100
[2025-12-03 02:55:33,228][__main__][INFO] - Flow-matching step: 91/100
[2025-12-03 02:55:35,494][__main__][INFO] - Flow-matching step: 92/100
[2025-12-03 02:55:37,762][__main__][INFO] - Flow-matching step: 93/100
[2025-12-03 02:55:40,019][__main__][INFO] - Flow-matching step: 94/100
[2025-12-03 02:55:42,273][__main__][INFO] - Flow-matching step: 95/100
[2025-12-03 02:55:44,551][__main__][INFO] - Flow-matching step: 96/100
[2025-12-03 02:55:46,814][__main__][INFO] - Flow-matching step: 97/100
[2025-12-03 02:55:49,117][__main__][INFO] - Flow-matching step: 98/100
[2025-12-03 02:55:51,424][__main__][INFO] - Flow-matching step: 99/100
[2025-12-03 02:55:53,721][__main__][INFO] - Flow-matching step: 100/100
[2025-12-03 02:56:04,553][__main__][INFO] - Finished design in 3.96 minutes
[2025-12-03 02:56:04,596][__main__][INFO] - out_prefix_suffixed='/home/woodbuse/publication/metallohydrolase/github/Computational_Design_of_Metallohydrolases_PrivateGitHub/RFdiffusion2_Tutorial/outputs/rfdiffusion2_out/from_quantum_chemistry__ZN_ESTERASE/ZETA_2__theozyme_optTS_geom_HHHE__lig_SZD_artificialBB_ORI_07_LENGTH_110_140__1_0-atomized-bb-False', conf.inference.guidepost_xyz_as_design_bb=False
[2025-12-03 02:56:04,859][__main__][INFO] - Idealizing atomized sidechains for pX0 of the last step...
[2025-12-03 02:56:06,766][__main__][INFO] - design : /home/woodbuse/publication/metallohydrolase/github/Computational_Design_of_Metallohydrolases_PrivateGitHub/RFdiffusion2_Tutorial/outputs/rfdiffusion2_out/from_quantum_chemistry__ZN_ESTERASE/ZETA_2__theozyme_optTS_geom_HHHE__lig_SZD_artificialBB_ORI_07_LENGTH_110_140__1_0-atomized-bb-False.pdb
[2025-12-03 02:56:06,766][__main__][INFO] - Making design 1 of 0:2: /home/woodbuse/publication/metallohydrolase/github/Computational_Design_of_Metallohydrolases_PrivateGitHub/RFdiffusion2_Tutorial/outputs/rfdiffusion2_out/from_quantum_chemistry__ZN_ESTERASE/ZETA_2__theozyme_optTS_geom_HHHE__lig_SZD_artificialBB_ORI_07_LENGTH_110_140__1_1
[2025-12-03 02:56:06,983][__main__][INFO] - Flow-matching step: 1/100
[2025-12-03 02:56:09,219][__main__][INFO] - Flow-matching step: 2/100
[2025-12-03 02:56:11,463][__main__][INFO] - Flow-matching step: 3/100
[2025-12-03 02:56:13,702][__main__][INFO] - Flow-matching step: 4/100
[2025-12-03 02:56:15,944][__main__][INFO] - Flow-matching step: 5/100
[2025-12-03 02:56:18,196][__main__][INFO] - Flow-matching step: 6/100
[2025-12-03 02:56:20,438][__main__][INFO] - Flow-matching step: 7/100
[2025-12-03 02:56:22,689][__main__][INFO] - Flow-matching step: 8/100
[2025-12-03 02:56:24,943][__main__][INFO] - Flow-matching step: 9/100
[2025-12-03 02:56:27,188][__main__][INFO] - Flow-matching step: 10/100
[2025-12-03 02:56:29,442][__main__][INFO] - Flow-matching step: 11/100
[2025-12-03 02:56:31,697][__main__][INFO] - Flow-matching step: 12/100
[2025-12-03 02:56:33,959][__main__][INFO] - Flow-matching step: 13/100
[2025-12-03 02:56:36,204][__main__][INFO] - Flow-matching step: 14/100
[2025-12-03 02:56:38,461][__main__][INFO] - Flow-matching step: 15/100
[2025-12-03 02:56:40,719][__main__][INFO] - Flow-matching step: 16/100
[2025-12-03 02:56:42,963][__main__][INFO] - Flow-matching step: 17/100
[2025-12-03 02:56:45,217][__main__][INFO] - Flow-matching step: 18/100
[2025-12-03 02:56:47,475][__main__][INFO] - Flow-matching step: 19/100
[2025-12-03 02:56:49,730][__main__][INFO] - Flow-matching step: 20/100
[2025-12-03 02:56:51,994][__main__][INFO] - Flow-matching step: 21/100
[2025-12-03 02:56:54,247][__main__][INFO] - Flow-matching step: 22/100
[2025-12-03 02:56:56,489][__main__][INFO] - Flow-matching step: 23/100
[2025-12-03 02:56:58,721][__main__][INFO] - Flow-matching step: 24/100
[2025-12-03 02:57:00,956][__main__][INFO] - Flow-matching step: 25/100
[2025-12-03 02:57:03,188][__main__][INFO] - Flow-matching step: 26/100
[2025-12-03 02:57:05,431][__main__][INFO] - Flow-matching step: 27/100
[2025-12-03 02:57:07,671][__main__][INFO] - Flow-matching step: 28/100
[2025-12-03 02:57:09,927][__main__][INFO] - Flow-matching step: 29/100
[2025-12-03 02:57:12,159][__main__][INFO] - Flow-matching step: 30/100
[2025-12-03 02:57:14,414][__main__][INFO] - Flow-matching step: 31/100
[2025-12-03 02:57:16,663][__main__][INFO] - Flow-matching step: 32/100
[2025-12-03 02:57:18,916][__main__][INFO] - Flow-matching step: 33/100
[2025-12-03 02:57:21,155][__main__][INFO] - Flow-matching step: 34/100
[2025-12-03 02:57:23,384][__main__][INFO] - Flow-matching step: 35/100
[2025-12-03 02:57:25,622][__main__][INFO] - Flow-matching step: 36/100
[2025-12-03 02:57:27,854][__main__][INFO] - Flow-matching step: 37/100
[2025-12-03 02:57:30,087][__main__][INFO] - Flow-matching step: 38/100
[2025-12-03 02:57:32,343][__main__][INFO] - Flow-matching step: 39/100
[2025-12-03 02:57:34,584][__main__][INFO] - Flow-matching step: 40/100
[2025-12-03 02:57:36,841][__main__][INFO] - Flow-matching step: 41/100
[2025-12-03 02:57:39,077][__main__][INFO] - Flow-matching step: 42/100
[2025-12-03 02:57:41,314][__main__][INFO] - Flow-matching step: 43/100
[2025-12-03 02:57:43,578][__main__][INFO] - Flow-matching step: 44/100
[2025-12-03 02:57:45,828][__main__][INFO] - Flow-matching step: 45/100
[2025-12-03 02:57:48,083][__main__][INFO] - Flow-matching step: 46/100
[2025-12-03 02:57:50,341][__main__][INFO] - Flow-matching step: 47/100
[2025-12-03 02:57:52,574][__main__][INFO] - Flow-matching step: 48/100
[2025-12-03 02:57:54,814][__main__][INFO] - Flow-matching step: 49/100
[2025-12-03 02:57:57,054][__main__][INFO] - Flow-matching step: 50/100
[2025-12-03 02:57:59,305][__main__][INFO] - Flow-matching step: 51/100
[2025-12-03 02:58:01,564][__main__][INFO] - Flow-matching step: 52/100
[2025-12-03 02:58:03,815][__main__][INFO] - Flow-matching step: 53/100
[2025-12-03 02:58:06,083][__main__][INFO] - Flow-matching step: 54/100
[2025-12-03 02:58:08,365][__main__][INFO] - Flow-matching step: 55/100
[2025-12-03 02:58:10,652][__main__][INFO] - Flow-matching step: 56/100
[2025-12-03 02:58:12,939][__main__][INFO] - Flow-matching step: 57/100
[2025-12-03 02:58:15,224][__main__][INFO] - Flow-matching step: 58/100
[2025-12-03 02:58:17,506][__main__][INFO] - Flow-matching step: 59/100
[2025-12-03 02:58:19,798][__main__][INFO] - Flow-matching step: 60/100
[2025-12-03 02:58:22,083][__main__][INFO] - Flow-matching step: 61/100
[2025-12-03 02:58:24,351][__main__][INFO] - Flow-matching step: 62/100
[2025-12-03 02:58:26,617][__main__][INFO] - Flow-matching step: 63/100
[2025-12-03 02:58:28,889][__main__][INFO] - Flow-matching step: 64/100
[2025-12-03 02:58:31,152][__main__][INFO] - Flow-matching step: 65/100
[2025-12-03 02:58:33,407][__main__][INFO] - Flow-matching step: 66/100
[2025-12-03 02:58:35,661][__main__][INFO] - Flow-matching step: 67/100
[2025-12-03 02:58:37,915][__main__][INFO] - Flow-matching step: 68/100
[2025-12-03 02:58:40,193][__main__][INFO] - Flow-matching step: 69/100
[2025-12-03 02:58:42,469][__main__][INFO] - Flow-matching step: 70/100
[2025-12-03 02:58:44,755][__main__][INFO] - Flow-matching step: 71/100
[2025-12-03 02:58:47,058][__main__][INFO] - Flow-matching step: 72/100
[2025-12-03 02:58:49,349][__main__][INFO] - Flow-matching step: 73/100
[2025-12-03 02:58:51,646][__main__][INFO] - Flow-matching step: 74/100
[2025-12-03 02:58:53,922][__main__][INFO] - Flow-matching step: 75/100
[2025-12-03 02:58:56,215][__main__][INFO] - Flow-matching step: 76/100
[2025-12-03 02:58:58,488][__main__][INFO] - Flow-matching step: 77/100
[2025-12-03 02:59:00,759][__main__][INFO] - Flow-matching step: 78/100
[2025-12-03 02:59:03,034][__main__][INFO] - Flow-matching step: 79/100
[2025-12-03 02:59:05,314][__main__][INFO] - Flow-matching step: 80/100
[2025-12-03 02:59:07,579][__main__][INFO] - Flow-matching step: 81/100
[2025-12-03 02:59:09,856][__main__][INFO] - Flow-matching step: 82/100
[2025-12-03 02:59:12,130][__main__][INFO] - Flow-matching step: 83/100
[2025-12-03 02:59:14,390][__main__][INFO] - Flow-matching step: 84/100
[2025-12-03 02:59:16,644][__main__][INFO] - Flow-matching step: 85/100
[2025-12-03 02:59:18,896][__main__][INFO] - Flow-matching step: 86/100
[2025-12-03 02:59:21,151][__main__][INFO] - Flow-matching step: 87/100
[2025-12-03 02:59:23,403][__main__][INFO] - Flow-matching step: 88/100
[2025-12-03 02:59:25,647][__main__][INFO] - Flow-matching step: 89/100
[2025-12-03 02:59:27,899][__main__][INFO] - Flow-matching step: 90/100
[2025-12-03 02:59:30,139][__main__][INFO] - Flow-matching step: 91/100
[2025-12-03 02:59:32,382][__main__][INFO] - Flow-matching step: 92/100
[2025-12-03 02:59:34,625][__main__][INFO] - Flow-matching step: 93/100
[2025-12-03 02:59:36,865][__main__][INFO] - Flow-matching step: 94/100
[2025-12-03 02:59:39,115][__main__][INFO] - Flow-matching step: 95/100
[2025-12-03 02:59:41,380][__main__][INFO] - Flow-matching step: 96/100
[2025-12-03 02:59:43,629][__main__][INFO] - Flow-matching step: 97/100
[2025-12-03 02:59:45,880][__main__][INFO] - Flow-matching step: 98/100
[2025-12-03 02:59:48,137][__main__][INFO] - Flow-matching step: 99/100
[2025-12-03 02:59:50,407][__main__][INFO] - Flow-matching step: 100/100
[2025-12-03 03:00:00,977][__main__][INFO] - Finished design in 3.90 minutes
[2025-12-03 03:00:01,019][__main__][INFO] - out_prefix_suffixed='/home/woodbuse/publication/metallohydrolase/github/Computational_Design_of_Metallohydrolases_PrivateGitHub/RFdiffusion2_Tutorial/outputs/rfdiffusion2_out/from_quantum_chemistry__ZN_ESTERASE/ZETA_2__theozyme_optTS_geom_HHHE__lig_SZD_artificialBB_ORI_07_LENGTH_110_140__1_1-atomized-bb-False', conf.inference.guidepost_xyz_as_design_bb=False
[2025-12-03 03:00:01,062][__main__][INFO] - Idealizing atomized sidechains for pX0 of the last step...
[2025-12-03 03:00:02,559][__main__][INFO] - design : /home/woodbuse/publication/metallohydrolase/github/Computational_Design_of_Metallohydrolases_PrivateGitHub/RFdiffusion2_Tutorial/outputs/rfdiffusion2_out/from_quantum_chemistry__ZN_ESTERASE/ZETA_2__theozyme_optTS_geom_HHHE__lig_SZD_artificialBB_ORI_07_LENGTH_110_140__1_1-atomized-bb-False.pdb
