[2025-12-03 03:24:07,674][rf_diffusion.config.config_format][INFO] - Translating obsolete key: extra_t1d -> ['extra_tXd']
[2025-12-03 03:24:07,675][rf_diffusion.config.config_format][INFO] - Translating obsolete key: extra_t1d_params -> ['extra_tXd_params']
[2025-12-03 03:24:11,385][__main__][INFO] - Making design 0 of 0:2: /home/woodbuse/publication/metallohydrolase/github/Computational_Design_of_Metallohydrolases_PrivateGitHub/RFdiffusion2_Tutorial/outputs/rfdiffusion2_out/from_quantum_chemistry__ZN_ESTERASE/ZETA_2__theozyme_optTS_geom_HHHE__lig_SZD_artificialBB_ORI_11_LENGTH_110_140__1_0
[2025-12-03 03:24:11,576][se3_flow_matching.data.so3_utils][INFO] - Data loaded from .cache/cache_igso3_s0.100-1.500-1000_l1000_o1000-3.npz
[2025-12-03 03:24:11,631][__main__][INFO] - Flow-matching step: 1/100
[2025-12-03 03:24:15,239][__main__][INFO] - Flow-matching step: 2/100
[2025-12-03 03:24:17,321][__main__][INFO] - Flow-matching step: 3/100
[2025-12-03 03:24:19,402][__main__][INFO] - Flow-matching step: 4/100
[2025-12-03 03:24:21,491][__main__][INFO] - Flow-matching step: 5/100
[2025-12-03 03:24:23,587][__main__][INFO] - Flow-matching step: 6/100
[2025-12-03 03:24:25,677][__main__][INFO] - Flow-matching step: 7/100
[2025-12-03 03:24:27,780][__main__][INFO] - Flow-matching step: 8/100
[2025-12-03 03:24:29,862][__main__][INFO] - Flow-matching step: 9/100
[2025-12-03 03:24:31,947][__main__][INFO] - Flow-matching step: 10/100
[2025-12-03 03:24:34,036][__main__][INFO] - Flow-matching step: 11/100
[2025-12-03 03:24:36,121][__main__][INFO] - Flow-matching step: 12/100
[2025-12-03 03:24:38,203][__main__][INFO] - Flow-matching step: 13/100
[2025-12-03 03:24:40,292][__main__][INFO] - Flow-matching step: 14/100
[2025-12-03 03:24:42,374][__main__][INFO] - Flow-matching step: 15/100
[2025-12-03 03:24:44,467][__main__][INFO] - Flow-matching step: 16/100
[2025-12-03 03:24:46,555][__main__][INFO] - Flow-matching step: 17/100
[2025-12-03 03:24:48,641][__main__][INFO] - Flow-matching step: 18/100
[2025-12-03 03:24:50,761][__main__][INFO] - Flow-matching step: 19/100
[2025-12-03 03:24:52,880][__main__][INFO] - Flow-matching step: 20/100
[2025-12-03 03:24:54,981][__main__][INFO] - Flow-matching step: 21/100
[2025-12-03 03:24:57,070][__main__][INFO] - Flow-matching step: 22/100
[2025-12-03 03:24:59,171][__main__][INFO] - Flow-matching step: 23/100
[2025-12-03 03:25:01,277][__main__][INFO] - Flow-matching step: 24/100
[2025-12-03 03:25:03,379][__main__][INFO] - Flow-matching step: 25/100
[2025-12-03 03:25:05,490][__main__][INFO] - Flow-matching step: 26/100
[2025-12-03 03:25:07,606][__main__][INFO] - Flow-matching step: 27/100
[2025-12-03 03:25:09,727][__main__][INFO] - Flow-matching step: 28/100
[2025-12-03 03:25:11,849][__main__][INFO] - Flow-matching step: 29/100
[2025-12-03 03:25:13,974][__main__][INFO] - Flow-matching step: 30/100
[2025-12-03 03:25:16,102][__main__][INFO] - Flow-matching step: 31/100
[2025-12-03 03:25:18,238][__main__][INFO] - Flow-matching step: 32/100
[2025-12-03 03:25:20,363][__main__][INFO] - Flow-matching step: 33/100
[2025-12-03 03:25:22,473][__main__][INFO] - Flow-matching step: 34/100
[2025-12-03 03:25:24,575][__main__][INFO] - Flow-matching step: 35/100
[2025-12-03 03:25:26,680][__main__][INFO] - Flow-matching step: 36/100
[2025-12-03 03:25:28,779][__main__][INFO] - Flow-matching step: 37/100
[2025-12-03 03:25:30,882][__main__][INFO] - Flow-matching step: 38/100
[2025-12-03 03:25:32,977][__main__][INFO] - Flow-matching step: 39/100
[2025-12-03 03:25:35,069][__main__][INFO] - Flow-matching step: 40/100
[2025-12-03 03:25:37,166][__main__][INFO] - Flow-matching step: 41/100
[2025-12-03 03:25:39,273][__main__][INFO] - Flow-matching step: 42/100
[2025-12-03 03:25:41,379][__main__][INFO] - Flow-matching step: 43/100
[2025-12-03 03:25:43,504][__main__][INFO] - Flow-matching step: 44/100
[2025-12-03 03:25:45,634][__main__][INFO] - Flow-matching step: 45/100
[2025-12-03 03:25:47,756][__main__][INFO] - Flow-matching step: 46/100
[2025-12-03 03:25:49,884][__main__][INFO] - Flow-matching step: 47/100
[2025-12-03 03:25:52,012][__main__][INFO] - Flow-matching step: 48/100
[2025-12-03 03:25:54,140][__main__][INFO] - Flow-matching step: 49/100
[2025-12-03 03:25:56,243][__main__][INFO] - Flow-matching step: 50/100
[2025-12-03 03:25:58,344][__main__][INFO] - Flow-matching step: 51/100
[2025-12-03 03:26:00,452][__main__][INFO] - Flow-matching step: 52/100
[2025-12-03 03:26:02,552][__main__][INFO] - Flow-matching step: 53/100
[2025-12-03 03:26:04,650][__main__][INFO] - Flow-matching step: 54/100
[2025-12-03 03:26:06,756][__main__][INFO] - Flow-matching step: 55/100
[2025-12-03 03:26:08,875][__main__][INFO] - Flow-matching step: 56/100
[2025-12-03 03:26:10,982][__main__][INFO] - Flow-matching step: 57/100
[2025-12-03 03:26:13,086][__main__][INFO] - Flow-matching step: 58/100
[2025-12-03 03:26:15,169][__main__][INFO] - Flow-matching step: 59/100
[2025-12-03 03:26:17,267][__main__][INFO] - Flow-matching step: 60/100
[2025-12-03 03:26:19,357][__main__][INFO] - Flow-matching step: 61/100
[2025-12-03 03:26:21,450][__main__][INFO] - Flow-matching step: 62/100
[2025-12-03 03:26:23,536][__main__][INFO] - Flow-matching step: 63/100
[2025-12-03 03:26:25,615][__main__][INFO] - Flow-matching step: 64/100
[2025-12-03 03:26:27,699][__main__][INFO] - Flow-matching step: 65/100
[2025-12-03 03:26:29,792][__main__][INFO] - Flow-matching step: 66/100
[2025-12-03 03:26:31,877][__main__][INFO] - Flow-matching step: 67/100
[2025-12-03 03:26:33,965][__main__][INFO] - Flow-matching step: 68/100
[2025-12-03 03:26:36,057][__main__][INFO] - Flow-matching step: 69/100
[2025-12-03 03:26:38,152][__main__][INFO] - Flow-matching step: 70/100
[2025-12-03 03:26:40,273][__main__][INFO] - Flow-matching step: 71/100
[2025-12-03 03:26:42,388][__main__][INFO] - Flow-matching step: 72/100
[2025-12-03 03:26:44,502][__main__][INFO] - Flow-matching step: 73/100
[2025-12-03 03:26:46,620][__main__][INFO] - Flow-matching step: 74/100
[2025-12-03 03:26:48,740][__main__][INFO] - Flow-matching step: 75/100
[2025-12-03 03:26:50,869][__main__][INFO] - Flow-matching step: 76/100
[2025-12-03 03:26:52,986][__main__][INFO] - Flow-matching step: 77/100
[2025-12-03 03:26:55,099][__main__][INFO] - Flow-matching step: 78/100
[2025-12-03 03:26:57,200][__main__][INFO] - Flow-matching step: 79/100
[2025-12-03 03:26:59,303][__main__][INFO] - Flow-matching step: 80/100
[2025-12-03 03:27:01,407][__main__][INFO] - Flow-matching step: 81/100
[2025-12-03 03:27:03,516][__main__][INFO] - Flow-matching step: 82/100
[2025-12-03 03:27:05,624][__main__][INFO] - Flow-matching step: 83/100
[2025-12-03 03:27:07,729][__main__][INFO] - Flow-matching step: 84/100
[2025-12-03 03:27:09,843][__main__][INFO] - Flow-matching step: 85/100
[2025-12-03 03:27:11,961][__main__][INFO] - Flow-matching step: 86/100
[2025-12-03 03:27:14,078][__main__][INFO] - Flow-matching step: 87/100
[2025-12-03 03:27:16,186][__main__][INFO] - Flow-matching step: 88/100
[2025-12-03 03:27:18,300][__main__][INFO] - Flow-matching step: 89/100
[2025-12-03 03:27:20,419][__main__][INFO] - Flow-matching step: 90/100
[2025-12-03 03:27:22,537][__main__][INFO] - Flow-matching step: 91/100
[2025-12-03 03:27:24,659][__main__][INFO] - Flow-matching step: 92/100
[2025-12-03 03:27:26,792][__main__][INFO] - Flow-matching step: 93/100
[2025-12-03 03:27:28,930][__main__][INFO] - Flow-matching step: 94/100
[2025-12-03 03:27:31,073][__main__][INFO] - Flow-matching step: 95/100
[2025-12-03 03:27:33,211][__main__][INFO] - Flow-matching step: 96/100
[2025-12-03 03:27:35,334][__main__][INFO] - Flow-matching step: 97/100
[2025-12-03 03:27:37,454][__main__][INFO] - Flow-matching step: 98/100
[2025-12-03 03:27:39,571][__main__][INFO] - Flow-matching step: 99/100
[2025-12-03 03:27:41,687][__main__][INFO] - Flow-matching step: 100/100
[2025-12-03 03:27:51,863][__main__][INFO] - Finished design in 3.67 minutes
[2025-12-03 03:27:51,904][__main__][INFO] - out_prefix_suffixed='/home/woodbuse/publication/metallohydrolase/github/Computational_Design_of_Metallohydrolases_PrivateGitHub/RFdiffusion2_Tutorial/outputs/rfdiffusion2_out/from_quantum_chemistry__ZN_ESTERASE/ZETA_2__theozyme_optTS_geom_HHHE__lig_SZD_artificialBB_ORI_11_LENGTH_110_140__1_0-atomized-bb-False', conf.inference.guidepost_xyz_as_design_bb=False
[2025-12-03 03:27:52,166][__main__][INFO] - Idealizing atomized sidechains for pX0 of the last step...
[2025-12-03 03:27:54,048][__main__][INFO] - design : /home/woodbuse/publication/metallohydrolase/github/Computational_Design_of_Metallohydrolases_PrivateGitHub/RFdiffusion2_Tutorial/outputs/rfdiffusion2_out/from_quantum_chemistry__ZN_ESTERASE/ZETA_2__theozyme_optTS_geom_HHHE__lig_SZD_artificialBB_ORI_11_LENGTH_110_140__1_0-atomized-bb-False.pdb
[2025-12-03 03:27:54,049][__main__][INFO] - Making design 1 of 0:2: /home/woodbuse/publication/metallohydrolase/github/Computational_Design_of_Metallohydrolases_PrivateGitHub/RFdiffusion2_Tutorial/outputs/rfdiffusion2_out/from_quantum_chemistry__ZN_ESTERASE/ZETA_2__theozyme_optTS_geom_HHHE__lig_SZD_artificialBB_ORI_11_LENGTH_110_140__1_1
[2025-12-03 03:27:54,247][__main__][INFO] - Flow-matching step: 1/100
[2025-12-03 03:27:56,412][__main__][INFO] - Flow-matching step: 2/100
[2025-12-03 03:27:58,552][__main__][INFO] - Flow-matching step: 3/100
[2025-12-03 03:28:00,690][__main__][INFO] - Flow-matching step: 4/100
[2025-12-03 03:28:02,830][__main__][INFO] - Flow-matching step: 5/100
[2025-12-03 03:28:04,967][__main__][INFO] - Flow-matching step: 6/100
[2025-12-03 03:28:07,113][__main__][INFO] - Flow-matching step: 7/100
[2025-12-03 03:28:09,257][__main__][INFO] - Flow-matching step: 8/100
[2025-12-03 03:28:11,394][__main__][INFO] - Flow-matching step: 9/100
[2025-12-03 03:28:13,529][__main__][INFO] - Flow-matching step: 10/100
[2025-12-03 03:28:15,663][__main__][INFO] - Flow-matching step: 11/100
[2025-12-03 03:28:17,806][__main__][INFO] - Flow-matching step: 12/100
[2025-12-03 03:28:19,951][__main__][INFO] - Flow-matching step: 13/100
[2025-12-03 03:28:22,088][__main__][INFO] - Flow-matching step: 14/100
[2025-12-03 03:28:24,241][__main__][INFO] - Flow-matching step: 15/100
[2025-12-03 03:28:26,366][__main__][INFO] - Flow-matching step: 16/100
[2025-12-03 03:28:28,484][__main__][INFO] - Flow-matching step: 17/100
[2025-12-03 03:28:30,606][__main__][INFO] - Flow-matching step: 18/100
[2025-12-03 03:28:32,728][__main__][INFO] - Flow-matching step: 19/100
[2025-12-03 03:28:34,851][__main__][INFO] - Flow-matching step: 20/100
[2025-12-03 03:28:36,987][__main__][INFO] - Flow-matching step: 21/100
[2025-12-03 03:28:39,123][__main__][INFO] - Flow-matching step: 22/100
[2025-12-03 03:28:41,276][__main__][INFO] - Flow-matching step: 23/100
[2025-12-03 03:28:43,418][__main__][INFO] - Flow-matching step: 24/100
[2025-12-03 03:28:45,575][__main__][INFO] - Flow-matching step: 25/100
[2025-12-03 03:28:47,707][__main__][INFO] - Flow-matching step: 26/100
[2025-12-03 03:28:49,834][__main__][INFO] - Flow-matching step: 27/100
[2025-12-03 03:28:51,975][__main__][INFO] - Flow-matching step: 28/100
[2025-12-03 03:28:54,112][__main__][INFO] - Flow-matching step: 29/100
[2025-12-03 03:28:56,235][__main__][INFO] - Flow-matching step: 30/100
[2025-12-03 03:28:58,372][__main__][INFO] - Flow-matching step: 31/100
[2025-12-03 03:29:00,507][__main__][INFO] - Flow-matching step: 32/100
[2025-12-03 03:29:02,632][__main__][INFO] - Flow-matching step: 33/100
[2025-12-03 03:29:04,777][__main__][INFO] - Flow-matching step: 34/100
[2025-12-03 03:29:06,926][__main__][INFO] - Flow-matching step: 35/100
[2025-12-03 03:29:09,066][__main__][INFO] - Flow-matching step: 36/100
[2025-12-03 03:29:11,211][__main__][INFO] - Flow-matching step: 37/100
[2025-12-03 03:29:13,349][__main__][INFO] - Flow-matching step: 38/100
[2025-12-03 03:29:15,476][__main__][INFO] - Flow-matching step: 39/100
[2025-12-03 03:29:17,623][__main__][INFO] - Flow-matching step: 40/100
[2025-12-03 03:29:19,780][__main__][INFO] - Flow-matching step: 41/100
[2025-12-03 03:29:21,935][__main__][INFO] - Flow-matching step: 42/100
[2025-12-03 03:29:24,102][__main__][INFO] - Flow-matching step: 43/100
[2025-12-03 03:29:26,266][__main__][INFO] - Flow-matching step: 44/100
[2025-12-03 03:29:28,438][__main__][INFO] - Flow-matching step: 45/100
[2025-12-03 03:29:30,606][__main__][INFO] - Flow-matching step: 46/100
[2025-12-03 03:29:32,793][__main__][INFO] - Flow-matching step: 47/100
[2025-12-03 03:29:34,972][__main__][INFO] - Flow-matching step: 48/100
[2025-12-03 03:29:37,149][__main__][INFO] - Flow-matching step: 49/100
[2025-12-03 03:29:39,329][__main__][INFO] - Flow-matching step: 50/100
[2025-12-03 03:29:41,509][__main__][INFO] - Flow-matching step: 51/100
[2025-12-03 03:29:43,683][__main__][INFO] - Flow-matching step: 52/100
[2025-12-03 03:29:45,865][__main__][INFO] - Flow-matching step: 53/100
[2025-12-03 03:29:48,039][__main__][INFO] - Flow-matching step: 54/100
[2025-12-03 03:29:50,226][__main__][INFO] - Flow-matching step: 55/100
[2025-12-03 03:29:52,405][__main__][INFO] - Flow-matching step: 56/100
[2025-12-03 03:29:54,573][__main__][INFO] - Flow-matching step: 57/100
[2025-12-03 03:29:56,748][__main__][INFO] - Flow-matching step: 58/100
[2025-12-03 03:29:58,918][__main__][INFO] - Flow-matching step: 59/100
[2025-12-03 03:30:01,087][__main__][INFO] - Flow-matching step: 60/100
[2025-12-03 03:30:03,259][__main__][INFO] - Flow-matching step: 61/100
[2025-12-03 03:30:05,427][__main__][INFO] - Flow-matching step: 62/100
[2025-12-03 03:30:07,620][__main__][INFO] - Flow-matching step: 63/100
[2025-12-03 03:30:09,820][__main__][INFO] - Flow-matching step: 64/100
[2025-12-03 03:30:12,023][__main__][INFO] - Flow-matching step: 65/100
[2025-12-03 03:30:14,241][__main__][INFO] - Flow-matching step: 66/100
[2025-12-03 03:30:16,459][__main__][INFO] - Flow-matching step: 67/100
[2025-12-03 03:30:18,658][__main__][INFO] - Flow-matching step: 68/100
[2025-12-03 03:30:20,859][__main__][INFO] - Flow-matching step: 69/100
[2025-12-03 03:30:23,047][__main__][INFO] - Flow-matching step: 70/100
[2025-12-03 03:30:25,228][__main__][INFO] - Flow-matching step: 71/100
[2025-12-03 03:30:27,393][__main__][INFO] - Flow-matching step: 72/100
[2025-12-03 03:30:29,560][__main__][INFO] - Flow-matching step: 73/100
[2025-12-03 03:30:31,727][__main__][INFO] - Flow-matching step: 74/100
[2025-12-03 03:30:33,885][__main__][INFO] - Flow-matching step: 75/100
[2025-12-03 03:30:36,044][__main__][INFO] - Flow-matching step: 76/100
[2025-12-03 03:30:38,222][__main__][INFO] - Flow-matching step: 77/100
[2025-12-03 03:30:40,400][__main__][INFO] - Flow-matching step: 78/100
[2025-12-03 03:30:42,557][__main__][INFO] - Flow-matching step: 79/100
[2025-12-03 03:30:44,699][__main__][INFO] - Flow-matching step: 80/100
[2025-12-03 03:30:46,834][__main__][INFO] - Flow-matching step: 81/100
[2025-12-03 03:30:48,979][__main__][INFO] - Flow-matching step: 82/100
[2025-12-03 03:30:51,130][__main__][INFO] - Flow-matching step: 83/100
[2025-12-03 03:30:53,262][__main__][INFO] - Flow-matching step: 84/100
[2025-12-03 03:30:55,399][__main__][INFO] - Flow-matching step: 85/100
[2025-12-03 03:30:57,533][__main__][INFO] - Flow-matching step: 86/100
[2025-12-03 03:30:59,664][__main__][INFO] - Flow-matching step: 87/100
[2025-12-03 03:31:01,801][__main__][INFO] - Flow-matching step: 88/100
[2025-12-03 03:31:03,942][__main__][INFO] - Flow-matching step: 89/100
[2025-12-03 03:31:06,085][__main__][INFO] - Flow-matching step: 90/100
[2025-12-03 03:31:08,235][__main__][INFO] - Flow-matching step: 91/100
[2025-12-03 03:31:10,370][__main__][INFO] - Flow-matching step: 92/100
[2025-12-03 03:31:12,511][__main__][INFO] - Flow-matching step: 93/100
[2025-12-03 03:31:14,640][__main__][INFO] - Flow-matching step: 94/100
[2025-12-03 03:31:16,774][__main__][INFO] - Flow-matching step: 95/100
[2025-12-03 03:31:18,911][__main__][INFO] - Flow-matching step: 96/100
[2025-12-03 03:31:21,038][__main__][INFO] - Flow-matching step: 97/100
[2025-12-03 03:31:23,175][__main__][INFO] - Flow-matching step: 98/100
[2025-12-03 03:31:25,312][__main__][INFO] - Flow-matching step: 99/100
[2025-12-03 03:31:27,447][__main__][INFO] - Flow-matching step: 100/100
[2025-12-03 03:31:37,609][__main__][INFO] - Finished design in 3.73 minutes
[2025-12-03 03:31:37,650][__main__][INFO] - out_prefix_suffixed='/home/woodbuse/publication/metallohydrolase/github/Computational_Design_of_Metallohydrolases_PrivateGitHub/RFdiffusion2_Tutorial/outputs/rfdiffusion2_out/from_quantum_chemistry__ZN_ESTERASE/ZETA_2__theozyme_optTS_geom_HHHE__lig_SZD_artificialBB_ORI_11_LENGTH_110_140__1_1-atomized-bb-False', conf.inference.guidepost_xyz_as_design_bb=False
[2025-12-03 03:31:37,693][__main__][INFO] - Idealizing atomized sidechains for pX0 of the last step...
[2025-12-03 03:31:39,141][__main__][INFO] - design : /home/woodbuse/publication/metallohydrolase/github/Computational_Design_of_Metallohydrolases_PrivateGitHub/RFdiffusion2_Tutorial/outputs/rfdiffusion2_out/from_quantum_chemistry__ZN_ESTERASE/ZETA_2__theozyme_optTS_geom_HHHE__lig_SZD_artificialBB_ORI_11_LENGTH_110_140__1_1-atomized-bb-False.pdb
