[2025-12-03 02:32:34,296][rf_diffusion.config.config_format][INFO] - Translating obsolete key: extra_t1d_params -> ['extra_tXd_params']
[2025-12-03 02:32:34,297][rf_diffusion.config.config_format][INFO] - Translating obsolete key: extra_t1d -> ['extra_tXd']
[2025-12-03 02:32:38,386][__main__][INFO] - Making design 0 of 0:2: /home/woodbuse/publication/metallohydrolase/github/Computational_Design_of_Metallohydrolases_PrivateGitHub/RFdiffusion2_Tutorial/outputs/rfdiffusion2_out/from_quantum_chemistry__ZN_ESTERASE/ZETA_2__theozyme_optTS_geom_HHHE__lig_SZD_artificialBB_ORI_04_LENGTH_140_170__1_0
[2025-12-03 02:32:38,682][se3_flow_matching.data.so3_utils][INFO] - Data loaded from .cache/cache_igso3_s0.100-1.500-1000_l1000_o1000-3.npz
[2025-12-03 02:32:38,762][__main__][INFO] - Flow-matching step: 1/100
[2025-12-03 02:32:43,155][__main__][INFO] - Flow-matching step: 2/100
[2025-12-03 02:32:45,983][__main__][INFO] - Flow-matching step: 3/100
[2025-12-03 02:32:48,822][__main__][INFO] - Flow-matching step: 4/100
[2025-12-03 02:32:51,660][__main__][INFO] - Flow-matching step: 5/100
[2025-12-03 02:32:54,484][__main__][INFO] - Flow-matching step: 6/100
[2025-12-03 02:32:57,316][__main__][INFO] - Flow-matching step: 7/100
[2025-12-03 02:33:00,153][__main__][INFO] - Flow-matching step: 8/100
[2025-12-03 02:33:02,994][__main__][INFO] - Flow-matching step: 9/100
[2025-12-03 02:33:05,856][__main__][INFO] - Flow-matching step: 10/100
[2025-12-03 02:33:08,694][__main__][INFO] - Flow-matching step: 11/100
[2025-12-03 02:33:11,545][__main__][INFO] - Flow-matching step: 12/100
[2025-12-03 02:33:14,391][__main__][INFO] - Flow-matching step: 13/100
[2025-12-03 02:33:17,232][__main__][INFO] - Flow-matching step: 14/100
[2025-12-03 02:33:20,065][__main__][INFO] - Flow-matching step: 15/100
[2025-12-03 02:33:22,900][__main__][INFO] - Flow-matching step: 16/100
[2025-12-03 02:33:25,736][__main__][INFO] - Flow-matching step: 17/100
[2025-12-03 02:33:28,581][__main__][INFO] - Flow-matching step: 18/100
[2025-12-03 02:33:31,431][__main__][INFO] - Flow-matching step: 19/100
[2025-12-03 02:33:34,289][__main__][INFO] - Flow-matching step: 20/100
[2025-12-03 02:33:37,153][__main__][INFO] - Flow-matching step: 21/100
[2025-12-03 02:33:40,027][__main__][INFO] - Flow-matching step: 22/100
[2025-12-03 02:33:42,914][__main__][INFO] - Flow-matching step: 23/100
[2025-12-03 02:33:45,802][__main__][INFO] - Flow-matching step: 24/100
[2025-12-03 02:33:48,684][__main__][INFO] - Flow-matching step: 25/100
[2025-12-03 02:33:51,561][__main__][INFO] - Flow-matching step: 26/100
[2025-12-03 02:33:54,436][__main__][INFO] - Flow-matching step: 27/100
[2025-12-03 02:33:57,297][__main__][INFO] - Flow-matching step: 28/100
[2025-12-03 02:34:00,160][__main__][INFO] - Flow-matching step: 29/100
[2025-12-03 02:34:03,028][__main__][INFO] - Flow-matching step: 30/100
[2025-12-03 02:34:05,905][__main__][INFO] - Flow-matching step: 31/100
[2025-12-03 02:34:08,764][__main__][INFO] - Flow-matching step: 32/100
[2025-12-03 02:34:11,621][__main__][INFO] - Flow-matching step: 33/100
[2025-12-03 02:34:14,479][__main__][INFO] - Flow-matching step: 34/100
[2025-12-03 02:34:17,342][__main__][INFO] - Flow-matching step: 35/100
[2025-12-03 02:34:20,203][__main__][INFO] - Flow-matching step: 36/100
[2025-12-03 02:34:23,064][__main__][INFO] - Flow-matching step: 37/100
[2025-12-03 02:34:25,914][__main__][INFO] - Flow-matching step: 38/100
[2025-12-03 02:34:28,765][__main__][INFO] - Flow-matching step: 39/100
[2025-12-03 02:34:31,613][__main__][INFO] - Flow-matching step: 40/100
[2025-12-03 02:34:34,464][__main__][INFO] - Flow-matching step: 41/100
[2025-12-03 02:34:37,325][__main__][INFO] - Flow-matching step: 42/100
[2025-12-03 02:34:40,200][__main__][INFO] - Flow-matching step: 43/100
[2025-12-03 02:34:43,068][__main__][INFO] - Flow-matching step: 44/100
[2025-12-03 02:34:45,937][__main__][INFO] - Flow-matching step: 45/100
[2025-12-03 02:34:48,805][__main__][INFO] - Flow-matching step: 46/100
[2025-12-03 02:34:51,660][__main__][INFO] - Flow-matching step: 47/100
[2025-12-03 02:34:54,503][__main__][INFO] - Flow-matching step: 48/100
[2025-12-03 02:34:57,340][__main__][INFO] - Flow-matching step: 49/100
[2025-12-03 02:35:00,177][__main__][INFO] - Flow-matching step: 50/100
[2025-12-03 02:35:03,026][__main__][INFO] - Flow-matching step: 51/100
[2025-12-03 02:35:05,862][__main__][INFO] - Flow-matching step: 52/100
[2025-12-03 02:35:08,693][__main__][INFO] - Flow-matching step: 53/100
[2025-12-03 02:35:11,529][__main__][INFO] - Flow-matching step: 54/100
[2025-12-03 02:35:14,366][__main__][INFO] - Flow-matching step: 55/100
[2025-12-03 02:35:17,187][__main__][INFO] - Flow-matching step: 56/100
[2025-12-03 02:35:20,021][__main__][INFO] - Flow-matching step: 57/100
[2025-12-03 02:35:22,866][__main__][INFO] - Flow-matching step: 58/100
[2025-12-03 02:35:25,711][__main__][INFO] - Flow-matching step: 59/100
[2025-12-03 02:35:28,576][__main__][INFO] - Flow-matching step: 60/100
[2025-12-03 02:35:31,431][__main__][INFO] - Flow-matching step: 61/100
[2025-12-03 02:35:34,288][__main__][INFO] - Flow-matching step: 62/100
[2025-12-03 02:35:37,145][__main__][INFO] - Flow-matching step: 63/100
[2025-12-03 02:35:40,013][__main__][INFO] - Flow-matching step: 64/100
[2025-12-03 02:35:42,881][__main__][INFO] - Flow-matching step: 65/100
[2025-12-03 02:35:45,757][__main__][INFO] - Flow-matching step: 66/100
[2025-12-03 02:35:48,617][__main__][INFO] - Flow-matching step: 67/100
[2025-12-03 02:35:51,497][__main__][INFO] - Flow-matching step: 68/100
[2025-12-03 02:35:54,387][__main__][INFO] - Flow-matching step: 69/100
[2025-12-03 02:35:57,289][__main__][INFO] - Flow-matching step: 70/100
[2025-12-03 02:36:00,167][__main__][INFO] - Flow-matching step: 71/100
[2025-12-03 02:36:03,055][__main__][INFO] - Flow-matching step: 72/100
[2025-12-03 02:36:05,956][__main__][INFO] - Flow-matching step: 73/100
[2025-12-03 02:36:08,847][__main__][INFO] - Flow-matching step: 74/100
[2025-12-03 02:36:11,719][__main__][INFO] - Flow-matching step: 75/100
[2025-12-03 02:36:14,587][__main__][INFO] - Flow-matching step: 76/100
[2025-12-03 02:36:17,448][__main__][INFO] - Flow-matching step: 77/100
[2025-12-03 02:36:20,315][__main__][INFO] - Flow-matching step: 78/100
[2025-12-03 02:36:23,191][__main__][INFO] - Flow-matching step: 79/100
[2025-12-03 02:36:26,065][__main__][INFO] - Flow-matching step: 80/100
[2025-12-03 02:36:28,943][__main__][INFO] - Flow-matching step: 81/100
[2025-12-03 02:36:31,819][__main__][INFO] - Flow-matching step: 82/100
[2025-12-03 02:36:34,689][__main__][INFO] - Flow-matching step: 83/100
[2025-12-03 02:36:37,562][__main__][INFO] - Flow-matching step: 84/100
[2025-12-03 02:36:40,431][__main__][INFO] - Flow-matching step: 85/100
[2025-12-03 02:36:43,298][__main__][INFO] - Flow-matching step: 86/100
[2025-12-03 02:36:46,179][__main__][INFO] - Flow-matching step: 87/100
[2025-12-03 02:36:49,053][__main__][INFO] - Flow-matching step: 88/100
[2025-12-03 02:36:51,928][__main__][INFO] - Flow-matching step: 89/100
[2025-12-03 02:36:54,783][__main__][INFO] - Flow-matching step: 90/100
[2025-12-03 02:36:57,651][__main__][INFO] - Flow-matching step: 91/100
[2025-12-03 02:37:00,520][__main__][INFO] - Flow-matching step: 92/100
[2025-12-03 02:37:03,369][__main__][INFO] - Flow-matching step: 93/100
[2025-12-03 02:37:06,224][__main__][INFO] - Flow-matching step: 94/100
[2025-12-03 02:37:09,032][__main__][INFO] - Flow-matching step: 95/100
[2025-12-03 02:37:11,842][__main__][INFO] - Flow-matching step: 96/100
[2025-12-03 02:37:14,644][__main__][INFO] - Flow-matching step: 97/100
[2025-12-03 02:37:17,451][__main__][INFO] - Flow-matching step: 98/100
[2025-12-03 02:37:20,249][__main__][INFO] - Flow-matching step: 99/100
[2025-12-03 02:37:23,045][__main__][INFO] - Flow-matching step: 100/100
[2025-12-03 02:37:36,044][__main__][INFO] - Finished design in 4.96 minutes
[2025-12-03 02:37:36,088][__main__][INFO] - out_prefix_suffixed='/home/woodbuse/publication/metallohydrolase/github/Computational_Design_of_Metallohydrolases_PrivateGitHub/RFdiffusion2_Tutorial/outputs/rfdiffusion2_out/from_quantum_chemistry__ZN_ESTERASE/ZETA_2__theozyme_optTS_geom_HHHE__lig_SZD_artificialBB_ORI_04_LENGTH_140_170__1_0-atomized-bb-False', conf.inference.guidepost_xyz_as_design_bb=False
[2025-12-03 02:37:36,170][__main__][INFO] - Idealizing atomized sidechains for pX0 of the last step...
[2025-12-03 02:37:38,433][__main__][INFO] - design : /home/woodbuse/publication/metallohydrolase/github/Computational_Design_of_Metallohydrolases_PrivateGitHub/RFdiffusion2_Tutorial/outputs/rfdiffusion2_out/from_quantum_chemistry__ZN_ESTERASE/ZETA_2__theozyme_optTS_geom_HHHE__lig_SZD_artificialBB_ORI_04_LENGTH_140_170__1_0-atomized-bb-False.pdb
[2025-12-03 02:37:38,434][__main__][INFO] - Making design 1 of 0:2: /home/woodbuse/publication/metallohydrolase/github/Computational_Design_of_Metallohydrolases_PrivateGitHub/RFdiffusion2_Tutorial/outputs/rfdiffusion2_out/from_quantum_chemistry__ZN_ESTERASE/ZETA_2__theozyme_optTS_geom_HHHE__lig_SZD_artificialBB_ORI_04_LENGTH_140_170__1_1
[2025-12-03 02:37:38,745][__main__][INFO] - Flow-matching step: 1/100
[2025-12-03 02:37:41,553][__main__][INFO] - Flow-matching step: 2/100
[2025-12-03 02:37:44,375][__main__][INFO] - Flow-matching step: 3/100
[2025-12-03 02:37:47,181][__main__][INFO] - Flow-matching step: 4/100
[2025-12-03 02:37:49,986][__main__][INFO] - Flow-matching step: 5/100
[2025-12-03 02:37:52,797][__main__][INFO] - Flow-matching step: 6/100
[2025-12-03 02:37:55,600][__main__][INFO] - Flow-matching step: 7/100
[2025-12-03 02:37:58,421][__main__][INFO] - Flow-matching step: 8/100
[2025-12-03 02:38:01,242][__main__][INFO] - Flow-matching step: 9/100
[2025-12-03 02:38:04,072][__main__][INFO] - Flow-matching step: 10/100
[2025-12-03 02:38:06,918][__main__][INFO] - Flow-matching step: 11/100
[2025-12-03 02:38:09,765][__main__][INFO] - Flow-matching step: 12/100
[2025-12-03 02:38:12,601][__main__][INFO] - Flow-matching step: 13/100
[2025-12-03 02:38:15,448][__main__][INFO] - Flow-matching step: 14/100
[2025-12-03 02:38:18,316][__main__][INFO] - Flow-matching step: 15/100
[2025-12-03 02:38:21,191][__main__][INFO] - Flow-matching step: 16/100
[2025-12-03 02:38:24,080][__main__][INFO] - Flow-matching step: 17/100
[2025-12-03 02:38:26,972][__main__][INFO] - Flow-matching step: 18/100
[2025-12-03 02:38:29,865][__main__][INFO] - Flow-matching step: 19/100
[2025-12-03 02:38:32,748][__main__][INFO] - Flow-matching step: 20/100
[2025-12-03 02:38:35,653][__main__][INFO] - Flow-matching step: 21/100
[2025-12-03 02:38:38,512][__main__][INFO] - Flow-matching step: 22/100
[2025-12-03 02:38:41,372][__main__][INFO] - Flow-matching step: 23/100
[2025-12-03 02:38:44,227][__main__][INFO] - Flow-matching step: 24/100
[2025-12-03 02:38:47,091][__main__][INFO] - Flow-matching step: 25/100
[2025-12-03 02:38:49,955][__main__][INFO] - Flow-matching step: 26/100
[2025-12-03 02:38:52,810][__main__][INFO] - Flow-matching step: 27/100
[2025-12-03 02:38:55,664][__main__][INFO] - Flow-matching step: 28/100
[2025-12-03 02:38:58,511][__main__][INFO] - Flow-matching step: 29/100
[2025-12-03 02:39:01,373][__main__][INFO] - Flow-matching step: 30/100
[2025-12-03 02:39:04,246][__main__][INFO] - Flow-matching step: 31/100
[2025-12-03 02:39:07,099][__main__][INFO] - Flow-matching step: 32/100
[2025-12-03 02:39:09,942][__main__][INFO] - Flow-matching step: 33/100
[2025-12-03 02:39:12,791][__main__][INFO] - Flow-matching step: 34/100
[2025-12-03 02:39:15,638][__main__][INFO] - Flow-matching step: 35/100
[2025-12-03 02:39:18,486][__main__][INFO] - Flow-matching step: 36/100
[2025-12-03 02:39:21,341][__main__][INFO] - Flow-matching step: 37/100
[2025-12-03 02:39:24,183][__main__][INFO] - Flow-matching step: 38/100
[2025-12-03 02:39:27,020][__main__][INFO] - Flow-matching step: 39/100
[2025-12-03 02:39:29,844][__main__][INFO] - Flow-matching step: 40/100
[2025-12-03 02:39:32,675][__main__][INFO] - Flow-matching step: 41/100
[2025-12-03 02:39:35,500][__main__][INFO] - Flow-matching step: 42/100
[2025-12-03 02:39:38,322][__main__][INFO] - Flow-matching step: 43/100
[2025-12-03 02:39:41,144][__main__][INFO] - Flow-matching step: 44/100
[2025-12-03 02:39:43,944][__main__][INFO] - Flow-matching step: 45/100
[2025-12-03 02:39:46,739][__main__][INFO] - Flow-matching step: 46/100
[2025-12-03 02:39:49,537][__main__][INFO] - Flow-matching step: 47/100
[2025-12-03 02:39:52,332][__main__][INFO] - Flow-matching step: 48/100
[2025-12-03 02:39:55,132][__main__][INFO] - Flow-matching step: 49/100
[2025-12-03 02:39:57,945][__main__][INFO] - Flow-matching step: 50/100
[2025-12-03 02:40:00,773][__main__][INFO] - Flow-matching step: 51/100
[2025-12-03 02:40:03,608][__main__][INFO] - Flow-matching step: 52/100
[2025-12-03 02:40:06,444][__main__][INFO] - Flow-matching step: 53/100
[2025-12-03 02:40:09,255][__main__][INFO] - Flow-matching step: 54/100
[2025-12-03 02:40:12,060][__main__][INFO] - Flow-matching step: 55/100
[2025-12-03 02:40:14,868][__main__][INFO] - Flow-matching step: 56/100
[2025-12-03 02:40:17,667][__main__][INFO] - Flow-matching step: 57/100
[2025-12-03 02:40:20,496][__main__][INFO] - Flow-matching step: 58/100
[2025-12-03 02:40:23,331][__main__][INFO] - Flow-matching step: 59/100
[2025-12-03 02:40:26,175][__main__][INFO] - Flow-matching step: 60/100
[2025-12-03 02:40:29,012][__main__][INFO] - Flow-matching step: 61/100
[2025-12-03 02:40:31,872][__main__][INFO] - Flow-matching step: 62/100
[2025-12-03 02:40:34,754][__main__][INFO] - Flow-matching step: 63/100
[2025-12-03 02:40:37,638][__main__][INFO] - Flow-matching step: 64/100
[2025-12-03 02:40:40,517][__main__][INFO] - Flow-matching step: 65/100
[2025-12-03 02:40:43,402][__main__][INFO] - Flow-matching step: 66/100
[2025-12-03 02:40:46,276][__main__][INFO] - Flow-matching step: 67/100
[2025-12-03 02:40:49,147][__main__][INFO] - Flow-matching step: 68/100
[2025-12-03 02:40:52,004][__main__][INFO] - Flow-matching step: 69/100
[2025-12-03 02:40:54,855][__main__][INFO] - Flow-matching step: 70/100
[2025-12-03 02:40:57,702][__main__][INFO] - Flow-matching step: 71/100
[2025-12-03 02:41:00,552][__main__][INFO] - Flow-matching step: 72/100
[2025-12-03 02:41:03,405][__main__][INFO] - Flow-matching step: 73/100
[2025-12-03 02:41:06,295][__main__][INFO] - Flow-matching step: 74/100
[2025-12-03 02:41:09,164][__main__][INFO] - Flow-matching step: 75/100
[2025-12-03 02:41:12,045][__main__][INFO] - Flow-matching step: 76/100
[2025-12-03 02:41:14,938][__main__][INFO] - Flow-matching step: 77/100
[2025-12-03 02:41:17,831][__main__][INFO] - Flow-matching step: 78/100
[2025-12-03 02:41:20,711][__main__][INFO] - Flow-matching step: 79/100
[2025-12-03 02:41:23,584][__main__][INFO] - Flow-matching step: 80/100
[2025-12-03 02:41:26,443][__main__][INFO] - Flow-matching step: 81/100
[2025-12-03 02:41:29,307][__main__][INFO] - Flow-matching step: 82/100
[2025-12-03 02:41:32,175][__main__][INFO] - Flow-matching step: 83/100
[2025-12-03 02:41:35,035][__main__][INFO] - Flow-matching step: 84/100
[2025-12-03 02:41:37,897][__main__][INFO] - Flow-matching step: 85/100
[2025-12-03 02:41:40,749][__main__][INFO] - Flow-matching step: 86/100
[2025-12-03 02:41:43,604][__main__][INFO] - Flow-matching step: 87/100
[2025-12-03 02:41:46,443][__main__][INFO] - Flow-matching step: 88/100
[2025-12-03 02:41:49,269][__main__][INFO] - Flow-matching step: 89/100
[2025-12-03 02:41:52,087][__main__][INFO] - Flow-matching step: 90/100
[2025-12-03 02:41:54,916][__main__][INFO] - Flow-matching step: 91/100
[2025-12-03 02:41:57,736][__main__][INFO] - Flow-matching step: 92/100
[2025-12-03 02:42:00,578][__main__][INFO] - Flow-matching step: 93/100
[2025-12-03 02:42:03,413][__main__][INFO] - Flow-matching step: 94/100
[2025-12-03 02:42:06,252][__main__][INFO] - Flow-matching step: 95/100
[2025-12-03 02:42:09,085][__main__][INFO] - Flow-matching step: 96/100
[2025-12-03 02:42:11,918][__main__][INFO] - Flow-matching step: 97/100
[2025-12-03 02:42:14,739][__main__][INFO] - Flow-matching step: 98/100
[2025-12-03 02:42:17,567][__main__][INFO] - Flow-matching step: 99/100
[2025-12-03 02:42:20,382][__main__][INFO] - Flow-matching step: 100/100
[2025-12-03 02:42:32,712][__main__][INFO] - Finished design in 4.90 minutes
[2025-12-03 02:42:32,756][__main__][INFO] - out_prefix_suffixed='/home/woodbuse/publication/metallohydrolase/github/Computational_Design_of_Metallohydrolases_PrivateGitHub/RFdiffusion2_Tutorial/outputs/rfdiffusion2_out/from_quantum_chemistry__ZN_ESTERASE/ZETA_2__theozyme_optTS_geom_HHHE__lig_SZD_artificialBB_ORI_04_LENGTH_140_170__1_1-atomized-bb-False', conf.inference.guidepost_xyz_as_design_bb=False
[2025-12-03 02:42:33,060][__main__][INFO] - Idealizing atomized sidechains for pX0 of the last step...
[2025-12-03 02:42:34,841][__main__][INFO] - design : /home/woodbuse/publication/metallohydrolase/github/Computational_Design_of_Metallohydrolases_PrivateGitHub/RFdiffusion2_Tutorial/outputs/rfdiffusion2_out/from_quantum_chemistry__ZN_ESTERASE/ZETA_2__theozyme_optTS_geom_HHHE__lig_SZD_artificialBB_ORI_04_LENGTH_140_170__1_1-atomized-bb-False.pdb
