[2025-12-03 03:32:36,421][rf_diffusion.config.config_format][INFO] - Translating obsolete key: extra_t1d -> ['extra_tXd']
[2025-12-03 03:32:36,422][rf_diffusion.config.config_format][INFO] - Translating obsolete key: extra_t1d_params -> ['extra_tXd_params']
[2025-12-03 03:32:40,256][__main__][INFO] - Making design 0 of 0:2: /home/woodbuse/publication/metallohydrolase/github/Computational_Design_of_Metallohydrolases_PrivateGitHub/RFdiffusion2_Tutorial/outputs/rfdiffusion2_out/from_quantum_chemistry__ZN_ESTERASE/ZETA_2__theozyme_optTS_geom_HHHE__lig_SZD_artificialBB_ORI_10_LENGTH_140_170__1_0
[2025-12-03 03:32:40,540][se3_flow_matching.data.so3_utils][INFO] - Data loaded from .cache/cache_igso3_s0.100-1.500-1000_l1000_o1000-3.npz
[2025-12-03 03:32:40,617][__main__][INFO] - Flow-matching step: 1/100
[2025-12-03 03:32:45,337][__main__][INFO] - Flow-matching step: 2/100
[2025-12-03 03:32:48,175][__main__][INFO] - Flow-matching step: 3/100
[2025-12-03 03:32:50,995][__main__][INFO] - Flow-matching step: 4/100
[2025-12-03 03:32:53,808][__main__][INFO] - Flow-matching step: 5/100
[2025-12-03 03:32:56,634][__main__][INFO] - Flow-matching step: 6/100
[2025-12-03 03:32:59,452][__main__][INFO] - Flow-matching step: 7/100
[2025-12-03 03:33:02,242][__main__][INFO] - Flow-matching step: 8/100
[2025-12-03 03:33:05,047][__main__][INFO] - Flow-matching step: 9/100
[2025-12-03 03:33:07,846][__main__][INFO] - Flow-matching step: 10/100
[2025-12-03 03:33:10,642][__main__][INFO] - Flow-matching step: 11/100
[2025-12-03 03:33:13,438][__main__][INFO] - Flow-matching step: 12/100
[2025-12-03 03:33:16,256][__main__][INFO] - Flow-matching step: 13/100
[2025-12-03 03:33:19,090][__main__][INFO] - Flow-matching step: 14/100
[2025-12-03 03:33:21,932][__main__][INFO] - Flow-matching step: 15/100
[2025-12-03 03:33:24,789][__main__][INFO] - Flow-matching step: 16/100
[2025-12-03 03:33:27,657][__main__][INFO] - Flow-matching step: 17/100
[2025-12-03 03:33:30,536][__main__][INFO] - Flow-matching step: 18/100
[2025-12-03 03:33:33,426][__main__][INFO] - Flow-matching step: 19/100
[2025-12-03 03:33:36,304][__main__][INFO] - Flow-matching step: 20/100
[2025-12-03 03:33:39,176][__main__][INFO] - Flow-matching step: 21/100
[2025-12-03 03:33:42,049][__main__][INFO] - Flow-matching step: 22/100
[2025-12-03 03:33:44,916][__main__][INFO] - Flow-matching step: 23/100
[2025-12-03 03:33:47,777][__main__][INFO] - Flow-matching step: 24/100
[2025-12-03 03:33:50,638][__main__][INFO] - Flow-matching step: 25/100
[2025-12-03 03:33:53,511][__main__][INFO] - Flow-matching step: 26/100
[2025-12-03 03:33:56,393][__main__][INFO] - Flow-matching step: 27/100
[2025-12-03 03:33:59,278][__main__][INFO] - Flow-matching step: 28/100
[2025-12-03 03:34:02,159][__main__][INFO] - Flow-matching step: 29/100
[2025-12-03 03:34:05,065][__main__][INFO] - Flow-matching step: 30/100
[2025-12-03 03:34:07,960][__main__][INFO] - Flow-matching step: 31/100
[2025-12-03 03:34:10,858][__main__][INFO] - Flow-matching step: 32/100
[2025-12-03 03:34:13,743][__main__][INFO] - Flow-matching step: 33/100
[2025-12-03 03:34:16,625][__main__][INFO] - Flow-matching step: 34/100
[2025-12-03 03:34:19,507][__main__][INFO] - Flow-matching step: 35/100
[2025-12-03 03:34:22,386][__main__][INFO] - Flow-matching step: 36/100
[2025-12-03 03:34:25,254][__main__][INFO] - Flow-matching step: 37/100
[2025-12-03 03:34:28,118][__main__][INFO] - Flow-matching step: 38/100
[2025-12-03 03:34:30,981][__main__][INFO] - Flow-matching step: 39/100
[2025-12-03 03:34:33,838][__main__][INFO] - Flow-matching step: 40/100
[2025-12-03 03:34:36,723][__main__][INFO] - Flow-matching step: 41/100
[2025-12-03 03:34:39,586][__main__][INFO] - Flow-matching step: 42/100
[2025-12-03 03:34:42,443][__main__][INFO] - Flow-matching step: 43/100
[2025-12-03 03:34:45,319][__main__][INFO] - Flow-matching step: 44/100
[2025-12-03 03:34:48,200][__main__][INFO] - Flow-matching step: 45/100
[2025-12-03 03:34:51,066][__main__][INFO] - Flow-matching step: 46/100
[2025-12-03 03:34:53,942][__main__][INFO] - Flow-matching step: 47/100
[2025-12-03 03:34:56,793][__main__][INFO] - Flow-matching step: 48/100
[2025-12-03 03:34:59,640][__main__][INFO] - Flow-matching step: 49/100
[2025-12-03 03:35:02,507][__main__][INFO] - Flow-matching step: 50/100
[2025-12-03 03:35:05,374][__main__][INFO] - Flow-matching step: 51/100
[2025-12-03 03:35:08,214][__main__][INFO] - Flow-matching step: 52/100
[2025-12-03 03:35:11,056][__main__][INFO] - Flow-matching step: 53/100
[2025-12-03 03:35:13,902][__main__][INFO] - Flow-matching step: 54/100
[2025-12-03 03:35:16,760][__main__][INFO] - Flow-matching step: 55/100
[2025-12-03 03:35:19,600][__main__][INFO] - Flow-matching step: 56/100
[2025-12-03 03:35:22,439][__main__][INFO] - Flow-matching step: 57/100
[2025-12-03 03:35:25,263][__main__][INFO] - Flow-matching step: 58/100
[2025-12-03 03:35:28,090][__main__][INFO] - Flow-matching step: 59/100
[2025-12-03 03:35:30,914][__main__][INFO] - Flow-matching step: 60/100
[2025-12-03 03:35:33,770][__main__][INFO] - Flow-matching step: 61/100
[2025-12-03 03:35:36,637][__main__][INFO] - Flow-matching step: 62/100
[2025-12-03 03:35:39,521][__main__][INFO] - Flow-matching step: 63/100
[2025-12-03 03:35:42,401][__main__][INFO] - Flow-matching step: 64/100
[2025-12-03 03:35:45,275][__main__][INFO] - Flow-matching step: 65/100
[2025-12-03 03:35:48,161][__main__][INFO] - Flow-matching step: 66/100
[2025-12-03 03:35:51,041][__main__][INFO] - Flow-matching step: 67/100
[2025-12-03 03:35:53,932][__main__][INFO] - Flow-matching step: 68/100
[2025-12-03 03:35:56,809][__main__][INFO] - Flow-matching step: 69/100
[2025-12-03 03:35:59,689][__main__][INFO] - Flow-matching step: 70/100
[2025-12-03 03:36:02,566][__main__][INFO] - Flow-matching step: 71/100
[2025-12-03 03:36:05,451][__main__][INFO] - Flow-matching step: 72/100
[2025-12-03 03:36:08,326][__main__][INFO] - Flow-matching step: 73/100
[2025-12-03 03:36:11,211][__main__][INFO] - Flow-matching step: 74/100
[2025-12-03 03:36:14,086][__main__][INFO] - Flow-matching step: 75/100
[2025-12-03 03:36:16,950][__main__][INFO] - Flow-matching step: 76/100
[2025-12-03 03:36:19,818][__main__][INFO] - Flow-matching step: 77/100
[2025-12-03 03:36:22,693][__main__][INFO] - Flow-matching step: 78/100
[2025-12-03 03:36:25,565][__main__][INFO] - Flow-matching step: 79/100
[2025-12-03 03:36:28,442][__main__][INFO] - Flow-matching step: 80/100
[2025-12-03 03:36:31,323][__main__][INFO] - Flow-matching step: 81/100
[2025-12-03 03:36:34,204][__main__][INFO] - Flow-matching step: 82/100
[2025-12-03 03:36:37,091][__main__][INFO] - Flow-matching step: 83/100
[2025-12-03 03:36:39,980][__main__][INFO] - Flow-matching step: 84/100
[2025-12-03 03:36:42,852][__main__][INFO] - Flow-matching step: 85/100
[2025-12-03 03:36:45,720][__main__][INFO] - Flow-matching step: 86/100
[2025-12-03 03:36:48,588][__main__][INFO] - Flow-matching step: 87/100
[2025-12-03 03:36:51,448][__main__][INFO] - Flow-matching step: 88/100
[2025-12-03 03:36:54,321][__main__][INFO] - Flow-matching step: 89/100
[2025-12-03 03:36:57,160][__main__][INFO] - Flow-matching step: 90/100
[2025-12-03 03:37:00,009][__main__][INFO] - Flow-matching step: 91/100
[2025-12-03 03:37:02,859][__main__][INFO] - Flow-matching step: 92/100
[2025-12-03 03:37:05,745][__main__][INFO] - Flow-matching step: 93/100
[2025-12-03 03:37:08,584][__main__][INFO] - Flow-matching step: 94/100
[2025-12-03 03:37:11,420][__main__][INFO] - Flow-matching step: 95/100
[2025-12-03 03:37:14,261][__main__][INFO] - Flow-matching step: 96/100
[2025-12-03 03:37:17,103][__main__][INFO] - Flow-matching step: 97/100
[2025-12-03 03:37:19,957][__main__][INFO] - Flow-matching step: 98/100
[2025-12-03 03:37:22,804][__main__][INFO] - Flow-matching step: 99/100
[2025-12-03 03:37:25,643][__main__][INFO] - Flow-matching step: 100/100
[2025-12-03 03:37:37,716][__main__][INFO] - Finished design in 4.96 minutes
[2025-12-03 03:37:37,987][__main__][INFO] - out_prefix_suffixed='/home/woodbuse/publication/metallohydrolase/github/Computational_Design_of_Metallohydrolases_PrivateGitHub/RFdiffusion2_Tutorial/outputs/rfdiffusion2_out/from_quantum_chemistry__ZN_ESTERASE/ZETA_2__theozyme_optTS_geom_HHHE__lig_SZD_artificialBB_ORI_10_LENGTH_140_170__1_0-atomized-bb-False', conf.inference.guidepost_xyz_as_design_bb=False
[2025-12-03 03:37:38,066][__main__][INFO] - Idealizing atomized sidechains for pX0 of the last step...
[2025-12-03 03:37:40,146][__main__][INFO] - design : /home/woodbuse/publication/metallohydrolase/github/Computational_Design_of_Metallohydrolases_PrivateGitHub/RFdiffusion2_Tutorial/outputs/rfdiffusion2_out/from_quantum_chemistry__ZN_ESTERASE/ZETA_2__theozyme_optTS_geom_HHHE__lig_SZD_artificialBB_ORI_10_LENGTH_140_170__1_0-atomized-bb-False.pdb
[2025-12-03 03:37:40,146][__main__][INFO] - Making design 1 of 0:2: /home/woodbuse/publication/metallohydrolase/github/Computational_Design_of_Metallohydrolases_PrivateGitHub/RFdiffusion2_Tutorial/outputs/rfdiffusion2_out/from_quantum_chemistry__ZN_ESTERASE/ZETA_2__theozyme_optTS_geom_HHHE__lig_SZD_artificialBB_ORI_10_LENGTH_140_170__1_1
[2025-12-03 03:37:40,424][__main__][INFO] - Flow-matching step: 1/100
[2025-12-03 03:37:43,240][__main__][INFO] - Flow-matching step: 2/100
[2025-12-03 03:37:46,075][__main__][INFO] - Flow-matching step: 3/100
[2025-12-03 03:37:48,893][__main__][INFO] - Flow-matching step: 4/100
[2025-12-03 03:37:51,724][__main__][INFO] - Flow-matching step: 5/100
[2025-12-03 03:37:54,566][__main__][INFO] - Flow-matching step: 6/100
[2025-12-03 03:37:57,413][__main__][INFO] - Flow-matching step: 7/100
[2025-12-03 03:38:00,255][__main__][INFO] - Flow-matching step: 8/100
[2025-12-03 03:38:03,114][__main__][INFO] - Flow-matching step: 9/100
[2025-12-03 03:38:05,988][__main__][INFO] - Flow-matching step: 10/100
[2025-12-03 03:38:08,863][__main__][INFO] - Flow-matching step: 11/100
[2025-12-03 03:38:11,736][__main__][INFO] - Flow-matching step: 12/100
[2025-12-03 03:38:14,597][__main__][INFO] - Flow-matching step: 13/100
[2025-12-03 03:38:17,466][__main__][INFO] - Flow-matching step: 14/100
[2025-12-03 03:38:20,326][__main__][INFO] - Flow-matching step: 15/100
[2025-12-03 03:38:23,195][__main__][INFO] - Flow-matching step: 16/100
[2025-12-03 03:38:26,055][__main__][INFO] - Flow-matching step: 17/100
[2025-12-03 03:38:28,923][__main__][INFO] - Flow-matching step: 18/100
[2025-12-03 03:38:31,814][__main__][INFO] - Flow-matching step: 19/100
[2025-12-03 03:38:34,689][__main__][INFO] - Flow-matching step: 20/100
[2025-12-03 03:38:37,566][__main__][INFO] - Flow-matching step: 21/100
[2025-12-03 03:38:40,439][__main__][INFO] - Flow-matching step: 22/100
[2025-12-03 03:38:43,301][__main__][INFO] - Flow-matching step: 23/100
[2025-12-03 03:38:46,157][__main__][INFO] - Flow-matching step: 24/100
[2025-12-03 03:38:49,031][__main__][INFO] - Flow-matching step: 25/100
[2025-12-03 03:38:51,891][__main__][INFO] - Flow-matching step: 26/100
[2025-12-03 03:38:54,756][__main__][INFO] - Flow-matching step: 27/100
[2025-12-03 03:38:57,619][__main__][INFO] - Flow-matching step: 28/100
[2025-12-03 03:39:00,491][__main__][INFO] - Flow-matching step: 29/100
[2025-12-03 03:39:03,374][__main__][INFO] - Flow-matching step: 30/100
[2025-12-03 03:39:06,260][__main__][INFO] - Flow-matching step: 31/100
[2025-12-03 03:39:09,134][__main__][INFO] - Flow-matching step: 32/100
[2025-12-03 03:39:12,003][__main__][INFO] - Flow-matching step: 33/100
[2025-12-03 03:39:14,860][__main__][INFO] - Flow-matching step: 34/100
[2025-12-03 03:39:17,707][__main__][INFO] - Flow-matching step: 35/100
[2025-12-03 03:39:20,553][__main__][INFO] - Flow-matching step: 36/100
[2025-12-03 03:39:23,407][__main__][INFO] - Flow-matching step: 37/100
[2025-12-03 03:39:26,261][__main__][INFO] - Flow-matching step: 38/100
[2025-12-03 03:39:29,103][__main__][INFO] - Flow-matching step: 39/100
[2025-12-03 03:39:31,943][__main__][INFO] - Flow-matching step: 40/100
[2025-12-03 03:39:34,786][__main__][INFO] - Flow-matching step: 41/100
[2025-12-03 03:39:37,625][__main__][INFO] - Flow-matching step: 42/100
[2025-12-03 03:39:40,463][__main__][INFO] - Flow-matching step: 43/100
[2025-12-03 03:39:43,305][__main__][INFO] - Flow-matching step: 44/100
[2025-12-03 03:39:46,140][__main__][INFO] - Flow-matching step: 45/100
[2025-12-03 03:39:48,987][__main__][INFO] - Flow-matching step: 46/100
[2025-12-03 03:39:51,848][__main__][INFO] - Flow-matching step: 47/100
[2025-12-03 03:39:54,695][__main__][INFO] - Flow-matching step: 48/100
[2025-12-03 03:39:57,539][__main__][INFO] - Flow-matching step: 49/100
[2025-12-03 03:40:00,404][__main__][INFO] - Flow-matching step: 50/100
[2025-12-03 03:40:03,275][__main__][INFO] - Flow-matching step: 51/100
[2025-12-03 03:40:06,152][__main__][INFO] - Flow-matching step: 52/100
[2025-12-03 03:40:09,026][__main__][INFO] - Flow-matching step: 53/100
[2025-12-03 03:40:11,892][__main__][INFO] - Flow-matching step: 54/100
[2025-12-03 03:40:14,768][__main__][INFO] - Flow-matching step: 55/100
[2025-12-03 03:40:17,651][__main__][INFO] - Flow-matching step: 56/100
[2025-12-03 03:40:20,525][__main__][INFO] - Flow-matching step: 57/100
[2025-12-03 03:40:23,414][__main__][INFO] - Flow-matching step: 58/100
[2025-12-03 03:40:26,295][__main__][INFO] - Flow-matching step: 59/100
[2025-12-03 03:40:29,168][__main__][INFO] - Flow-matching step: 60/100
[2025-12-03 03:40:32,034][__main__][INFO] - Flow-matching step: 61/100
[2025-12-03 03:40:34,919][__main__][INFO] - Flow-matching step: 62/100
[2025-12-03 03:40:37,799][__main__][INFO] - Flow-matching step: 63/100
[2025-12-03 03:40:40,673][__main__][INFO] - Flow-matching step: 64/100
[2025-12-03 03:40:43,535][__main__][INFO] - Flow-matching step: 65/100
[2025-12-03 03:40:46,393][__main__][INFO] - Flow-matching step: 66/100
[2025-12-03 03:40:49,254][__main__][INFO] - Flow-matching step: 67/100
[2025-12-03 03:40:52,115][__main__][INFO] - Flow-matching step: 68/100
[2025-12-03 03:40:54,979][__main__][INFO] - Flow-matching step: 69/100
[2025-12-03 03:40:57,847][__main__][INFO] - Flow-matching step: 70/100
[2025-12-03 03:41:00,708][__main__][INFO] - Flow-matching step: 71/100
[2025-12-03 03:41:03,578][__main__][INFO] - Flow-matching step: 72/100
[2025-12-03 03:41:06,449][__main__][INFO] - Flow-matching step: 73/100
[2025-12-03 03:41:09,312][__main__][INFO] - Flow-matching step: 74/100
[2025-12-03 03:41:12,176][__main__][INFO] - Flow-matching step: 75/100
[2025-12-03 03:41:15,015][__main__][INFO] - Flow-matching step: 76/100
[2025-12-03 03:41:17,852][__main__][INFO] - Flow-matching step: 77/100
[2025-12-03 03:41:20,684][__main__][INFO] - Flow-matching step: 78/100
[2025-12-03 03:41:23,532][__main__][INFO] - Flow-matching step: 79/100
[2025-12-03 03:41:26,398][__main__][INFO] - Flow-matching step: 80/100
[2025-12-03 03:41:29,260][__main__][INFO] - Flow-matching step: 81/100
[2025-12-03 03:41:32,090][__main__][INFO] - Flow-matching step: 82/100
[2025-12-03 03:41:34,934][__main__][INFO] - Flow-matching step: 83/100
[2025-12-03 03:41:37,759][__main__][INFO] - Flow-matching step: 84/100
[2025-12-03 03:41:40,569][__main__][INFO] - Flow-matching step: 85/100
[2025-12-03 03:41:43,415][__main__][INFO] - Flow-matching step: 86/100
[2025-12-03 03:41:46,274][__main__][INFO] - Flow-matching step: 87/100
[2025-12-03 03:41:49,139][__main__][INFO] - Flow-matching step: 88/100
[2025-12-03 03:41:52,006][__main__][INFO] - Flow-matching step: 89/100
[2025-12-03 03:41:54,870][__main__][INFO] - Flow-matching step: 90/100
[2025-12-03 03:41:57,735][__main__][INFO] - Flow-matching step: 91/100
[2025-12-03 03:42:00,584][__main__][INFO] - Flow-matching step: 92/100
[2025-12-03 03:42:03,437][__main__][INFO] - Flow-matching step: 93/100
[2025-12-03 03:42:06,285][__main__][INFO] - Flow-matching step: 94/100
[2025-12-03 03:42:09,131][__main__][INFO] - Flow-matching step: 95/100
[2025-12-03 03:42:11,987][__main__][INFO] - Flow-matching step: 96/100
[2025-12-03 03:42:14,828][__main__][INFO] - Flow-matching step: 97/100
[2025-12-03 03:42:17,680][__main__][INFO] - Flow-matching step: 98/100
[2025-12-03 03:42:20,525][__main__][INFO] - Flow-matching step: 99/100
[2025-12-03 03:42:23,384][__main__][INFO] - Flow-matching step: 100/100
[2025-12-03 03:42:35,782][__main__][INFO] - Finished design in 4.93 minutes
[2025-12-03 03:42:35,824][__main__][INFO] - out_prefix_suffixed='/home/woodbuse/publication/metallohydrolase/github/Computational_Design_of_Metallohydrolases_PrivateGitHub/RFdiffusion2_Tutorial/outputs/rfdiffusion2_out/from_quantum_chemistry__ZN_ESTERASE/ZETA_2__theozyme_optTS_geom_HHHE__lig_SZD_artificialBB_ORI_10_LENGTH_140_170__1_1-atomized-bb-False', conf.inference.guidepost_xyz_as_design_bb=False
[2025-12-03 03:42:35,894][__main__][INFO] - Idealizing atomized sidechains for pX0 of the last step...
[2025-12-03 03:42:37,691][__main__][INFO] - design : /home/woodbuse/publication/metallohydrolase/github/Computational_Design_of_Metallohydrolases_PrivateGitHub/RFdiffusion2_Tutorial/outputs/rfdiffusion2_out/from_quantum_chemistry__ZN_ESTERASE/ZETA_2__theozyme_optTS_geom_HHHE__lig_SZD_artificialBB_ORI_10_LENGTH_140_170__1_1-atomized-bb-False.pdb
